2016-06-03 10:32:47 trace :
------------
String:
<xml><ToUserName><![CDATA[gh_9ef36f25dc50]]></ToUserName>
<FromUserName><![CDATA[oN38-wStUjmCHSqBn7lXpBgQ7wC8]]></FromUserName>
<CreateTime>1464921167</CreateTime>
<MsgType><![CDATA[event]]></MsgType>
<Event><![CDATA[VIEW]]></Event>
<EventKey><![CDATA[http://www.iseasoft.cn/wap/about/?34.html]]></EventKey>
<MenuId>409281329</MenuId>
</xml>

2016-06-03 10:32:47 params :
------------
Array:
rule : -2 ;
module :  ;
message : Array ;

2016-06-03 10:32:47 response :
------------

2016-06-03 10:32:52 trace :
------------
String:
<xml><ToUserName><![CDATA[gh_9ef36f25dc50]]></ToUserName>
<FromUserName><![CDATA[oN38-wStUjmCHSqBn7lXpBgQ7wC8]]></FromUserName>
<CreateTime>1464921172</CreateTime>
<MsgType><![CDATA[event]]></MsgType>
<Event><![CDATA[VIEW]]></Event>
<EventKey><![CDATA[http://f.iseasoft.cn/app/index.php?i=5&c=entry&do=shop&m=sea]]></EventKey>
<MenuId>409281329</MenuId>
</xml>

2016-06-03 10:32:52 params :
------------
Array:
rule : -2 ;
module :  ;
message : Array ;

2016-06-03 10:32:52 response :
------------

2016-06-03 10:35:08 trace :
------------
String:
<xml><ToUserName><![CDATA[gh_9ef36f25dc50]]></ToUserName>
<FromUserName><![CDATA[oN38-wQf7JyZ8MrKYRM8TGwgO1Zg]]></FromUserName>
<CreateTime>1464921308</CreateTime>
<MsgType><![CDATA[event]]></MsgType>
<Event><![CDATA[VIEW]]></Event>
<EventKey><![CDATA[http://www.myyll.com/]]></EventKey>
<MenuId>409281329</MenuId>
</xml>

2016-06-03 10:35:08 params :
------------
Array:
rule : -2 ;
module :  ;
message : Array ;

2016-06-03 10:35:08 response :
------------

2016-06-03 10:35:15 trace :
------------
String:
<xml><ToUserName><![CDATA[gh_9ef36f25dc50]]></ToUserName>
<FromUserName><![CDATA[oN38-wQf7JyZ8MrKYRM8TGwgO1Zg]]></FromUserName>
<CreateTime>1464921315</CreateTime>
<MsgType><![CDATA[text]]></MsgType>
<Content><![CDATA[商城]]></Content>
<MsgId>6291789139547617317</MsgId>
</xml>

2016-06-03 10:35:15 params :
------------
Array:
message : Array ;
module : cover ;
rule : 65 ;
priority : 0 ;
keyword : Array ;

2016-06-03 10:35:15 response :
------------
Array:
FromUserName : gh_9ef36f25dc50 ;
ToUserName : oN38-wQf7JyZ8MrKYRM8TGwgO1Zg ;
MsgType : news ;
ArticleCount : 1 ;
Articles : Array ;

2016-06-03 13:37:05 trace :
------------
String:
<xml><ToUserName><![CDATA[gh_ce84963696ea]]></ToUserName>
<FromUserName><![CDATA[ogOo_wNbNmFdmpDuv6jTZiG6pqX4]]></FromUserName>
<CreateTime>1464932225</CreateTime>
<MsgType><![CDATA[event]]></MsgType>
<Event><![CDATA[CLICK]]></Event>
<EventKey><![CDATA[招商加盟]]></EventKey>
</xml>

2016-06-03 13:37:05 params :
------------
Array:
message : Array ;
module : news ;
rule : 83 ;
priority : 0 ;
keyword : Array ;

2016-06-03 13:37:05 response :
------------
Array:
FromUserName : gh_ce84963696ea ;
ToUserName : ogOo_wNbNmFdmpDuv6jTZiG6pqX4 ;
MsgType : news ;
ArticleCount : 1 ;
Articles : Array ;

2016-06-03 13:37:16 trace :
------------
String:
<xml><ToUserName><![CDATA[gh_ce84963696ea]]></ToUserName>
<FromUserName><![CDATA[ogOo_wNbNmFdmpDuv6jTZiG6pqX4]]></FromUserName>
<CreateTime>1464932236</CreateTime>
<MsgType><![CDATA[event]]></MsgType>
<Event><![CDATA[VIEW]]></Event>
<EventKey><![CDATA[http://f.iseasoft.cn/app/index.php?i=9&c=entry&eid=1226]]></EventKey>
<MenuId>409870668</MenuId>
</xml>

2016-06-03 13:37:16 params :
------------
Array:
message : Array ;
module : basic ;
rule : 81 ;
priority : 0 ;
keyword : Array ;

2016-06-03 13:37:16 response :
------------
Array:
FromUserName : gh_ce84963696ea ;
ToUserName : ogOo_wNbNmFdmpDuv6jTZiG6pqX4 ;
MsgType : text ;
Content : 欢迎关注昵多丽环保家居官方微信，系统正在完善中，更多精彩，敬请期待…… ;

2016-06-03 13:37:26 trace :
------------
String:
<xml><ToUserName><![CDATA[gh_ce84963696ea]]></ToUserName>
<FromUserName><![CDATA[ogOo_wNbNmFdmpDuv6jTZiG6pqX4]]></FromUserName>
<CreateTime>1464932246</CreateTime>
<MsgType><![CDATA[event]]></MsgType>
<Event><![CDATA[VIEW]]></Event>
<EventKey><![CDATA[http://f.iseasoft.cn/app/index.php?i=9&c=entry&p=commission&m=sea&do=plugin]]></EventKey>
<MenuId>409870668</MenuId>
</xml>

2016-06-03 13:37:26 params :
------------
Array:
message : Array ;
module : basic ;
rule : 81 ;
priority : 0 ;
keyword : Array ;

2016-06-03 13:37:26 response :
------------
Array:
FromUserName : gh_ce84963696ea ;
ToUserName : ogOo_wNbNmFdmpDuv6jTZiG6pqX4 ;
MsgType : text ;
Content : 欢迎关注昵多丽环保家居官方微信，系统正在完善中，更多精彩，敬请期待…… ;

2016-06-03 13:54:58 trace :
------------
String:
<xml><ToUserName><![CDATA[gh_ce84963696ea]]></ToUserName>
<FromUserName><![CDATA[ogOo_wNbNmFdmpDuv6jTZiG6pqX4]]></FromUserName>
<CreateTime>1464933298</CreateTime>
<MsgType><![CDATA[event]]></MsgType>
<Event><![CDATA[VIEW]]></Event>
<EventKey><![CDATA[http://f.iseasoft.cn/app/index.php?i=9&c=entry&eid=1226]]></EventKey>
<MenuId>409870668</MenuId>
</xml>

2016-06-03 13:54:58 params :
------------
Array:
message : Array ;
module : basic ;
rule : 81 ;
priority : 0 ;
keyword : Array ;

2016-06-03 13:54:58 response :
------------
Array:
FromUserName : gh_ce84963696ea ;
ToUserName : ogOo_wNbNmFdmpDuv6jTZiG6pqX4 ;
MsgType : text ;
Content : 欢迎关注昵多丽环保家居官方微信，系统正在完善中，更多精彩，敬请期待…… ;

2016-06-03 14:06:01 trace :
------------
String:
<xml><ToUserName><![CDATA[gh_ce84963696ea]]></ToUserName>
<FromUserName><![CDATA[ogOo_wNbNmFdmpDuv6jTZiG6pqX4]]></FromUserName>
<CreateTime>1464933961</CreateTime>
<MsgType><![CDATA[event]]></MsgType>
<Event><![CDATA[VIEW]]></Event>
<EventKey><![CDATA[http://f.iseasoft.cn/app/index.php?i=9&c=entry&eid=1226]]></EventKey>
<MenuId>409870668</MenuId>
</xml>

2016-06-03 14:06:01 params :
------------
Array:
message : Array ;
module : basic ;
rule : 81 ;
priority : 0 ;
keyword : Array ;

2016-06-03 14:06:01 response :
------------
Array:
FromUserName : gh_ce84963696ea ;
ToUserName : ogOo_wNbNmFdmpDuv6jTZiG6pqX4 ;
MsgType : text ;
Content : 欢迎关注昵多丽环保家居官方微信，系统正在完善中，更多精彩，敬请期待…… ;

2016-06-03 14:07:48 trace :
------------
String:
<xml><ToUserName><![CDATA[gh_ce84963696ea]]></ToUserName>
<FromUserName><![CDATA[ogOo_wNbNmFdmpDuv6jTZiG6pqX4]]></FromUserName>
<CreateTime>1464934068</CreateTime>
<MsgType><![CDATA[event]]></MsgType>
<Event><![CDATA[VIEW]]></Event>
<EventKey><![CDATA[http://f.iseasoft.cn/app/index.php?i=9&c=entry&eid=1226]]></EventKey>
<MenuId>409870668</MenuId>
</xml>

2016-06-03 14:07:48 params :
------------
Array:
message : Array ;
module : basic ;
rule : 81 ;
priority : 0 ;
keyword : Array ;

2016-06-03 14:07:48 response :
------------
Array:
FromUserName : gh_ce84963696ea ;
ToUserName : ogOo_wNbNmFdmpDuv6jTZiG6pqX4 ;
MsgType : text ;
Content : 欢迎关注昵多丽环保家居官方微信，系统正在完善中，更多精彩，敬请期待…… ;

2016-06-03 14:13:50 trace :
------------
String:
<xml><ToUserName><![CDATA[gh_ce84963696ea]]></ToUserName>
<FromUserName><![CDATA[ogOo_wNbNmFdmpDuv6jTZiG6pqX4]]></FromUserName>
<CreateTime>1464934429</CreateTime>
<MsgType><![CDATA[event]]></MsgType>
<Event><![CDATA[VIEW]]></Event>
<EventKey><![CDATA[http://f.iseasoft.cn/app/index.php?i=9&c=entry&eid=1226]]></EventKey>
<MenuId>409870668</MenuId>
</xml>

2016-06-03 14:13:50 params :
------------
Array:
message : Array ;
module : basic ;
rule : 81 ;
priority : 0 ;
keyword : Array ;

2016-06-03 14:13:50 response :
------------
Array:
FromUserName : gh_ce84963696ea ;
ToUserName : ogOo_wNbNmFdmpDuv6jTZiG6pqX4 ;
MsgType : text ;
Content : 欢迎关注昵多丽环保家居官方微信，系统正在完善中，更多精彩，敬请期待…… ;

2016-06-03 14:19:55 trace :
------------
String:
<xml><ToUserName><![CDATA[gh_ce84963696ea]]></ToUserName>
<FromUserName><![CDATA[ogOo_wNbNmFdmpDuv6jTZiG6pqX4]]></FromUserName>
<CreateTime>1464934795</CreateTime>
<MsgType><![CDATA[event]]></MsgType>
<Event><![CDATA[VIEW]]></Event>
<EventKey><![CDATA[http://f.iseasoft.cn/app/index.php?i=9&c=entry&eid=1226]]></EventKey>
<MenuId>409870668</MenuId>
</xml>

2016-06-03 14:19:55 params :
------------
Array:
message : Array ;
module : basic ;
rule : 81 ;
priority : 0 ;
keyword : Array ;

2016-06-03 14:19:55 response :
------------
Array:
FromUserName : gh_ce84963696ea ;
ToUserName : ogOo_wNbNmFdmpDuv6jTZiG6pqX4 ;
MsgType : text ;
Content : 欢迎关注昵多丽环保家居官方微信，系统正在完善中，更多精彩，敬请期待…… ;

2016-06-03 14:45:08 trace :
------------
String:
<xml><ToUserName><![CDATA[gh_ce84963696ea]]></ToUserName>
<FromUserName><![CDATA[ogOo_wNbNmFdmpDuv6jTZiG6pqX4]]></FromUserName>
<CreateTime>1464936308</CreateTime>
<MsgType><![CDATA[event]]></MsgType>
<Event><![CDATA[VIEW]]></Event>
<EventKey><![CDATA[http://f.iseasoft.cn/app/index.php?i=9&c=entry&eid=1226]]></EventKey>
<MenuId>409870668</MenuId>
</xml>

2016-06-03 14:45:08 params :
------------
Array:
message : Array ;
module : basic ;
rule : 81 ;
priority : 0 ;
keyword : Array ;

2016-06-03 14:45:08 response :
------------
Array:
FromUserName : gh_ce84963696ea ;
ToUserName : ogOo_wNbNmFdmpDuv6jTZiG6pqX4 ;
MsgType : text ;
Content : 欢迎关注昵多丽环保家居官方微信，系统正在完善中，更多精彩，敬请期待…… ;

2016-06-03 14:47:46 trace :
------------
String:
<xml><ToUserName><![CDATA[gh_ce84963696ea]]></ToUserName>
<FromUserName><![CDATA[ogOo_wEeqtlARU1tIavcC43YqSmQ]]></FromUserName>
<CreateTime>1464936466</CreateTime>
<MsgType><![CDATA[event]]></MsgType>
<Event><![CDATA[subscribe]]></Event>
<EventKey><![CDATA[]]></EventKey>
</xml>

2016-06-03 14:47:46 params :
------------
Array:
message : Array ;
module : basic ;
rule : 81 ;
priority : 0 ;
keyword : Array ;

2016-06-03 14:47:46 response :
------------
Array:
FromUserName : gh_ce84963696ea ;
ToUserName : ogOo_wEeqtlARU1tIavcC43YqSmQ ;
MsgType : text ;
Content : 欢迎关注昵多丽环保家居官方微信，系统正在完善中，更多精彩，敬请期待…… ;

2016-06-03 14:47:51 trace :
------------
String:
<xml><ToUserName><![CDATA[gh_ce84963696ea]]></ToUserName>
<FromUserName><![CDATA[ogOo_wEeqtlARU1tIavcC43YqSmQ]]></FromUserName>
<CreateTime>1464936471</CreateTime>
<MsgType><![CDATA[event]]></MsgType>
<Event><![CDATA[VIEW]]></Event>
<EventKey><![CDATA[http://f.iseasoft.cn/app/index.php?i=9&c=entry&p=commission&m=sea&do=plugin]]></EventKey>
<MenuId>409870668</MenuId>
</xml>

2016-06-03 14:47:51 params :
------------
Array:
message : Array ;
module : basic ;
rule : 81 ;
priority : 0 ;
keyword : Array ;

2016-06-03 14:47:51 response :
------------
Array:
FromUserName : gh_ce84963696ea ;
ToUserName : ogOo_wEeqtlARU1tIavcC43YqSmQ ;
MsgType : text ;
Content : 欢迎关注昵多丽环保家居官方微信，系统正在完善中，更多精彩，敬请期待…… ;

2016-06-03 14:48:03 trace :
------------
String:
<xml><ToUserName><![CDATA[gh_ce84963696ea]]></ToUserName>
<FromUserName><![CDATA[ogOo_wEeqtlARU1tIavcC43YqSmQ]]></FromUserName>
<CreateTime>1464936483</CreateTime>
<MsgType><![CDATA[event]]></MsgType>
<Event><![CDATA[VIEW]]></Event>
<EventKey><![CDATA[http://f.iseasoft.cn/app/index.php?i=9&c=entry&eid=1226]]></EventKey>
<MenuId>409870668</MenuId>
</xml>

2016-06-03 14:48:03 params :
------------
Array:
message : Array ;
module : basic ;
rule : 81 ;
priority : 0 ;
keyword : Array ;

2016-06-03 14:48:03 response :
------------
Array:
FromUserName : gh_ce84963696ea ;
ToUserName : ogOo_wEeqtlARU1tIavcC43YqSmQ ;
MsgType : text ;
Content : 欢迎关注昵多丽环保家居官方微信，系统正在完善中，更多精彩，敬请期待…… ;

2016-06-03 14:48:49 trace :
------------
String:
<xml><ToUserName><![CDATA[gh_ce84963696ea]]></ToUserName>
<FromUserName><![CDATA[ogOo_wEeqtlARU1tIavcC43YqSmQ]]></FromUserName>
<CreateTime>1464936529</CreateTime>
<MsgType><![CDATA[event]]></MsgType>
<Event><![CDATA[VIEW]]></Event>
<EventKey><![CDATA[http://f.iseasoft.cn/app/index.php?i=9&c=entry&eid=1226]]></EventKey>
<MenuId>409870668</MenuId>
</xml>

2016-06-03 14:48:49 params :
------------
Array:
message : Array ;
module : basic ;
rule : 81 ;
priority : 0 ;
keyword : Array ;

2016-06-03 14:48:49 response :
------------
Array:
FromUserName : gh_ce84963696ea ;
ToUserName : ogOo_wEeqtlARU1tIavcC43YqSmQ ;
MsgType : text ;
Content : 欢迎关注昵多丽环保家居官方微信，系统正在完善中，更多精彩，敬请期待…… ;

2016-06-03 14:49:49 trace :
------------
String:
<xml><ToUserName><![CDATA[gh_ce84963696ea]]></ToUserName>
<FromUserName><![CDATA[ogOo_wEeqtlARU1tIavcC43YqSmQ]]></FromUserName>
<CreateTime>1464936589</CreateTime>
<MsgType><![CDATA[event]]></MsgType>
<Event><![CDATA[VIEW]]></Event>
<EventKey><![CDATA[http://f.iseasoft.cn/app/index.php?i=9&c=entry&eid=1226]]></EventKey>
<MenuId>409870668</MenuId>
</xml>

2016-06-03 14:49:49 params :
------------
Array:
message : Array ;
module : basic ;
rule : 81 ;
priority : 0 ;
keyword : Array ;

2016-06-03 14:49:49 response :
------------
Array:
FromUserName : gh_ce84963696ea ;
ToUserName : ogOo_wEeqtlARU1tIavcC43YqSmQ ;
MsgType : text ;
Content : 欢迎关注昵多丽环保家居官方微信，系统正在完善中，更多精彩，敬请期待…… ;

2016-06-03 14:55:39 trace :
------------
String:
<xml><ToUserName><![CDATA[gh_9ef36f25dc50]]></ToUserName>
<FromUserName><![CDATA[oN38-wbDdVARzSenJw7AF0JeARuU]]></FromUserName>
<CreateTime>1464936939</CreateTime>
<MsgType><![CDATA[event]]></MsgType>
<Event><![CDATA[VIEW]]></Event>
<EventKey><![CDATA[http://www.myyll.com/]]></EventKey>
<MenuId>409281329</MenuId>
</xml>

2016-06-03 14:55:39 params :
------------
Array:
rule : -2 ;
module :  ;
message : Array ;

2016-06-03 14:55:39 response :
------------

2016-06-03 14:56:22 trace :
------------
String:
<xml><ToUserName><![CDATA[gh_ce84963696ea]]></ToUserName>
<FromUserName><![CDATA[ogOo_wNbNmFdmpDuv6jTZiG6pqX4]]></FromUserName>
<CreateTime>1464936982</CreateTime>
<MsgType><![CDATA[event]]></MsgType>
<Event><![CDATA[VIEW]]></Event>
<EventKey><![CDATA[http://f.iseasoft.cn/app/index.php?i=9&c=entry&eid=1226]]></EventKey>
<MenuId>409870668</MenuId>
</xml>

2016-06-03 14:56:22 params :
------------
Array:
message : Array ;
module : basic ;
rule : 81 ;
priority : 0 ;
keyword : Array ;

2016-06-03 14:56:22 response :
------------
Array:
FromUserName : gh_ce84963696ea ;
ToUserName : ogOo_wNbNmFdmpDuv6jTZiG6pqX4 ;
MsgType : text ;
Content : 欢迎关注昵多丽环保家居官方微信，系统正在完善中，更多精彩，敬请期待…… ;

2016-06-03 14:59:40 trace :
------------
String:
<xml><ToUserName><![CDATA[gh_ce84963696ea]]></ToUserName>
<FromUserName><![CDATA[ogOo_wNbNmFdmpDuv6jTZiG6pqX4]]></FromUserName>
<CreateTime>1464937180</CreateTime>
<MsgType><![CDATA[event]]></MsgType>
<Event><![CDATA[VIEW]]></Event>
<EventKey><![CDATA[http://f.iseasoft.cn/app/index.php?i=9&c=entry&eid=1226]]></EventKey>
<MenuId>409870668</MenuId>
</xml>

2016-06-03 14:59:40 params :
------------
Array:
message : Array ;
module : basic ;
rule : 81 ;
priority : 0 ;
keyword : Array ;

2016-06-03 14:59:40 response :
------------
Array:
FromUserName : gh_ce84963696ea ;
ToUserName : ogOo_wNbNmFdmpDuv6jTZiG6pqX4 ;
MsgType : text ;
Content : 欢迎关注昵多丽环保家居官方微信，系统正在完善中，更多精彩，敬请期待…… ;

2016-06-03 15:00:17 trace :
------------
String:
<xml><ToUserName><![CDATA[gh_ce84963696ea]]></ToUserName>
<FromUserName><![CDATA[ogOo_wNbNmFdmpDuv6jTZiG6pqX4]]></FromUserName>
<CreateTime>1464937217</CreateTime>
<MsgType><![CDATA[event]]></MsgType>
<Event><![CDATA[VIEW]]></Event>
<EventKey><![CDATA[http://f.iseasoft.cn/app/index.php?i=9&c=entry&p=commission&m=sea&do=plugin]]></EventKey>
<MenuId>409870668</MenuId>
</xml>

2016-06-03 15:00:17 params :
------------
Array:
message : Array ;
module : basic ;
rule : 81 ;
priority : 0 ;
keyword : Array ;

2016-06-03 15:00:17 response :
------------
Array:
FromUserName : gh_ce84963696ea ;
ToUserName : ogOo_wNbNmFdmpDuv6jTZiG6pqX4 ;
MsgType : text ;
Content : 欢迎关注昵多丽环保家居官方微信，系统正在完善中，更多精彩，敬请期待…… ;

2016-06-03 15:00:21 trace :
------------
String:
<xml><ToUserName><![CDATA[gh_ce84963696ea]]></ToUserName>
<FromUserName><![CDATA[ogOo_wNbNmFdmpDuv6jTZiG6pqX4]]></FromUserName>
<CreateTime>1464937221</CreateTime>
<MsgType><![CDATA[event]]></MsgType>
<Event><![CDATA[VIEW]]></Event>
<EventKey><![CDATA[http://f.iseasoft.cn/app/index.php?i=9&c=entry&eid=1226]]></EventKey>
<MenuId>409870668</MenuId>
</xml>

2016-06-03 15:00:21 params :
------------
Array:
message : Array ;
module : basic ;
rule : 81 ;
priority : 0 ;
keyword : Array ;

2016-06-03 15:00:21 response :
------------
Array:
FromUserName : gh_ce84963696ea ;
ToUserName : ogOo_wNbNmFdmpDuv6jTZiG6pqX4 ;
MsgType : text ;
Content : 欢迎关注昵多丽环保家居官方微信，系统正在完善中，更多精彩，敬请期待…… ;

2016-06-03 15:02:48 trace :
------------
String:
<xml><ToUserName><![CDATA[gh_ce84963696ea]]></ToUserName>
<FromUserName><![CDATA[ogOo_wFAGpxaoR-iB9pXFwpb5xy0]]></FromUserName>
<CreateTime>1464937368</CreateTime>
<MsgType><![CDATA[event]]></MsgType>
<Event><![CDATA[subscribe]]></Event>
<EventKey><![CDATA[]]></EventKey>
</xml>

2016-06-03 15:02:48 params :
------------
Array:
message : Array ;
module : basic ;
rule : 81 ;
priority : 0 ;
keyword : Array ;

2016-06-03 15:02:48 response :
------------
Array:
FromUserName : gh_ce84963696ea ;
ToUserName : ogOo_wFAGpxaoR-iB9pXFwpb5xy0 ;
MsgType : text ;
Content : 欢迎关注昵多丽环保家居官方微信，系统正在完善中，更多精彩，敬请期待…… ;

2016-06-03 15:03:08 trace :
------------
String:
<xml><ToUserName><![CDATA[gh_ce84963696ea]]></ToUserName>
<FromUserName><![CDATA[ogOo_wFAGpxaoR-iB9pXFwpb5xy0]]></FromUserName>
<CreateTime>1464937388</CreateTime>
<MsgType><![CDATA[event]]></MsgType>
<Event><![CDATA[VIEW]]></Event>
<EventKey><![CDATA[http://f.iseasoft.cn/app/index.php?i=9&c=entry&eid=1226]]></EventKey>
<MenuId>409870668</MenuId>
</xml>

2016-06-03 15:03:08 params :
------------
Array:
message : Array ;
module : basic ;
rule : 81 ;
priority : 0 ;
keyword : Array ;

2016-06-03 15:03:08 response :
------------
Array:
FromUserName : gh_ce84963696ea ;
ToUserName : ogOo_wFAGpxaoR-iB9pXFwpb5xy0 ;
MsgType : text ;
Content : 欢迎关注昵多丽环保家居官方微信，系统正在完善中，更多精彩，敬请期待…… ;

2016-06-03 15:15:27 trace :
------------
String:
<xml><ToUserName><![CDATA[gh_9ef36f25dc50]]></ToUserName>
<FromUserName><![CDATA[oN38-wbDdVARzSenJw7AF0JeARuU]]></FromUserName>
<CreateTime>1464938127</CreateTime>
<MsgType><![CDATA[event]]></MsgType>
<Event><![CDATA[VIEW]]></Event>
<EventKey><![CDATA[http://www.iseasoft.cn/wap/about/?34.html]]></EventKey>
<MenuId>409281329</MenuId>
</xml>

2016-06-03 15:15:27 params :
------------
Array:
rule : -2 ;
module :  ;
message : Array ;

2016-06-03 15:15:27 response :
------------

2016-06-03 16:27:38 trace :
------------
String:
<xml><ToUserName><![CDATA[gh_9ef36f25dc50]]></ToUserName>
<FromUserName><![CDATA[oN38-wbDdVARzSenJw7AF0JeARuU]]></FromUserName>
<CreateTime>1464942458</CreateTime>
<MsgType><![CDATA[event]]></MsgType>
<Event><![CDATA[VIEW]]></Event>
<EventKey><![CDATA[http://www.myyll.com/]]></EventKey>
<MenuId>409281329</MenuId>
</xml>

2016-06-03 16:27:38 params :
------------
Array:
rule : -2 ;
module :  ;
message : Array ;

2016-06-03 16:27:38 response :
------------

2016-06-03 16:36:43 trace :
------------
String:
<xml><ToUserName><![CDATA[gh_9ef36f25dc50]]></ToUserName>
<FromUserName><![CDATA[oN38-wbDdVARzSenJw7AF0JeARuU]]></FromUserName>
<CreateTime>1464943003</CreateTime>
<MsgType><![CDATA[text]]></MsgType>
<Content><![CDATA[商城]]></Content>
<MsgId>6291882288798338180</MsgId>
</xml>

2016-06-03 16:36:43 params :
------------
Array:
message : Array ;
module : cover ;
rule : 65 ;
priority : 0 ;
keyword : Array ;

2016-06-03 16:36:43 response :
------------
Array:
FromUserName : gh_9ef36f25dc50 ;
ToUserName : oN38-wbDdVARzSenJw7AF0JeARuU ;
MsgType : news ;
ArticleCount : 1 ;
Articles : Array ;

2016-06-03 22:35:51 trace :
------------
String:
<xml><ToUserName><![CDATA[gh_9ef36f25dc50]]></ToUserName>
<FromUserName><![CDATA[oN38-wSjVyRzBIRdVyGNPJ7o0DQg]]></FromUserName>
<CreateTime>1464964551</CreateTime>
<MsgType><![CDATA[event]]></MsgType>
<Event><![CDATA[subscribe]]></Event>
<EventKey><![CDATA[]]></EventKey>
</xml>

2016-06-03 22:35:51 params :
------------
Array:
message : Array ;
module : basic ;
rule : 79 ;
priority : 0 ;
keyword : Array ;

2016-06-03 22:35:51 response :
------------
Array:
FromUserName : gh_9ef36f25dc50 ;
ToUserName : oN38-wSjVyRzBIRdVyGNPJ7o0DQg ;
MsgType : text ;
Content : 欢迎您的关注！！！ ;

2016-06-03 22:35:56 trace :
------------
String:
<xml><ToUserName><![CDATA[gh_9ef36f25dc50]]></ToUserName>
<FromUserName><![CDATA[oN38-wSjVyRzBIRdVyGNPJ7o0DQg]]></FromUserName>
<CreateTime>1464964556</CreateTime>
<MsgType><![CDATA[event]]></MsgType>
<Event><![CDATA[VIEW]]></Event>
<EventKey><![CDATA[http://www.iseasoft.cn/wap/about/?34.html]]></EventKey>
<MenuId>409281329</MenuId>
</xml>

2016-06-03 22:35:56 params :
------------
Array:
rule : -2 ;
module :  ;
message : Array ;

2016-06-03 22:35:56 response :
------------

2016-06-03 22:36:19 trace :
------------
String:
<xml><ToUserName><![CDATA[gh_9ef36f25dc50]]></ToUserName>
<FromUserName><![CDATA[oN38-wSjVyRzBIRdVyGNPJ7o0DQg]]></FromUserName>
<CreateTime>1464964579</CreateTime>
<MsgType><![CDATA[event]]></MsgType>
<Event><![CDATA[VIEW]]></Event>
<EventKey><![CDATA[http://wfx.iseasoft.cn/app/index.php?i=51&j=54&c=entry&do=shop&m=ewei_shop&wxref=mp.weixin.qq.com&wxref=mp.weixin.qq.com#wechat_redirect]]></EventKey>
<MenuId>409281329</MenuId>
</xml>

2016-06-03 22:36:19 params :
------------
Array:
rule : -2 ;
module :  ;
message : Array ;

2016-06-03 22:36:19 response :
------------

