2016-06-07 09:31:14 trace :
------------
String:
<xml><ToUserName><![CDATA[gh_9ef36f25dc50]]></ToUserName>
<FromUserName><![CDATA[oN38-wYJSefmbi9nhkBV5EmpLTG8]]></FromUserName>
<CreateTime>1465263074</CreateTime>
<MsgType><![CDATA[event]]></MsgType>
<Event><![CDATA[subscribe]]></Event>
<EventKey><![CDATA[]]></EventKey>
</xml>

2016-06-07 09:31:14 params :
------------
Array:
message : Array ;
module : basic ;
rule : 79 ;
priority : 0 ;
keyword : Array ;

2016-06-07 09:31:14 response :
------------
Array:
FromUserName : gh_9ef36f25dc50 ;
ToUserName : oN38-wYJSefmbi9nhkBV5EmpLTG8 ;
MsgType : text ;
Content : 欢迎您的关注！！！ ;

2016-06-07 09:43:39 trace :
------------
String:
<xml><ToUserName><![CDATA[gh_ce84963696ea]]></ToUserName>
<FromUserName><![CDATA[ogOo_wGf6_CFdhA7Zwi221zROAZI]]></FromUserName>
<CreateTime>1465263819</CreateTime>
<MsgType><![CDATA[event]]></MsgType>
<Event><![CDATA[VIEW]]></Event>
<EventKey><![CDATA[http://f.iseasoft.cn/app/index.php?i=9&c=entry&p=commission&m=sea&do=plugin]]></EventKey>
<MenuId>409870668</MenuId>
</xml>

2016-06-07 09:43:39 params :
------------
Array:
message : Array ;
module : basic ;
rule : 81 ;
priority : 0 ;
keyword : Array ;

2016-06-07 09:43:39 response :
------------
Array:
FromUserName : gh_ce84963696ea ;
ToUserName : ogOo_wGf6_CFdhA7Zwi221zROAZI ;
MsgType : text ;
Content : 欢迎关注昵多丽环保家居官方微信，系统正在完善中，更多精彩，敬请期待…… ;

2016-06-07 09:43:50 trace :
------------
String:
<xml><ToUserName><![CDATA[gh_ce84963696ea]]></ToUserName>
<FromUserName><![CDATA[ogOo_wGf6_CFdhA7Zwi221zROAZI]]></FromUserName>
<CreateTime>1465263830</CreateTime>
<MsgType><![CDATA[event]]></MsgType>
<Event><![CDATA[VIEW]]></Event>
<EventKey><![CDATA[http://f.iseasoft.cn/app/index.php?i=9&c=entry&eid=1226]]></EventKey>
<MenuId>409870668</MenuId>
</xml>

2016-06-07 09:43:50 params :
------------
Array:
message : Array ;
module : basic ;
rule : 81 ;
priority : 0 ;
keyword : Array ;

2016-06-07 09:43:50 response :
------------
Array:
FromUserName : gh_ce84963696ea ;
ToUserName : ogOo_wGf6_CFdhA7Zwi221zROAZI ;
MsgType : text ;
Content : 欢迎关注昵多丽环保家居官方微信，系统正在完善中，更多精彩，敬请期待…… ;

2016-06-07 09:44:00 trace :
------------
String:
<xml><ToUserName><![CDATA[gh_ce84963696ea]]></ToUserName>
<FromUserName><![CDATA[ogOo_wGf6_CFdhA7Zwi221zROAZI]]></FromUserName>
<CreateTime>1465263840</CreateTime>
<MsgType><![CDATA[event]]></MsgType>
<Event><![CDATA[VIEW]]></Event>
<EventKey><![CDATA[http://f.iseasoft.cn/app/index.php?i=9&c=entry&eid=1226]]></EventKey>
<MenuId>409870668</MenuId>
</xml>

2016-06-07 09:44:00 params :
------------
Array:
message : Array ;
module : basic ;
rule : 81 ;
priority : 0 ;
keyword : Array ;

2016-06-07 09:44:00 response :
------------
Array:
FromUserName : gh_ce84963696ea ;
ToUserName : ogOo_wGf6_CFdhA7Zwi221zROAZI ;
MsgType : text ;
Content : 欢迎关注昵多丽环保家居官方微信，系统正在完善中，更多精彩，敬请期待…… ;

2016-06-07 09:44:05 trace :
------------
String:
<xml><ToUserName><![CDATA[gh_ce84963696ea]]></ToUserName>
<FromUserName><![CDATA[ogOo_wGf6_CFdhA7Zwi221zROAZI]]></FromUserName>
<CreateTime>1465263844</CreateTime>
<MsgType><![CDATA[event]]></MsgType>
<Event><![CDATA[CLICK]]></Event>
<EventKey><![CDATA[招商加盟]]></EventKey>
</xml>

2016-06-07 09:44:05 params :
------------
Array:
message : Array ;
module : news ;
rule : 83 ;
priority : 0 ;
keyword : Array ;

2016-06-07 09:44:05 response :
------------
Array:
FromUserName : gh_ce84963696ea ;
ToUserName : ogOo_wGf6_CFdhA7Zwi221zROAZI ;
MsgType : news ;
ArticleCount : 1 ;
Articles : Array ;

2016-06-07 09:44:20 trace :
------------
String:
<xml><ToUserName><![CDATA[gh_ce84963696ea]]></ToUserName>
<FromUserName><![CDATA[ogOo_wGf6_CFdhA7Zwi221zROAZI]]></FromUserName>
<CreateTime>1465263859</CreateTime>
<MsgType><![CDATA[event]]></MsgType>
<Event><![CDATA[CLICK]]></Event>
<EventKey><![CDATA[企业介绍]]></EventKey>
</xml>

2016-06-07 09:44:20 params :
------------
Array:
message : Array ;
module : news ;
rule : 82 ;
priority : 0 ;
keyword : Array ;

2016-06-07 09:44:20 response :
------------
Array:
FromUserName : gh_ce84963696ea ;
ToUserName : ogOo_wGf6_CFdhA7Zwi221zROAZI ;
MsgType : news ;
ArticleCount : 1 ;
Articles : Array ;

2016-06-07 09:44:31 trace :
------------
String:
<xml><ToUserName><![CDATA[gh_ce84963696ea]]></ToUserName>
<FromUserName><![CDATA[ogOo_wGf6_CFdhA7Zwi221zROAZI]]></FromUserName>
<CreateTime>1465263871</CreateTime>
<MsgType><![CDATA[event]]></MsgType>
<Event><![CDATA[CLICK]]></Event>
<EventKey><![CDATA[联系我们]]></EventKey>
</xml>

2016-06-07 09:44:31 params :
------------
Array:
message : Array ;
module : news ;
rule : 84 ;
priority : 0 ;
keyword : Array ;

2016-06-07 09:44:31 response :
------------
Array:
FromUserName : gh_ce84963696ea ;
ToUserName : ogOo_wGf6_CFdhA7Zwi221zROAZI ;
MsgType : news ;
ArticleCount : 1 ;
Articles : Array ;

2016-06-07 09:50:57 trace :
------------
String:
<xml><ToUserName><![CDATA[gh_173b187cfb81]]></ToUserName>
<FromUserName><![CDATA[ocu1wwc-RJ9obUesgOJZBBS1byoI]]></FromUserName>
<CreateTime>1465264257</CreateTime>
<MsgType><![CDATA[event]]></MsgType>
<Event><![CDATA[VIEW]]></Event>
<EventKey><![CDATA[http://f.iseasoft.cn/app/index.php?i=10&c=entry&eid=1226]]></EventKey>
<MenuId>428787363</MenuId>
</xml>

2016-06-07 09:50:57 params :
------------
Array:
message : Array ;
module : basic ;
rule : 90 ;
priority : 0 ;
keyword : Array ;

2016-06-07 09:50:57 response :
------------
Array:
FromUserName : gh_173b187cfb81 ;
ToUserName : ocu1wwc-RJ9obUesgOJZBBS1byoI ;
MsgType : text ;
Content : 您好，欢迎来到玉田网上超市！ ;

2016-06-07 09:52:17 trace :
------------
String:
<xml><ToUserName><![CDATA[gh_994b4bf94dd3]]></ToUserName>
<FromUserName><![CDATA[o2LD4sinfE0VqWtOw0oQiGOpAhpY]]></FromUserName>
<CreateTime>1465264327</CreateTime>
<MsgType><![CDATA[event]]></MsgType>
<Event><![CDATA[LOCATION]]></Event>
<Latitude>31.294655</Latitude>
<Longitude>120.660461</Longitude>
<Precision>40.000000</Precision>
</xml>

2016-06-07 09:52:17 params :
------------
Array:
message : Array ;
module : default ;
rule : -1 ;

2016-06-07 09:52:17 response :
------------
Array:
errno : -1 ;
message : Invaild value ;

2016-06-07 09:52:28 trace :
------------
String:
<xml><ToUserName><![CDATA[gh_994b4bf94dd3]]></ToUserName>
<FromUserName><![CDATA[o2LD4sinfE0VqWtOw0oQiGOpAhpY]]></FromUserName>
<CreateTime>1465264348</CreateTime>
<MsgType><![CDATA[event]]></MsgType>
<Event><![CDATA[VIEW]]></Event>
<EventKey><![CDATA[http://wfx.iseasoft.cn/app/index.php?i=2&j=2&c=entry&id=4&do=detail&m=news&wxref=mp.weixin.qq.com&u=1]]></EventKey>
<MenuId>400862522</MenuId>
</xml>

2016-06-07 09:52:28 params :
------------
Array:
rule : -2 ;
module :  ;
message : Array ;

2016-06-07 09:52:28 response :
------------

2016-06-07 09:53:42 trace :
------------
String:
<xml><ToUserName><![CDATA[gh_994b4bf94dd3]]></ToUserName>
<FromUserName><![CDATA[o2LD4sinfE0VqWtOw0oQiGOpAhpY]]></FromUserName>
<CreateTime>1465264422</CreateTime>
<MsgType><![CDATA[event]]></MsgType>
<Event><![CDATA[LOCATION]]></Event>
<Latitude>31.295069</Latitude>
<Longitude>120.660393</Longitude>
<Precision>40.000000</Precision>
</xml>

2016-06-07 09:53:42 params :
------------
Array:
message : Array ;
module : default ;
rule : -1 ;

2016-06-07 09:53:42 response :
------------
Array:
errno : -1 ;
message : Invaild value ;

2016-06-07 09:53:46 trace :
------------
String:
<xml><ToUserName><![CDATA[gh_994b4bf94dd3]]></ToUserName>
<FromUserName><![CDATA[o2LD4sinfE0VqWtOw0oQiGOpAhpY]]></FromUserName>
<CreateTime>1465264426</CreateTime>
<MsgType><![CDATA[event]]></MsgType>
<Event><![CDATA[VIEW]]></Event>
<EventKey><![CDATA[http://wfx.iseasoft.cn/app/index.php?i=2&c=entry&eid=12]]></EventKey>
<MenuId>400862522</MenuId>
</xml>

2016-06-07 09:53:46 params :
------------
Array:
rule : -2 ;
module :  ;
message : Array ;

2016-06-07 09:53:46 response :
------------

2016-06-07 09:54:00 trace :
------------
String:
<xml><ToUserName><![CDATA[gh_994b4bf94dd3]]></ToUserName>
<FromUserName><![CDATA[o2LD4sinfE0VqWtOw0oQiGOpAhpY]]></FromUserName>
<CreateTime>1465264440</CreateTime>
<MsgType><![CDATA[event]]></MsgType>
<Event><![CDATA[LOCATION]]></Event>
<Latitude>31.295069</Latitude>
<Longitude>120.660393</Longitude>
<Precision>40.000000</Precision>
</xml>

2016-06-07 09:54:00 params :
------------
Array:
message : Array ;
module : default ;
rule : -1 ;

2016-06-07 09:54:00 response :
------------
Array:
errno : -1 ;
message : Invaild value ;

2016-06-07 10:16:54 trace :
------------
String:
<xml><ToUserName><![CDATA[gh_9ef36f25dc50]]></ToUserName>
<FromUserName><![CDATA[oN38-we3xHZTbMGyHb_fuTL5iyl0]]></FromUserName>
<CreateTime>1465265814</CreateTime>
<MsgType><![CDATA[event]]></MsgType>
<Event><![CDATA[VIEW]]></Event>
<EventKey><![CDATA[http://f.iseasoft.cn/app/index.php?i=5&c=entry&do=shop&m=sea]]></EventKey>
<MenuId>409281329</MenuId>
</xml>

2016-06-07 10:16:54 params :
------------
Array:
rule : -2 ;
module :  ;
message : Array ;

2016-06-07 10:16:54 response :
------------

2016-06-07 10:18:11 trace :
------------
String:
<xml><ToUserName><![CDATA[gh_9ef36f25dc50]]></ToUserName>
<FromUserName><![CDATA[oN38-wbDdVARzSenJw7AF0JeARuU]]></FromUserName>
<CreateTime>1465265890</CreateTime>
<MsgType><![CDATA[text]]></MsgType>
<Content><![CDATA[商城]]></Content>
<MsgId>6293269077903703012</MsgId>
</xml>

2016-06-07 10:18:11 params :
------------
Array:
message : Array ;
module : cover ;
rule : 65 ;
priority : 0 ;
keyword : Array ;

2016-06-07 10:18:11 response :
------------
Array:
FromUserName : gh_9ef36f25dc50 ;
ToUserName : oN38-wbDdVARzSenJw7AF0JeARuU ;
MsgType : news ;
ArticleCount : 1 ;
Articles : Array ;

2016-06-07 10:24:57 trace :
------------
String:
<xml><ToUserName><![CDATA[gh_173b187cfb81]]></ToUserName>
<FromUserName><![CDATA[ocu1wwc-RJ9obUesgOJZBBS1byoI]]></FromUserName>
<CreateTime>1465266296</CreateTime>
<MsgType><![CDATA[event]]></MsgType>
<Event><![CDATA[VIEW]]></Event>
<EventKey><![CDATA[http://f.iseasoft.cn/app/index.php?i=10&c=entry&eid=1226]]></EventKey>
<MenuId>428787363</MenuId>
</xml>

2016-06-07 10:24:57 params :
------------
Array:
message : Array ;
module : basic ;
rule : 90 ;
priority : 0 ;
keyword : Array ;

2016-06-07 10:24:57 response :
------------
Array:
FromUserName : gh_173b187cfb81 ;
ToUserName : ocu1wwc-RJ9obUesgOJZBBS1byoI ;
MsgType : text ;
Content : 您好，欢迎来到玉田网上超市！ ;

2016-06-07 10:33:34 trace :
------------
String:
<xml><ToUserName><![CDATA[gh_173b187cfb81]]></ToUserName>
<FromUserName><![CDATA[ocu1wwc-RJ9obUesgOJZBBS1byoI]]></FromUserName>
<CreateTime>1465266813</CreateTime>
<MsgType><![CDATA[event]]></MsgType>
<Event><![CDATA[VIEW]]></Event>
<EventKey><![CDATA[http://f.iseasoft.cn/app/index.php?i=10&c=entry&eid=1226]]></EventKey>
<MenuId>428787363</MenuId>
</xml>

2016-06-07 10:33:34 params :
------------
Array:
message : Array ;
module : basic ;
rule : 90 ;
priority : 0 ;
keyword : Array ;

2016-06-07 10:33:34 response :
------------
Array:
FromUserName : gh_173b187cfb81 ;
ToUserName : ocu1wwc-RJ9obUesgOJZBBS1byoI ;
MsgType : text ;
Content : 您好，欢迎来到玉田网上超市！ ;

2016-06-07 10:45:26 trace :
------------
String:
<xml><ToUserName><![CDATA[gh_9ef36f25dc50]]></ToUserName>
<FromUserName><![CDATA[oN38-we3xHZTbMGyHb_fuTL5iyl0]]></FromUserName>
<CreateTime>1465267525</CreateTime>
<MsgType><![CDATA[event]]></MsgType>
<Event><![CDATA[VIEW]]></Event>
<EventKey><![CDATA[http://f.iseasoft.cn/app/index.php?i=5&c=entry&do=shop&m=sea]]></EventKey>
<MenuId>409281329</MenuId>
</xml>

2016-06-07 10:45:26 params :
------------
Array:
rule : -2 ;
module :  ;
message : Array ;

2016-06-07 10:45:26 response :
------------

2016-06-07 10:56:25 trace :
------------
String:
<xml><ToUserName><![CDATA[gh_9ef36f25dc50]]></ToUserName>
<FromUserName><![CDATA[oN38-wbBt3leEB5r_nVlrA4DF40c]]></FromUserName>
<CreateTime>1465268184</CreateTime>
<MsgType><![CDATA[event]]></MsgType>
<Event><![CDATA[subscribe]]></Event>
<EventKey><![CDATA[]]></EventKey>
</xml>

2016-06-07 10:56:25 params :
------------
Array:
message : Array ;
module : basic ;
rule : 79 ;
priority : 0 ;
keyword : Array ;

2016-06-07 10:56:25 response :
------------
Array:
FromUserName : gh_9ef36f25dc50 ;
ToUserName : oN38-wbBt3leEB5r_nVlrA4DF40c ;
MsgType : text ;
Content : 欢迎您的关注！！！ ;

2016-06-07 10:56:38 trace :
------------
String:
<xml><ToUserName><![CDATA[gh_9ef36f25dc50]]></ToUserName>
<FromUserName><![CDATA[oN38-wbBt3leEB5r_nVlrA4DF40c]]></FromUserName>
<CreateTime>1465268198</CreateTime>
<MsgType><![CDATA[event]]></MsgType>
<Event><![CDATA[VIEW]]></Event>
<EventKey><![CDATA[http://f.iseasoft.cn/app/index.php?i=5&c=entry&do=shop&m=sea]]></EventKey>
<MenuId>409281329</MenuId>
</xml>

2016-06-07 10:56:38 params :
------------
Array:
rule : -2 ;
module :  ;
message : Array ;

2016-06-07 10:56:38 response :
------------

2016-06-07 11:16:57 trace :
------------
String:
<xml><ToUserName><![CDATA[gh_9ef36f25dc50]]></ToUserName>
<FromUserName><![CDATA[oN38-we3xHZTbMGyHb_fuTL5iyl0]]></FromUserName>
<CreateTime>1465269417</CreateTime>
<MsgType><![CDATA[event]]></MsgType>
<Event><![CDATA[VIEW]]></Event>
<EventKey><![CDATA[http://f.iseasoft.cn/app/index.php?i=5&c=entry&do=shop&m=sea]]></EventKey>
<MenuId>409281329</MenuId>
</xml>

2016-06-07 11:16:57 params :
------------
Array:
rule : -2 ;
module :  ;
message : Array ;

2016-06-07 11:16:57 response :
------------

2016-06-07 11:58:34 trace :
------------
String:
<xml><ToUserName><![CDATA[gh_173b187cfb81]]></ToUserName>
<FromUserName><![CDATA[ocu1wwb8AIF2gf3rGpfR6CwA3FSU]]></FromUserName>
<CreateTime>1465271914</CreateTime>
<MsgType><![CDATA[event]]></MsgType>
<Event><![CDATA[subscribe]]></Event>
<EventKey><![CDATA[]]></EventKey>
</xml>

2016-06-07 11:58:34 params :
------------
Array:
message : Array ;
module : basic ;
rule : 90 ;
priority : 0 ;
keyword : Array ;

2016-06-07 11:58:34 response :
------------
Array:
FromUserName : gh_173b187cfb81 ;
ToUserName : ocu1wwb8AIF2gf3rGpfR6CwA3FSU ;
MsgType : text ;
Content : 您好，欢迎来到玉田网上超市！ ;

2016-06-07 11:58:39 trace :
------------
String:
<xml><ToUserName><![CDATA[gh_173b187cfb81]]></ToUserName>
<FromUserName><![CDATA[ocu1wwb8AIF2gf3rGpfR6CwA3FSU]]></FromUserName>
<CreateTime>1465271919</CreateTime>
<MsgType><![CDATA[event]]></MsgType>
<Event><![CDATA[VIEW]]></Event>
<EventKey><![CDATA[http://f.iseasoft.cn/app/index.php?i=10&c=entry&eid=1226]]></EventKey>
<MenuId>428862708</MenuId>
</xml>

2016-06-07 11:58:39 params :
------------
Array:
message : Array ;
module : basic ;
rule : 90 ;
priority : 0 ;
keyword : Array ;

2016-06-07 11:58:39 response :
------------
Array:
FromUserName : gh_173b187cfb81 ;
ToUserName : ocu1wwb8AIF2gf3rGpfR6CwA3FSU ;
MsgType : text ;
Content : 您好，欢迎来到玉田网上超市！ ;

2016-06-07 12:35:00 trace :
------------
String:
<xml><ToUserName><![CDATA[gh_ce84963696ea]]></ToUserName>
<FromUserName><![CDATA[ogOo_wFobnsaK2n6IN5vXhRoYxik]]></FromUserName>
<CreateTime>1465274099</CreateTime>
<MsgType><![CDATA[event]]></MsgType>
<Event><![CDATA[VIEW]]></Event>
<EventKey><![CDATA[http://f.iseasoft.cn/app/index.php?i=9&c=entry&eid=1226]]></EventKey>
<MenuId>409870668</MenuId>
</xml>

2016-06-07 12:35:00 params :
------------
Array:
message : Array ;
module : basic ;
rule : 81 ;
priority : 0 ;
keyword : Array ;

2016-06-07 12:35:00 response :
------------
Array:
FromUserName : gh_ce84963696ea ;
ToUserName : ogOo_wFobnsaK2n6IN5vXhRoYxik ;
MsgType : text ;
Content : 欢迎关注昵多丽环保家居官方微信，系统正在完善中，更多精彩，敬请期待…… ;

2016-06-07 12:37:47 trace :
------------
String:
<xml><ToUserName><![CDATA[gh_173b187cfb81]]></ToUserName>
<FromUserName><![CDATA[ocu1wwb8AIF2gf3rGpfR6CwA3FSU]]></FromUserName>
<CreateTime>1465274267</CreateTime>
<MsgType><![CDATA[event]]></MsgType>
<Event><![CDATA[VIEW]]></Event>
<EventKey><![CDATA[http://mp.weixin.qq.com/s?__biz=MzI0NTQwMzUwNg==&mid=100000001&idx=1&sn=c1f5d4cb7038fbcea35a9c3891e50569&scene=18#rd]]></EventKey>
<MenuId>428862708</MenuId>
</xml>

2016-06-07 12:37:47 params :
------------
Array:
message : Array ;
module : basic ;
rule : 90 ;
priority : 0 ;
keyword : Array ;

2016-06-07 12:37:47 response :
------------
Array:
FromUserName : gh_173b187cfb81 ;
ToUserName : ocu1wwb8AIF2gf3rGpfR6CwA3FSU ;
MsgType : text ;
Content : 您好，欢迎来到玉田网上超市！ ;

2016-06-07 12:37:57 trace :
------------
String:
<xml><ToUserName><![CDATA[gh_173b187cfb81]]></ToUserName>
<FromUserName><![CDATA[ocu1wwb8AIF2gf3rGpfR6CwA3FSU]]></FromUserName>
<CreateTime>1465274277</CreateTime>
<MsgType><![CDATA[event]]></MsgType>
<Event><![CDATA[VIEW]]></Event>
<EventKey><![CDATA[http://f.iseasoft.cn/app/index.php?i=10&c=entry&eid=1226]]></EventKey>
<MenuId>428862708</MenuId>
</xml>

2016-06-07 12:37:57 params :
------------
Array:
message : Array ;
module : basic ;
rule : 90 ;
priority : 0 ;
keyword : Array ;

2016-06-07 12:37:57 response :
------------
Array:
FromUserName : gh_173b187cfb81 ;
ToUserName : ocu1wwb8AIF2gf3rGpfR6CwA3FSU ;
MsgType : text ;
Content : 您好，欢迎来到玉田网上超市！ ;

2016-06-07 13:26:37 trace :
------------
String:
<xml><ToUserName><![CDATA[gh_9ef36f25dc50]]></ToUserName>
<FromUserName><![CDATA[oN38-wStUjmCHSqBn7lXpBgQ7wC8]]></FromUserName>
<CreateTime>1465277197</CreateTime>
<MsgType><![CDATA[event]]></MsgType>
<Event><![CDATA[VIEW]]></Event>
<EventKey><![CDATA[http://f.iseasoft.cn/app/index.php?i=5&c=entry&do=shop&m=sea]]></EventKey>
<MenuId>409281329</MenuId>
</xml>

2016-06-07 13:26:37 params :
------------
Array:
rule : -2 ;
module :  ;
message : Array ;

2016-06-07 13:26:37 response :
------------

2016-06-07 13:28:20 trace :
------------
String:
<xml><ToUserName><![CDATA[gh_9ef36f25dc50]]></ToUserName>
<FromUserName><![CDATA[oN38-wStUjmCHSqBn7lXpBgQ7wC8]]></FromUserName>
<CreateTime>1465277300</CreateTime>
<MsgType><![CDATA[event]]></MsgType>
<Event><![CDATA[VIEW]]></Event>
<EventKey><![CDATA[http://f.iseasoft.cn/app/index.php?i=5&c=entry&do=shop&m=sea]]></EventKey>
<MenuId>409281329</MenuId>
</xml>

2016-06-07 13:28:20 params :
------------
Array:
rule : -2 ;
module :  ;
message : Array ;

2016-06-07 13:28:20 response :
------------

2016-06-07 13:29:23 trace :
------------
String:
<xml><ToUserName><![CDATA[gh_9ef36f25dc50]]></ToUserName>
<FromUserName><![CDATA[oN38-wStUjmCHSqBn7lXpBgQ7wC8]]></FromUserName>
<CreateTime>1465277363</CreateTime>
<MsgType><![CDATA[event]]></MsgType>
<Event><![CDATA[VIEW]]></Event>
<EventKey><![CDATA[http://f.iseasoft.cn/app/index.php?i=5&c=entry&do=shop&m=sea]]></EventKey>
<MenuId>409281329</MenuId>
</xml>

2016-06-07 13:29:23 params :
------------
Array:
rule : -2 ;
module :  ;
message : Array ;

2016-06-07 13:29:23 response :
------------

2016-06-07 13:41:15 trace :
------------
String:
<xml><ToUserName><![CDATA[gh_ce84963696ea]]></ToUserName>
<FromUserName><![CDATA[ogOo_wHAwleTP7kgdWbux1-yHzKY]]></FromUserName>
<CreateTime>1465278075</CreateTime>
<MsgType><![CDATA[event]]></MsgType>
<Event><![CDATA[subscribe]]></Event>
<EventKey><![CDATA[]]></EventKey>
</xml>

2016-06-07 13:41:15 params :
------------
Array:
message : Array ;
module : basic ;
rule : 81 ;
priority : 0 ;
keyword : Array ;

2016-06-07 13:41:15 response :
------------
Array:
FromUserName : gh_ce84963696ea ;
ToUserName : ogOo_wHAwleTP7kgdWbux1-yHzKY ;
MsgType : text ;
Content : 欢迎关注昵多丽环保家居官方微信，系统正在完善中，更多精彩，敬请期待…… ;

2016-06-07 13:53:57 trace :
------------
String:
<xml><ToUserName><![CDATA[gh_9ef36f25dc50]]></ToUserName>
<FromUserName><![CDATA[oN38-wVIY7Wd_6aDc6tYhVFy2zFE]]></FromUserName>
<CreateTime>1465278836</CreateTime>
<MsgType><![CDATA[text]]></MsgType>
<Content><![CDATA[？]]></Content>
<MsgId>6293324680550320415</MsgId>
</xml>

2016-06-07 13:53:57 params :
------------
Array:
rule : -2 ;
module :  ;
message : Array ;

2016-06-07 13:53:57 response :
------------

2016-06-07 13:54:45 trace :
------------
String:
<xml><ToUserName><![CDATA[gh_994b4bf94dd3]]></ToUserName>
<FromUserName><![CDATA[o2LD4siaE-EDa1ESvgCDvYVIjtWg]]></FromUserName>
<CreateTime>1465278885</CreateTime>
<MsgType><![CDATA[event]]></MsgType>
<Event><![CDATA[VIEW]]></Event>
<EventKey><![CDATA[http://wfx.iseasoft.cn/app/index.php?i=2&c=entry&do=shop&m=ewei_shop&p=list&ccate=43&tcate=45]]></EventKey>
<MenuId>400862522</MenuId>
</xml>

2016-06-07 13:54:45 params :
------------
Array:
rule : -2 ;
module :  ;
message : Array ;

2016-06-07 13:54:45 response :
------------

2016-06-07 13:54:48 trace :
------------
String:
<xml><ToUserName><![CDATA[gh_994b4bf94dd3]]></ToUserName>
<FromUserName><![CDATA[o2LD4siaE-EDa1ESvgCDvYVIjtWg]]></FromUserName>
<CreateTime>1465278878</CreateTime>
<MsgType><![CDATA[event]]></MsgType>
<Event><![CDATA[LOCATION]]></Event>
<Latitude>31.882002</Latitude>
<Longitude>117.277672</Longitude>
<Precision>65.000000</Precision>
</xml>

2016-06-07 13:54:48 params :
------------
Array:
message : Array ;
module : default ;
rule : -1 ;

2016-06-07 13:54:48 response :
------------
Array:
errno : -1 ;
message : Invaild value ;

2016-06-07 14:02:07 trace :
------------
String:
<xml><ToUserName><![CDATA[gh_994b4bf94dd3]]></ToUserName>
<FromUserName><![CDATA[o2LD4siaE-EDa1ESvgCDvYVIjtWg]]></FromUserName>
<CreateTime>1465279327</CreateTime>
<MsgType><![CDATA[event]]></MsgType>
<Event><![CDATA[VIEW]]></Event>
<EventKey><![CDATA[http://wfx.iseasoft.cn/app/index.php?i=2&j=2&c=entry&id=3&do=detail&m=news&wxref=mp.weixin.qq.com&u=1]]></EventKey>
<MenuId>400862522</MenuId>
</xml>

2016-06-07 14:02:07 params :
------------
Array:
rule : -2 ;
module :  ;
message : Array ;

2016-06-07 14:02:07 response :
------------

2016-06-07 14:02:17 trace :
------------
String:
<xml><ToUserName><![CDATA[gh_994b4bf94dd3]]></ToUserName>
<FromUserName><![CDATA[o2LD4siaE-EDa1ESvgCDvYVIjtWg]]></FromUserName>
<CreateTime>1465279337</CreateTime>
<MsgType><![CDATA[event]]></MsgType>
<Event><![CDATA[VIEW]]></Event>
<EventKey><![CDATA[http://wfx.iseasoft.cn/app/index.php?i=2&j=2&c=entry&id=3&do=detail&m=news&wxref=mp.weixin.qq.com&u=1]]></EventKey>
<MenuId>400862522</MenuId>
</xml>

2016-06-07 14:02:17 params :
------------
Array:
rule : -2 ;
module :  ;
message : Array ;

2016-06-07 14:02:17 response :
------------

2016-06-07 14:02:27 trace :
------------
String:
<xml><ToUserName><![CDATA[gh_994b4bf94dd3]]></ToUserName>
<FromUserName><![CDATA[o2LD4siaE-EDa1ESvgCDvYVIjtWg]]></FromUserName>
<CreateTime>1465279347</CreateTime>
<MsgType><![CDATA[event]]></MsgType>
<Event><![CDATA[VIEW]]></Event>
<EventKey><![CDATA[http://wfx.iseasoft.cn/app/index.php?i=2&j=2&c=entry&p=commission&m=ewei_shop&do=plugin]]></EventKey>
<MenuId>400862522</MenuId>
</xml>

2016-06-07 14:02:27 params :
------------
Array:
rule : -2 ;
module :  ;
message : Array ;

2016-06-07 14:02:27 response :
------------

2016-06-07 14:09:40 trace :
------------
String:
<xml><ToUserName><![CDATA[gh_994b4bf94dd3]]></ToUserName>
<FromUserName><![CDATA[o2LD4siaE-EDa1ESvgCDvYVIjtWg]]></FromUserName>
<CreateTime>1465279780</CreateTime>
<MsgType><![CDATA[event]]></MsgType>
<Event><![CDATA[VIEW]]></Event>
<EventKey><![CDATA[http://f.iseasoft.cn/app/index.php?i=12&c=entry&p=commission&m=sea&do=plugin]]></EventKey>
<MenuId>404416141</MenuId>
</xml>

2016-06-07 14:09:40 params :
------------
Array:
rule : -2 ;
module :  ;
message : Array ;

2016-06-07 14:09:40 response :
------------

2016-06-07 14:09:44 trace :
------------
String:
<xml><ToUserName><![CDATA[gh_994b4bf94dd3]]></ToUserName>
<FromUserName><![CDATA[o2LD4siaE-EDa1ESvgCDvYVIjtWg]]></FromUserName>
<CreateTime>1465279784</CreateTime>
<MsgType><![CDATA[event]]></MsgType>
<Event><![CDATA[VIEW]]></Event>
<EventKey><![CDATA[http://f.iseasoft.cn/app/index.php?i=12&c=entry&do=member&m=sea]]></EventKey>
<MenuId>404416141</MenuId>
</xml>

2016-06-07 14:09:44 params :
------------
Array:
rule : -2 ;
module :  ;
message : Array ;

2016-06-07 14:09:44 response :
------------

2016-06-07 14:09:46 trace :
------------
String:
<xml><ToUserName><![CDATA[gh_994b4bf94dd3]]></ToUserName>
<FromUserName><![CDATA[o2LD4siaE-EDa1ESvgCDvYVIjtWg]]></FromUserName>
<CreateTime>1465279786</CreateTime>
<MsgType><![CDATA[event]]></MsgType>
<Event><![CDATA[VIEW]]></Event>
<EventKey><![CDATA[http://f.iseasoft.cn/app/index.php?i=12&c=entry&do=shop&m=sea]]></EventKey>
<MenuId>404416141</MenuId>
</xml>

2016-06-07 14:09:46 params :
------------
Array:
rule : -2 ;
module :  ;
message : Array ;

2016-06-07 14:09:46 response :
------------

2016-06-07 14:09:51 trace :
------------
String:
<xml><ToUserName><![CDATA[gh_994b4bf94dd3]]></ToUserName>
<FromUserName><![CDATA[o2LD4siaE-EDa1ESvgCDvYVIjtWg]]></FromUserName>
<CreateTime>1465279790</CreateTime>
<MsgType><![CDATA[event]]></MsgType>
<Event><![CDATA[VIEW]]></Event>
<EventKey><![CDATA[http://f.iseasoft.cn/app/index.php?i=12&c=entry&do=shop&m=sea]]></EventKey>
<MenuId>404416141</MenuId>
</xml>

2016-06-07 14:09:51 params :
------------
Array:
rule : -2 ;
module :  ;
message : Array ;

2016-06-07 14:09:51 response :
------------

2016-06-07 14:10:08 trace :
------------
String:
<xml><ToUserName><![CDATA[gh_994b4bf94dd3]]></ToUserName>
<FromUserName><![CDATA[o2LD4siaE-EDa1ESvgCDvYVIjtWg]]></FromUserName>
<CreateTime>1465279808</CreateTime>
<MsgType><![CDATA[event]]></MsgType>
<Event><![CDATA[VIEW]]></Event>
<EventKey><![CDATA[http://f.iseasoft.cn/app/index.php?i=12&c=entry&do=shop&m=sea]]></EventKey>
<MenuId>404416141</MenuId>
</xml>

2016-06-07 14:10:08 params :
------------
Array:
rule : -2 ;
module :  ;
message : Array ;

2016-06-07 14:10:08 response :
------------

2016-06-07 14:10:53 trace :
------------
String:
<xml><ToUserName><![CDATA[gh_994b4bf94dd3]]></ToUserName>
<FromUserName><![CDATA[o2LD4sss04w5D-dVciqogyw-g56I]]></FromUserName>
<CreateTime>1465279852</CreateTime>
<MsgType><![CDATA[event]]></MsgType>
<Event><![CDATA[VIEW]]></Event>
<EventKey><![CDATA[http://f.iseasoft.cn/app/index.php?i=12&c=entry&do=shop&m=sea]]></EventKey>
<MenuId>404416141</MenuId>
</xml>

2016-06-07 14:10:53 params :
------------
Array:
rule : -2 ;
module :  ;
message : Array ;

2016-06-07 14:10:53 response :
------------

2016-06-07 14:11:41 trace :
------------
String:
<xml><ToUserName><![CDATA[gh_994b4bf94dd3]]></ToUserName>
<FromUserName><![CDATA[o2LD4sss04w5D-dVciqogyw-g56I]]></FromUserName>
<CreateTime>1465279901</CreateTime>
<MsgType><![CDATA[event]]></MsgType>
<Event><![CDATA[VIEW]]></Event>
<EventKey><![CDATA[http://f.iseasoft.cn/app/index.php?i=12&c=entry&p=commission&m=sea&do=plugin]]></EventKey>
<MenuId>404416141</MenuId>
</xml>

2016-06-07 14:11:41 trace :
------------
String:
<xml><ToUserName><![CDATA[gh_994b4bf94dd3]]></ToUserName>
<FromUserName><![CDATA[o2LD4sss04w5D-dVciqogyw-g56I]]></FromUserName>
<CreateTime>1465279901</CreateTime>
<MsgType><![CDATA[event]]></MsgType>
<Event><![CDATA[VIEW]]></Event>
<EventKey><![CDATA[http://wfx.iseasoft.cn/app/index.php?i=2&j=2&c=entry&id=4&do=detail&m=news&wxref=mp.weixin.qq.com&u=1]]></EventKey>
<MenuId>404416141</MenuId>
</xml>

2016-06-07 14:11:41 params :
------------
Array:
rule : -2 ;
module :  ;
message : Array ;

2016-06-07 14:11:41 response :
------------

2016-06-07 14:11:41 params :
------------
Array:
rule : -2 ;
module :  ;
message : Array ;

2016-06-07 14:11:41 response :
------------

2016-06-07 14:12:33 trace :
------------
String:
<xml><ToUserName><![CDATA[gh_994b4bf94dd3]]></ToUserName>
<FromUserName><![CDATA[o2LD4siaE-EDa1ESvgCDvYVIjtWg]]></FromUserName>
<CreateTime>1465279953</CreateTime>
<MsgType><![CDATA[event]]></MsgType>
<Event><![CDATA[unsubscribe]]></Event>
<EventKey><![CDATA[]]></EventKey>
</xml>

2016-06-07 14:12:38 trace :
------------
String:
<xml><ToUserName><![CDATA[gh_994b4bf94dd3]]></ToUserName>
<FromUserName><![CDATA[o2LD4siaE-EDa1ESvgCDvYVIjtWg]]></FromUserName>
<CreateTime>1465279958</CreateTime>
<MsgType><![CDATA[event]]></MsgType>
<Event><![CDATA[subscribe]]></Event>
<EventKey><![CDATA[]]></EventKey>
</xml>

2016-06-07 14:12:38 params :
------------
Array:
rule : -2 ;
module :  ;
message : Array ;

2016-06-07 14:12:38 response :
------------

2016-06-07 14:12:40 trace :
------------
String:
<xml><ToUserName><![CDATA[gh_994b4bf94dd3]]></ToUserName>
<FromUserName><![CDATA[o2LD4siaE-EDa1ESvgCDvYVIjtWg]]></FromUserName>
<CreateTime>1465279960</CreateTime>
<MsgType><![CDATA[event]]></MsgType>
<Event><![CDATA[VIEW]]></Event>
<EventKey><![CDATA[http://f.iseasoft.cn/app/index.php?i=12&c=entry&do=shop&m=sea]]></EventKey>
<MenuId>404416141</MenuId>
</xml>

2016-06-07 14:12:40 params :
------------
Array:
rule : -2 ;
module :  ;
message : Array ;

2016-06-07 14:12:40 response :
------------

2016-06-07 14:12:44 trace :
------------
String:
<xml><ToUserName><![CDATA[gh_994b4bf94dd3]]></ToUserName>
<FromUserName><![CDATA[o2LD4siaE-EDa1ESvgCDvYVIjtWg]]></FromUserName>
<CreateTime>1465279963</CreateTime>
<MsgType><![CDATA[event]]></MsgType>
<Event><![CDATA[VIEW]]></Event>
<EventKey><![CDATA[http://f.iseasoft.cn/app/index.php?i=12&c=entry&p=commission&m=sea&do=plugin]]></EventKey>
<MenuId>404416141</MenuId>
</xml>

2016-06-07 14:12:44 params :
------------
Array:
rule : -2 ;
module :  ;
message : Array ;

2016-06-07 14:12:44 response :
------------

2016-06-07 14:12:47 trace :
------------
String:
<xml><ToUserName><![CDATA[gh_994b4bf94dd3]]></ToUserName>
<FromUserName><![CDATA[o2LD4siaE-EDa1ESvgCDvYVIjtWg]]></FromUserName>
<CreateTime>1465279967</CreateTime>
<MsgType><![CDATA[event]]></MsgType>
<Event><![CDATA[VIEW]]></Event>
<EventKey><![CDATA[http://wfx.iseasoft.cn/app/index.php?i=2&j=2&c=entry&id=3&do=detail&m=news&wxref=mp.weixin.qq.com&u=1]]></EventKey>
<MenuId>404416141</MenuId>
</xml>

2016-06-07 14:12:47 params :
------------
Array:
rule : -2 ;
module :  ;
message : Array ;

2016-06-07 14:12:47 response :
------------

2016-06-07 14:15:03 trace :
------------
String:
<xml><ToUserName><![CDATA[gh_994b4bf94dd3]]></ToUserName>
<FromUserName><![CDATA[o2LD4siaE-EDa1ESvgCDvYVIjtWg]]></FromUserName>
<CreateTime>1465280103</CreateTime>
<MsgType><![CDATA[event]]></MsgType>
<Event><![CDATA[VIEW]]></Event>
<EventKey><![CDATA[http://f.iseasoft.cn/app/index.php?i=12&c=entry&do=shop&m=sea]]></EventKey>
<MenuId>404416141</MenuId>
</xml>

2016-06-07 14:15:03 params :
------------
Array:
rule : -2 ;
module :  ;
message : Array ;

2016-06-07 14:15:03 response :
------------

2016-06-07 14:15:27 trace :
------------
String:
<xml><ToUserName><![CDATA[gh_994b4bf94dd3]]></ToUserName>
<FromUserName><![CDATA[o2LD4siaE-EDa1ESvgCDvYVIjtWg]]></FromUserName>
<CreateTime>1465280127</CreateTime>
<MsgType><![CDATA[event]]></MsgType>
<Event><![CDATA[VIEW]]></Event>
<EventKey><![CDATA[http://f.iseasoft.cn/app/index.php?i=12&c=entry&do=shop&m=sea]]></EventKey>
<MenuId>404416141</MenuId>
</xml>

2016-06-07 14:15:27 params :
------------
Array:
rule : -2 ;
module :  ;
message : Array ;

2016-06-07 14:15:27 response :
------------

2016-06-07 14:15:29 trace :
------------
String:
<xml><ToUserName><![CDATA[gh_994b4bf94dd3]]></ToUserName>
<FromUserName><![CDATA[o2LD4sss04w5D-dVciqogyw-g56I]]></FromUserName>
<CreateTime>1465280129</CreateTime>
<MsgType><![CDATA[event]]></MsgType>
<Event><![CDATA[VIEW]]></Event>
<EventKey><![CDATA[http://f.iseasoft.cn/app/index.php?i=12&c=entry&p=commission&m=sea&do=plugin]]></EventKey>
<MenuId>404416141</MenuId>
</xml>

2016-06-07 14:15:29 params :
------------
Array:
rule : -2 ;
module :  ;
message : Array ;

2016-06-07 14:15:29 response :
------------

2016-06-07 14:15:31 trace :
------------
String:
<xml><ToUserName><![CDATA[gh_994b4bf94dd3]]></ToUserName>
<FromUserName><![CDATA[o2LD4sss04w5D-dVciqogyw-g56I]]></FromUserName>
<CreateTime>1465280131</CreateTime>
<MsgType><![CDATA[event]]></MsgType>
<Event><![CDATA[VIEW]]></Event>
<EventKey><![CDATA[http://f.iseasoft.cn/app/index.php?i=12&c=entry&do=shop&m=sea]]></EventKey>
<MenuId>404416141</MenuId>
</xml>

2016-06-07 14:15:31 params :
------------
Array:
rule : -2 ;
module :  ;
message : Array ;

2016-06-07 14:15:31 response :
------------

2016-06-07 14:15:32 trace :
------------
String:
<xml><ToUserName><![CDATA[gh_994b4bf94dd3]]></ToUserName>
<FromUserName><![CDATA[o2LD4siaE-EDa1ESvgCDvYVIjtWg]]></FromUserName>
<CreateTime>1465280132</CreateTime>
<MsgType><![CDATA[event]]></MsgType>
<Event><![CDATA[VIEW]]></Event>
<EventKey><![CDATA[http://f.iseasoft.cn/app/index.php?i=12&c=entry&do=order&m=sea]]></EventKey>
<MenuId>404416141</MenuId>
</xml>

2016-06-07 14:15:32 params :
------------
Array:
rule : -2 ;
module :  ;
message : Array ;

2016-06-07 14:15:32 response :
------------

2016-06-07 14:15:36 trace :
------------
String:
<xml><ToUserName><![CDATA[gh_994b4bf94dd3]]></ToUserName>
<FromUserName><![CDATA[o2LD4siaE-EDa1ESvgCDvYVIjtWg]]></FromUserName>
<CreateTime>1465280135</CreateTime>
<MsgType><![CDATA[event]]></MsgType>
<Event><![CDATA[VIEW]]></Event>
<EventKey><![CDATA[http://f.iseasoft.cn/app/index.php?i=12&c=entry&do=member&m=sea]]></EventKey>
<MenuId>404416141</MenuId>
</xml>

2016-06-07 14:15:36 params :
------------
Array:
rule : -2 ;
module :  ;
message : Array ;

2016-06-07 14:15:36 response :
------------

2016-06-07 14:15:39 trace :
------------
String:
<xml><ToUserName><![CDATA[gh_994b4bf94dd3]]></ToUserName>
<FromUserName><![CDATA[o2LD4siaE-EDa1ESvgCDvYVIjtWg]]></FromUserName>
<CreateTime>1465280139</CreateTime>
<MsgType><![CDATA[event]]></MsgType>
<Event><![CDATA[VIEW]]></Event>
<EventKey><![CDATA[http://f.iseasoft.cn/app/index.php?i=12&c=entry&do=cart&m=sea]]></EventKey>
<MenuId>404416141</MenuId>
</xml>

2016-06-07 14:15:39 params :
------------
Array:
rule : -2 ;
module :  ;
message : Array ;

2016-06-07 14:15:39 response :
------------

2016-06-07 14:16:53 trace :
------------
String:
<xml><ToUserName><![CDATA[gh_994b4bf94dd3]]></ToUserName>
<FromUserName><![CDATA[o2LD4siaE-EDa1ESvgCDvYVIjtWg]]></FromUserName>
<CreateTime>1465280212</CreateTime>
<MsgType><![CDATA[event]]></MsgType>
<Event><![CDATA[VIEW]]></Event>
<EventKey><![CDATA[http://f.iseasoft.cn/app/index.php?i=12&c=entry&do=shop&m=sea]]></EventKey>
<MenuId>404416141</MenuId>
</xml>

2016-06-07 14:16:53 params :
------------
Array:
rule : -2 ;
module :  ;
message : Array ;

2016-06-07 14:16:53 response :
------------

2016-06-07 14:17:02 trace :
------------
String:
<xml><ToUserName><![CDATA[gh_994b4bf94dd3]]></ToUserName>
<FromUserName><![CDATA[o2LD4siaE-EDa1ESvgCDvYVIjtWg]]></FromUserName>
<CreateTime>1465280222</CreateTime>
<MsgType><![CDATA[event]]></MsgType>
<Event><![CDATA[VIEW]]></Event>
<EventKey><![CDATA[http://f.iseasoft.cn/app/index.php?i=12&c=entry&do=shop&m=sea]]></EventKey>
<MenuId>404416141</MenuId>
</xml>

2016-06-07 14:17:02 params :
------------
Array:
rule : -2 ;
module :  ;
message : Array ;

2016-06-07 14:17:02 response :
------------

2016-06-07 14:18:04 trace :
------------
String:
<xml><ToUserName><![CDATA[gh_994b4bf94dd3]]></ToUserName>
<FromUserName><![CDATA[o2LD4sss04w5D-dVciqogyw-g56I]]></FromUserName>
<CreateTime>1465280284</CreateTime>
<MsgType><![CDATA[event]]></MsgType>
<Event><![CDATA[VIEW]]></Event>
<EventKey><![CDATA[http://f.iseasoft.cn/app/index.php?i=12&c=entry&do=shop&m=sea]]></EventKey>
<MenuId>404416141</MenuId>
</xml>

2016-06-07 14:18:04 params :
------------
Array:
rule : -2 ;
module :  ;
message : Array ;

2016-06-07 14:18:04 response :
------------

2016-06-07 14:19:14 trace :
------------
String:
<xml><ToUserName><![CDATA[gh_994b4bf94dd3]]></ToUserName>
<FromUserName><![CDATA[o2LD4siaE-EDa1ESvgCDvYVIjtWg]]></FromUserName>
<CreateTime>1465280354</CreateTime>
<MsgType><![CDATA[event]]></MsgType>
<Event><![CDATA[VIEW]]></Event>
<EventKey><![CDATA[http://f.iseasoft.cn/app/index.php?i=12&c=entry&do=shop&m=sea]]></EventKey>
<MenuId>404416141</MenuId>
</xml>

2016-06-07 14:19:14 params :
------------
Array:
rule : -2 ;
module :  ;
message : Array ;

2016-06-07 14:19:14 response :
------------

2016-06-07 14:19:28 trace :
------------
String:
<xml><ToUserName><![CDATA[gh_994b4bf94dd3]]></ToUserName>
<FromUserName><![CDATA[o2LD4siaE-EDa1ESvgCDvYVIjtWg]]></FromUserName>
<CreateTime>1465280368</CreateTime>
<MsgType><![CDATA[event]]></MsgType>
<Event><![CDATA[VIEW]]></Event>
<EventKey><![CDATA[http://f.iseasoft.cn/app/index.php?i=12&c=entry&do=shop&m=sea]]></EventKey>
<MenuId>404416141</MenuId>
</xml>

2016-06-07 14:19:28 params :
------------
Array:
rule : -2 ;
module :  ;
message : Array ;

2016-06-07 14:19:28 response :
------------

2016-06-07 14:20:47 trace :
------------
String:
<xml><ToUserName><![CDATA[gh_994b4bf94dd3]]></ToUserName>
<FromUserName><![CDATA[o2LD4siaE-EDa1ESvgCDvYVIjtWg]]></FromUserName>
<CreateTime>1465280447</CreateTime>
<MsgType><![CDATA[event]]></MsgType>
<Event><![CDATA[VIEW]]></Event>
<EventKey><![CDATA[http://f.iseasoft.cn/app/index.php?i=12&c=entry&do=member&m=sea]]></EventKey>
<MenuId>404416141</MenuId>
</xml>

2016-06-07 14:20:47 params :
------------
Array:
rule : -2 ;
module :  ;
message : Array ;

2016-06-07 14:20:47 response :
------------

2016-06-07 14:40:40 trace :
------------
String:
<xml><ToUserName><![CDATA[gh_173b187cfb81]]></ToUserName>
<FromUserName><![CDATA[ocu1wwVR36UlfY6DOSql28Q5E5j0]]></FromUserName>
<CreateTime>1465281640</CreateTime>
<MsgType><![CDATA[event]]></MsgType>
<Event><![CDATA[subscribe]]></Event>
<EventKey><![CDATA[]]></EventKey>
</xml>

2016-06-07 14:40:40 params :
------------
Array:
message : Array ;
module : basic ;
rule : 90 ;
priority : 0 ;
keyword : Array ;

2016-06-07 14:40:40 response :
------------
Array:
FromUserName : gh_173b187cfb81 ;
ToUserName : ocu1wwVR36UlfY6DOSql28Q5E5j0 ;
MsgType : text ;
Content : 您好，欢迎来到玉田网上超市！ ;

2016-06-07 14:40:45 trace :
------------
String:
<xml><ToUserName><![CDATA[gh_173b187cfb81]]></ToUserName>
<FromUserName><![CDATA[ocu1wwVR36UlfY6DOSql28Q5E5j0]]></FromUserName>
<CreateTime>1465281645</CreateTime>
<MsgType><![CDATA[event]]></MsgType>
<Event><![CDATA[VIEW]]></Event>
<EventKey><![CDATA[http://f.iseasoft.cn/app/index.php?i=10&c=entry&eid=1226]]></EventKey>
<MenuId>428862708</MenuId>
</xml>

2016-06-07 14:40:45 params :
------------
Array:
message : Array ;
module : basic ;
rule : 90 ;
priority : 0 ;
keyword : Array ;

2016-06-07 14:40:45 response :
------------
Array:
FromUserName : gh_173b187cfb81 ;
ToUserName : ocu1wwVR36UlfY6DOSql28Q5E5j0 ;
MsgType : text ;
Content : 您好，欢迎来到玉田网上超市！ ;

2016-06-07 14:42:14 trace :
------------
String:
<xml><ToUserName><![CDATA[gh_173b187cfb81]]></ToUserName>
<FromUserName><![CDATA[ocu1wwVR36UlfY6DOSql28Q5E5j0]]></FromUserName>
<CreateTime>1465281734</CreateTime>
<MsgType><![CDATA[event]]></MsgType>
<Event><![CDATA[VIEW]]></Event>
<EventKey><![CDATA[http://f.iseasoft.cn/app/index.php?i=10&c=entry&eid=1226]]></EventKey>
<MenuId>428862708</MenuId>
</xml>

2016-06-07 14:42:14 params :
------------
Array:
message : Array ;
module : basic ;
rule : 90 ;
priority : 0 ;
keyword : Array ;

2016-06-07 14:42:14 response :
------------
Array:
FromUserName : gh_173b187cfb81 ;
ToUserName : ocu1wwVR36UlfY6DOSql28Q5E5j0 ;
MsgType : text ;
Content : 您好，欢迎来到玉田网上超市！ ;

2016-06-07 14:42:22 trace :
------------
String:
<xml><ToUserName><![CDATA[gh_173b187cfb81]]></ToUserName>
<FromUserName><![CDATA[ocu1wwVR36UlfY6DOSql28Q5E5j0]]></FromUserName>
<CreateTime>1465281742</CreateTime>
<MsgType><![CDATA[event]]></MsgType>
<Event><![CDATA[VIEW]]></Event>
<EventKey><![CDATA[http://f.iseasoft.cn/app/index.php?i=10&c=entry&eid=1226]]></EventKey>
<MenuId>428862708</MenuId>
</xml>

2016-06-07 14:42:22 params :
------------
Array:
message : Array ;
module : basic ;
rule : 90 ;
priority : 0 ;
keyword : Array ;

2016-06-07 14:42:22 response :
------------
Array:
FromUserName : gh_173b187cfb81 ;
ToUserName : ocu1wwVR36UlfY6DOSql28Q5E5j0 ;
MsgType : text ;
Content : 您好，欢迎来到玉田网上超市！ ;

2016-06-07 14:44:04 trace :
------------
String:
<xml><ToUserName><![CDATA[gh_9ef36f25dc50]]></ToUserName>
<FromUserName><![CDATA[oN38-wbDdVARzSenJw7AF0JeARuU]]></FromUserName>
<CreateTime>1465281844</CreateTime>
<MsgType><![CDATA[text]]></MsgType>
<Content><![CDATA[商城]]></Content>
<MsgId>6293337599811947494</MsgId>
</xml>

2016-06-07 14:44:04 params :
------------
Array:
message : Array ;
module : cover ;
rule : 65 ;
priority : 0 ;
keyword : Array ;

2016-06-07 14:44:04 response :
------------
Array:
FromUserName : gh_9ef36f25dc50 ;
ToUserName : oN38-wbDdVARzSenJw7AF0JeARuU ;
MsgType : news ;
ArticleCount : 1 ;
Articles : Array ;

2016-06-07 14:44:06 trace :
------------
String:
<xml><ToUserName><![CDATA[gh_9ef36f25dc50]]></ToUserName>
<FromUserName><![CDATA[oN38-wRom7jPU1YGG47RdbZpo2vc]]></FromUserName>
<CreateTime>1465281846</CreateTime>
<MsgType><![CDATA[event]]></MsgType>
<Event><![CDATA[VIEW]]></Event>
<EventKey><![CDATA[http://f.iseasoft.cn/app/index.php?i=5&c=entry&eid=1226]]></EventKey>
<MenuId>409281329</MenuId>
</xml>

2016-06-07 14:44:06 params :
------------
Array:
rule : -2 ;
module :  ;
message : Array ;

2016-06-07 14:44:06 response :
------------

2016-06-07 14:46:26 trace :
------------
String:
<xml><ToUserName><![CDATA[gh_9ef36f25dc50]]></ToUserName>
<FromUserName><![CDATA[oN38-wRom7jPU1YGG47RdbZpo2vc]]></FromUserName>
<CreateTime>1465281986</CreateTime>
<MsgType><![CDATA[event]]></MsgType>
<Event><![CDATA[VIEW]]></Event>
<EventKey><![CDATA[http://f.iseasoft.cn/app/index.php?i=5&c=entry&eid=1226]]></EventKey>
<MenuId>409281329</MenuId>
</xml>

2016-06-07 14:46:26 params :
------------
Array:
rule : -2 ;
module :  ;
message : Array ;

2016-06-07 14:46:26 response :
------------

2016-06-07 15:00:23 trace :
------------
String:
<xml><ToUserName><![CDATA[gh_9ef36f25dc50]]></ToUserName>
<FromUserName><![CDATA[oN38-wRom7jPU1YGG47RdbZpo2vc]]></FromUserName>
<CreateTime>1465282823</CreateTime>
<MsgType><![CDATA[text]]></MsgType>
<Content><![CDATA[商城]]></Content>
<MsgId>6293341804584930517</MsgId>
</xml>

2016-06-07 15:00:23 params :
------------
Array:
message : Array ;
module : cover ;
rule : 65 ;
priority : 0 ;
keyword : Array ;

2016-06-07 15:00:23 response :
------------
Array:
FromUserName : gh_9ef36f25dc50 ;
ToUserName : oN38-wRom7jPU1YGG47RdbZpo2vc ;
MsgType : news ;
ArticleCount : 1 ;
Articles : Array ;

2016-06-07 15:03:50 trace :
------------
String:
<xml><ToUserName><![CDATA[gh_994b4bf94dd3]]></ToUserName>
<FromUserName><![CDATA[o2LD4siaE-EDa1ESvgCDvYVIjtWg]]></FromUserName>
<CreateTime>1465283030</CreateTime>
<MsgType><![CDATA[event]]></MsgType>
<Event><![CDATA[VIEW]]></Event>
<EventKey><![CDATA[http://f.iseasoft.cn/app/index.php?i=12&c=entry&do=member&m=sea]]></EventKey>
<MenuId>404416141</MenuId>
</xml>

2016-06-07 15:03:50 params :
------------
Array:
rule : -2 ;
module :  ;
message : Array ;

2016-06-07 15:03:50 response :
------------

2016-06-07 15:04:57 trace :
------------
String:
<xml><ToUserName><![CDATA[gh_9ef36f25dc50]]></ToUserName>
<FromUserName><![CDATA[oN38-wRom7jPU1YGG47RdbZpo2vc]]></FromUserName>
<CreateTime>1465283097</CreateTime>
<MsgType><![CDATA[event]]></MsgType>
<Event><![CDATA[VIEW]]></Event>
<EventKey><![CDATA[http://f.iseasoft.cn/app/index.php?i=5&c=entry&eid=1226]]></EventKey>
<MenuId>409281329</MenuId>
</xml>

2016-06-07 15:04:57 params :
------------
Array:
rule : -2 ;
module :  ;
message : Array ;

2016-06-07 15:04:57 response :
------------

2016-06-07 15:20:59 trace :
------------
String:
<xml><ToUserName><![CDATA[gh_173b187cfb81]]></ToUserName>
<FromUserName><![CDATA[ocu1wwaoX1JVw5aNtatd-2DGX8ac]]></FromUserName>
<CreateTime>1465284059</CreateTime>
<MsgType><![CDATA[event]]></MsgType>
<Event><![CDATA[subscribe]]></Event>
<EventKey><![CDATA[]]></EventKey>
</xml>

2016-06-07 15:20:59 params :
------------
Array:
message : Array ;
module : basic ;
rule : 90 ;
priority : 0 ;
keyword : Array ;

2016-06-07 15:20:59 response :
------------
Array:
FromUserName : gh_173b187cfb81 ;
ToUserName : ocu1wwaoX1JVw5aNtatd-2DGX8ac ;
MsgType : text ;
Content : 您好，欢迎来到玉田网上超市！ ;

2016-06-07 15:21:26 trace :
------------
String:
<xml><ToUserName><![CDATA[gh_173b187cfb81]]></ToUserName>
<FromUserName><![CDATA[ocu1wwaoX1JVw5aNtatd-2DGX8ac]]></FromUserName>
<CreateTime>1465284085</CreateTime>
<MsgType><![CDATA[event]]></MsgType>
<Event><![CDATA[VIEW]]></Event>
<EventKey><![CDATA[http://f.iseasoft.cn/app/index.php?i=10&c=entry&eid=1226]]></EventKey>
<MenuId>428862708</MenuId>
</xml>

2016-06-07 15:21:26 params :
------------
Array:
message : Array ;
module : basic ;
rule : 90 ;
priority : 0 ;
keyword : Array ;

2016-06-07 15:21:26 response :
------------
Array:
FromUserName : gh_173b187cfb81 ;
ToUserName : ocu1wwaoX1JVw5aNtatd-2DGX8ac ;
MsgType : text ;
Content : 您好，欢迎来到玉田网上超市！ ;

2016-06-07 15:23:34 trace :
------------
String:
<xml><ToUserName><![CDATA[gh_173b187cfb81]]></ToUserName>
<FromUserName><![CDATA[ocu1wwc-RJ9obUesgOJZBBS1byoI]]></FromUserName>
<CreateTime>1465284214</CreateTime>
<MsgType><![CDATA[event]]></MsgType>
<Event><![CDATA[VIEW]]></Event>
<EventKey><![CDATA[http://f.iseasoft.cn/app/index.php?i=10&c=entry&eid=1226]]></EventKey>
<MenuId>428862708</MenuId>
</xml>

2016-06-07 15:23:34 params :
------------
Array:
message : Array ;
module : basic ;
rule : 90 ;
priority : 0 ;
keyword : Array ;

2016-06-07 15:23:34 response :
------------
Array:
FromUserName : gh_173b187cfb81 ;
ToUserName : ocu1wwc-RJ9obUesgOJZBBS1byoI ;
MsgType : text ;
Content : 您好，欢迎来到玉田网上超市！ ;

2016-06-07 15:33:27 trace :
------------
String:
<xml><ToUserName><![CDATA[gh_9ef36f25dc50]]></ToUserName>
<FromUserName><![CDATA[oN38-we3xHZTbMGyHb_fuTL5iyl0]]></FromUserName>
<CreateTime>1465284807</CreateTime>
<MsgType><![CDATA[event]]></MsgType>
<Event><![CDATA[VIEW]]></Event>
<EventKey><![CDATA[http://f.iseasoft.cn/app/index.php?i=5&c=entry&do=shop&m=sea]]></EventKey>
<MenuId>409281329</MenuId>
</xml>

2016-06-07 15:33:27 params :
------------
Array:
rule : -2 ;
module :  ;
message : Array ;

2016-06-07 15:33:27 response :
------------

2016-06-07 15:47:05 trace :
------------
String:
<xml><ToUserName><![CDATA[gh_9ef36f25dc50]]></ToUserName>
<FromUserName><![CDATA[oN38-wR9dZw3nU5qyt0mZS7xD1mI]]></FromUserName>
<CreateTime>1465285625</CreateTime>
<MsgType><![CDATA[event]]></MsgType>
<Event><![CDATA[VIEW]]></Event>
<EventKey><![CDATA[http://www.iseasoft.cn/wap/about/?34.html]]></EventKey>
<MenuId>409281329</MenuId>
</xml>

2016-06-07 15:47:05 params :
------------
Array:
rule : -2 ;
module :  ;
message : Array ;

2016-06-07 15:47:05 response :
------------

2016-06-07 15:47:13 trace :
------------
String:
<xml><ToUserName><![CDATA[gh_9ef36f25dc50]]></ToUserName>
<FromUserName><![CDATA[oN38-wR9dZw3nU5qyt0mZS7xD1mI]]></FromUserName>
<CreateTime>1465285633</CreateTime>
<MsgType><![CDATA[event]]></MsgType>
<Event><![CDATA[VIEW]]></Event>
<EventKey><![CDATA[http://www.iseasoft.cn/wap/about/?34.html]]></EventKey>
<MenuId>409281329</MenuId>
</xml>

2016-06-07 15:47:13 params :
------------
Array:
rule : -2 ;
module :  ;
message : Array ;

2016-06-07 15:47:13 response :
------------

2016-06-07 15:50:11 trace :
------------
String:
<xml><ToUserName><![CDATA[gh_9ef36f25dc50]]></ToUserName>
<FromUserName><![CDATA[oN38-wR9dZw3nU5qyt0mZS7xD1mI]]></FromUserName>
<CreateTime>1465285811</CreateTime>
<MsgType><![CDATA[text]]></MsgType>
<Content><![CDATA[商城]]></Content>
<MsgId>6293354637947212224</MsgId>
</xml>

2016-06-07 15:50:11 params :
------------
Array:
message : Array ;
module : cover ;
rule : 65 ;
priority : 0 ;
keyword : Array ;

2016-06-07 15:50:11 response :
------------
Array:
FromUserName : gh_9ef36f25dc50 ;
ToUserName : oN38-wR9dZw3nU5qyt0mZS7xD1mI ;
MsgType : news ;
ArticleCount : 1 ;
Articles : Array ;

2016-06-07 15:53:27 trace :
------------
String:
<xml><ToUserName><![CDATA[gh_994b4bf94dd3]]></ToUserName>
<FromUserName><![CDATA[o2LD4siaE-EDa1ESvgCDvYVIjtWg]]></FromUserName>
<CreateTime>1465286007</CreateTime>
<MsgType><![CDATA[event]]></MsgType>
<Event><![CDATA[VIEW]]></Event>
<EventKey><![CDATA[http://f.iseasoft.cn/app/index.php?i=12&c=entry&do=shop&m=sea]]></EventKey>
<MenuId>404416141</MenuId>
</xml>

2016-06-07 15:53:27 params :
------------
Array:
rule : -2 ;
module :  ;
message : Array ;

2016-06-07 15:53:27 response :
------------

2016-06-07 15:57:04 trace :
------------
String:
<xml><ToUserName><![CDATA[gh_994b4bf94dd3]]></ToUserName>
<FromUserName><![CDATA[o2LD4siaE-EDa1ESvgCDvYVIjtWg]]></FromUserName>
<CreateTime>1465286224</CreateTime>
<MsgType><![CDATA[event]]></MsgType>
<Event><![CDATA[VIEW]]></Event>
<EventKey><![CDATA[http://f.iseasoft.cn/app/index.php?i=12&c=entry&do=shop&m=sea]]></EventKey>
<MenuId>404416141</MenuId>
</xml>

2016-06-07 15:57:04 params :
------------
Array:
rule : -2 ;
module :  ;
message : Array ;

2016-06-07 15:57:04 response :
------------

2016-06-07 16:16:42 trace :
------------
String:
<xml><ToUserName><![CDATA[gh_9ef36f25dc50]]></ToUserName>
<FromUserName><![CDATA[oN38-wbBt3leEB5r_nVlrA4DF40c]]></FromUserName>
<CreateTime>1465287401</CreateTime>
<MsgType><![CDATA[event]]></MsgType>
<Event><![CDATA[VIEW]]></Event>
<EventKey><![CDATA[http://f.iseasoft.cn/app/index.php?i=5&c=entry&do=shop&m=sea]]></EventKey>
<MenuId>409281329</MenuId>
</xml>

2016-06-07 16:16:42 params :
------------
Array:
rule : -2 ;
module :  ;
message : Array ;

2016-06-07 16:16:42 response :
------------

2016-06-07 16:35:16 trace :
------------
String:
<xml><ToUserName><![CDATA[gh_173b187cfb81]]></ToUserName>
<FromUserName><![CDATA[ocu1wwaoX1JVw5aNtatd-2DGX8ac]]></FromUserName>
<CreateTime>1465288515</CreateTime>
<MsgType><![CDATA[event]]></MsgType>
<Event><![CDATA[VIEW]]></Event>
<EventKey><![CDATA[http://f.iseasoft.cn/app/index.php?i=10&c=entry&eid=1226]]></EventKey>
<MenuId>428862708</MenuId>
</xml>

2016-06-07 16:35:16 params :
------------
Array:
message : Array ;
module : basic ;
rule : 90 ;
priority : 0 ;
keyword : Array ;

2016-06-07 16:35:16 response :
------------
Array:
FromUserName : gh_173b187cfb81 ;
ToUserName : ocu1wwaoX1JVw5aNtatd-2DGX8ac ;
MsgType : text ;
Content : 您好，欢迎来到玉田网上超市！ ;

2016-06-07 16:47:10 trace :
------------
String:
<xml><ToUserName><![CDATA[gh_9ef36f25dc50]]></ToUserName>
<FromUserName><![CDATA[oN38-wVvy2uwuut8XMS7sr_3ARu4]]></FromUserName>
<CreateTime>1465289229</CreateTime>
<MsgType><![CDATA[text]]></MsgType>
<Content><![CDATA[商城]]></Content>
<MsgId>6293369318145432011</MsgId>
</xml>

2016-06-07 16:47:10 params :
------------
Array:
message : Array ;
module : cover ;
rule : 65 ;
priority : 0 ;
keyword : Array ;

2016-06-07 16:47:10 response :
------------
Array:
FromUserName : gh_9ef36f25dc50 ;
ToUserName : oN38-wVvy2uwuut8XMS7sr_3ARu4 ;
MsgType : news ;
ArticleCount : 1 ;
Articles : Array ;

2016-06-07 16:50:54 trace :
------------
String:
<xml><ToUserName><![CDATA[gh_994b4bf94dd3]]></ToUserName>
<FromUserName><![CDATA[o2LD4sss04w5D-dVciqogyw-g56I]]></FromUserName>
<CreateTime>1465289453</CreateTime>
<MsgType><![CDATA[event]]></MsgType>
<Event><![CDATA[VIEW]]></Event>
<EventKey><![CDATA[http://f.iseasoft.cn/app/index.php?i=12&c=entry&do=shop&m=sea]]></EventKey>
<MenuId>404416141</MenuId>
</xml>

2016-06-07 16:50:54 params :
------------
Array:
rule : -2 ;
module :  ;
message : Array ;

2016-06-07 16:50:54 response :
------------

2016-06-07 16:53:27 trace :
------------
String:
<xml><ToUserName><![CDATA[gh_994b4bf94dd3]]></ToUserName>
<FromUserName><![CDATA[o2LD4sl9ZhI3ASC0MX3Ddoss3mLI]]></FromUserName>
<CreateTime>1465289607</CreateTime>
<MsgType><![CDATA[event]]></MsgType>
<Event><![CDATA[VIEW]]></Event>
<EventKey><![CDATA[http://f.iseasoft.cn/app/index.php?i=12&c=entry&do=shop&m=sea]]></EventKey>
<MenuId>404416141</MenuId>
</xml>

2016-06-07 16:53:27 params :
------------
Array:
rule : -2 ;
module :  ;
message : Array ;

2016-06-07 16:53:27 response :
------------

2016-06-07 16:55:14 trace :
------------
String:
<xml><ToUserName><![CDATA[gh_9ef36f25dc50]]></ToUserName>
<FromUserName><![CDATA[oN38-we68BoGp1wevgKTEMnY69FY]]></FromUserName>
<CreateTime>1465289713</CreateTime>
<MsgType><![CDATA[event]]></MsgType>
<Event><![CDATA[VIEW]]></Event>
<EventKey><![CDATA[http://f.iseasoft.cn/app/index.php?i=5&c=entry&eid=1226]]></EventKey>
<MenuId>409281329</MenuId>
</xml>

2016-06-07 16:55:14 params :
------------
Array:
rule : -2 ;
module :  ;
message : Array ;

2016-06-07 16:55:14 response :
------------

2016-06-07 17:04:56 trace :
------------
String:
<xml><ToUserName><![CDATA[gh_9ef36f25dc50]]></ToUserName>
<FromUserName><![CDATA[oN38-we68BoGp1wevgKTEMnY69FY]]></FromUserName>
<CreateTime>1465290295</CreateTime>
<MsgType><![CDATA[event]]></MsgType>
<Event><![CDATA[VIEW]]></Event>
<EventKey><![CDATA[http://f.iseasoft.cn/app/index.php?i=5&c=entry&eid=1226]]></EventKey>
<MenuId>409281329</MenuId>
</xml>

2016-06-07 17:04:56 params :
------------
Array:
rule : -2 ;
module :  ;
message : Array ;

2016-06-07 17:04:56 response :
------------

2016-06-07 17:05:37 trace :
------------
String:
<xml><ToUserName><![CDATA[gh_9ef36f25dc50]]></ToUserName>
<FromUserName><![CDATA[oN38-wYJSefmbi9nhkBV5EmpLTG8]]></FromUserName>
<CreateTime>1465290337</CreateTime>
<MsgType><![CDATA[event]]></MsgType>
<Event><![CDATA[VIEW]]></Event>
<EventKey><![CDATA[http://f.iseasoft.cn/app/index.php?i=5&c=entry&eid=1226]]></EventKey>
<MenuId>409281329</MenuId>
</xml>

2016-06-07 17:05:37 params :
------------
Array:
rule : -2 ;
module :  ;
message : Array ;

2016-06-07 17:05:37 response :
------------

2016-06-07 17:08:26 trace :
------------
String:
<xml><ToUserName><![CDATA[gh_9ef36f25dc50]]></ToUserName>
<FromUserName><![CDATA[oN38-we68BoGp1wevgKTEMnY69FY]]></FromUserName>
<CreateTime>1465290506</CreateTime>
<MsgType><![CDATA[event]]></MsgType>
<Event><![CDATA[VIEW]]></Event>
<EventKey><![CDATA[http://f.iseasoft.cn/app/index.php?i=5&c=entry&eid=1226]]></EventKey>
<MenuId>409281329</MenuId>
</xml>

2016-06-07 17:08:26 params :
------------
Array:
rule : -2 ;
module :  ;
message : Array ;

2016-06-07 17:08:26 response :
------------

2016-06-07 17:08:26 trace :
------------
String:
<xml><ToUserName><![CDATA[gh_9ef36f25dc50]]></ToUserName>
<FromUserName><![CDATA[oN38-wdpwt5e-ONxNo6Xg09QOFgY]]></FromUserName>
<CreateTime>1465290506</CreateTime>
<MsgType><![CDATA[text]]></MsgType>
<Content><![CDATA[商城]]></Content>
<MsgId>6293374802818670664</MsgId>
</xml>

2016-06-07 17:08:26 params :
------------
Array:
message : Array ;
module : cover ;
rule : 65 ;
priority : 0 ;
keyword : Array ;

2016-06-07 17:08:26 response :
------------
Array:
FromUserName : gh_9ef36f25dc50 ;
ToUserName : oN38-wdpwt5e-ONxNo6Xg09QOFgY ;
MsgType : news ;
ArticleCount : 1 ;
Articles : Array ;

2016-06-07 17:08:31 trace :
------------
String:
<xml><ToUserName><![CDATA[gh_9ef36f25dc50]]></ToUserName>
<FromUserName><![CDATA[oN38-we68BoGp1wevgKTEMnY69FY]]></FromUserName>
<CreateTime>1465290511</CreateTime>
<MsgType><![CDATA[event]]></MsgType>
<Event><![CDATA[VIEW]]></Event>
<EventKey><![CDATA[http://f.iseasoft.cn/app/index.php?i=5&c=entry&eid=1226]]></EventKey>
<MenuId>409281329</MenuId>
</xml>

2016-06-07 17:08:31 params :
------------
Array:
rule : -2 ;
module :  ;
message : Array ;

2016-06-07 17:08:31 response :
------------

2016-06-07 17:18:49 trace :
------------
String:
<xml><ToUserName><![CDATA[gh_9ef36f25dc50]]></ToUserName>
<FromUserName><![CDATA[oN38-we68BoGp1wevgKTEMnY69FY]]></FromUserName>
<CreateTime>1465291129</CreateTime>
<MsgType><![CDATA[event]]></MsgType>
<Event><![CDATA[VIEW]]></Event>
<EventKey><![CDATA[http://f.iseasoft.cn/app/index.php?i=5&c=entry&eid=1226]]></EventKey>
<MenuId>409281329</MenuId>
</xml>

2016-06-07 17:18:49 params :
------------
Array:
rule : -2 ;
module :  ;
message : Array ;

2016-06-07 17:18:49 response :
------------

2016-06-07 17:34:08 trace :
------------
String:
<xml><ToUserName><![CDATA[gh_994b4bf94dd3]]></ToUserName>
<FromUserName><![CDATA[o2LD4sss04w5D-dVciqogyw-g56I]]></FromUserName>
<CreateTime>1465292048</CreateTime>
<MsgType><![CDATA[event]]></MsgType>
<Event><![CDATA[VIEW]]></Event>
<EventKey><![CDATA[http://f.iseasoft.cn/app/index.php?i=12&c=entry&do=shop&m=sea]]></EventKey>
<MenuId>404416141</MenuId>
</xml>

2016-06-07 17:34:08 params :
------------
Array:
rule : -2 ;
module :  ;
message : Array ;

2016-06-07 17:34:08 response :
------------

2016-06-07 17:34:54 trace :
------------
String:
<xml><ToUserName><![CDATA[gh_994b4bf94dd3]]></ToUserName>
<FromUserName><![CDATA[o2LD4srQ5EDPC7lcRLrCj1I9r6f8]]></FromUserName>
<CreateTime>1465292093</CreateTime>
<MsgType><![CDATA[event]]></MsgType>
<Event><![CDATA[VIEW]]></Event>
<EventKey><![CDATA[http://f.iseasoft.cn/app/index.php?i=12&c=entry&do=shop&m=sea]]></EventKey>
<MenuId>404416141</MenuId>
</xml>

2016-06-07 17:34:54 params :
------------
Array:
rule : -2 ;
module :  ;
message : Array ;

2016-06-07 17:34:54 response :
------------

2016-06-07 17:37:40 trace :
------------
String:
<xml><ToUserName><![CDATA[gh_9ef36f25dc50]]></ToUserName>
<FromUserName><![CDATA[oN38-we68BoGp1wevgKTEMnY69FY]]></FromUserName>
<CreateTime>1465292259</CreateTime>
<MsgType><![CDATA[event]]></MsgType>
<Event><![CDATA[VIEW]]></Event>
<EventKey><![CDATA[http://f.iseasoft.cn/app/index.php?i=5&c=entry&eid=1226]]></EventKey>
<MenuId>409281329</MenuId>
</xml>

2016-06-07 17:37:40 params :
------------
Array:
rule : -2 ;
module :  ;
message : Array ;

2016-06-07 17:37:40 response :
------------

2016-06-07 17:40:05 trace :
------------
String:
<xml><ToUserName><![CDATA[gh_994b4bf94dd3]]></ToUserName>
<FromUserName><![CDATA[o2LD4sss04w5D-dVciqogyw-g56I]]></FromUserName>
<CreateTime>1465292405</CreateTime>
<MsgType><![CDATA[event]]></MsgType>
<Event><![CDATA[VIEW]]></Event>
<EventKey><![CDATA[http://f.iseasoft.cn/app/index.php?i=12&c=entry&p=commission&m=sea&do=plugin]]></EventKey>
<MenuId>404416141</MenuId>
</xml>

2016-06-07 17:40:05 params :
------------
Array:
rule : -2 ;
module :  ;
message : Array ;

2016-06-07 17:40:05 response :
------------

2016-06-07 17:40:18 trace :
------------
String:
<xml><ToUserName><![CDATA[gh_994b4bf94dd3]]></ToUserName>
<FromUserName><![CDATA[o2LD4siaE-EDa1ESvgCDvYVIjtWg]]></FromUserName>
<CreateTime>1465292418</CreateTime>
<MsgType><![CDATA[event]]></MsgType>
<Event><![CDATA[VIEW]]></Event>
<EventKey><![CDATA[http://f.iseasoft.cn/app/index.php?i=12&c=entry&do=member&m=sea]]></EventKey>
<MenuId>404416141</MenuId>
</xml>

2016-06-07 17:40:18 params :
------------
Array:
rule : -2 ;
module :  ;
message : Array ;

2016-06-07 17:40:18 response :
------------

2016-06-07 17:57:30 trace :
------------
String:
<xml><ToUserName><![CDATA[gh_173b187cfb81]]></ToUserName>
<FromUserName><![CDATA[ocu1wwW2rxaSKJ0Xe2eL3wDBBEHs]]></FromUserName>
<CreateTime>1465293450</CreateTime>
<MsgType><![CDATA[event]]></MsgType>
<Event><![CDATA[subscribe]]></Event>
<EventKey><![CDATA[]]></EventKey>
</xml>

2016-06-07 17:57:30 params :
------------
Array:
message : Array ;
module : basic ;
rule : 90 ;
priority : 0 ;
keyword : Array ;

2016-06-07 17:57:30 response :
------------
Array:
FromUserName : gh_173b187cfb81 ;
ToUserName : ocu1wwW2rxaSKJ0Xe2eL3wDBBEHs ;
MsgType : text ;
Content : 您好，欢迎来到玉田网上超市！ ;

2016-06-07 17:57:35 trace :
------------
String:
<xml><ToUserName><![CDATA[gh_173b187cfb81]]></ToUserName>
<FromUserName><![CDATA[ocu1wwW2rxaSKJ0Xe2eL3wDBBEHs]]></FromUserName>
<CreateTime>1465293454</CreateTime>
<MsgType><![CDATA[event]]></MsgType>
<Event><![CDATA[VIEW]]></Event>
<EventKey><![CDATA[http://f.iseasoft.cn/app/index.php?i=10&c=entry&eid=1226]]></EventKey>
<MenuId>428862708</MenuId>
</xml>

2016-06-07 17:57:35 params :
------------
Array:
message : Array ;
module : basic ;
rule : 90 ;
priority : 0 ;
keyword : Array ;

2016-06-07 17:57:35 response :
------------
Array:
FromUserName : gh_173b187cfb81 ;
ToUserName : ocu1wwW2rxaSKJ0Xe2eL3wDBBEHs ;
MsgType : text ;
Content : 您好，欢迎来到玉田网上超市！ ;

2016-06-07 18:04:08 trace :
------------
String:
<xml><ToUserName><![CDATA[gh_173b187cfb81]]></ToUserName>
<FromUserName><![CDATA[ocu1wwW2rxaSKJ0Xe2eL3wDBBEHs]]></FromUserName>
<CreateTime>1465293848</CreateTime>
<MsgType><![CDATA[event]]></MsgType>
<Event><![CDATA[VIEW]]></Event>
<EventKey><![CDATA[http://mp.weixin.qq.com/s?__biz=MzI0NTQwMzUwNg==&mid=100000001&idx=1&sn=c1f5d4cb7038fbcea35a9c3891e50569&scene=18#rd]]></EventKey>
<MenuId>428862708</MenuId>
</xml>

2016-06-07 18:04:08 params :
------------
Array:
message : Array ;
module : basic ;
rule : 90 ;
priority : 0 ;
keyword : Array ;

2016-06-07 18:04:08 response :
------------
Array:
FromUserName : gh_173b187cfb81 ;
ToUserName : ocu1wwW2rxaSKJ0Xe2eL3wDBBEHs ;
MsgType : text ;
Content : 您好，欢迎来到玉田网上超市！ ;

2016-06-07 18:04:12 trace :
------------
String:
<xml><ToUserName><![CDATA[gh_173b187cfb81]]></ToUserName>
<FromUserName><![CDATA[ocu1wwW2rxaSKJ0Xe2eL3wDBBEHs]]></FromUserName>
<CreateTime>1465293852</CreateTime>
<MsgType><![CDATA[event]]></MsgType>
<Event><![CDATA[VIEW]]></Event>
<EventKey><![CDATA[http://mp.weixin.qq.com/s?__biz=MzI0NTQwMzUwNg==&mid=100000001&idx=1&sn=c1f5d4cb7038fbcea35a9c3891e50569&scene=18#rd]]></EventKey>
<MenuId>428862708</MenuId>
</xml>

2016-06-07 18:04:12 params :
------------
Array:
message : Array ;
module : basic ;
rule : 90 ;
priority : 0 ;
keyword : Array ;

2016-06-07 18:04:12 response :
------------
Array:
FromUserName : gh_173b187cfb81 ;
ToUserName : ocu1wwW2rxaSKJ0Xe2eL3wDBBEHs ;
MsgType : text ;
Content : 您好，欢迎来到玉田网上超市！ ;

2016-06-07 18:04:26 trace :
------------
String:
<xml><ToUserName><![CDATA[gh_173b187cfb81]]></ToUserName>
<FromUserName><![CDATA[ocu1wwW2rxaSKJ0Xe2eL3wDBBEHs]]></FromUserName>
<CreateTime>1465293866</CreateTime>
<MsgType><![CDATA[event]]></MsgType>
<Event><![CDATA[VIEW]]></Event>
<EventKey><![CDATA[http://f.iseasoft.cn/app/index.php?i=10&c=entry&eid=1230]]></EventKey>
<MenuId>428862708</MenuId>
</xml>

2016-06-07 18:04:26 params :
------------
Array:
message : Array ;
module : basic ;
rule : 90 ;
priority : 0 ;
keyword : Array ;

2016-06-07 18:04:26 response :
------------
Array:
FromUserName : gh_173b187cfb81 ;
ToUserName : ocu1wwW2rxaSKJ0Xe2eL3wDBBEHs ;
MsgType : text ;
Content : 您好，欢迎来到玉田网上超市！ ;

2016-06-07 18:10:34 trace :
------------
String:
<xml><ToUserName><![CDATA[gh_173b187cfb81]]></ToUserName>
<FromUserName><![CDATA[ocu1wwaoX1JVw5aNtatd-2DGX8ac]]></FromUserName>
<CreateTime>1465294234</CreateTime>
<MsgType><![CDATA[event]]></MsgType>
<Event><![CDATA[SCAN]]></Event>
<EventKey><![CDATA[100001]]></EventKey>
<Ticket><![CDATA[gQH_7zoAAAAAAAAAASxodHRwOi8vd2VpeGluLnFxLmNvbS9xLzFUclJxUXpsT2ZkQWhfSXlGeFMyAAIEep1WVwMEAI0nAA==]]></Ticket>
</xml>

2016-06-07 18:10:34 params :
------------
Array:
message : Array ;
module : basic ;
rule : 90 ;
priority : 0 ;
keyword : Array ;

2016-06-07 18:10:34 response :
------------
Array:
FromUserName : gh_173b187cfb81 ;
ToUserName : ocu1wwaoX1JVw5aNtatd-2DGX8ac ;
MsgType : text ;
Content : 您好，欢迎来到玉田网上超市！ ;

2016-06-07 18:10:40 trace :
------------
String:
<xml><ToUserName><![CDATA[gh_173b187cfb81]]></ToUserName>
<FromUserName><![CDATA[ocu1wwaoX1JVw5aNtatd-2DGX8ac]]></FromUserName>
<CreateTime>1465294240</CreateTime>
<MsgType><![CDATA[event]]></MsgType>
<Event><![CDATA[VIEW]]></Event>
<EventKey><![CDATA[http://f.iseasoft.cn/app/index.php?i=10&c=entry&eid=1226]]></EventKey>
<MenuId>428862708</MenuId>
</xml>

2016-06-07 18:10:40 params :
------------
Array:
message : Array ;
module : basic ;
rule : 90 ;
priority : 0 ;
keyword : Array ;

2016-06-07 18:10:40 response :
------------
Array:
FromUserName : gh_173b187cfb81 ;
ToUserName : ocu1wwaoX1JVw5aNtatd-2DGX8ac ;
MsgType : text ;
Content : 您好，欢迎来到玉田网上超市！ ;

2016-06-07 18:19:48 trace :
------------
String:
<xml><ToUserName><![CDATA[gh_173b187cfb81]]></ToUserName>
<FromUserName><![CDATA[ocu1wwW2rxaSKJ0Xe2eL3wDBBEHs]]></FromUserName>
<CreateTime>1465294788</CreateTime>
<MsgType><![CDATA[event]]></MsgType>
<Event><![CDATA[VIEW]]></Event>
<EventKey><![CDATA[http://f.iseasoft.cn/app/index.php?i=10&c=entry&eid=1226]]></EventKey>
<MenuId>428862708</MenuId>
</xml>

2016-06-07 18:19:48 params :
------------
Array:
message : Array ;
module : basic ;
rule : 90 ;
priority : 0 ;
keyword : Array ;

2016-06-07 18:19:48 response :
------------
Array:
FromUserName : gh_173b187cfb81 ;
ToUserName : ocu1wwW2rxaSKJ0Xe2eL3wDBBEHs ;
MsgType : text ;
Content : 您好，欢迎来到玉田网上超市！ ;

2016-06-07 18:49:03 trace :
------------
String:
<xml><ToUserName><![CDATA[gh_173b187cfb81]]></ToUserName>
<FromUserName><![CDATA[ocu1wwVpIWGq1m6FUWOh5W8mSDDk]]></FromUserName>
<CreateTime>1465296543</CreateTime>
<MsgType><![CDATA[event]]></MsgType>
<Event><![CDATA[subscribe]]></Event>
<EventKey><![CDATA[qrscene_100001]]></EventKey>
<Ticket><![CDATA[gQH_7zoAAAAAAAAAASxodHRwOi8vd2VpeGluLnFxLmNvbS9xLzFUclJxUXpsT2ZkQWhfSXlGeFMyAAIEep1WVwMEAI0nAA==]]></Ticket>
</xml>

2016-06-07 18:49:03 params :
------------
Array:
message : Array ;
module : basic ;
rule : 90 ;
priority : 0 ;
keyword : Array ;

2016-06-07 18:49:03 response :
------------
Array:
FromUserName : gh_173b187cfb81 ;
ToUserName : ocu1wwVpIWGq1m6FUWOh5W8mSDDk ;
MsgType : text ;
Content : 您好，欢迎来到玉田网上超市！ ;

2016-06-07 18:50:40 trace :
------------
String:
<xml><ToUserName><![CDATA[gh_173b187cfb81]]></ToUserName>
<FromUserName><![CDATA[ocu1wwZRBi7SteASRR5qfd-7v2Ks]]></FromUserName>
<CreateTime>1465296639</CreateTime>
<MsgType><![CDATA[event]]></MsgType>
<Event><![CDATA[subscribe]]></Event>
<EventKey><![CDATA[]]></EventKey>
</xml>

2016-06-07 18:50:40 params :
------------
Array:
message : Array ;
module : basic ;
rule : 90 ;
priority : 0 ;
keyword : Array ;

2016-06-07 18:50:40 response :
------------
Array:
FromUserName : gh_173b187cfb81 ;
ToUserName : ocu1wwZRBi7SteASRR5qfd-7v2Ks ;
MsgType : text ;
Content : 您好，欢迎来到玉田网上超市！ ;

2016-06-07 18:52:35 trace :
------------
String:
<xml><ToUserName><![CDATA[gh_173b187cfb81]]></ToUserName>
<FromUserName><![CDATA[ocu1wwZRBi7SteASRR5qfd-7v2Ks]]></FromUserName>
<CreateTime>1465296755</CreateTime>
<MsgType><![CDATA[event]]></MsgType>
<Event><![CDATA[VIEW]]></Event>
<EventKey><![CDATA[http://f.iseasoft.cn/app/index.php?i=10&c=entry&eid=1228]]></EventKey>
<MenuId>428862708</MenuId>
</xml>

2016-06-07 18:52:35 params :
------------
Array:
message : Array ;
module : basic ;
rule : 90 ;
priority : 0 ;
keyword : Array ;

2016-06-07 18:52:35 response :
------------
Array:
FromUserName : gh_173b187cfb81 ;
ToUserName : ocu1wwZRBi7SteASRR5qfd-7v2Ks ;
MsgType : text ;
Content : 您好，欢迎来到玉田网上超市！ ;

2016-06-07 18:57:57 trace :
------------
String:
<xml><ToUserName><![CDATA[gh_173b187cfb81]]></ToUserName>
<FromUserName><![CDATA[ocu1wwVpIWGq1m6FUWOh5W8mSDDk]]></FromUserName>
<CreateTime>1465297077</CreateTime>
<MsgType><![CDATA[event]]></MsgType>
<Event><![CDATA[VIEW]]></Event>
<EventKey><![CDATA[http://f.iseasoft.cn/app/index.php?i=10&c=entry&eid=1226]]></EventKey>
<MenuId>428862708</MenuId>
</xml>

2016-06-07 18:57:57 params :
------------
Array:
message : Array ;
module : basic ;
rule : 90 ;
priority : 0 ;
keyword : Array ;

2016-06-07 18:57:57 response :
------------
Array:
FromUserName : gh_173b187cfb81 ;
ToUserName : ocu1wwVpIWGq1m6FUWOh5W8mSDDk ;
MsgType : text ;
Content : 您好，欢迎来到玉田网上超市！ ;

2016-06-07 18:57:59 trace :
------------
String:
<xml><ToUserName><![CDATA[gh_173b187cfb81]]></ToUserName>
<FromUserName><![CDATA[ocu1wwW2rxaSKJ0Xe2eL3wDBBEHs]]></FromUserName>
<CreateTime>1465297079</CreateTime>
<MsgType><![CDATA[event]]></MsgType>
<Event><![CDATA[VIEW]]></Event>
<EventKey><![CDATA[http://f.iseasoft.cn/app/index.php?i=10&c=entry&eid=1226]]></EventKey>
<MenuId>428862708</MenuId>
</xml>

2016-06-07 18:57:59 params :
------------
Array:
message : Array ;
module : basic ;
rule : 90 ;
priority : 0 ;
keyword : Array ;

2016-06-07 18:57:59 response :
------------
Array:
FromUserName : gh_173b187cfb81 ;
ToUserName : ocu1wwW2rxaSKJ0Xe2eL3wDBBEHs ;
MsgType : text ;
Content : 您好，欢迎来到玉田网上超市！ ;

2016-06-07 19:02:29 trace :
------------
String:
<xml><ToUserName><![CDATA[gh_173b187cfb81]]></ToUserName>
<FromUserName><![CDATA[ocu1wwVpIWGq1m6FUWOh5W8mSDDk]]></FromUserName>
<CreateTime>1465297349</CreateTime>
<MsgType><![CDATA[event]]></MsgType>
<Event><![CDATA[VIEW]]></Event>
<EventKey><![CDATA[http://f.iseasoft.cn/app/index.php?i=10&c=entry&eid=1226]]></EventKey>
<MenuId>428862708</MenuId>
</xml>

2016-06-07 19:02:29 params :
------------
Array:
message : Array ;
module : basic ;
rule : 90 ;
priority : 0 ;
keyword : Array ;

2016-06-07 19:02:29 response :
------------
Array:
FromUserName : gh_173b187cfb81 ;
ToUserName : ocu1wwVpIWGq1m6FUWOh5W8mSDDk ;
MsgType : text ;
Content : 您好，欢迎来到玉田网上超市！ ;

2016-06-07 19:24:55 trace :
------------
String:
<xml><ToUserName><![CDATA[gh_994b4bf94dd3]]></ToUserName>
<FromUserName><![CDATA[o2LD4sqVnyoWyeicAmF30mWhhu7w]]></FromUserName>
<CreateTime>1465298695</CreateTime>
<MsgType><![CDATA[event]]></MsgType>
<Event><![CDATA[subscribe]]></Event>
<EventKey><![CDATA[]]></EventKey>
</xml>

2016-06-07 19:24:55 params :
------------
Array:
rule : -2 ;
module :  ;
message : Array ;

2016-06-07 19:24:55 response :
------------

2016-06-07 19:25:09 trace :
------------
String:
<xml><ToUserName><![CDATA[gh_994b4bf94dd3]]></ToUserName>
<FromUserName><![CDATA[o2LD4sqVnyoWyeicAmF30mWhhu7w]]></FromUserName>
<CreateTime>1465298709</CreateTime>
<MsgType><![CDATA[event]]></MsgType>
<Event><![CDATA[VIEW]]></Event>
<EventKey><![CDATA[http://f.iseasoft.cn/app/index.php?i=12&c=entry&do=member&m=sea]]></EventKey>
<MenuId>404416141</MenuId>
</xml>

2016-06-07 19:25:09 params :
------------
Array:
rule : -2 ;
module :  ;
message : Array ;

2016-06-07 19:25:09 response :
------------

2016-06-07 19:25:43 trace :
------------
String:
<xml><ToUserName><![CDATA[gh_994b4bf94dd3]]></ToUserName>
<FromUserName><![CDATA[o2LD4sqVnyoWyeicAmF30mWhhu7w]]></FromUserName>
<CreateTime>1465298743</CreateTime>
<MsgType><![CDATA[event]]></MsgType>
<Event><![CDATA[VIEW]]></Event>
<EventKey><![CDATA[http://f.iseasoft.cn/app/index.php?i=12&c=entry&do=member&m=sea]]></EventKey>
<MenuId>404416141</MenuId>
</xml>

2016-06-07 19:25:43 params :
------------
Array:
rule : -2 ;
module :  ;
message : Array ;

2016-06-07 19:25:43 response :
------------

2016-06-07 19:35:37 trace :
------------
String:
<xml><ToUserName><![CDATA[gh_994b4bf94dd3]]></ToUserName>
<FromUserName><![CDATA[o2LD4snAnEv6QmXU1D7PBS_a1g4o]]></FromUserName>
<CreateTime>1465299337</CreateTime>
<MsgType><![CDATA[event]]></MsgType>
<Event><![CDATA[subscribe]]></Event>
<EventKey><![CDATA[]]></EventKey>
</xml>

2016-06-07 19:35:37 params :
------------
Array:
rule : -2 ;
module :  ;
message : Array ;

2016-06-07 19:35:37 response :
------------

2016-06-07 19:35:43 trace :
------------
String:
<xml><ToUserName><![CDATA[gh_994b4bf94dd3]]></ToUserName>
<FromUserName><![CDATA[o2LD4snAnEv6QmXU1D7PBS_a1g4o]]></FromUserName>
<CreateTime>1465299343</CreateTime>
<MsgType><![CDATA[event]]></MsgType>
<Event><![CDATA[VIEW]]></Event>
<EventKey><![CDATA[http://f.iseasoft.cn/app/index.php?i=12&c=entry&do=member&m=sea]]></EventKey>
<MenuId>404416141</MenuId>
</xml>

2016-06-07 19:35:43 params :
------------
Array:
rule : -2 ;
module :  ;
message : Array ;

2016-06-07 19:35:43 response :
------------

2016-06-07 19:36:11 trace :
------------
String:
<xml><ToUserName><![CDATA[gh_994b4bf94dd3]]></ToUserName>
<FromUserName><![CDATA[o2LD4snAnEv6QmXU1D7PBS_a1g4o]]></FromUserName>
<CreateTime>1465299371</CreateTime>
<MsgType><![CDATA[event]]></MsgType>
<Event><![CDATA[VIEW]]></Event>
<EventKey><![CDATA[http://f.iseasoft.cn/app/index.php?i=12&c=entry&do=shop&m=sea]]></EventKey>
<MenuId>404416141</MenuId>
</xml>

2016-06-07 19:36:11 params :
------------
Array:
rule : -2 ;
module :  ;
message : Array ;

2016-06-07 19:36:11 response :
------------

2016-06-07 19:39:04 trace :
------------
String:
<xml><ToUserName><![CDATA[gh_994b4bf94dd3]]></ToUserName>
<FromUserName><![CDATA[o2LD4snAnEv6QmXU1D7PBS_a1g4o]]></FromUserName>
<CreateTime>1465299543</CreateTime>
<MsgType><![CDATA[event]]></MsgType>
<Event><![CDATA[unsubscribe]]></Event>
<EventKey><![CDATA[]]></EventKey>
</xml>

2016-06-07 19:50:20 trace :
------------
String:
<xml><ToUserName><![CDATA[gh_994b4bf94dd3]]></ToUserName>
<FromUserName><![CDATA[o2LD4shpW26avQQvX6aIS2n4DVRA]]></FromUserName>
<CreateTime>1465300220</CreateTime>
<MsgType><![CDATA[event]]></MsgType>
<Event><![CDATA[LOCATION]]></Event>
<Latitude>31.896515</Latitude>
<Longitude>117.304993</Longitude>
<Precision>30.000000</Precision>
</xml>

2016-06-07 19:50:20 params :
------------
Array:
message : Array ;
module : default ;
rule : -1 ;

2016-06-07 19:50:20 response :
------------
Array:
errno : -1 ;
message : Invaild value ;

2016-06-07 19:50:22 trace :
------------
String:
<xml><ToUserName><![CDATA[gh_994b4bf94dd3]]></ToUserName>
<FromUserName><![CDATA[o2LD4shpW26avQQvX6aIS2n4DVRA]]></FromUserName>
<CreateTime>1465300222</CreateTime>
<MsgType><![CDATA[event]]></MsgType>
<Event><![CDATA[VIEW]]></Event>
<EventKey><![CDATA[http://f.iseasoft.cn/app/index.php?i=12&c=entry&do=shop&m=sea]]></EventKey>
<MenuId>404416141</MenuId>
</xml>

2016-06-07 19:50:22 params :
------------
Array:
rule : -2 ;
module :  ;
message : Array ;

2016-06-07 19:50:22 response :
------------

2016-06-07 19:50:34 trace :
------------
String:
<xml><ToUserName><![CDATA[gh_994b4bf94dd3]]></ToUserName>
<FromUserName><![CDATA[o2LD4shpW26avQQvX6aIS2n4DVRA]]></FromUserName>
<CreateTime>1465300233</CreateTime>
<MsgType><![CDATA[event]]></MsgType>
<Event><![CDATA[LOCATION]]></Event>
<Latitude>31.897488</Latitude>
<Longitude>117.305367</Longitude>
<Precision>30.000000</Precision>
</xml>

2016-06-07 19:50:34 params :
------------
Array:
message : Array ;
module : default ;
rule : -1 ;

2016-06-07 19:50:34 response :
------------
Array:
errno : -1 ;
message : Invaild value ;

2016-06-07 19:50:34 trace :
------------
String:
<xml><ToUserName><![CDATA[gh_994b4bf94dd3]]></ToUserName>
<FromUserName><![CDATA[o2LD4shpW26avQQvX6aIS2n4DVRA]]></FromUserName>
<CreateTime>1465300234</CreateTime>
<MsgType><![CDATA[event]]></MsgType>
<Event><![CDATA[VIEW]]></Event>
<EventKey><![CDATA[http://f.iseasoft.cn/app/index.php?i=12&c=entry&do=shop&m=sea]]></EventKey>
<MenuId>404416141</MenuId>
</xml>

2016-06-07 19:50:34 params :
------------
Array:
rule : -2 ;
module :  ;
message : Array ;

2016-06-07 19:50:34 response :
------------

2016-06-07 19:51:42 trace :
------------
String:
<xml><ToUserName><![CDATA[gh_994b4bf94dd3]]></ToUserName>
<FromUserName><![CDATA[o2LD4shpW26avQQvX6aIS2n4DVRA]]></FromUserName>
<CreateTime>1465300301</CreateTime>
<MsgType><![CDATA[event]]></MsgType>
<Event><![CDATA[LOCATION]]></Event>
<Latitude>31.897011</Latitude>
<Longitude>117.309265</Longitude>
<Precision>30.000000</Precision>
</xml>

2016-06-07 19:51:42 params :
------------
Array:
message : Array ;
module : default ;
rule : -1 ;

2016-06-07 19:51:42 response :
------------
Array:
errno : -1 ;
message : Invaild value ;

2016-06-07 20:47:07 trace :
------------
String:
<xml><ToUserName><![CDATA[gh_173b187cfb81]]></ToUserName>
<FromUserName><![CDATA[ocu1wwVpIWGq1m6FUWOh5W8mSDDk]]></FromUserName>
<CreateTime>1465303627</CreateTime>
<MsgType><![CDATA[event]]></MsgType>
<Event><![CDATA[VIEW]]></Event>
<EventKey><![CDATA[http://f.iseasoft.cn/app/index.php?i=10&c=entry&eid=1226]]></EventKey>
<MenuId>428862708</MenuId>
</xml>

2016-06-07 20:47:07 params :
------------
Array:
message : Array ;
module : basic ;
rule : 90 ;
priority : 0 ;
keyword : Array ;

2016-06-07 20:47:07 response :
------------
Array:
FromUserName : gh_173b187cfb81 ;
ToUserName : ocu1wwVpIWGq1m6FUWOh5W8mSDDk ;
MsgType : text ;
Content : 您好，欢迎来到玉田网上超市！ ;

2016-06-07 20:47:26 trace :
------------
String:
<xml><ToUserName><![CDATA[gh_173b187cfb81]]></ToUserName>
<FromUserName><![CDATA[ocu1wwVpIWGq1m6FUWOh5W8mSDDk]]></FromUserName>
<CreateTime>1465303646</CreateTime>
<MsgType><![CDATA[event]]></MsgType>
<Event><![CDATA[VIEW]]></Event>
<EventKey><![CDATA[http://f.iseasoft.cn/app/index.php?i=10&c=entry&eid=1226]]></EventKey>
<MenuId>428862708</MenuId>
</xml>

2016-06-07 20:47:26 params :
------------
Array:
message : Array ;
module : basic ;
rule : 90 ;
priority : 0 ;
keyword : Array ;

2016-06-07 20:47:26 response :
------------
Array:
FromUserName : gh_173b187cfb81 ;
ToUserName : ocu1wwVpIWGq1m6FUWOh5W8mSDDk ;
MsgType : text ;
Content : 您好，欢迎来到玉田网上超市！ ;

2016-06-07 22:18:09 trace :
------------
String:
<xml><ToUserName><![CDATA[gh_9ef36f25dc50]]></ToUserName>
<FromUserName><![CDATA[oN38-wbBt3leEB5r_nVlrA4DF40c]]></FromUserName>
<CreateTime>1465309089</CreateTime>
<MsgType><![CDATA[event]]></MsgType>
<Event><![CDATA[VIEW]]></Event>
<EventKey><![CDATA[http://www.iseasoft.cn/wap/about/?8.html]]></EventKey>
<MenuId>409281329</MenuId>
</xml>

2016-06-07 22:18:09 params :
------------
Array:
rule : -2 ;
module :  ;
message : Array ;

2016-06-07 22:18:09 response :
------------

2016-06-07 22:24:50 trace :
------------
String:
<xml><ToUserName><![CDATA[gh_173b187cfb81]]></ToUserName>
<FromUserName><![CDATA[ocu1wwW2rxaSKJ0Xe2eL3wDBBEHs]]></FromUserName>
<CreateTime>1465309489</CreateTime>
<MsgType><![CDATA[event]]></MsgType>
<Event><![CDATA[VIEW]]></Event>
<EventKey><![CDATA[http://f.iseasoft.cn/app/index.php?i=10&c=entry&eid=1226]]></EventKey>
<MenuId>428862708</MenuId>
</xml>

2016-06-07 22:24:50 params :
------------
Array:
message : Array ;
module : basic ;
rule : 90 ;
priority : 0 ;
keyword : Array ;

2016-06-07 22:24:50 response :
------------
Array:
FromUserName : gh_173b187cfb81 ;
ToUserName : ocu1wwW2rxaSKJ0Xe2eL3wDBBEHs ;
MsgType : text ;
Content : 您好，欢迎来到玉田网上超市！ ;

2016-06-07 22:39:52 trace :
------------
String:
<xml><ToUserName><![CDATA[gh_173b187cfb81]]></ToUserName>
<FromUserName><![CDATA[ocu1wwW2rxaSKJ0Xe2eL3wDBBEHs]]></FromUserName>
<CreateTime>1465310391</CreateTime>
<MsgType><![CDATA[event]]></MsgType>
<Event><![CDATA[VIEW]]></Event>
<EventKey><![CDATA[http://f.iseasoft.cn/app/index.php?i=10&c=entry&eid=1227]]></EventKey>
<MenuId>428862708</MenuId>
</xml>

2016-06-07 22:39:52 params :
------------
Array:
message : Array ;
module : basic ;
rule : 90 ;
priority : 0 ;
keyword : Array ;

2016-06-07 22:39:52 response :
------------
Array:
FromUserName : gh_173b187cfb81 ;
ToUserName : ocu1wwW2rxaSKJ0Xe2eL3wDBBEHs ;
MsgType : text ;
Content : 您好，欢迎来到玉田网上超市！ ;

2016-06-07 23:03:26 trace :
------------
String:
<xml><ToUserName><![CDATA[gh_173b187cfb81]]></ToUserName>
<FromUserName><![CDATA[ocu1wwVpIWGq1m6FUWOh5W8mSDDk]]></FromUserName>
<CreateTime>1465311806</CreateTime>
<MsgType><![CDATA[event]]></MsgType>
<Event><![CDATA[VIEW]]></Event>
<EventKey><![CDATA[http://f.iseasoft.cn/app/index.php?i=10&c=entry&eid=1226]]></EventKey>
<MenuId>428862708</MenuId>
</xml>

2016-06-07 23:03:26 params :
------------
Array:
message : Array ;
module : basic ;
rule : 90 ;
priority : 0 ;
keyword : Array ;

2016-06-07 23:03:26 response :
------------
Array:
FromUserName : gh_173b187cfb81 ;
ToUserName : ocu1wwVpIWGq1m6FUWOh5W8mSDDk ;
MsgType : text ;
Content : 您好，欢迎来到玉田网上超市！ ;

