2016-10-06 08:26:08 trace :
------------
String:
<xml><ToUserName><![CDATA[gh_c111557e4720]]></ToUserName>
<FromUserName><![CDATA[okzvqwNeNk9AUyOh2SbNfsIMJ-X0]]></FromUserName>
<CreateTime>1475713568</CreateTime>
<MsgType><![CDATA[event]]></MsgType>
<Event><![CDATA[VIEW]]></Event>
<EventKey><![CDATA[http://shop.as-ba.cn/app/index.php?i=2&c=entry&eid=1226]]></EventKey>
<MenuId>411008066</MenuId>
</xml>

2016-10-06 08:26:08 params :
------------
Array:
rule : -2 ;
module :  ;
message : Array ;

2016-10-06 08:26:08 response :
------------

2016-10-06 09:06:25 trace :
------------
String:
<xml><ToUserName><![CDATA[gh_c111557e4720]]></ToUserName>
<FromUserName><![CDATA[okzvqwGc4YmOPxtxX75NvVFmtd_w]]></FromUserName>
<CreateTime>1475715985</CreateTime>
<MsgType><![CDATA[event]]></MsgType>
<Event><![CDATA[VIEW]]></Event>
<EventKey><![CDATA[http://shop.as-ba.cn/app/index.php?i=2&c=entry&eid=1226]]></EventKey>
<MenuId>411008066</MenuId>
</xml>

2016-10-06 09:06:25 params :
------------
Array:
rule : -2 ;
module :  ;
message : Array ;

2016-10-06 09:06:25 response :
------------

2016-10-06 09:06:40 trace :
------------
String:
<xml><ToUserName><![CDATA[gh_c111557e4720]]></ToUserName>
<FromUserName><![CDATA[okzvqwNeNk9AUyOh2SbNfsIMJ-X0]]></FromUserName>
<CreateTime>1475716000</CreateTime>
<MsgType><![CDATA[event]]></MsgType>
<Event><![CDATA[VIEW]]></Event>
<EventKey><![CDATA[http://shop.as-ba.cn/app/index.php?i=2&c=entry&eid=1226]]></EventKey>
<MenuId>411008066</MenuId>
</xml>

2016-10-06 09:06:40 params :
------------
Array:
rule : -2 ;
module :  ;
message : Array ;

2016-10-06 09:06:40 response :
------------

2016-10-06 11:31:25 trace :
------------
String:
<xml><ToUserName><![CDATA[gh_c111557e4720]]></ToUserName>
<FromUserName><![CDATA[okzvqwGc4YmOPxtxX75NvVFmtd_w]]></FromUserName>
<CreateTime>1475724685</CreateTime>
<MsgType><![CDATA[event]]></MsgType>
<Event><![CDATA[VIEW]]></Event>
<EventKey><![CDATA[http://shop.as-ba.cn/app/index.php?i=2&c=entry&eid=1226]]></EventKey>
<MenuId>411008066</MenuId>
</xml>

2016-10-06 11:31:25 params :
------------
Array:
rule : -2 ;
module :  ;
message : Array ;

2016-10-06 11:31:25 response :
------------

2016-10-06 11:31:41 trace :
------------
String:
<xml><ToUserName><![CDATA[gh_c111557e4720]]></ToUserName>
<FromUserName><![CDATA[okzvqwGc4YmOPxtxX75NvVFmtd_w]]></FromUserName>
<CreateTime>1475724701</CreateTime>
<MsgType><![CDATA[event]]></MsgType>
<Event><![CDATA[VIEW]]></Event>
<EventKey><![CDATA[http://shop.as-ba.cn/app/index.php?i=2&c=entry&eid=1226]]></EventKey>
<MenuId>411008066</MenuId>
</xml>

2016-10-06 11:31:41 params :
------------
Array:
rule : -2 ;
module :  ;
message : Array ;

2016-10-06 11:31:41 response :
------------

2016-10-06 11:32:15 trace :
------------
String:
<xml><ToUserName><![CDATA[gh_c111557e4720]]></ToUserName>
<FromUserName><![CDATA[okzvqwGc4YmOPxtxX75NvVFmtd_w]]></FromUserName>
<CreateTime>1475724735</CreateTime>
<MsgType><![CDATA[event]]></MsgType>
<Event><![CDATA[VIEW]]></Event>
<EventKey><![CDATA[http://shop.as-ba.cn/app/index.php?i=2&c=entry&eid=1226]]></EventKey>
<MenuId>411008066</MenuId>
</xml>

2016-10-06 11:32:15 params :
------------
Array:
rule : -2 ;
module :  ;
message : Array ;

2016-10-06 11:32:15 response :
------------

2016-10-06 13:40:15 trace :
------------
String:
<xml><ToUserName><![CDATA[gh_c111557e4720]]></ToUserName>
<FromUserName><![CDATA[okzvqwHhnY8wNNZF9vb8pSdK32Cc]]></FromUserName>
<CreateTime>1475732413</CreateTime>
<MsgType><![CDATA[event]]></MsgType>
<Event><![CDATA[VIEW]]></Event>
<EventKey><![CDATA[http://shop.as-ba.cn/app/index.php?i=2&c=entry&eid=1226]]></EventKey>
<MenuId>411008066</MenuId>
</xml>

2016-10-06 13:40:15 params :
------------
Array:
rule : -2 ;
module :  ;
message : Array ;

2016-10-06 13:40:15 response :
------------

2016-10-06 13:47:15 trace :
------------
String:
<xml><ToUserName><![CDATA[gh_c111557e4720]]></ToUserName>
<FromUserName><![CDATA[okzvqwHhnY8wNNZF9vb8pSdK32Cc]]></FromUserName>
<CreateTime>1475732835</CreateTime>
<MsgType><![CDATA[event]]></MsgType>
<Event><![CDATA[VIEW]]></Event>
<EventKey><![CDATA[http://shop.as-ba.cn/app/index.php?i=2&c=entry&eid=1226]]></EventKey>
<MenuId>411008066</MenuId>
</xml>

2016-10-06 13:47:15 params :
------------
Array:
rule : -2 ;
module :  ;
message : Array ;

2016-10-06 13:47:15 response :
------------

2016-10-06 13:48:49 trace :
------------
String:
<xml><ToUserName><![CDATA[gh_c111557e4720]]></ToUserName>
<FromUserName><![CDATA[okzvqwHhnY8wNNZF9vb8pSdK32Cc]]></FromUserName>
<CreateTime>1475732929</CreateTime>
<MsgType><![CDATA[event]]></MsgType>
<Event><![CDATA[VIEW]]></Event>
<EventKey><![CDATA[http://shop.as-ba.cn/app/index.php?i=2&c=entry&eid=1226]]></EventKey>
<MenuId>411008066</MenuId>
</xml>

2016-10-06 13:48:49 params :
------------
Array:
rule : -2 ;
module :  ;
message : Array ;

2016-10-06 13:48:49 response :
------------

2016-10-06 13:49:01 trace :
------------
String:
<xml><ToUserName><![CDATA[gh_c111557e4720]]></ToUserName>
<FromUserName><![CDATA[okzvqwBBh19PcWrVnGIMzPTnwuDA]]></FromUserName>
<CreateTime>1475732941</CreateTime>
<MsgType><![CDATA[event]]></MsgType>
<Event><![CDATA[VIEW]]></Event>
<EventKey><![CDATA[http://shop.as-ba.cn/app/index.php?i=2&c=entry&eid=1226]]></EventKey>
<MenuId>411008066</MenuId>
</xml>

2016-10-06 13:49:01 params :
------------
Array:
rule : -2 ;
module :  ;
message : Array ;

2016-10-06 13:49:01 response :
------------

2016-10-06 13:49:12 trace :
------------
String:
<xml><ToUserName><![CDATA[gh_c111557e4720]]></ToUserName>
<FromUserName><![CDATA[okzvqwBBh19PcWrVnGIMzPTnwuDA]]></FromUserName>
<CreateTime>1475732952</CreateTime>
<MsgType><![CDATA[event]]></MsgType>
<Event><![CDATA[VIEW]]></Event>
<EventKey><![CDATA[http://shop.as-ba.cn/app/index.php?i=2&c=entry&eid=1226]]></EventKey>
<MenuId>411008066</MenuId>
</xml>

2016-10-06 13:49:12 params :
------------
Array:
rule : -2 ;
module :  ;
message : Array ;

2016-10-06 13:49:12 response :
------------

2016-10-06 13:50:06 trace :
------------
String:
<xml><ToUserName><![CDATA[gh_c111557e4720]]></ToUserName>
<FromUserName><![CDATA[okzvqwHhnY8wNNZF9vb8pSdK32Cc]]></FromUserName>
<CreateTime>1475733006</CreateTime>
<MsgType><![CDATA[event]]></MsgType>
<Event><![CDATA[VIEW]]></Event>
<EventKey><![CDATA[http://shop.as-ba.cn/app/index.php?i=2&c=entry&eid=1226]]></EventKey>
<MenuId>411008066</MenuId>
</xml>

2016-10-06 13:50:06 params :
------------
Array:
rule : -2 ;
module :  ;
message : Array ;

2016-10-06 13:50:06 response :
------------

2016-10-06 13:50:46 trace :
------------
String:
<xml><ToUserName><![CDATA[gh_c111557e4720]]></ToUserName>
<FromUserName><![CDATA[okzvqwGc4YmOPxtxX75NvVFmtd_w]]></FromUserName>
<CreateTime>1475733046</CreateTime>
<MsgType><![CDATA[event]]></MsgType>
<Event><![CDATA[VIEW]]></Event>
<EventKey><![CDATA[http://shop.as-ba.cn/app/index.php?i=2&c=entry&eid=1226]]></EventKey>
<MenuId>411008066</MenuId>
</xml>

2016-10-06 13:50:46 params :
------------
Array:
rule : -2 ;
module :  ;
message : Array ;

2016-10-06 13:50:46 response :
------------

2016-10-06 13:50:49 trace :
------------
String:
<xml><ToUserName><![CDATA[gh_c111557e4720]]></ToUserName>
<FromUserName><![CDATA[okzvqwBBh19PcWrVnGIMzPTnwuDA]]></FromUserName>
<CreateTime>1475733049</CreateTime>
<MsgType><![CDATA[event]]></MsgType>
<Event><![CDATA[VIEW]]></Event>
<EventKey><![CDATA[http://shop.as-ba.cn/app/index.php?i=2&c=entry&eid=1226]]></EventKey>
<MenuId>411008066</MenuId>
</xml>

2016-10-06 13:50:49 params :
------------
Array:
rule : -2 ;
module :  ;
message : Array ;

2016-10-06 13:50:50 response :
------------

2016-10-06 13:52:58 trace :
------------
String:
<xml><ToUserName><![CDATA[gh_c111557e4720]]></ToUserName>
<FromUserName><![CDATA[okzvqwBVGRlU42uUP3CFMiQGlBfA]]></FromUserName>
<CreateTime>1475733178</CreateTime>
<MsgType><![CDATA[event]]></MsgType>
<Event><![CDATA[VIEW]]></Event>
<EventKey><![CDATA[http://shop.as-ba.cn/app/index.php?i=2&c=entry&eid=1226]]></EventKey>
<MenuId>411008066</MenuId>
</xml>

2016-10-06 13:52:58 params :
------------
Array:
rule : -2 ;
module :  ;
message : Array ;

2016-10-06 13:52:58 response :
------------

2016-10-06 14:04:04 trace :
------------
String:
<xml><ToUserName><![CDATA[gh_c111557e4720]]></ToUserName>
<FromUserName><![CDATA[okzvqwHhnY8wNNZF9vb8pSdK32Cc]]></FromUserName>
<CreateTime>1475733844</CreateTime>
<MsgType><![CDATA[event]]></MsgType>
<Event><![CDATA[VIEW]]></Event>
<EventKey><![CDATA[http://shop.as-ba.cn/app/index.php?i=2&c=entry&eid=1226]]></EventKey>
<MenuId>411008066</MenuId>
</xml>

2016-10-06 14:04:04 params :
------------
Array:
rule : -2 ;
module :  ;
message : Array ;

2016-10-06 14:04:04 response :
------------

2016-10-06 14:09:27 trace :
------------
String:
<xml><ToUserName><![CDATA[gh_c111557e4720]]></ToUserName>
<FromUserName><![CDATA[okzvqwHhnY8wNNZF9vb8pSdK32Cc]]></FromUserName>
<CreateTime>1475734167</CreateTime>
<MsgType><![CDATA[event]]></MsgType>
<Event><![CDATA[VIEW]]></Event>
<EventKey><![CDATA[http://shop.as-ba.cn/app/index.php?i=2&c=entry&eid=1226]]></EventKey>
<MenuId>411008066</MenuId>
</xml>

2016-10-06 14:09:27 params :
------------
Array:
rule : -2 ;
module :  ;
message : Array ;

2016-10-06 14:09:27 response :
------------

2016-10-06 14:20:07 trace :
------------
String:
<xml><ToUserName><![CDATA[gh_c111557e4720]]></ToUserName>
<FromUserName><![CDATA[okzvqwNeNk9AUyOh2SbNfsIMJ-X0]]></FromUserName>
<CreateTime>1475734807</CreateTime>
<MsgType><![CDATA[event]]></MsgType>
<Event><![CDATA[VIEW]]></Event>
<EventKey><![CDATA[http://shop.as-ba.cn/app/index.php?i=2&c=entry&eid=1226]]></EventKey>
<MenuId>411008066</MenuId>
</xml>

2016-10-06 14:20:07 params :
------------
Array:
rule : -2 ;
module :  ;
message : Array ;

2016-10-06 14:20:07 response :
------------

2016-10-06 14:27:14 trace :
------------
String:
<xml><ToUserName><![CDATA[gh_c111557e4720]]></ToUserName>
<FromUserName><![CDATA[okzvqwNeNk9AUyOh2SbNfsIMJ-X0]]></FromUserName>
<CreateTime>1475735234</CreateTime>
<MsgType><![CDATA[event]]></MsgType>
<Event><![CDATA[VIEW]]></Event>
<EventKey><![CDATA[http://shop.as-ba.cn/app/index.php?i=2&c=entry&eid=1226]]></EventKey>
<MenuId>411008066</MenuId>
</xml>

2016-10-06 14:27:14 params :
------------
Array:
rule : -2 ;
module :  ;
message : Array ;

2016-10-06 14:27:14 response :
------------

2016-10-06 14:27:31 trace :
------------
String:
<xml><ToUserName><![CDATA[gh_c111557e4720]]></ToUserName>
<FromUserName><![CDATA[okzvqwGc4YmOPxtxX75NvVFmtd_w]]></FromUserName>
<CreateTime>1475735251</CreateTime>
<MsgType><![CDATA[event]]></MsgType>
<Event><![CDATA[VIEW]]></Event>
<EventKey><![CDATA[http://shop.as-ba.cn/app/index.php?i=2&c=entry&eid=1226]]></EventKey>
<MenuId>411008066</MenuId>
</xml>

2016-10-06 14:27:32 params :
------------
Array:
rule : -2 ;
module :  ;
message : Array ;

2016-10-06 14:27:32 response :
------------

2016-10-06 14:28:00 trace :
------------
String:
<xml><ToUserName><![CDATA[gh_c111557e4720]]></ToUserName>
<FromUserName><![CDATA[okzvqwGc4YmOPxtxX75NvVFmtd_w]]></FromUserName>
<CreateTime>1475735280</CreateTime>
<MsgType><![CDATA[event]]></MsgType>
<Event><![CDATA[VIEW]]></Event>
<EventKey><![CDATA[http://shop.as-ba.cn/app/index.php?i=2&c=entry&eid=1226]]></EventKey>
<MenuId>411008066</MenuId>
</xml>

2016-10-06 14:28:00 params :
------------
Array:
rule : -2 ;
module :  ;
message : Array ;

2016-10-06 14:28:00 response :
------------

2016-10-06 14:28:26 trace :
------------
String:
<xml><ToUserName><![CDATA[gh_c111557e4720]]></ToUserName>
<FromUserName><![CDATA[okzvqwGc4YmOPxtxX75NvVFmtd_w]]></FromUserName>
<CreateTime>1475735306</CreateTime>
<MsgType><![CDATA[event]]></MsgType>
<Event><![CDATA[VIEW]]></Event>
<EventKey><![CDATA[http://shop.as-ba.cn/app/index.php?i=2&c=entry&eid=1226]]></EventKey>
<MenuId>411008066</MenuId>
</xml>

2016-10-06 14:28:26 params :
------------
Array:
rule : -2 ;
module :  ;
message : Array ;

2016-10-06 14:28:26 response :
------------

2016-10-06 14:28:39 trace :
------------
String:
<xml><ToUserName><![CDATA[gh_c111557e4720]]></ToUserName>
<FromUserName><![CDATA[okzvqwGc4YmOPxtxX75NvVFmtd_w]]></FromUserName>
<CreateTime>1475735319</CreateTime>
<MsgType><![CDATA[event]]></MsgType>
<Event><![CDATA[VIEW]]></Event>
<EventKey><![CDATA[http://shop.as-ba.cn/app/index.php?i=2&c=entry&eid=1226]]></EventKey>
<MenuId>411008066</MenuId>
</xml>

2016-10-06 14:28:39 params :
------------
Array:
rule : -2 ;
module :  ;
message : Array ;

2016-10-06 14:28:39 response :
------------

2016-10-06 14:33:17 trace :
------------
String:
<xml><ToUserName><![CDATA[gh_c111557e4720]]></ToUserName>
<FromUserName><![CDATA[okzvqwHhnY8wNNZF9vb8pSdK32Cc]]></FromUserName>
<CreateTime>1475735597</CreateTime>
<MsgType><![CDATA[event]]></MsgType>
<Event><![CDATA[VIEW]]></Event>
<EventKey><![CDATA[http://shop.as-ba.cn/app/index.php?i=2&c=entry&eid=1226]]></EventKey>
<MenuId>411008066</MenuId>
</xml>

2016-10-06 14:33:17 params :
------------
Array:
rule : -2 ;
module :  ;
message : Array ;

2016-10-06 14:33:17 response :
------------

2016-10-06 14:43:51 trace :
------------
String:
<xml><ToUserName><![CDATA[gh_c111557e4720]]></ToUserName>
<FromUserName><![CDATA[okzvqwHhnY8wNNZF9vb8pSdK32Cc]]></FromUserName>
<CreateTime>1475736231</CreateTime>
<MsgType><![CDATA[event]]></MsgType>
<Event><![CDATA[VIEW]]></Event>
<EventKey><![CDATA[http://shop.as-ba.cn/app/index.php?i=2&c=entry&eid=1226]]></EventKey>
<MenuId>411008066</MenuId>
</xml>

2016-10-06 14:43:51 params :
------------
Array:
rule : -2 ;
module :  ;
message : Array ;

2016-10-06 14:43:51 response :
------------

2016-10-06 14:49:19 trace :
------------
String:
<xml><ToUserName><![CDATA[gh_c111557e4720]]></ToUserName>
<FromUserName><![CDATA[okzvqwBBh19PcWrVnGIMzPTnwuDA]]></FromUserName>
<CreateTime>1475736559</CreateTime>
<MsgType><![CDATA[event]]></MsgType>
<Event><![CDATA[VIEW]]></Event>
<EventKey><![CDATA[http://shop.as-ba.cn/app/index.php?i=2&c=entry&eid=1226]]></EventKey>
<MenuId>411008066</MenuId>
</xml>

2016-10-06 14:49:19 params :
------------
Array:
rule : -2 ;
module :  ;
message : Array ;

2016-10-06 14:49:19 response :
------------

2016-10-06 14:51:01 trace :
------------
String:
<xml><ToUserName><![CDATA[gh_c111557e4720]]></ToUserName>
<FromUserName><![CDATA[okzvqwBBh19PcWrVnGIMzPTnwuDA]]></FromUserName>
<CreateTime>1475736661</CreateTime>
<MsgType><![CDATA[event]]></MsgType>
<Event><![CDATA[VIEW]]></Event>
<EventKey><![CDATA[http://shop.as-ba.cn/app/index.php?i=2&c=entry&eid=1226]]></EventKey>
<MenuId>411008066</MenuId>
</xml>

2016-10-06 14:51:01 params :
------------
Array:
rule : -2 ;
module :  ;
message : Array ;

2016-10-06 14:51:01 response :
------------

2016-10-06 14:51:06 trace :
------------
String:
<xml><ToUserName><![CDATA[gh_c111557e4720]]></ToUserName>
<FromUserName><![CDATA[okzvqwBBh19PcWrVnGIMzPTnwuDA]]></FromUserName>
<CreateTime>1475736666</CreateTime>
<MsgType><![CDATA[event]]></MsgType>
<Event><![CDATA[VIEW]]></Event>
<EventKey><![CDATA[http://shop.as-ba.cn/app/index.php?i=2&c=entry&eid=1226]]></EventKey>
<MenuId>411008066</MenuId>
</xml>

2016-10-06 14:51:06 params :
------------
Array:
rule : -2 ;
module :  ;
message : Array ;

2016-10-06 14:51:06 response :
------------

2016-10-06 15:04:51 trace :
------------
String:
<xml><ToUserName><![CDATA[gh_c111557e4720]]></ToUserName>
<FromUserName><![CDATA[okzvqwBBh19PcWrVnGIMzPTnwuDA]]></FromUserName>
<CreateTime>1475737491</CreateTime>
<MsgType><![CDATA[event]]></MsgType>
<Event><![CDATA[VIEW]]></Event>
<EventKey><![CDATA[http://shop.as-ba.cn/app/index.php?i=2&c=entry&eid=1226]]></EventKey>
<MenuId>411008066</MenuId>
</xml>

2016-10-06 15:04:51 params :
------------
Array:
rule : -2 ;
module :  ;
message : Array ;

2016-10-06 15:04:51 response :
------------

2016-10-06 15:06:49 trace :
------------
String:
<xml><ToUserName><![CDATA[gh_c111557e4720]]></ToUserName>
<FromUserName><![CDATA[okzvqwHhnY8wNNZF9vb8pSdK32Cc]]></FromUserName>
<CreateTime>1475737609</CreateTime>
<MsgType><![CDATA[event]]></MsgType>
<Event><![CDATA[VIEW]]></Event>
<EventKey><![CDATA[http://shop.as-ba.cn/app/index.php?i=2&c=entry&eid=1226]]></EventKey>
<MenuId>411008066</MenuId>
</xml>

2016-10-06 15:06:49 params :
------------
Array:
rule : -2 ;
module :  ;
message : Array ;

2016-10-06 15:06:49 response :
------------

2016-10-06 15:18:41 trace :
------------
String:
<xml><ToUserName><![CDATA[gh_c111557e4720]]></ToUserName>
<FromUserName><![CDATA[okzvqwHhnY8wNNZF9vb8pSdK32Cc]]></FromUserName>
<CreateTime>1475738321</CreateTime>
<MsgType><![CDATA[event]]></MsgType>
<Event><![CDATA[VIEW]]></Event>
<EventKey><![CDATA[http://shop.as-ba.cn/app/index.php?i=2&c=entry&eid=1226]]></EventKey>
<MenuId>411008066</MenuId>
</xml>

2016-10-06 15:18:41 params :
------------
Array:
rule : -2 ;
module :  ;
message : Array ;

2016-10-06 15:18:41 response :
------------

2016-10-06 15:19:05 trace :
------------
String:
<xml><ToUserName><![CDATA[gh_c111557e4720]]></ToUserName>
<FromUserName><![CDATA[okzvqwHhnY8wNNZF9vb8pSdK32Cc]]></FromUserName>
<CreateTime>1475738345</CreateTime>
<MsgType><![CDATA[event]]></MsgType>
<Event><![CDATA[VIEW]]></Event>
<EventKey><![CDATA[http://shop.as-ba.cn/app/index.php?i=2&c=entry&eid=1226]]></EventKey>
<MenuId>411008066</MenuId>
</xml>

2016-10-06 15:19:05 params :
------------
Array:
rule : -2 ;
module :  ;
message : Array ;

2016-10-06 15:19:05 response :
------------

2016-10-06 15:27:58 trace :
------------
String:
<xml><ToUserName><![CDATA[gh_c111557e4720]]></ToUserName>
<FromUserName><![CDATA[okzvqwBBh19PcWrVnGIMzPTnwuDA]]></FromUserName>
<CreateTime>1475738878</CreateTime>
<MsgType><![CDATA[event]]></MsgType>
<Event><![CDATA[VIEW]]></Event>
<EventKey><![CDATA[http://shop.as-ba.cn/app/index.php?i=2&c=entry&eid=1226]]></EventKey>
<MenuId>411008066</MenuId>
</xml>

2016-10-06 15:27:58 params :
------------
Array:
rule : -2 ;
module :  ;
message : Array ;

2016-10-06 15:27:58 response :
------------

2016-10-06 15:43:12 trace :
------------
String:
<xml><ToUserName><![CDATA[gh_c111557e4720]]></ToUserName>
<FromUserName><![CDATA[okzvqwBBh19PcWrVnGIMzPTnwuDA]]></FromUserName>
<CreateTime>1475739792</CreateTime>
<MsgType><![CDATA[event]]></MsgType>
<Event><![CDATA[VIEW]]></Event>
<EventKey><![CDATA[http://shop.as-ba.cn/app/index.php?i=2&c=entry&eid=1226]]></EventKey>
<MenuId>411008066</MenuId>
</xml>

2016-10-06 15:43:12 params :
------------
Array:
rule : -2 ;
module :  ;
message : Array ;

2016-10-06 15:43:12 response :
------------

2016-10-06 15:55:44 trace :
------------
String:
<xml><ToUserName><![CDATA[gh_c111557e4720]]></ToUserName>
<FromUserName><![CDATA[okzvqwKTf0cv18gszx3UeWjnXrUI]]></FromUserName>
<CreateTime>1475740544</CreateTime>
<MsgType><![CDATA[event]]></MsgType>
<Event><![CDATA[subscribe]]></Event>
<EventKey><![CDATA[]]></EventKey>
</xml>

2016-10-06 15:55:44 params :
------------
Array:
rule : -2 ;
module :  ;
message : Array ;

2016-10-06 15:55:44 response :
------------

2016-10-06 15:56:42 trace :
------------
String:
<xml><ToUserName><![CDATA[gh_c111557e4720]]></ToUserName>
<FromUserName><![CDATA[okzvqwGmfz4w9Vq-0PV3DJC7X5nc]]></FromUserName>
<CreateTime>1475740602</CreateTime>
<MsgType><![CDATA[event]]></MsgType>
<Event><![CDATA[subscribe]]></Event>
<EventKey><![CDATA[]]></EventKey>
</xml>

2016-10-06 15:56:42 params :
------------
Array:
rule : -2 ;
module :  ;
message : Array ;

2016-10-06 15:56:42 response :
------------

2016-10-06 15:56:45 trace :
------------
String:
<xml><ToUserName><![CDATA[gh_c111557e4720]]></ToUserName>
<FromUserName><![CDATA[okzvqwGmfz4w9Vq-0PV3DJC7X5nc]]></FromUserName>
<CreateTime>1475740605</CreateTime>
<MsgType><![CDATA[event]]></MsgType>
<Event><![CDATA[VIEW]]></Event>
<EventKey><![CDATA[http://shop.as-ba.cn/app/index.php?i=2&c=entry&eid=1226]]></EventKey>
<MenuId>411008066</MenuId>
</xml>

2016-10-06 15:56:45 params :
------------
Array:
rule : -2 ;
module :  ;
message : Array ;

2016-10-06 15:56:45 response :
------------

2016-10-06 16:05:01 trace :
------------
String:
<xml><ToUserName><![CDATA[gh_c111557e4720]]></ToUserName>
<FromUserName><![CDATA[okzvqwBBh19PcWrVnGIMzPTnwuDA]]></FromUserName>
<CreateTime>1475741101</CreateTime>
<MsgType><![CDATA[event]]></MsgType>
<Event><![CDATA[VIEW]]></Event>
<EventKey><![CDATA[http://shop.as-ba.cn/app/index.php?i=2&c=entry&eid=1226]]></EventKey>
<MenuId>411008066</MenuId>
</xml>

2016-10-06 16:05:01 params :
------------
Array:
rule : -2 ;
module :  ;
message : Array ;

2016-10-06 16:05:01 response :
------------

2016-10-06 16:19:31 trace :
------------
String:
<xml><ToUserName><![CDATA[gh_c111557e4720]]></ToUserName>
<FromUserName><![CDATA[okzvqwHhnY8wNNZF9vb8pSdK32Cc]]></FromUserName>
<CreateTime>1475741971</CreateTime>
<MsgType><![CDATA[event]]></MsgType>
<Event><![CDATA[VIEW]]></Event>
<EventKey><![CDATA[http://shop.as-ba.cn/app/index.php?i=2&c=entry&eid=1226]]></EventKey>
<MenuId>411008066</MenuId>
</xml>

2016-10-06 16:19:31 params :
------------
Array:
rule : -2 ;
module :  ;
message : Array ;

2016-10-06 16:19:31 response :
------------

2016-10-06 16:24:11 trace :
------------
String:
<xml><ToUserName><![CDATA[gh_c111557e4720]]></ToUserName>
<FromUserName><![CDATA[okzvqwHhnY8wNNZF9vb8pSdK32Cc]]></FromUserName>
<CreateTime>1475742251</CreateTime>
<MsgType><![CDATA[event]]></MsgType>
<Event><![CDATA[VIEW]]></Event>
<EventKey><![CDATA[http://shop.as-ba.cn/app/index.php?i=2&c=entry&eid=1226]]></EventKey>
<MenuId>411008066</MenuId>
</xml>

2016-10-06 16:24:11 params :
------------
Array:
rule : -2 ;
module :  ;
message : Array ;

2016-10-06 16:24:11 response :
------------

2016-10-06 16:25:33 trace :
------------
String:
<xml><ToUserName><![CDATA[gh_c111557e4720]]></ToUserName>
<FromUserName><![CDATA[okzvqwHhnY8wNNZF9vb8pSdK32Cc]]></FromUserName>
<CreateTime>1475742333</CreateTime>
<MsgType><![CDATA[event]]></MsgType>
<Event><![CDATA[VIEW]]></Event>
<EventKey><![CDATA[http://shop.as-ba.cn/app/index.php?i=2&c=entry&eid=1226]]></EventKey>
<MenuId>411008066</MenuId>
</xml>

2016-10-06 16:25:33 params :
------------
Array:
rule : -2 ;
module :  ;
message : Array ;

2016-10-06 16:25:33 response :
------------

2016-10-06 16:27:28 trace :
------------
String:
<xml><ToUserName><![CDATA[gh_c111557e4720]]></ToUserName>
<FromUserName><![CDATA[okzvqwHhnY8wNNZF9vb8pSdK32Cc]]></FromUserName>
<CreateTime>1475742448</CreateTime>
<MsgType><![CDATA[event]]></MsgType>
<Event><![CDATA[VIEW]]></Event>
<EventKey><![CDATA[http://shop.as-ba.cn/app/index.php?i=2&c=entry&eid=1226]]></EventKey>
<MenuId>411008066</MenuId>
</xml>

2016-10-06 16:27:28 params :
------------
Array:
rule : -2 ;
module :  ;
message : Array ;

2016-10-06 16:27:28 response :
------------

2016-10-06 16:42:36 trace :
------------
String:
<xml><ToUserName><![CDATA[gh_c111557e4720]]></ToUserName>
<FromUserName><![CDATA[okzvqwBBh19PcWrVnGIMzPTnwuDA]]></FromUserName>
<CreateTime>1475743356</CreateTime>
<MsgType><![CDATA[event]]></MsgType>
<Event><![CDATA[VIEW]]></Event>
<EventKey><![CDATA[http://shop.as-ba.cn/app/index.php?i=2&c=entry&eid=1226]]></EventKey>
<MenuId>411008066</MenuId>
</xml>

2016-10-06 16:42:36 params :
------------
Array:
rule : -2 ;
module :  ;
message : Array ;

2016-10-06 16:42:36 response :
------------

2016-10-06 17:45:52 trace :
------------
String:
<xml><ToUserName><![CDATA[gh_c111557e4720]]></ToUserName>
<FromUserName><![CDATA[okzvqwBBh19PcWrVnGIMzPTnwuDA]]></FromUserName>
<CreateTime>1475747152</CreateTime>
<MsgType><![CDATA[event]]></MsgType>
<Event><![CDATA[VIEW]]></Event>
<EventKey><![CDATA[http://shop.as-ba.cn/app/index.php?i=2&c=entry&eid=1226]]></EventKey>
<MenuId>411008066</MenuId>
</xml>

2016-10-06 17:45:52 params :
------------
Array:
rule : -2 ;
module :  ;
message : Array ;

2016-10-06 17:45:52 response :
------------

2016-10-06 17:46:33 trace :
------------
String:
<xml><ToUserName><![CDATA[gh_c111557e4720]]></ToUserName>
<FromUserName><![CDATA[okzvqwBBh19PcWrVnGIMzPTnwuDA]]></FromUserName>
<CreateTime>1475747193</CreateTime>
<MsgType><![CDATA[event]]></MsgType>
<Event><![CDATA[VIEW]]></Event>
<EventKey><![CDATA[http://shop.as-ba.cn/app/index.php?i=2&c=entry&eid=1226]]></EventKey>
<MenuId>411008066</MenuId>
</xml>

2016-10-06 17:46:33 params :
------------
Array:
rule : -2 ;
module :  ;
message : Array ;

2016-10-06 17:46:33 response :
------------

