2016-05-31 14:41:38 trace :
------------
String:
<xml><ToUserName><![CDATA[gh_9ef36f25dc50]]></ToUserName>
<FromUserName><![CDATA[oN38-we68BoGp1wevgKTEMnY69FY]]></FromUserName>
<CreateTime>1464676897</CreateTime>
<MsgType><![CDATA[event]]></MsgType>
<Event><![CDATA[VIEW]]></Event>
<EventKey><![CDATA[http://f.iseasoft.cn/app/index.php?i=5&c=entry&eid=1226]]></EventKey>
<MenuId>409172389</MenuId>
</xml>

2016-05-31 14:41:38 params :
------------
Array:
rule : -2 ;
module :  ;
message : Array ;

2016-05-31 14:41:38 response :
------------

2016-05-31 14:42:43 trace :
------------
String:
<xml><ToUserName><![CDATA[gh_9ef36f25dc50]]></ToUserName>
<FromUserName><![CDATA[oN38-we68BoGp1wevgKTEMnY69FY]]></FromUserName>
<CreateTime>1464676962</CreateTime>
<MsgType><![CDATA[event]]></MsgType>
<Event><![CDATA[VIEW]]></Event>
<EventKey><![CDATA[http://f.iseasoft.cn/app/index.php?i=5&c=entry&eid=1226]]></EventKey>
<MenuId>409172389</MenuId>
</xml>

2016-05-31 14:42:43 params :
------------
Array:
rule : -2 ;
module :  ;
message : Array ;

2016-05-31 14:42:43 response :
------------

2016-05-31 14:44:14 trace :
------------
String:
<xml><ToUserName><![CDATA[gh_9ef36f25dc50]]></ToUserName>
<FromUserName><![CDATA[oN38-we68BoGp1wevgKTEMnY69FY]]></FromUserName>
<CreateTime>1464677054</CreateTime>
<MsgType><![CDATA[event]]></MsgType>
<Event><![CDATA[VIEW]]></Event>
<EventKey><![CDATA[http://f.iseasoft.cn/app/index.php?i=5&c=entry&eid=1226]]></EventKey>
<MenuId>409172389</MenuId>
</xml>

2016-05-31 14:44:14 params :
------------
Array:
rule : -2 ;
module :  ;
message : Array ;

2016-05-31 14:44:14 response :
------------

2016-05-31 14:44:40 trace :
------------
String:
<xml><ToUserName><![CDATA[gh_9ef36f25dc50]]></ToUserName>
<FromUserName><![CDATA[oN38-wRom7jPU1YGG47RdbZpo2vc]]></FromUserName>
<CreateTime>1464677079</CreateTime>
<MsgType><![CDATA[event]]></MsgType>
<Event><![CDATA[VIEW]]></Event>
<EventKey><![CDATA[http://f.iseasoft.cn/app/index.php?i=5&c=entry&eid=1226]]></EventKey>
<MenuId>409172389</MenuId>
</xml>

2016-05-31 14:44:40 params :
------------
Array:
rule : -2 ;
module :  ;
message : Array ;

2016-05-31 14:44:40 response :
------------

2016-05-31 14:45:20 trace :
------------
String:
<xml><ToUserName><![CDATA[gh_9ef36f25dc50]]></ToUserName>
<FromUserName><![CDATA[oN38-we68BoGp1wevgKTEMnY69FY]]></FromUserName>
<CreateTime>1464677120</CreateTime>
<MsgType><![CDATA[event]]></MsgType>
<Event><![CDATA[VIEW]]></Event>
<EventKey><![CDATA[http://f.iseasoft.cn/app/index.php?i=5&c=entry&eid=1226]]></EventKey>
<MenuId>409172389</MenuId>
</xml>

2016-05-31 14:45:20 params :
------------
Array:
rule : -2 ;
module :  ;
message : Array ;

2016-05-31 14:45:20 response :
------------

2016-05-31 14:46:28 trace :
------------
String:
<xml><ToUserName><![CDATA[gh_9ef36f25dc50]]></ToUserName>
<FromUserName><![CDATA[oN38-we68BoGp1wevgKTEMnY69FY]]></FromUserName>
<CreateTime>1464677187</CreateTime>
<MsgType><![CDATA[event]]></MsgType>
<Event><![CDATA[VIEW]]></Event>
<EventKey><![CDATA[http://f.iseasoft.cn/app/index.php?i=5&c=entry&eid=1226]]></EventKey>
<MenuId>409172389</MenuId>
</xml>

2016-05-31 14:46:28 params :
------------
Array:
rule : -2 ;
module :  ;
message : Array ;

2016-05-31 14:46:28 response :
------------

2016-05-31 14:47:16 trace :
------------
String:
<xml><ToUserName><![CDATA[gh_9ef36f25dc50]]></ToUserName>
<FromUserName><![CDATA[oN38-we68BoGp1wevgKTEMnY69FY]]></FromUserName>
<CreateTime>1464677236</CreateTime>
<MsgType><![CDATA[event]]></MsgType>
<Event><![CDATA[VIEW]]></Event>
<EventKey><![CDATA[http://f.iseasoft.cn/app/index.php?i=5&c=entry&eid=1226]]></EventKey>
<MenuId>409172389</MenuId>
</xml>

2016-05-31 14:47:16 params :
------------
Array:
rule : -2 ;
module :  ;
message : Array ;

2016-05-31 14:47:16 response :
------------

2016-05-31 14:57:37 trace :
------------
String:
<xml><ToUserName><![CDATA[gh_9ef36f25dc50]]></ToUserName>
<FromUserName><![CDATA[oN38-wRom7jPU1YGG47RdbZpo2vc]]></FromUserName>
<CreateTime>1464677857</CreateTime>
<MsgType><![CDATA[event]]></MsgType>
<Event><![CDATA[VIEW]]></Event>
<EventKey><![CDATA[http://f.iseasoft.cn/app/index.php?i=5&c=entry&eid=1226]]></EventKey>
<MenuId>409172389</MenuId>
</xml>

2016-05-31 14:57:37 params :
------------
Array:
rule : -2 ;
module :  ;
message : Array ;

2016-05-31 14:57:37 response :
------------

2016-05-31 14:57:59 trace :
------------
String:
<xml><ToUserName><![CDATA[gh_9ef36f25dc50]]></ToUserName>
<FromUserName><![CDATA[oN38-wRom7jPU1YGG47RdbZpo2vc]]></FromUserName>
<CreateTime>1464677879</CreateTime>
<MsgType><![CDATA[event]]></MsgType>
<Event><![CDATA[VIEW]]></Event>
<EventKey><![CDATA[http://f.iseasoft.cn/app/index.php?i=5&c=entry&eid=1226]]></EventKey>
<MenuId>409172389</MenuId>
</xml>

2016-05-31 14:57:59 params :
------------
Array:
rule : -2 ;
module :  ;
message : Array ;

2016-05-31 14:57:59 response :
------------

2016-05-31 14:59:30 trace :
------------
String:
<xml><ToUserName><![CDATA[gh_9ef36f25dc50]]></ToUserName>
<FromUserName><![CDATA[oN38-wRom7jPU1YGG47RdbZpo2vc]]></FromUserName>
<CreateTime>1464677970</CreateTime>
<MsgType><![CDATA[event]]></MsgType>
<Event><![CDATA[VIEW]]></Event>
<EventKey><![CDATA[http://f.iseasoft.cn/app/index.php?i=5&c=entry&eid=1226]]></EventKey>
<MenuId>409172389</MenuId>
</xml>

2016-05-31 14:59:30 params :
------------
Array:
rule : -2 ;
module :  ;
message : Array ;

2016-05-31 14:59:30 response :
------------

2016-05-31 17:34:50 trace :
------------
String:
<xml><ToUserName><![CDATA[gh_9ef36f25dc50]]></ToUserName>
<FromUserName><![CDATA[oN38-we68BoGp1wevgKTEMnY69FY]]></FromUserName>
<CreateTime>1464687290</CreateTime>
<MsgType><![CDATA[event]]></MsgType>
<Event><![CDATA[VIEW]]></Event>
<EventKey><![CDATA[http://f.iseasoft.cn/app/index.php?i=5&c=entry&eid=1226]]></EventKey>
<MenuId>409172389</MenuId>
</xml>

2016-05-31 17:34:50 params :
------------
Array:
rule : -2 ;
module :  ;
message : Array ;

2016-05-31 17:34:50 response :
------------

2016-05-31 18:18:32 trace :
------------
String:
<xml><ToUserName><![CDATA[gh_9ef36f25dc50]]></ToUserName>
<FromUserName><![CDATA[oN38-we68BoGp1wevgKTEMnY69FY]]></FromUserName>
<CreateTime>1464689911</CreateTime>
<MsgType><![CDATA[event]]></MsgType>
<Event><![CDATA[VIEW]]></Event>
<EventKey><![CDATA[http://f.iseasoft.cn/app/index.php?i=5&c=entry&eid=1226]]></EventKey>
<MenuId>409172389</MenuId>
</xml>

2016-05-31 18:18:32 params :
------------
Array:
rule : -2 ;
module :  ;
message : Array ;

2016-05-31 18:18:32 response :
------------

2016-05-31 19:33:12 trace :
------------
String:
<xml><ToUserName><![CDATA[gh_9ef36f25dc50]]></ToUserName>
<FromUserName><![CDATA[oN38-we68BoGp1wevgKTEMnY69FY]]></FromUserName>
<CreateTime>1464694392</CreateTime>
<MsgType><![CDATA[event]]></MsgType>
<Event><![CDATA[VIEW]]></Event>
<EventKey><![CDATA[http://f.iseasoft.cn/app/index.php?i=5&c=entry&eid=1226]]></EventKey>
<MenuId>409172389</MenuId>
</xml>

2016-05-31 19:33:12 params :
------------
Array:
rule : -2 ;
module :  ;
message : Array ;

2016-05-31 19:33:12 response :
------------

