2016-06-14 00:30:25 trace :
------------
String:
<xml><ToUserName><![CDATA[gh_994b4bf94dd3]]></ToUserName>
<FromUserName><![CDATA[o2LD4sty_ZYSNO332ofFJzRzZssk]]></FromUserName>
<CreateTime>1465835425</CreateTime>
<MsgType><![CDATA[event]]></MsgType>
<Event><![CDATA[subscribe]]></Event>
<EventKey><![CDATA[]]></EventKey>
</xml>

2016-06-14 00:30:25 params :
------------
Array:
rule : -2 ;
module :  ;
message : Array ;

2016-06-14 00:30:25 response :
------------

2016-06-14 00:30:33 trace :
------------
String:
<xml><ToUserName><![CDATA[gh_994b4bf94dd3]]></ToUserName>
<FromUserName><![CDATA[o2LD4sty_ZYSNO332ofFJzRzZssk]]></FromUserName>
<CreateTime>1465835433</CreateTime>
<MsgType><![CDATA[event]]></MsgType>
<Event><![CDATA[VIEW]]></Event>
<EventKey><![CDATA[http://f.iseasoft.cn/app/index.php?i=12&c=entry&do=member&m=sea]]></EventKey>
<MenuId>404425138</MenuId>
</xml>

2016-06-14 00:30:33 params :
------------
Array:
rule : -2 ;
module :  ;
message : Array ;

2016-06-14 00:30:33 response :
------------

2016-06-14 00:30:59 trace :
------------
String:
<xml><ToUserName><![CDATA[gh_994b4bf94dd3]]></ToUserName>
<FromUserName><![CDATA[o2LD4sty_ZYSNO332ofFJzRzZssk]]></FromUserName>
<CreateTime>1465835459</CreateTime>
<MsgType><![CDATA[event]]></MsgType>
<Event><![CDATA[VIEW]]></Event>
<EventKey><![CDATA[http://f.iseasoft.cn/app/index.php?i=12&c=entry&do=member&m=sea]]></EventKey>
<MenuId>404425138</MenuId>
</xml>

2016-06-14 00:30:59 params :
------------
Array:
rule : -2 ;
module :  ;
message : Array ;

2016-06-14 00:30:59 response :
------------

2016-06-14 00:32:28 trace :
------------
String:
<xml><ToUserName><![CDATA[gh_994b4bf94dd3]]></ToUserName>
<FromUserName><![CDATA[o2LD4sty_ZYSNO332ofFJzRzZssk]]></FromUserName>
<CreateTime>1465835548</CreateTime>
<MsgType><![CDATA[event]]></MsgType>
<Event><![CDATA[VIEW]]></Event>
<EventKey><![CDATA[http://wfx.iseasoft.cn/app/index.php?i=2&j=2&c=entry&id=5&do=detail&m=news&wxref=mp.weixin.qq.com&u=1]]></EventKey>
<MenuId>404425138</MenuId>
</xml>

2016-06-14 00:32:28 params :
------------
Array:
rule : -2 ;
module :  ;
message : Array ;

2016-06-14 00:32:28 response :
------------

2016-06-14 00:32:32 trace :
------------
String:
<xml><ToUserName><![CDATA[gh_994b4bf94dd3]]></ToUserName>
<FromUserName><![CDATA[o2LD4sty_ZYSNO332ofFJzRzZssk]]></FromUserName>
<CreateTime>1465835552</CreateTime>
<MsgType><![CDATA[event]]></MsgType>
<Event><![CDATA[VIEW]]></Event>
<EventKey><![CDATA[http://f.iseasoft.cn/app/index.php?i=12&c=entry&do=member&m=sea]]></EventKey>
<MenuId>404425138</MenuId>
</xml>

2016-06-14 00:32:32 params :
------------
Array:
rule : -2 ;
module :  ;
message : Array ;

2016-06-14 00:32:32 response :
------------

2016-06-14 00:32:40 trace :
------------
String:
<xml><ToUserName><![CDATA[gh_994b4bf94dd3]]></ToUserName>
<FromUserName><![CDATA[o2LD4sty_ZYSNO332ofFJzRzZssk]]></FromUserName>
<CreateTime>1465835560</CreateTime>
<MsgType><![CDATA[event]]></MsgType>
<Event><![CDATA[VIEW]]></Event>
<EventKey><![CDATA[http://wfx.iseasoft.cn/app/index.php?i=2&j=2&c=entry&id=5&do=detail&m=news&wxref=mp.weixin.qq.com&u=1]]></EventKey>
<MenuId>404425138</MenuId>
</xml>

2016-06-14 00:32:40 params :
------------
Array:
rule : -2 ;
module :  ;
message : Array ;

2016-06-14 00:32:40 response :
------------

2016-06-14 08:59:09 trace :
------------
String:
<xml><ToUserName><![CDATA[gh_994b4bf94dd3]]></ToUserName>
<FromUserName><![CDATA[o2LD4suEc1P6Io6rAI71zUB2k1ZI]]></FromUserName>
<CreateTime>1465865948</CreateTime>
<MsgType><![CDATA[text]]></MsgType>
<Content><![CDATA[321]]></Content>
<MsgId>6295846307384488718</MsgId>
</xml>

2016-06-14 08:59:09 params :
------------
Array:
message : Array ;
module : cover ;
rule : 104 ;
priority : 0 ;
keyword : Array ;

2016-06-14 08:59:09 response :
------------
Array:
FromUserName : gh_994b4bf94dd3 ;
ToUserName : o2LD4suEc1P6Io6rAI71zUB2k1ZI ;
MsgType : news ;
ArticleCount : 1 ;
Articles : Array ;

2016-06-14 09:04:02 trace :
------------
String:
<xml><ToUserName><![CDATA[gh_994b4bf94dd3]]></ToUserName>
<FromUserName><![CDATA[o2LD4suEc1P6Io6rAI71zUB2k1ZI]]></FromUserName>
<CreateTime>1465866242</CreateTime>
<MsgType><![CDATA[event]]></MsgType>
<Event><![CDATA[VIEW]]></Event>
<EventKey><![CDATA[http://f.iseasoft.cn/app/index.php?i=12&c=entry&do=shop&m=sea]]></EventKey>
<MenuId>404425138</MenuId>
</xml>

2016-06-14 09:04:02 params :
------------
Array:
rule : -2 ;
module :  ;
message : Array ;

2016-06-14 09:04:02 response :
------------

2016-06-14 09:04:15 trace :
------------
String:
<xml><ToUserName><![CDATA[gh_ce84963696ea]]></ToUserName>
<FromUserName><![CDATA[ogOo_wGf6_CFdhA7Zwi221zROAZI]]></FromUserName>
<CreateTime>1465866255</CreateTime>
<MsgType><![CDATA[event]]></MsgType>
<Event><![CDATA[CLICK]]></Event>
<EventKey><![CDATA[联系我们]]></EventKey>
</xml>

2016-06-14 09:04:15 params :
------------
Array:
message : Array ;
module : news ;
rule : 84 ;
priority : 0 ;
keyword : Array ;

2016-06-14 09:04:15 response :
------------
Array:
FromUserName : gh_ce84963696ea ;
ToUserName : ogOo_wGf6_CFdhA7Zwi221zROAZI ;
MsgType : news ;
ArticleCount : 1 ;
Articles : Array ;

2016-06-14 09:05:07 trace :
------------
String:
<xml><ToUserName><![CDATA[gh_ce84963696ea]]></ToUserName>
<FromUserName><![CDATA[ogOo_wGf6_CFdhA7Zwi221zROAZI]]></FromUserName>
<CreateTime>1465866307</CreateTime>
<MsgType><![CDATA[event]]></MsgType>
<Event><![CDATA[VIEW]]></Event>
<EventKey><![CDATA[http://f.iseasoft.cn/app/index.php?i=9&c=entry&eid=1226]]></EventKey>
<MenuId>409870668</MenuId>
</xml>

2016-06-14 09:05:07 params :
------------
Array:
message : Array ;
module : basic ;
rule : 81 ;
priority : 0 ;
keyword : Array ;

2016-06-14 09:05:07 response :
------------
Array:
FromUserName : gh_ce84963696ea ;
ToUserName : ogOo_wGf6_CFdhA7Zwi221zROAZI ;
MsgType : text ;
Content : 欢迎关注昵多丽环保家居官方微信，系统正在完善中，更多精彩，敬请期待…… ;

2016-06-14 09:05:07 trace :
------------
String:
<xml><ToUserName><![CDATA[gh_994b4bf94dd3]]></ToUserName>
<FromUserName><![CDATA[o2LD4shThRbyBU3co1sSpVrfuk7c]]></FromUserName>
<CreateTime>1465866307</CreateTime>
<MsgType><![CDATA[text]]></MsgType>
<Content><![CDATA[321]]></Content>
<MsgId>6295847849277747984</MsgId>
</xml>

2016-06-14 09:05:07 params :
------------
Array:
message : Array ;
module : cover ;
rule : 104 ;
priority : 0 ;
keyword : Array ;

2016-06-14 09:05:07 response :
------------
Array:
FromUserName : gh_994b4bf94dd3 ;
ToUserName : o2LD4shThRbyBU3co1sSpVrfuk7c ;
MsgType : news ;
ArticleCount : 1 ;
Articles : Array ;

2016-06-14 09:09:26 trace :
------------
String:
<xml><ToUserName><![CDATA[gh_994b4bf94dd3]]></ToUserName>
<FromUserName><![CDATA[o2LD4sty_ZYSNO332ofFJzRzZssk]]></FromUserName>
<CreateTime>1465866566</CreateTime>
<MsgType><![CDATA[event]]></MsgType>
<Event><![CDATA[VIEW]]></Event>
<EventKey><![CDATA[http://f.iseasoft.cn/app/index.php?i=12&c=entry&do=shop&m=sea]]></EventKey>
<MenuId>404425138</MenuId>
</xml>

2016-06-14 09:09:26 params :
------------
Array:
rule : -2 ;
module :  ;
message : Array ;

2016-06-14 09:09:26 response :
------------

2016-06-14 09:12:30 trace :
------------
String:
<xml><ToUserName><![CDATA[gh_ce84963696ea]]></ToUserName>
<FromUserName><![CDATA[ogOo_wGf6_CFdhA7Zwi221zROAZI]]></FromUserName>
<CreateTime>1465866750</CreateTime>
<MsgType><![CDATA[event]]></MsgType>
<Event><![CDATA[CLICK]]></Event>
<EventKey><![CDATA[联系我们]]></EventKey>
</xml>

2016-06-14 09:12:30 params :
------------
Array:
message : Array ;
module : news ;
rule : 84 ;
priority : 0 ;
keyword : Array ;

2016-06-14 09:12:30 response :
------------
Array:
FromUserName : gh_ce84963696ea ;
ToUserName : ogOo_wGf6_CFdhA7Zwi221zROAZI ;
MsgType : news ;
ArticleCount : 1 ;
Articles : Array ;

2016-06-14 09:12:57 trace :
------------
String:
<xml><ToUserName><![CDATA[gh_994b4bf94dd3]]></ToUserName>
<FromUserName><![CDATA[o2LD4sty_ZYSNO332ofFJzRzZssk]]></FromUserName>
<CreateTime>1465866777</CreateTime>
<MsgType><![CDATA[event]]></MsgType>
<Event><![CDATA[VIEW]]></Event>
<EventKey><![CDATA[http://wfx.iseasoft.cn/app/index.php?i=2&j=2&c=entry&id=7&do=detail&m=news&wxref=mp.weixin.qq.com&u=1]]></EventKey>
<MenuId>404425138</MenuId>
</xml>

2016-06-14 09:12:57 params :
------------
Array:
rule : -2 ;
module :  ;
message : Array ;

2016-06-14 09:12:57 response :
------------

2016-06-14 09:13:06 trace :
------------
String:
<xml><ToUserName><![CDATA[gh_994b4bf94dd3]]></ToUserName>
<FromUserName><![CDATA[o2LD4sty_ZYSNO332ofFJzRzZssk]]></FromUserName>
<CreateTime>1465866786</CreateTime>
<MsgType><![CDATA[event]]></MsgType>
<Event><![CDATA[VIEW]]></Event>
<EventKey><![CDATA[http://wfx.iseasoft.cn/app/index.php?i=2&j=2&c=entry&id=5&do=detail&m=news&wxref=mp.weixin.qq.com&u=1]]></EventKey>
<MenuId>404425138</MenuId>
</xml>

2016-06-14 09:13:06 params :
------------
Array:
rule : -2 ;
module :  ;
message : Array ;

2016-06-14 09:13:06 response :
------------

2016-06-14 09:13:13 trace :
------------
String:
<xml><ToUserName><![CDATA[gh_994b4bf94dd3]]></ToUserName>
<FromUserName><![CDATA[o2LD4sty_ZYSNO332ofFJzRzZssk]]></FromUserName>
<CreateTime>1465866793</CreateTime>
<MsgType><![CDATA[event]]></MsgType>
<Event><![CDATA[VIEW]]></Event>
<EventKey><![CDATA[http://f.iseasoft.cn/app/index.php?i=12&c=entry&do=shop&m=sea]]></EventKey>
<MenuId>404425138</MenuId>
</xml>

2016-06-14 09:13:13 params :
------------
Array:
rule : -2 ;
module :  ;
message : Array ;

2016-06-14 09:13:13 response :
------------

2016-06-14 09:13:19 trace :
------------
String:
<xml><ToUserName><![CDATA[gh_994b4bf94dd3]]></ToUserName>
<FromUserName><![CDATA[o2LD4sty_ZYSNO332ofFJzRzZssk]]></FromUserName>
<CreateTime>1465866799</CreateTime>
<MsgType><![CDATA[event]]></MsgType>
<Event><![CDATA[VIEW]]></Event>
<EventKey><![CDATA[http://f.iseasoft.cn/app/index.php?i=12&c=entry&p=commission&m=sea&do=plugin]]></EventKey>
<MenuId>404425138</MenuId>
</xml>

2016-06-14 09:13:19 params :
------------
Array:
rule : -2 ;
module :  ;
message : Array ;

2016-06-14 09:13:19 response :
------------

2016-06-14 09:16:02 trace :
------------
String:
<xml><ToUserName><![CDATA[gh_ce84963696ea]]></ToUserName>
<FromUserName><![CDATA[ogOo_wGf6_CFdhA7Zwi221zROAZI]]></FromUserName>
<CreateTime>1465866962</CreateTime>
<MsgType><![CDATA[event]]></MsgType>
<Event><![CDATA[CLICK]]></Event>
<EventKey><![CDATA[联系我们]]></EventKey>
</xml>

2016-06-14 09:16:02 params :
------------
Array:
message : Array ;
module : news ;
rule : 84 ;
priority : 0 ;
keyword : Array ;

2016-06-14 09:16:02 response :
------------
Array:
FromUserName : gh_ce84963696ea ;
ToUserName : ogOo_wGf6_CFdhA7Zwi221zROAZI ;
MsgType : news ;
ArticleCount : 1 ;
Articles : Array ;

2016-06-14 09:51:52 trace :
------------
String:
<xml><ToUserName><![CDATA[gh_994b4bf94dd3]]></ToUserName>
<FromUserName><![CDATA[o2LD4sgtoYhshexvJG8X9WWYjX64]]></FromUserName>
<CreateTime>1465869112</CreateTime>
<MsgType><![CDATA[text]]></MsgType>
<Content><![CDATA[一元夺宝]]></Content>
<MsgId>6295859896661013268</MsgId>
</xml>

2016-06-14 09:51:52 params :
------------
Array:
rule : -2 ;
module :  ;
message : Array ;

2016-06-14 09:51:52 response :
------------

2016-06-14 09:52:03 trace :
------------
String:
<xml><ToUserName><![CDATA[gh_994b4bf94dd3]]></ToUserName>
<FromUserName><![CDATA[o2LD4sgtoYhshexvJG8X9WWYjX64]]></FromUserName>
<CreateTime>1465869123</CreateTime>
<MsgType><![CDATA[event]]></MsgType>
<Event><![CDATA[VIEW]]></Event>
<EventKey><![CDATA[http://f.iseasoft.cn/app/index.php?i=12&c=entry&do=shop&m=sea]]></EventKey>
<MenuId>404425138</MenuId>
</xml>

2016-06-14 09:52:03 params :
------------
Array:
rule : -2 ;
module :  ;
message : Array ;

2016-06-14 09:52:03 response :
------------

2016-06-14 09:55:41 trace :
------------
String:
<xml><ToUserName><![CDATA[gh_173b187cfb81]]></ToUserName>
<FromUserName><![CDATA[ocu1wwVR36UlfY6DOSql28Q5E5j0]]></FromUserName>
<CreateTime>1465869340</CreateTime>
<MsgType><![CDATA[event]]></MsgType>
<Event><![CDATA[VIEW]]></Event>
<EventKey><![CDATA[http://f.iseasoft.cn/app/index.php?i=10&c=entry&eid=1226]]></EventKey>
<MenuId>428862708</MenuId>
</xml>

2016-06-14 09:55:41 params :
------------
Array:
message : Array ;
module : basic ;
rule : 90 ;
priority : 0 ;
keyword : Array ;

2016-06-14 09:55:41 response :
------------
Array:
FromUserName : gh_173b187cfb81 ;
ToUserName : ocu1wwVR36UlfY6DOSql28Q5E5j0 ;
MsgType : text ;
Content : 您好，欢迎来到玉田网上超市！ ;

2016-06-14 09:56:28 trace :
------------
String:
<xml><ToUserName><![CDATA[gh_173b187cfb81]]></ToUserName>
<FromUserName><![CDATA[ocu1wwWYcKPZmvKXVG1K6LBp6_O0]]></FromUserName>
<CreateTime>1465869388</CreateTime>
<MsgType><![CDATA[event]]></MsgType>
<Event><![CDATA[subscribe]]></Event>
<EventKey><![CDATA[]]></EventKey>
</xml>

2016-06-14 09:56:28 params :
------------
Array:
message : Array ;
module : basic ;
rule : 90 ;
priority : 0 ;
keyword : Array ;

2016-06-14 09:56:28 response :
------------
Array:
FromUserName : gh_173b187cfb81 ;
ToUserName : ocu1wwWYcKPZmvKXVG1K6LBp6_O0 ;
MsgType : text ;
Content : 您好，欢迎来到玉田网上超市！ ;

2016-06-14 09:56:42 trace :
------------
String:
<xml><ToUserName><![CDATA[gh_173b187cfb81]]></ToUserName>
<FromUserName><![CDATA[ocu1wwWYcKPZmvKXVG1K6LBp6_O0]]></FromUserName>
<CreateTime>1465869402</CreateTime>
<MsgType><![CDATA[event]]></MsgType>
<Event><![CDATA[VIEW]]></Event>
<EventKey><![CDATA[http://f.iseasoft.cn/app/index.php?i=10&c=entry&eid=1226]]></EventKey>
<MenuId>428862708</MenuId>
</xml>

2016-06-14 09:56:42 params :
------------
Array:
message : Array ;
module : basic ;
rule : 90 ;
priority : 0 ;
keyword : Array ;

2016-06-14 09:56:42 response :
------------
Array:
FromUserName : gh_173b187cfb81 ;
ToUserName : ocu1wwWYcKPZmvKXVG1K6LBp6_O0 ;
MsgType : text ;
Content : 您好，欢迎来到玉田网上超市！ ;

2016-06-14 10:10:31 trace :
------------
String:
<xml><ToUserName><![CDATA[gh_173b187cfb81]]></ToUserName>
<FromUserName><![CDATA[ocu1wwWYcKPZmvKXVG1K6LBp6_O0]]></FromUserName>
<CreateTime>1465870231</CreateTime>
<MsgType><![CDATA[event]]></MsgType>
<Event><![CDATA[VIEW]]></Event>
<EventKey><![CDATA[http://mp.weixin.qq.com/s?__biz=MzI0NTQwMzUwNg==&mid=100000001&idx=1&sn=c1f5d4cb7038fbcea35a9c3891e50569&scene=18#rd]]></EventKey>
<MenuId>428862708</MenuId>
</xml>

2016-06-14 10:10:31 params :
------------
Array:
message : Array ;
module : basic ;
rule : 90 ;
priority : 0 ;
keyword : Array ;

2016-06-14 10:10:31 response :
------------
Array:
FromUserName : gh_173b187cfb81 ;
ToUserName : ocu1wwWYcKPZmvKXVG1K6LBp6_O0 ;
MsgType : text ;
Content : 您好，欢迎来到玉田网上超市！ ;

2016-06-14 10:10:45 trace :
------------
String:
<xml><ToUserName><![CDATA[gh_173b187cfb81]]></ToUserName>
<FromUserName><![CDATA[ocu1wwWYcKPZmvKXVG1K6LBp6_O0]]></FromUserName>
<CreateTime>1465870245</CreateTime>
<MsgType><![CDATA[event]]></MsgType>
<Event><![CDATA[VIEW]]></Event>
<EventKey><![CDATA[http://f.iseasoft.cn/app/index.php?i=10&c=entry&eid=1226]]></EventKey>
<MenuId>428862708</MenuId>
</xml>

2016-06-14 10:10:45 params :
------------
Array:
message : Array ;
module : basic ;
rule : 90 ;
priority : 0 ;
keyword : Array ;

2016-06-14 10:10:45 response :
------------
Array:
FromUserName : gh_173b187cfb81 ;
ToUserName : ocu1wwWYcKPZmvKXVG1K6LBp6_O0 ;
MsgType : text ;
Content : 您好，欢迎来到玉田网上超市！ ;

2016-06-14 10:37:09 trace :
------------
String:
<xml><ToUserName><![CDATA[gh_173b187cfb81]]></ToUserName>
<FromUserName><![CDATA[ocu1wwccTySBfYI7e-dtDN57uF24]]></FromUserName>
<CreateTime>1465871829</CreateTime>
<MsgType><![CDATA[event]]></MsgType>
<Event><![CDATA[subscribe]]></Event>
<EventKey><![CDATA[]]></EventKey>
</xml>

2016-06-14 10:37:10 params :
------------
Array:
message : Array ;
module : basic ;
rule : 90 ;
priority : 0 ;
keyword : Array ;

2016-06-14 10:37:10 response :
------------
Array:
FromUserName : gh_173b187cfb81 ;
ToUserName : ocu1wwccTySBfYI7e-dtDN57uF24 ;
MsgType : text ;
Content : 您好，欢迎来到玉田网上超市！ ;

2016-06-14 10:37:13 trace :
------------
String:
<xml><ToUserName><![CDATA[gh_173b187cfb81]]></ToUserName>
<FromUserName><![CDATA[ocu1wwccTySBfYI7e-dtDN57uF24]]></FromUserName>
<CreateTime>1465871833</CreateTime>
<MsgType><![CDATA[event]]></MsgType>
<Event><![CDATA[VIEW]]></Event>
<EventKey><![CDATA[http://f.iseasoft.cn/app/index.php?i=10&c=entry&eid=1226]]></EventKey>
<MenuId>428862708</MenuId>
</xml>

2016-06-14 10:37:13 params :
------------
Array:
message : Array ;
module : basic ;
rule : 90 ;
priority : 0 ;
keyword : Array ;

2016-06-14 10:37:13 response :
------------
Array:
FromUserName : gh_173b187cfb81 ;
ToUserName : ocu1wwccTySBfYI7e-dtDN57uF24 ;
MsgType : text ;
Content : 您好，欢迎来到玉田网上超市！ ;

2016-06-14 10:38:29 trace :
------------
String:
<xml><ToUserName><![CDATA[gh_ce84963696ea]]></ToUserName>
<FromUserName><![CDATA[ogOo_wF2K7O6lV2R0OBm1r08QJAg]]></FromUserName>
<CreateTime>1465871909</CreateTime>
<MsgType><![CDATA[event]]></MsgType>
<Event><![CDATA[VIEW]]></Event>
<EventKey><![CDATA[http://f.iseasoft.cn/app/index.php?i=9&c=entry&eid=1226]]></EventKey>
<MenuId>409870668</MenuId>
</xml>

2016-06-14 10:38:29 params :
------------
Array:
message : Array ;
module : basic ;
rule : 81 ;
priority : 0 ;
keyword : Array ;

2016-06-14 10:38:29 response :
------------
Array:
FromUserName : gh_ce84963696ea ;
ToUserName : ogOo_wF2K7O6lV2R0OBm1r08QJAg ;
MsgType : text ;
Content : 欢迎关注昵多丽环保家居官方微信，系统正在完善中，更多精彩，敬请期待…… ;

2016-06-14 11:07:49 trace :
------------
String:
<xml><ToUserName><![CDATA[gh_173b187cfb81]]></ToUserName>
<FromUserName><![CDATA[ocu1wwYhy3SkF_oFr0EnpXKWOqqw]]></FromUserName>
<CreateTime>1465873669</CreateTime>
<MsgType><![CDATA[event]]></MsgType>
<Event><![CDATA[VIEW]]></Event>
<EventKey><![CDATA[http://f.iseasoft.cn/app/index.php?i=10&c=entry&eid=1226]]></EventKey>
<MenuId>428862708</MenuId>
</xml>

2016-06-14 11:07:49 params :
------------
Array:
message : Array ;
module : basic ;
rule : 90 ;
priority : 0 ;
keyword : Array ;

2016-06-14 11:07:49 response :
------------
Array:
FromUserName : gh_173b187cfb81 ;
ToUserName : ocu1wwYhy3SkF_oFr0EnpXKWOqqw ;
MsgType : text ;
Content : 您好，欢迎来到玉田网上超市！ ;

2016-06-14 11:08:01 trace :
------------
String:
<xml><ToUserName><![CDATA[gh_173b187cfb81]]></ToUserName>
<FromUserName><![CDATA[ocu1wwYhy3SkF_oFr0EnpXKWOqqw]]></FromUserName>
<CreateTime>1465873681</CreateTime>
<MsgType><![CDATA[event]]></MsgType>
<Event><![CDATA[VIEW]]></Event>
<EventKey><![CDATA[http://f.iseasoft.cn/app/index.php?i=10&c=entry&eid=1226]]></EventKey>
<MenuId>428862708</MenuId>
</xml>

2016-06-14 11:08:01 params :
------------
Array:
message : Array ;
module : basic ;
rule : 90 ;
priority : 0 ;
keyword : Array ;

2016-06-14 11:08:01 response :
------------
Array:
FromUserName : gh_173b187cfb81 ;
ToUserName : ocu1wwYhy3SkF_oFr0EnpXKWOqqw ;
MsgType : text ;
Content : 您好，欢迎来到玉田网上超市！ ;

2016-06-14 11:35:20 trace :
------------
String:
<xml><ToUserName><![CDATA[gh_994b4bf94dd3]]></ToUserName>
<FromUserName><![CDATA[o2LD4ss2LrF4ziq79_VrFpKoYPT8]]></FromUserName>
<CreateTime>1465875320</CreateTime>
<MsgType><![CDATA[event]]></MsgType>
<Event><![CDATA[subscribe]]></Event>
<EventKey><![CDATA[]]></EventKey>
</xml>

2016-06-14 11:35:20 params :
------------
Array:
rule : -2 ;
module :  ;
message : Array ;

2016-06-14 11:35:20 response :
------------

2016-06-14 11:35:42 trace :
------------
String:
<xml><ToUserName><![CDATA[gh_994b4bf94dd3]]></ToUserName>
<FromUserName><![CDATA[o2LD4ss2LrF4ziq79_VrFpKoYPT8]]></FromUserName>
<CreateTime>1465875342</CreateTime>
<MsgType><![CDATA[event]]></MsgType>
<Event><![CDATA[VIEW]]></Event>
<EventKey><![CDATA[http://f.iseasoft.cn/app/index.php?i=12&c=entry&do=shop&m=sea]]></EventKey>
<MenuId>404425138</MenuId>
</xml>

2016-06-14 11:35:42 params :
------------
Array:
rule : -2 ;
module :  ;
message : Array ;

2016-06-14 11:35:42 response :
------------

2016-06-14 11:36:23 trace :
------------
String:
<xml><ToUserName><![CDATA[gh_994b4bf94dd3]]></ToUserName>
<FromUserName><![CDATA[o2LD4ss2LrF4ziq79_VrFpKoYPT8]]></FromUserName>
<CreateTime>1465875383</CreateTime>
<MsgType><![CDATA[event]]></MsgType>
<Event><![CDATA[VIEW]]></Event>
<EventKey><![CDATA[http://f.iseasoft.cn/app/index.php?i=12&c=entry&do=shop&m=sea]]></EventKey>
<MenuId>404425138</MenuId>
</xml>

2016-06-14 11:36:23 params :
------------
Array:
rule : -2 ;
module :  ;
message : Array ;

2016-06-14 11:36:23 response :
------------

2016-06-14 11:39:33 trace :
------------
String:
<xml><ToUserName><![CDATA[gh_994b4bf94dd3]]></ToUserName>
<FromUserName><![CDATA[o2LD4ss2LrF4ziq79_VrFpKoYPT8]]></FromUserName>
<CreateTime>1465875573</CreateTime>
<MsgType><![CDATA[event]]></MsgType>
<Event><![CDATA[unsubscribe]]></Event>
<EventKey><![CDATA[]]></EventKey>
</xml>

2016-06-14 11:40:25 trace :
------------
String:
<xml><ToUserName><![CDATA[gh_994b4bf94dd3]]></ToUserName>
<FromUserName><![CDATA[o2LD4sss04w5D-dVciqogyw-g56I]]></FromUserName>
<CreateTime>1465875625</CreateTime>
<MsgType><![CDATA[text]]></MsgType>
<Content><![CDATA[夺宝]]></Content>
<MsgId>6295887869783012130</MsgId>
</xml>

2016-06-14 11:40:25 params :
------------
Array:
message : Array ;
module : cover ;
rule : 104 ;
priority : 0 ;
keyword : Array ;

2016-06-14 11:40:25 response :
------------
Array:
FromUserName : gh_994b4bf94dd3 ;
ToUserName : o2LD4sss04w5D-dVciqogyw-g56I ;
MsgType : news ;
ArticleCount : 1 ;
Articles : Array ;

2016-06-14 11:52:22 trace :
------------
String:
<xml><ToUserName><![CDATA[gh_ce84963696ea]]></ToUserName>
<FromUserName><![CDATA[ogOo_wGf6_CFdhA7Zwi221zROAZI]]></FromUserName>
<CreateTime>1465876342</CreateTime>
<MsgType><![CDATA[event]]></MsgType>
<Event><![CDATA[VIEW]]></Event>
<EventKey><![CDATA[http://f.iseasoft.cn/app/index.php?i=9&c=entry&p=commission&m=sea&do=plugin]]></EventKey>
<MenuId>409870668</MenuId>
</xml>

2016-06-14 11:52:22 params :
------------
Array:
message : Array ;
module : basic ;
rule : 81 ;
priority : 0 ;
keyword : Array ;

2016-06-14 11:52:22 response :
------------
Array:
FromUserName : gh_ce84963696ea ;
ToUserName : ogOo_wGf6_CFdhA7Zwi221zROAZI ;
MsgType : text ;
Content : 欢迎关注昵多丽环保家居官方微信，系统正在完善中，更多精彩，敬请期待…… ;

2016-06-14 12:11:04 trace :
------------
String:
<xml><ToUserName><![CDATA[gh_994b4bf94dd3]]></ToUserName>
<FromUserName><![CDATA[o2LD4sgtoYhshexvJG8X9WWYjX64]]></FromUserName>
<CreateTime>1465877463</CreateTime>
<MsgType><![CDATA[text]]></MsgType>
<Content><![CDATA[投票]]></Content>
<MsgId>6295895763932902183</MsgId>
</xml>

2016-06-14 12:11:04 params :
------------
Array:
message : Array ;
module : fm_photosvote ;
rule : 105 ;
priority : 0 ;
keyword : Array ;

2016-06-14 12:11:04 response :
------------
Array:
FromUserName : gh_994b4bf94dd3 ;
ToUserName : o2LD4sgtoYhshexvJG8X9WWYjX64 ;
MsgType : news ;
ArticleCount : 1 ;
Articles : Array ;

2016-06-14 12:19:35 trace :
------------
String:
<xml><ToUserName><![CDATA[gh_994b4bf94dd3]]></ToUserName>
<FromUserName><![CDATA[o2LD4sgtoYhshexvJG8X9WWYjX64]]></FromUserName>
<CreateTime>1465877975</CreateTime>
<MsgType><![CDATA[text]]></MsgType>
<Content><![CDATA[投票]]></Content>
<MsgId>6295897962956157741</MsgId>
</xml>

2016-06-14 12:19:35 params :
------------
Array:
message : Array ;
module : fm_photosvote ;
rule : 105 ;
priority : 0 ;
keyword : Array ;

2016-06-14 12:19:35 response :
------------
Array:
FromUserName : gh_994b4bf94dd3 ;
ToUserName : o2LD4sgtoYhshexvJG8X9WWYjX64 ;
MsgType : news ;
ArticleCount : 1 ;
Articles : Array ;

2016-06-14 12:34:04 trace :
------------
String:
<xml><ToUserName><![CDATA[gh_ce84963696ea]]></ToUserName>
<FromUserName><![CDATA[ogOo_wPerG_O1WiQBEfg2BFp4QQw]]></FromUserName>
<CreateTime>1465878843</CreateTime>
<MsgType><![CDATA[event]]></MsgType>
<Event><![CDATA[subscribe]]></Event>
<EventKey><![CDATA[]]></EventKey>
</xml>

2016-06-14 12:34:04 params :
------------
Array:
message : Array ;
module : basic ;
rule : 81 ;
priority : 0 ;
keyword : Array ;

2016-06-14 12:34:04 response :
------------
Array:
FromUserName : gh_ce84963696ea ;
ToUserName : ogOo_wPerG_O1WiQBEfg2BFp4QQw ;
MsgType : text ;
Content : 欢迎关注昵多丽环保家居官方微信，系统正在完善中，更多精彩，敬请期待…… ;

2016-06-14 12:34:09 trace :
------------
String:
<xml><ToUserName><![CDATA[gh_ce84963696ea]]></ToUserName>
<FromUserName><![CDATA[ogOo_wPerG_O1WiQBEfg2BFp4QQw]]></FromUserName>
<CreateTime>1465878849</CreateTime>
<MsgType><![CDATA[event]]></MsgType>
<Event><![CDATA[VIEW]]></Event>
<EventKey><![CDATA[http://f.iseasoft.cn/app/index.php?i=9&c=entry&eid=1226]]></EventKey>
<MenuId>409870668</MenuId>
</xml>

2016-06-14 12:34:09 params :
------------
Array:
message : Array ;
module : basic ;
rule : 81 ;
priority : 0 ;
keyword : Array ;

2016-06-14 12:34:09 response :
------------
Array:
FromUserName : gh_ce84963696ea ;
ToUserName : ogOo_wPerG_O1WiQBEfg2BFp4QQw ;
MsgType : text ;
Content : 欢迎关注昵多丽环保家居官方微信，系统正在完善中，更多精彩，敬请期待…… ;

2016-06-14 14:14:44 trace :
------------
String:
<xml><ToUserName><![CDATA[gh_994b4bf94dd3]]></ToUserName>
<FromUserName><![CDATA[o2LD4sgtoYhshexvJG8X9WWYjX64]]></FromUserName>
<CreateTime>1465884884</CreateTime>
<MsgType><![CDATA[text]]></MsgType>
<Content><![CDATA[夺宝]]></Content>
<MsgId>6295927636885205814</MsgId>
</xml>

2016-06-14 14:14:44 params :
------------
Array:
message : Array ;
module : cover ;
rule : 104 ;
priority : 0 ;
keyword : Array ;

2016-06-14 14:14:44 response :
------------
Array:
FromUserName : gh_994b4bf94dd3 ;
ToUserName : o2LD4sgtoYhshexvJG8X9WWYjX64 ;
MsgType : news ;
ArticleCount : 1 ;
Articles : Array ;

2016-06-14 14:51:46 trace :
------------
String:
<xml><ToUserName><![CDATA[gh_173b187cfb81]]></ToUserName>
<FromUserName><![CDATA[ocu1wwYhy3SkF_oFr0EnpXKWOqqw]]></FromUserName>
<CreateTime>1465887106</CreateTime>
<MsgType><![CDATA[event]]></MsgType>
<Event><![CDATA[VIEW]]></Event>
<EventKey><![CDATA[http://f.iseasoft.cn/app/index.php?i=10&c=entry&eid=1226]]></EventKey>
<MenuId>428862708</MenuId>
</xml>

2016-06-14 14:51:46 params :
------------
Array:
message : Array ;
module : basic ;
rule : 90 ;
priority : 0 ;
keyword : Array ;

2016-06-14 14:51:46 response :
------------
Array:
FromUserName : gh_173b187cfb81 ;
ToUserName : ocu1wwYhy3SkF_oFr0EnpXKWOqqw ;
MsgType : text ;
Content : 您好，欢迎来到玉田网上超市！ ;

2016-06-14 14:58:58 trace :
------------
String:
<xml><ToUserName><![CDATA[gh_173b187cfb81]]></ToUserName>
<FromUserName><![CDATA[ocu1wwdOCC2O8Voq_pFet4IzmYSk]]></FromUserName>
<CreateTime>1465887538</CreateTime>
<MsgType><![CDATA[event]]></MsgType>
<Event><![CDATA[VIEW]]></Event>
<EventKey><![CDATA[http://f.iseasoft.cn/app/index.php?i=10&c=entry&eid=1226]]></EventKey>
<MenuId>428862708</MenuId>
</xml>

2016-06-14 14:58:58 params :
------------
Array:
message : Array ;
module : basic ;
rule : 90 ;
priority : 0 ;
keyword : Array ;

2016-06-14 14:58:58 response :
------------
Array:
FromUserName : gh_173b187cfb81 ;
ToUserName : ocu1wwdOCC2O8Voq_pFet4IzmYSk ;
MsgType : text ;
Content : 您好，欢迎来到玉田网上超市！ ;

2016-06-14 15:15:02 trace :
------------
String:
<xml><ToUserName><![CDATA[gh_994b4bf94dd3]]></ToUserName>
<FromUserName><![CDATA[o2LD4sm4DklmtcSZ9qlVD8ASvPzo]]></FromUserName>
<CreateTime>1465888502</CreateTime>
<MsgType><![CDATA[event]]></MsgType>
<Event><![CDATA[subscribe]]></Event>
<EventKey><![CDATA[]]></EventKey>
</xml>

2016-06-14 15:15:02 params :
------------
Array:
rule : -2 ;
module :  ;
message : Array ;

2016-06-14 15:15:02 response :
------------

2016-06-14 15:15:10 trace :
------------
String:
<xml><ToUserName><![CDATA[gh_994b4bf94dd3]]></ToUserName>
<FromUserName><![CDATA[o2LD4sm4DklmtcSZ9qlVD8ASvPzo]]></FromUserName>
<CreateTime>1465888510</CreateTime>
<MsgType><![CDATA[event]]></MsgType>
<Event><![CDATA[VIEW]]></Event>
<EventKey><![CDATA[http://f.iseasoft.cn/app/index.php?i=12&c=entry&do=shop&m=sea]]></EventKey>
<MenuId>404425138</MenuId>
</xml>

2016-06-14 15:15:10 params :
------------
Array:
rule : -2 ;
module :  ;
message : Array ;

2016-06-14 15:15:10 response :
------------

2016-06-14 16:33:09 trace :
------------
String:
<xml><ToUserName><![CDATA[gh_9ef36f25dc50]]></ToUserName>
<FromUserName><![CDATA[oN38-wRM03ScICuQjgmiwPX9IK-o]]></FromUserName>
<CreateTime>1465893189</CreateTime>
<MsgType><![CDATA[event]]></MsgType>
<Event><![CDATA[subscribe]]></Event>
<EventKey><![CDATA[]]></EventKey>
</xml>

2016-06-14 16:33:09 params :
------------
Array:
message : Array ;
module : basic ;
rule : 79 ;
priority : 0 ;
keyword : Array ;

2016-06-14 16:33:09 response :
------------
Array:
FromUserName : gh_9ef36f25dc50 ;
ToUserName : oN38-wRM03ScICuQjgmiwPX9IK-o ;
MsgType : text ;
Content : 欢迎您的关注！！！ ;

2016-06-14 16:33:26 trace :
------------
String:
<xml><ToUserName><![CDATA[gh_9ef36f25dc50]]></ToUserName>
<FromUserName><![CDATA[oN38-wRM03ScICuQjgmiwPX9IK-o]]></FromUserName>
<CreateTime>1465893206</CreateTime>
<MsgType><![CDATA[event]]></MsgType>
<Event><![CDATA[VIEW]]></Event>
<EventKey><![CDATA[http://wfx.iseasoft.cn/app/index.php?i=51&j=54&c=entry&do=shop&m=ewei_shop&wxref=mp.weixin.qq.com&wxref=mp.weixin.qq.com#wechat_redirect]]></EventKey>
<MenuId>409468597</MenuId>
</xml>

2016-06-14 16:33:26 params :
------------
Array:
rule : -2 ;
module :  ;
message : Array ;

2016-06-14 16:33:26 response :
------------

2016-06-14 16:34:43 trace :
------------
String:
<xml><ToUserName><![CDATA[gh_9ef36f25dc50]]></ToUserName>
<FromUserName><![CDATA[oN38-wRM03ScICuQjgmiwPX9IK-o]]></FromUserName>
<CreateTime>1465893283</CreateTime>
<MsgType><![CDATA[event]]></MsgType>
<Event><![CDATA[VIEW]]></Event>
<EventKey><![CDATA[http://www.iseasoft.cn/about/?21.html]]></EventKey>
<MenuId>409468597</MenuId>
</xml>

2016-06-14 16:34:43 params :
------------
Array:
rule : -2 ;
module :  ;
message : Array ;

2016-06-14 16:34:43 response :
------------

2016-06-14 16:36:39 trace :
------------
String:
<xml><ToUserName><![CDATA[gh_9ef36f25dc50]]></ToUserName>
<FromUserName><![CDATA[oN38-wRM03ScICuQjgmiwPX9IK-o]]></FromUserName>
<CreateTime>1465893399</CreateTime>
<MsgType><![CDATA[event]]></MsgType>
<Event><![CDATA[unsubscribe]]></Event>
<EventKey><![CDATA[]]></EventKey>
</xml>

2016-06-14 16:40:43 trace :
------------
String:
<xml><ToUserName><![CDATA[gh_173b187cfb81]]></ToUserName>
<FromUserName><![CDATA[ocu1wwdOCC2O8Voq_pFet4IzmYSk]]></FromUserName>
<CreateTime>1465893643</CreateTime>
<MsgType><![CDATA[event]]></MsgType>
<Event><![CDATA[VIEW]]></Event>
<EventKey><![CDATA[http://f.iseasoft.cn/app/index.php?i=10&c=entry&eid=1226]]></EventKey>
<MenuId>428862708</MenuId>
</xml>

2016-06-14 16:40:43 params :
------------
Array:
message : Array ;
module : basic ;
rule : 90 ;
priority : 0 ;
keyword : Array ;

2016-06-14 16:40:43 response :
------------
Array:
FromUserName : gh_173b187cfb81 ;
ToUserName : ocu1wwdOCC2O8Voq_pFet4IzmYSk ;
MsgType : text ;
Content : 您好，欢迎来到玉田网上超市！ ;

2016-06-14 16:54:32 trace :
------------
String:
<xml><ToUserName><![CDATA[gh_173b187cfb81]]></ToUserName>
<FromUserName><![CDATA[ocu1wwccTySBfYI7e-dtDN57uF24]]></FromUserName>
<CreateTime>1465894472</CreateTime>
<MsgType><![CDATA[event]]></MsgType>
<Event><![CDATA[VIEW]]></Event>
<EventKey><![CDATA[http://mp.weixin.qq.com/s?__biz=MzI0NTQwMzUwNg==&mid=100000001&idx=1&sn=c1f5d4cb7038fbcea35a9c3891e50569&scene=18#rd]]></EventKey>
<MenuId>428862708</MenuId>
</xml>

2016-06-14 16:54:32 params :
------------
Array:
message : Array ;
module : basic ;
rule : 90 ;
priority : 0 ;
keyword : Array ;

2016-06-14 16:54:32 response :
------------
Array:
FromUserName : gh_173b187cfb81 ;
ToUserName : ocu1wwccTySBfYI7e-dtDN57uF24 ;
MsgType : text ;
Content : 您好，欢迎来到玉田网上超市！ ;

2016-06-14 17:48:54 trace :
------------
String:
<xml><ToUserName><![CDATA[gh_173b187cfb81]]></ToUserName>
<FromUserName><![CDATA[ocu1wwS8vYqG_SoXK8jnHedASrCk]]></FromUserName>
<CreateTime>1465897734</CreateTime>
<MsgType><![CDATA[event]]></MsgType>
<Event><![CDATA[VIEW]]></Event>
<EventKey><![CDATA[http://f.iseasoft.cn/app/index.php?i=10&c=entry&eid=1226]]></EventKey>
<MenuId>428862708</MenuId>
</xml>

2016-06-14 17:48:54 params :
------------
Array:
message : Array ;
module : basic ;
rule : 90 ;
priority : 0 ;
keyword : Array ;

2016-06-14 17:48:54 response :
------------
Array:
FromUserName : gh_173b187cfb81 ;
ToUserName : ocu1wwS8vYqG_SoXK8jnHedASrCk ;
MsgType : text ;
Content : 您好，欢迎来到玉田网上超市！ ;

2016-06-14 19:28:50 trace :
------------
String:
<xml><ToUserName><![CDATA[gh_994b4bf94dd3]]></ToUserName>
<FromUserName><![CDATA[o2LD4sg7LgfSgrUki7aBetagZD_k]]></FromUserName>
<CreateTime>1465903730</CreateTime>
<MsgType><![CDATA[event]]></MsgType>
<Event><![CDATA[VIEW]]></Event>
<EventKey><![CDATA[http://f.iseasoft.cn/app/index.php?i=12&c=entry&do=member&m=sea]]></EventKey>
<MenuId>404425138</MenuId>
</xml>

2016-06-14 19:28:50 params :
------------
Array:
rule : -2 ;
module :  ;
message : Array ;

2016-06-14 19:28:50 response :
------------

2016-06-14 19:36:06 trace :
------------
String:
<xml><ToUserName><![CDATA[gh_994b4bf94dd3]]></ToUserName>
<FromUserName><![CDATA[o2LD4sg7LgfSgrUki7aBetagZD_k]]></FromUserName>
<CreateTime>1465904166</CreateTime>
<MsgType><![CDATA[event]]></MsgType>
<Event><![CDATA[VIEW]]></Event>
<EventKey><![CDATA[http://f.iseasoft.cn/app/index.php?i=12&c=entry&p=commission&m=sea&do=plugin]]></EventKey>
<MenuId>404425138</MenuId>
</xml>

2016-06-14 19:36:06 params :
------------
Array:
rule : -2 ;
module :  ;
message : Array ;

2016-06-14 19:36:06 response :
------------

2016-06-14 19:39:06 trace :
------------
String:
<xml><ToUserName><![CDATA[gh_994b4bf94dd3]]></ToUserName>
<FromUserName><![CDATA[o2LD4sg7LgfSgrUki7aBetagZD_k]]></FromUserName>
<CreateTime>1465904346</CreateTime>
<MsgType><![CDATA[event]]></MsgType>
<Event><![CDATA[VIEW]]></Event>
<EventKey><![CDATA[http://wfx.iseasoft.cn/app/index.php?i=2&j=2&c=entry&id=3&do=detail&m=news&wxref=mp.weixin.qq.com&u=1]]></EventKey>
<MenuId>404425138</MenuId>
</xml>

2016-06-14 19:39:06 params :
------------
Array:
rule : -2 ;
module :  ;
message : Array ;

2016-06-14 19:39:06 response :
------------

2016-06-14 19:39:15 trace :
------------
String:
<xml><ToUserName><![CDATA[gh_994b4bf94dd3]]></ToUserName>
<FromUserName><![CDATA[o2LD4sg7LgfSgrUki7aBetagZD_k]]></FromUserName>
<CreateTime>1465904355</CreateTime>
<MsgType><![CDATA[event]]></MsgType>
<Event><![CDATA[VIEW]]></Event>
<EventKey><![CDATA[http://wfx.iseasoft.cn/app/index.php?i=2&j=2&c=entry&id=4&do=detail&m=news&wxref=mp.weixin.qq.com&u=1]]></EventKey>
<MenuId>404425138</MenuId>
</xml>

2016-06-14 19:39:15 params :
------------
Array:
rule : -2 ;
module :  ;
message : Array ;

2016-06-14 19:39:15 response :
------------

2016-06-14 19:39:21 trace :
------------
String:
<xml><ToUserName><![CDATA[gh_994b4bf94dd3]]></ToUserName>
<FromUserName><![CDATA[o2LD4sg7LgfSgrUki7aBetagZD_k]]></FromUserName>
<CreateTime>1465904361</CreateTime>
<MsgType><![CDATA[event]]></MsgType>
<Event><![CDATA[VIEW]]></Event>
<EventKey><![CDATA[http://wfx.iseasoft.cn/app/index.php?i=2&j=2&c=entry&id=5&do=detail&m=news&wxref=mp.weixin.qq.com&u=1]]></EventKey>
<MenuId>404425138</MenuId>
</xml>

2016-06-14 19:39:21 params :
------------
Array:
rule : -2 ;
module :  ;
message : Array ;

2016-06-14 19:39:21 response :
------------

2016-06-14 19:39:27 trace :
------------
String:
<xml><ToUserName><![CDATA[gh_994b4bf94dd3]]></ToUserName>
<FromUserName><![CDATA[o2LD4sg7LgfSgrUki7aBetagZD_k]]></FromUserName>
<CreateTime>1465904367</CreateTime>
<MsgType><![CDATA[event]]></MsgType>
<Event><![CDATA[VIEW]]></Event>
<EventKey><![CDATA[http://wfx.iseasoft.cn/app/index.php?i=2&j=2&c=entry&id=6&do=detail&m=news&wxref=mp.weixin.qq.com&u=1]]></EventKey>
<MenuId>404425138</MenuId>
</xml>

2016-06-14 19:39:27 params :
------------
Array:
rule : -2 ;
module :  ;
message : Array ;

2016-06-14 19:39:27 response :
------------

2016-06-14 20:25:29 trace :
------------
String:
<xml><ToUserName><![CDATA[gh_173b187cfb81]]></ToUserName>
<FromUserName><![CDATA[ocu1wwZRBi7SteASRR5qfd-7v2Ks]]></FromUserName>
<CreateTime>1465907129</CreateTime>
<MsgType><![CDATA[event]]></MsgType>
<Event><![CDATA[VIEW]]></Event>
<EventKey><![CDATA[http://f.iseasoft.cn/app/index.php?i=10&c=entry&eid=1226]]></EventKey>
<MenuId>428862708</MenuId>
</xml>

2016-06-14 20:25:29 params :
------------
Array:
message : Array ;
module : basic ;
rule : 90 ;
priority : 0 ;
keyword : Array ;

2016-06-14 20:25:29 response :
------------
Array:
FromUserName : gh_173b187cfb81 ;
ToUserName : ocu1wwZRBi7SteASRR5qfd-7v2Ks ;
MsgType : text ;
Content : 您好，欢迎来到玉田网上超市！ ;

2016-06-14 20:28:52 trace :
------------
String:
<xml><ToUserName><![CDATA[gh_173b187cfb81]]></ToUserName>
<FromUserName><![CDATA[ocu1wwZRBi7SteASRR5qfd-7v2Ks]]></FromUserName>
<CreateTime>1465907332</CreateTime>
<MsgType><![CDATA[event]]></MsgType>
<Event><![CDATA[VIEW]]></Event>
<EventKey><![CDATA[http://f.iseasoft.cn/app/index.php?i=10&c=entry&eid=1226]]></EventKey>
<MenuId>428862708</MenuId>
</xml>

2016-06-14 20:28:52 params :
------------
Array:
message : Array ;
module : basic ;
rule : 90 ;
priority : 0 ;
keyword : Array ;

2016-06-14 20:28:52 response :
------------
Array:
FromUserName : gh_173b187cfb81 ;
ToUserName : ocu1wwZRBi7SteASRR5qfd-7v2Ks ;
MsgType : text ;
Content : 您好，欢迎来到玉田网上超市！ ;

2016-06-14 20:32:37 trace :
------------
String:
<xml><ToUserName><![CDATA[gh_173b187cfb81]]></ToUserName>
<FromUserName><![CDATA[ocu1wwZRBi7SteASRR5qfd-7v2Ks]]></FromUserName>
<CreateTime>1465907557</CreateTime>
<MsgType><![CDATA[event]]></MsgType>
<Event><![CDATA[VIEW]]></Event>
<EventKey><![CDATA[http://f.iseasoft.cn/app/index.php?i=10&c=entry&eid=1226]]></EventKey>
<MenuId>428862708</MenuId>
</xml>

2016-06-14 20:32:37 params :
------------
Array:
message : Array ;
module : basic ;
rule : 90 ;
priority : 0 ;
keyword : Array ;

2016-06-14 20:32:37 response :
------------
Array:
FromUserName : gh_173b187cfb81 ;
ToUserName : ocu1wwZRBi7SteASRR5qfd-7v2Ks ;
MsgType : text ;
Content : 您好，欢迎来到玉田网上超市！ ;

2016-06-14 20:32:47 trace :
------------
String:
<xml><ToUserName><![CDATA[gh_173b187cfb81]]></ToUserName>
<FromUserName><![CDATA[ocu1wwZRBi7SteASRR5qfd-7v2Ks]]></FromUserName>
<CreateTime>1465907567</CreateTime>
<MsgType><![CDATA[event]]></MsgType>
<Event><![CDATA[VIEW]]></Event>
<EventKey><![CDATA[http://f.iseasoft.cn/app/index.php?i=10&c=entry&eid=1226]]></EventKey>
<MenuId>428862708</MenuId>
</xml>

2016-06-14 20:32:47 params :
------------
Array:
message : Array ;
module : basic ;
rule : 90 ;
priority : 0 ;
keyword : Array ;

2016-06-14 20:32:47 response :
------------
Array:
FromUserName : gh_173b187cfb81 ;
ToUserName : ocu1wwZRBi7SteASRR5qfd-7v2Ks ;
MsgType : text ;
Content : 您好，欢迎来到玉田网上超市！ ;

2016-06-14 20:33:43 trace :
------------
String:
<xml><ToUserName><![CDATA[gh_173b187cfb81]]></ToUserName>
<FromUserName><![CDATA[ocu1wwZRBi7SteASRR5qfd-7v2Ks]]></FromUserName>
<CreateTime>1465907623</CreateTime>
<MsgType><![CDATA[event]]></MsgType>
<Event><![CDATA[VIEW]]></Event>
<EventKey><![CDATA[http://f.iseasoft.cn/app/index.php?i=10&c=entry&eid=1226]]></EventKey>
<MenuId>428862708</MenuId>
</xml>

2016-06-14 20:33:43 params :
------------
Array:
message : Array ;
module : basic ;
rule : 90 ;
priority : 0 ;
keyword : Array ;

2016-06-14 20:33:43 response :
------------
Array:
FromUserName : gh_173b187cfb81 ;
ToUserName : ocu1wwZRBi7SteASRR5qfd-7v2Ks ;
MsgType : text ;
Content : 您好，欢迎来到玉田网上超市！ ;

2016-06-14 20:34:19 trace :
------------
String:
<xml><ToUserName><![CDATA[gh_173b187cfb81]]></ToUserName>
<FromUserName><![CDATA[ocu1wwZRBi7SteASRR5qfd-7v2Ks]]></FromUserName>
<CreateTime>1465907659</CreateTime>
<MsgType><![CDATA[event]]></MsgType>
<Event><![CDATA[VIEW]]></Event>
<EventKey><![CDATA[http://f.iseasoft.cn/app/index.php?i=10&c=entry&eid=1226]]></EventKey>
<MenuId>428862708</MenuId>
</xml>

2016-06-14 20:34:19 params :
------------
Array:
message : Array ;
module : basic ;
rule : 90 ;
priority : 0 ;
keyword : Array ;

2016-06-14 20:34:19 response :
------------
Array:
FromUserName : gh_173b187cfb81 ;
ToUserName : ocu1wwZRBi7SteASRR5qfd-7v2Ks ;
MsgType : text ;
Content : 您好，欢迎来到玉田网上超市！ ;

2016-06-14 20:39:27 trace :
------------
String:
<xml><ToUserName><![CDATA[gh_173b187cfb81]]></ToUserName>
<FromUserName><![CDATA[ocu1wwZRBi7SteASRR5qfd-7v2Ks]]></FromUserName>
<CreateTime>1465907967</CreateTime>
<MsgType><![CDATA[event]]></MsgType>
<Event><![CDATA[VIEW]]></Event>
<EventKey><![CDATA[http://f.iseasoft.cn/app/index.php?i=10&c=entry&eid=1226]]></EventKey>
<MenuId>428862708</MenuId>
</xml>

2016-06-14 20:39:27 params :
------------
Array:
message : Array ;
module : basic ;
rule : 90 ;
priority : 0 ;
keyword : Array ;

2016-06-14 20:39:27 response :
------------
Array:
FromUserName : gh_173b187cfb81 ;
ToUserName : ocu1wwZRBi7SteASRR5qfd-7v2Ks ;
MsgType : text ;
Content : 您好，欢迎来到玉田网上超市！ ;

2016-06-14 20:40:21 trace :
------------
String:
<xml><ToUserName><![CDATA[gh_173b187cfb81]]></ToUserName>
<FromUserName><![CDATA[ocu1wwZRBi7SteASRR5qfd-7v2Ks]]></FromUserName>
<CreateTime>1465908021</CreateTime>
<MsgType><![CDATA[event]]></MsgType>
<Event><![CDATA[VIEW]]></Event>
<EventKey><![CDATA[http://f.iseasoft.cn/app/index.php?i=10&c=entry&eid=1226]]></EventKey>
<MenuId>428862708</MenuId>
</xml>

2016-06-14 20:40:21 params :
------------
Array:
message : Array ;
module : basic ;
rule : 90 ;
priority : 0 ;
keyword : Array ;

2016-06-14 20:40:21 response :
------------
Array:
FromUserName : gh_173b187cfb81 ;
ToUserName : ocu1wwZRBi7SteASRR5qfd-7v2Ks ;
MsgType : text ;
Content : 您好，欢迎来到玉田网上超市！ ;

2016-06-14 20:41:04 trace :
------------
String:
<xml><ToUserName><![CDATA[gh_173b187cfb81]]></ToUserName>
<FromUserName><![CDATA[ocu1wwZRBi7SteASRR5qfd-7v2Ks]]></FromUserName>
<CreateTime>1465908064</CreateTime>
<MsgType><![CDATA[event]]></MsgType>
<Event><![CDATA[VIEW]]></Event>
<EventKey><![CDATA[http://f.iseasoft.cn/app/index.php?i=10&c=entry&eid=1226]]></EventKey>
<MenuId>428862708</MenuId>
</xml>

2016-06-14 20:41:04 params :
------------
Array:
message : Array ;
module : basic ;
rule : 90 ;
priority : 0 ;
keyword : Array ;

2016-06-14 20:41:04 response :
------------
Array:
FromUserName : gh_173b187cfb81 ;
ToUserName : ocu1wwZRBi7SteASRR5qfd-7v2Ks ;
MsgType : text ;
Content : 您好，欢迎来到玉田网上超市！ ;

2016-06-14 21:47:45 trace :
------------
String:
<xml><ToUserName><![CDATA[gh_173b187cfb81]]></ToUserName>
<FromUserName><![CDATA[ocu1wwW2rxaSKJ0Xe2eL3wDBBEHs]]></FromUserName>
<CreateTime>1465912065</CreateTime>
<MsgType><![CDATA[event]]></MsgType>
<Event><![CDATA[VIEW]]></Event>
<EventKey><![CDATA[http://f.iseasoft.cn/app/index.php?i=10&c=entry&eid=1226]]></EventKey>
<MenuId>428862708</MenuId>
</xml>

2016-06-14 21:47:45 params :
------------
Array:
message : Array ;
module : basic ;
rule : 90 ;
priority : 0 ;
keyword : Array ;

2016-06-14 21:47:45 response :
------------
Array:
FromUserName : gh_173b187cfb81 ;
ToUserName : ocu1wwW2rxaSKJ0Xe2eL3wDBBEHs ;
MsgType : text ;
Content : 您好，欢迎来到玉田网上超市！ ;

2016-06-14 22:52:00 trace :
------------
String:
<xml><ToUserName><![CDATA[gh_994b4bf94dd3]]></ToUserName>
<FromUserName><![CDATA[o2LD4svF--j8nZOgxlLvK8VAc8FE]]></FromUserName>
<CreateTime>1465915920</CreateTime>
<MsgType><![CDATA[event]]></MsgType>
<Event><![CDATA[VIEW]]></Event>
<EventKey><![CDATA[http://f.iseasoft.cn/app/index.php?i=12&c=entry&do=shop&m=sea]]></EventKey>
<MenuId>404425138</MenuId>
</xml>

2016-06-14 22:52:00 params :
------------
Array:
rule : -2 ;
module :  ;
message : Array ;

2016-06-14 22:52:00 response :
------------

2016-06-14 22:53:36 trace :
------------
String:
<xml><ToUserName><![CDATA[gh_994b4bf94dd3]]></ToUserName>
<FromUserName><![CDATA[o2LD4svF--j8nZOgxlLvK8VAc8FE]]></FromUserName>
<CreateTime>1465916015</CreateTime>
<MsgType><![CDATA[event]]></MsgType>
<Event><![CDATA[VIEW]]></Event>
<EventKey><![CDATA[http://f.iseasoft.cn/app/index.php?i=12&c=entry&do=member&m=sea]]></EventKey>
<MenuId>404425138</MenuId>
</xml>

2016-06-14 22:53:36 params :
------------
Array:
rule : -2 ;
module :  ;
message : Array ;

2016-06-14 22:53:36 response :
------------

