2016-10-12 08:44:07 trace :
------------
String:
<xml><ToUserName><![CDATA[gh_c111557e4720]]></ToUserName>
<FromUserName><![CDATA[okzvqwHhnY8wNNZF9vb8pSdK32Cc]]></FromUserName>
<CreateTime>1476233047</CreateTime>
<MsgType><![CDATA[event]]></MsgType>
<Event><![CDATA[VIEW]]></Event>
<EventKey><![CDATA[http://shop.as-ba.cn/app/index.php?i=2&c=entry&eid=1226]]></EventKey>
<MenuId>411228721</MenuId>
</xml>

2016-10-12 08:44:07 params :
------------
Array:
message : Array ;
module : default ;
rule : -1 ;

2016-10-12 08:44:07 response :
------------
Array:
params : Array ;

2016-10-12 09:33:46 trace :
------------
String:
<xml><ToUserName><![CDATA[gh_c111557e4720]]></ToUserName>
<FromUserName><![CDATA[okzvqwDpETrdLDztujIei-UZm7cE]]></FromUserName>
<CreateTime>1476236026</CreateTime>
<MsgType><![CDATA[event]]></MsgType>
<Event><![CDATA[VIEW]]></Event>
<EventKey><![CDATA[http://shop.as-ba.cn/app/index.php?i=2&c=entry&eid=1226]]></EventKey>
<MenuId>411228721</MenuId>
</xml>

2016-10-12 09:33:46 params :
------------
Array:
message : Array ;
module : default ;
rule : -1 ;

2016-10-12 09:33:46 response :
------------
Array:
params : Array ;

2016-10-12 10:52:59 trace :
------------
String:
<xml><ToUserName><![CDATA[gh_c111557e4720]]></ToUserName>
<FromUserName><![CDATA[okzvqwGV2b3eGx-RQ8dMUOtIXG4g]]></FromUserName>
<CreateTime>1476240778</CreateTime>
<MsgType><![CDATA[event]]></MsgType>
<Event><![CDATA[VIEW]]></Event>
<EventKey><![CDATA[http://shop.as-ba.cn/app/index.php?i=2&c=entry&eid=1226]]></EventKey>
<MenuId>411228721</MenuId>
</xml>

2016-10-12 10:52:59 params :
------------
Array:
message : Array ;
module : default ;
rule : -1 ;

2016-10-12 10:52:59 response :
------------
Array:
params : Array ;

2016-10-12 11:23:11 trace :
------------
String:
<xml><ToUserName><![CDATA[gh_c111557e4720]]></ToUserName>
<FromUserName><![CDATA[okzvqwDpETrdLDztujIei-UZm7cE]]></FromUserName>
<CreateTime>1476242591</CreateTime>
<MsgType><![CDATA[event]]></MsgType>
<Event><![CDATA[VIEW]]></Event>
<EventKey><![CDATA[http://shop.as-ba.cn/app/index.php?i=2&c=entry&eid=1226]]></EventKey>
<MenuId>411228721</MenuId>
</xml>

2016-10-12 11:23:11 params :
------------
Array:
message : Array ;
module : default ;
rule : -1 ;

2016-10-12 11:23:11 response :
------------
Array:
params : Array ;

2016-10-12 11:42:56 trace :
------------
String:
<xml><ToUserName><![CDATA[gh_c111557e4720]]></ToUserName>
<FromUserName><![CDATA[okzvqwDpETrdLDztujIei-UZm7cE]]></FromUserName>
<CreateTime>1476243776</CreateTime>
<MsgType><![CDATA[event]]></MsgType>
<Event><![CDATA[VIEW]]></Event>
<EventKey><![CDATA[http://shop.as-ba.cn/app/index.php?i=2&c=entry&eid=1226]]></EventKey>
<MenuId>411228721</MenuId>
</xml>

2016-10-12 11:42:56 params :
------------
Array:
message : Array ;
module : default ;
rule : -1 ;

2016-10-12 11:42:56 response :
------------
Array:
params : Array ;

2016-10-12 12:09:25 trace :
------------
String:
<xml><ToUserName><![CDATA[gh_c111557e4720]]></ToUserName>
<FromUserName><![CDATA[okzvqwBBh19PcWrVnGIMzPTnwuDA]]></FromUserName>
<CreateTime>1476245365</CreateTime>
<MsgType><![CDATA[event]]></MsgType>
<Event><![CDATA[VIEW]]></Event>
<EventKey><![CDATA[http://shop.as-ba.cn/app/index.php?i=2&c=entry&eid=1226]]></EventKey>
<MenuId>411228721</MenuId>
</xml>

2016-10-12 12:09:25 params :
------------
Array:
message : Array ;
module : default ;
rule : -1 ;

2016-10-12 12:09:25 response :
------------
Array:
params : Array ;

2016-10-12 12:09:43 trace :
------------
String:
<xml><ToUserName><![CDATA[gh_c111557e4720]]></ToUserName>
<FromUserName><![CDATA[okzvqwBBh19PcWrVnGIMzPTnwuDA]]></FromUserName>
<CreateTime>1476245383</CreateTime>
<MsgType><![CDATA[event]]></MsgType>
<Event><![CDATA[VIEW]]></Event>
<EventKey><![CDATA[http://shop.as-ba.cn/app/index.php?i=2&c=entry&eid=1226]]></EventKey>
<MenuId>411228721</MenuId>
</xml>

2016-10-12 12:09:43 params :
------------
Array:
message : Array ;
module : default ;
rule : -1 ;

2016-10-12 12:09:43 response :
------------
Array:
params : Array ;

2016-10-12 12:11:41 trace :
------------
String:
<xml><ToUserName><![CDATA[gh_c111557e4720]]></ToUserName>
<FromUserName><![CDATA[okzvqwBBh19PcWrVnGIMzPTnwuDA]]></FromUserName>
<CreateTime>1476245501</CreateTime>
<MsgType><![CDATA[event]]></MsgType>
<Event><![CDATA[VIEW]]></Event>
<EventKey><![CDATA[http://shop.as-ba.cn/app/index.php?i=2&c=entry&eid=1226]]></EventKey>
<MenuId>411228721</MenuId>
</xml>

2016-10-12 12:11:41 params :
------------
Array:
message : Array ;
module : default ;
rule : -1 ;

2016-10-12 12:11:41 response :
------------
Array:
params : Array ;

2016-10-12 12:34:24 trace :
------------
String:
<xml><ToUserName><![CDATA[gh_c111557e4720]]></ToUserName>
<FromUserName><![CDATA[okzvqwNuc7khcbyUC0SDakyUK3hk]]></FromUserName>
<CreateTime>1476246864</CreateTime>
<MsgType><![CDATA[event]]></MsgType>
<Event><![CDATA[VIEW]]></Event>
<EventKey><![CDATA[http://shop.as-ba.cn/app/index.php?i=2&c=entry&eid=1226]]></EventKey>
<MenuId>411228721</MenuId>
</xml>

2016-10-12 12:34:24 params :
------------
Array:
message : Array ;
module : default ;
rule : -1 ;

2016-10-12 12:34:24 response :
------------
Array:
params : Array ;

2016-10-12 12:35:48 trace :
------------
String:
<xml><ToUserName><![CDATA[gh_c111557e4720]]></ToUserName>
<FromUserName><![CDATA[okzvqwNuc7khcbyUC0SDakyUK3hk]]></FromUserName>
<CreateTime>1476246948</CreateTime>
<MsgType><![CDATA[event]]></MsgType>
<Event><![CDATA[VIEW]]></Event>
<EventKey><![CDATA[http://shop.as-ba.cn/app/index.php?i=2&c=entry&eid=1226]]></EventKey>
<MenuId>411228721</MenuId>
</xml>

2016-10-12 12:35:48 params :
------------
Array:
message : Array ;
module : default ;
rule : -1 ;

2016-10-12 12:35:48 response :
------------
Array:
params : Array ;

2016-10-12 12:38:06 trace :
------------
String:
<xml><ToUserName><![CDATA[gh_c111557e4720]]></ToUserName>
<FromUserName><![CDATA[okzvqwNuc7khcbyUC0SDakyUK3hk]]></FromUserName>
<CreateTime>1476247086</CreateTime>
<MsgType><![CDATA[event]]></MsgType>
<Event><![CDATA[VIEW]]></Event>
<EventKey><![CDATA[http://shop.as-ba.cn/app/index.php?i=2&c=entry&eid=1226]]></EventKey>
<MenuId>411228721</MenuId>
</xml>

2016-10-12 12:38:06 params :
------------
Array:
message : Array ;
module : default ;
rule : -1 ;

2016-10-12 12:38:06 response :
------------
Array:
params : Array ;

2016-10-12 15:33:11 trace :
------------
String:
<xml><ToUserName><![CDATA[gh_c111557e4720]]></ToUserName>
<FromUserName><![CDATA[okzvqwHtjpSYCGCl0y8EF6sAP7Io]]></FromUserName>
<CreateTime>1476257591</CreateTime>
<MsgType><![CDATA[event]]></MsgType>
<Event><![CDATA[subscribe]]></Event>
<EventKey><![CDATA[]]></EventKey>
</xml>

2016-10-12 15:33:11 params :
------------
Array:
message : Array ;
module : default ;
rule : -1 ;

2016-10-12 15:33:11 response :
------------
Array:
params : Array ;

2016-10-12 15:33:13 trace :
------------
String:
<xml><ToUserName><![CDATA[gh_c111557e4720]]></ToUserName>
<FromUserName><![CDATA[okzvqwHtjpSYCGCl0y8EF6sAP7Io]]></FromUserName>
<CreateTime>1476257593</CreateTime>
<MsgType><![CDATA[event]]></MsgType>
<Event><![CDATA[VIEW]]></Event>
<EventKey><![CDATA[http://shop.as-ba.cn/app/index.php?i=2&c=entry&eid=1226]]></EventKey>
<MenuId>411228721</MenuId>
</xml>

2016-10-12 15:33:13 params :
------------
Array:
message : Array ;
module : default ;
rule : -1 ;

2016-10-12 15:33:13 response :
------------
Array:
params : Array ;

2016-10-12 15:33:33 trace :
------------
String:
<xml><ToUserName><![CDATA[gh_c111557e4720]]></ToUserName>
<FromUserName><![CDATA[okzvqwHtjpSYCGCl0y8EF6sAP7Io]]></FromUserName>
<CreateTime>1476257612</CreateTime>
<MsgType><![CDATA[event]]></MsgType>
<Event><![CDATA[VIEW]]></Event>
<EventKey><![CDATA[http://mp.weixin.qq.com/s?__biz=MzIzNjU3NjE0Nw==&mid=100000003&idx=1&sn=9f278bf2c9551e284d86d94a1d66531c&chksm=68d48dff5fa304e9efa09678c06cced7921cb9a11defc616b176ba28aeb6e33ab4794b999d72&scene=0#wechat_redirect]]></EventKey>
<MenuId>411228721</MenuId>
</xml>

2016-10-12 15:33:33 params :
------------
Array:
message : Array ;
module : default ;
rule : -1 ;

2016-10-12 15:33:33 response :
------------
Array:
params : Array ;

2016-10-12 15:33:39 trace :
------------
String:
<xml><ToUserName><![CDATA[gh_c111557e4720]]></ToUserName>
<FromUserName><![CDATA[okzvqwHtjpSYCGCl0y8EF6sAP7Io]]></FromUserName>
<CreateTime>1476257619</CreateTime>
<MsgType><![CDATA[event]]></MsgType>
<Event><![CDATA[VIEW]]></Event>
<EventKey><![CDATA[http://shop.as-ba.cn/app/index.php?i=2&c=entry&eid=1226]]></EventKey>
<MenuId>411228721</MenuId>
</xml>

2016-10-12 15:33:39 params :
------------
Array:
message : Array ;
module : default ;
rule : -1 ;

2016-10-12 15:33:39 response :
------------
Array:
params : Array ;

2016-10-12 17:36:17 trace :
------------
String:
<xml><ToUserName><![CDATA[gh_c111557e4720]]></ToUserName>
<FromUserName><![CDATA[okzvqwC2Qy5zsSb0zj72SxBkXSuc]]></FromUserName>
<CreateTime>1476264977</CreateTime>
<MsgType><![CDATA[event]]></MsgType>
<Event><![CDATA[subscribe]]></Event>
<EventKey><![CDATA[]]></EventKey>
</xml>

2016-10-12 17:36:17 params :
------------
Array:
message : Array ;
module : default ;
rule : -1 ;

2016-10-12 17:36:17 response :
------------
Array:
params : Array ;

2016-10-12 17:36:21 trace :
------------
String:
<xml><ToUserName><![CDATA[gh_c111557e4720]]></ToUserName>
<FromUserName><![CDATA[okzvqwC2Qy5zsSb0zj72SxBkXSuc]]></FromUserName>
<CreateTime>1476264981</CreateTime>
<MsgType><![CDATA[event]]></MsgType>
<Event><![CDATA[VIEW]]></Event>
<EventKey><![CDATA[http://shop.as-ba.cn/app/index.php?i=2&c=entry&eid=1226]]></EventKey>
<MenuId>411228721</MenuId>
</xml>

2016-10-12 17:36:21 params :
------------
Array:
message : Array ;
module : default ;
rule : -1 ;

2016-10-12 17:36:21 response :
------------
Array:
params : Array ;

2016-10-12 17:38:46 trace :
------------
String:
<xml><ToUserName><![CDATA[gh_c111557e4720]]></ToUserName>
<FromUserName><![CDATA[okzvqwC2Qy5zsSb0zj72SxBkXSuc]]></FromUserName>
<CreateTime>1476265126</CreateTime>
<MsgType><![CDATA[event]]></MsgType>
<Event><![CDATA[VIEW]]></Event>
<EventKey><![CDATA[http://shop.as-ba.cn/app/index.php?i=2&c=entry&eid=1226]]></EventKey>
<MenuId>411228721</MenuId>
</xml>

2016-10-12 17:38:46 params :
------------
Array:
message : Array ;
module : default ;
rule : -1 ;

2016-10-12 17:38:46 response :
------------
Array:
params : Array ;

2016-10-12 17:39:45 trace :
------------
String:
<xml><ToUserName><![CDATA[gh_c111557e4720]]></ToUserName>
<FromUserName><![CDATA[okzvqwC2Qy5zsSb0zj72SxBkXSuc]]></FromUserName>
<CreateTime>1476265185</CreateTime>
<MsgType><![CDATA[image]]></MsgType>
<PicUrl><![CDATA[http://mmbiz.qpic.cn/mmbiz_jpg/412icGMZYRzicKrZ3IyVp5J3SaUib4q9W5uyEamARyYAicFI6XvaX7Y0pibO7aYFXepL6ARaXzXdbwEb65vhohgJicCg/0]]></PicUrl>
<MsgId>6340510690209673561</MsgId>
<MediaId><![CDATA[4diYlYnrdeTmqBnw0XzAWzdLO-oAtaiFNQiQMCrMFlDuTCe1aNPNn1S-Fp1AxFcz]]></MediaId>
</xml>

2016-10-12 17:39:45 params :
------------
Array:
message : Array ;
module : default ;
rule : -1 ;

2016-10-12 17:39:45 response :
------------
Array:
params : Array ;

2016-10-12 17:39:53 trace :
------------
String:
<xml><ToUserName><![CDATA[gh_c111557e4720]]></ToUserName>
<FromUserName><![CDATA[okzvqwC2Qy5zsSb0zj72SxBkXSuc]]></FromUserName>
<CreateTime>1476265192</CreateTime>
<MsgType><![CDATA[image]]></MsgType>
<PicUrl><![CDATA[http://mmbiz.qpic.cn/mmbiz_jpg/412icGMZYRzicKrZ3IyVp5J3SaUib4q9W5uXdzEOtFzRFgDBmWUSd1A2bOPKGzkWhoEJSJnSkzV3XicBxVlQDJ58Dw/0]]></PicUrl>
<MsgId>6340510720274444637</MsgId>
<MediaId><![CDATA[JL8_aA6rM1m04WmV2hJnueR81P3CfhdIFqMrxpf_md7TPkx5MgdvWIWGzHO3MVjX]]></MediaId>
</xml>

2016-10-12 17:39:53 params :
------------
Array:
message : Array ;
module : default ;
rule : -1 ;

2016-10-12 17:39:53 response :
------------
Array:
params : Array ;

2016-10-12 17:39:53 trace :
------------
String:
<xml><ToUserName><![CDATA[gh_c111557e4720]]></ToUserName>
<FromUserName><![CDATA[okzvqwC2Qy5zsSb0zj72SxBkXSuc]]></FromUserName>
<CreateTime>1476265193</CreateTime>
<MsgType><![CDATA[event]]></MsgType>
<Event><![CDATA[VIEW]]></Event>
<EventKey><![CDATA[http://shop.as-ba.cn/app/index.php?i=2&c=entry&eid=1226]]></EventKey>
<MenuId>411228721</MenuId>
</xml>

2016-10-12 17:39:53 params :
------------
Array:
message : Array ;
module : default ;
rule : -1 ;

2016-10-12 17:39:53 response :
------------
Array:
params : Array ;

2016-10-12 17:40:02 trace :
------------
String:
<xml><ToUserName><![CDATA[gh_c111557e4720]]></ToUserName>
<FromUserName><![CDATA[okzvqwC2Qy5zsSb0zj72SxBkXSuc]]></FromUserName>
<CreateTime>1476265201</CreateTime>
<MsgType><![CDATA[image]]></MsgType>
<PicUrl><![CDATA[http://mmbiz.qpic.cn/mmbiz_jpg/412icGMZYRzicKrZ3IyVp5J3SaUib4q9W5uAq5icuLxRp2IBVYwq3rxHgibLsibT1DSOXuXgeFXibA0kP32tZMdQ5d8vw/0]]></PicUrl>
<MsgId>6340510758929150305</MsgId>
<MediaId><![CDATA[46TiUDBKcj1HyedDwySJX67f_pJ-0Fv8W9s8XOT2IxDNDaKm-Y_BOpnPRtPymfzb]]></MediaId>
</xml>

2016-10-12 17:40:02 params :
------------
Array:
message : Array ;
module : default ;
rule : -1 ;

2016-10-12 17:40:02 response :
------------
Array:
params : Array ;

2016-10-12 17:40:14 trace :
------------
String:
<xml><ToUserName><![CDATA[gh_c111557e4720]]></ToUserName>
<FromUserName><![CDATA[okzvqwC2Qy5zsSb0zj72SxBkXSuc]]></FromUserName>
<CreateTime>1476265214</CreateTime>
<MsgType><![CDATA[text]]></MsgType>
<Content><![CDATA[根本付不起]]></Content>
<MsgId>6340510814763725168</MsgId>
</xml>

2016-10-12 17:40:14 params :
------------
Array:
message : Array ;
module : default ;
rule : -1 ;

2016-10-12 17:40:14 response :
------------
Array:
params : Array ;

2016-10-12 17:40:17 trace :
------------
String:
<xml><ToUserName><![CDATA[gh_c111557e4720]]></ToUserName>
<FromUserName><![CDATA[okzvqwC2Qy5zsSb0zj72SxBkXSuc]]></FromUserName>
<CreateTime>1476265217</CreateTime>
<MsgType><![CDATA[text]]></MsgType>
<Content><![CDATA[有问题]]></Content>
<MsgId>6340510827648627059</MsgId>
</xml>

2016-10-12 17:40:17 params :
------------
Array:
message : Array ;
module : default ;
rule : -1 ;

2016-10-12 17:40:17 response :
------------
Array:
params : Array ;

2016-10-12 17:43:04 trace :
------------
String:
<xml><ToUserName><![CDATA[gh_c111557e4720]]></ToUserName>
<FromUserName><![CDATA[okzvqwHhnY8wNNZF9vb8pSdK32Cc]]></FromUserName>
<CreateTime>1476265384</CreateTime>
<MsgType><![CDATA[event]]></MsgType>
<Event><![CDATA[VIEW]]></Event>
<EventKey><![CDATA[http://shop.as-ba.cn/app/index.php?i=2&c=entry&eid=1226]]></EventKey>
<MenuId>411228721</MenuId>
</xml>

2016-10-12 17:43:04 params :
------------
Array:
message : Array ;
module : default ;
rule : -1 ;

2016-10-12 17:43:04 response :
------------
Array:
params : Array ;

2016-10-12 17:46:20 trace :
------------
String:
<xml><ToUserName><![CDATA[gh_c111557e4720]]></ToUserName>
<FromUserName><![CDATA[okzvqwGWlmlqOYZ7DYQvJ5mn-A2M]]></FromUserName>
<CreateTime>1476265580</CreateTime>
<MsgType><![CDATA[event]]></MsgType>
<Event><![CDATA[VIEW]]></Event>
<EventKey><![CDATA[http://shop.as-ba.cn/app/index.php?i=2&c=entry&eid=1226]]></EventKey>
<MenuId>411228721</MenuId>
</xml>

2016-10-12 17:46:20 params :
------------
Array:
message : Array ;
module : default ;
rule : -1 ;

2016-10-12 17:46:20 response :
------------
Array:
params : Array ;

2016-10-12 17:47:10 trace :
------------
String:
<xml><ToUserName><![CDATA[gh_c111557e4720]]></ToUserName>
<FromUserName><![CDATA[okzvqwGWlmlqOYZ7DYQvJ5mn-A2M]]></FromUserName>
<CreateTime>1476265630</CreateTime>
<MsgType><![CDATA[event]]></MsgType>
<Event><![CDATA[VIEW]]></Event>
<EventKey><![CDATA[http://shop.as-ba.cn/app/index.php?i=2&c=entry&eid=1226]]></EventKey>
<MenuId>411228721</MenuId>
</xml>

2016-10-12 17:47:10 params :
------------
Array:
message : Array ;
module : default ;
rule : -1 ;

2016-10-12 17:47:10 response :
------------
Array:
params : Array ;

2016-10-12 17:48:32 trace :
------------
String:
<xml><ToUserName><![CDATA[gh_c111557e4720]]></ToUserName>
<FromUserName><![CDATA[okzvqwC2Qy5zsSb0zj72SxBkXSuc]]></FromUserName>
<CreateTime>1476265712</CreateTime>
<MsgType><![CDATA[event]]></MsgType>
<Event><![CDATA[VIEW]]></Event>
<EventKey><![CDATA[http://shop.as-ba.cn/app/index.php?i=2&c=entry&eid=1226]]></EventKey>
<MenuId>411228721</MenuId>
</xml>

2016-10-12 17:48:32 params :
------------
Array:
message : Array ;
module : default ;
rule : -1 ;

2016-10-12 17:48:32 response :
------------
Array:
params : Array ;

2016-10-12 17:50:07 trace :
------------
String:
<xml><ToUserName><![CDATA[gh_c111557e4720]]></ToUserName>
<FromUserName><![CDATA[okzvqwGWlmlqOYZ7DYQvJ5mn-A2M]]></FromUserName>
<CreateTime>1476265807</CreateTime>
<MsgType><![CDATA[event]]></MsgType>
<Event><![CDATA[VIEW]]></Event>
<EventKey><![CDATA[http://shop.as-ba.cn/app/index.php?i=2&c=entry&eid=1226]]></EventKey>
<MenuId>411228721</MenuId>
</xml>

2016-10-12 17:50:07 params :
------------
Array:
message : Array ;
module : default ;
rule : -1 ;

2016-10-12 17:50:07 response :
------------
Array:
params : Array ;

2016-10-12 18:10:11 trace :
------------
String:
<xml><ToUserName><![CDATA[gh_c111557e4720]]></ToUserName>
<FromUserName><![CDATA[okzvqwLjjiAtNAZNPxnqxDsJKZbg]]></FromUserName>
<CreateTime>1476267011</CreateTime>
<MsgType><![CDATA[event]]></MsgType>
<Event><![CDATA[VIEW]]></Event>
<EventKey><![CDATA[http://shop.as-ba.cn/app/index.php?i=2&c=entry&eid=1226]]></EventKey>
<MenuId>411228721</MenuId>
</xml>

2016-10-12 18:10:11 params :
------------
Array:
message : Array ;
module : default ;
rule : -1 ;

2016-10-12 18:10:11 response :
------------
Array:
params : Array ;

2016-10-12 18:20:20 trace :
------------
String:
<xml><ToUserName><![CDATA[gh_c111557e4720]]></ToUserName>
<FromUserName><![CDATA[okzvqwBBh19PcWrVnGIMzPTnwuDA]]></FromUserName>
<CreateTime>1476267620</CreateTime>
<MsgType><![CDATA[event]]></MsgType>
<Event><![CDATA[VIEW]]></Event>
<EventKey><![CDATA[http://shop.as-ba.cn/app/index.php?i=2&c=entry&eid=1226]]></EventKey>
<MenuId>411228721</MenuId>
</xml>

2016-10-12 18:20:20 params :
------------
Array:
message : Array ;
module : default ;
rule : -1 ;

2016-10-12 18:20:20 response :
------------
Array:
params : Array ;

2016-10-12 18:25:08 trace :
------------
String:
<xml><ToUserName><![CDATA[gh_c111557e4720]]></ToUserName>
<FromUserName><![CDATA[okzvqwHhnY8wNNZF9vb8pSdK32Cc]]></FromUserName>
<CreateTime>1476267908</CreateTime>
<MsgType><![CDATA[event]]></MsgType>
<Event><![CDATA[VIEW]]></Event>
<EventKey><![CDATA[http://mp.weixin.qq.com/s?__biz=MzIzNjU3NjE0Nw==&mid=100000003&idx=1&sn=9f278bf2c9551e284d86d94a1d66531c&chksm=68d48dff5fa304e9efa09678c06cced7921cb9a11defc616b176ba28aeb6e33ab4794b999d72&scene=0#wechat_redirect]]></EventKey>
<MenuId>411228721</MenuId>
</xml>

2016-10-12 18:25:08 params :
------------
Array:
message : Array ;
module : default ;
rule : -1 ;

2016-10-12 18:25:08 response :
------------
Array:
params : Array ;

2016-10-12 18:25:10 trace :
------------
String:
<xml><ToUserName><![CDATA[gh_c111557e4720]]></ToUserName>
<FromUserName><![CDATA[okzvqwHhnY8wNNZF9vb8pSdK32Cc]]></FromUserName>
<CreateTime>1476267910</CreateTime>
<MsgType><![CDATA[event]]></MsgType>
<Event><![CDATA[VIEW]]></Event>
<EventKey><![CDATA[http://shop.as-ba.cn/app/index.php?i=2&c=entry&eid=1226]]></EventKey>
<MenuId>411228721</MenuId>
</xml>

2016-10-12 18:25:10 params :
------------
Array:
message : Array ;
module : default ;
rule : -1 ;

2016-10-12 18:25:10 response :
------------
Array:
params : Array ;

2016-10-12 23:04:39 trace :
------------
String:
<xml><ToUserName><![CDATA[gh_c111557e4720]]></ToUserName>
<FromUserName><![CDATA[okzvqwBVGRlU42uUP3CFMiQGlBfA]]></FromUserName>
<CreateTime>1476284679</CreateTime>
<MsgType><![CDATA[event]]></MsgType>
<Event><![CDATA[VIEW]]></Event>
<EventKey><![CDATA[http://shop.as-ba.cn/app/index.php?i=2&c=entry&eid=1226]]></EventKey>
<MenuId>411228721</MenuId>
</xml>

2016-10-12 23:04:39 params :
------------
Array:
message : Array ;
module : default ;
rule : -1 ;

2016-10-12 23:04:39 response :
------------
Array:
params : Array ;

2016-10-12 23:18:15 trace :
------------
String:
<xml><ToUserName><![CDATA[gh_c111557e4720]]></ToUserName>
<FromUserName><![CDATA[okzvqwLl0RA-rWG5suzuiPVm909E]]></FromUserName>
<CreateTime>1476285495</CreateTime>
<MsgType><![CDATA[event]]></MsgType>
<Event><![CDATA[subscribe]]></Event>
<EventKey><![CDATA[]]></EventKey>
</xml>

2016-10-12 23:18:15 params :
------------
Array:
message : Array ;
module : default ;
rule : -1 ;

2016-10-12 23:18:15 response :
------------
Array:
params : Array ;

2016-10-12 23:18:18 trace :
------------
String:
<xml><ToUserName><![CDATA[gh_c111557e4720]]></ToUserName>
<FromUserName><![CDATA[okzvqwLl0RA-rWG5suzuiPVm909E]]></FromUserName>
<CreateTime>1476285498</CreateTime>
<MsgType><![CDATA[event]]></MsgType>
<Event><![CDATA[VIEW]]></Event>
<EventKey><![CDATA[http://shop.as-ba.cn/app/index.php?i=2&c=entry&eid=1226]]></EventKey>
<MenuId>411228721</MenuId>
</xml>

2016-10-12 23:18:18 params :
------------
Array:
message : Array ;
module : default ;
rule : -1 ;

2016-10-12 23:18:18 response :
------------
Array:
params : Array ;

2016-10-12 23:18:56 trace :
------------
String:
<xml><ToUserName><![CDATA[gh_c111557e4720]]></ToUserName>
<FromUserName><![CDATA[okzvqwLl0RA-rWG5suzuiPVm909E]]></FromUserName>
<CreateTime>1476285536</CreateTime>
<MsgType><![CDATA[event]]></MsgType>
<Event><![CDATA[VIEW]]></Event>
<EventKey><![CDATA[http://shop.as-ba.cn/app/index.php?i=2&c=entry&eid=1226]]></EventKey>
<MenuId>411228721</MenuId>
</xml>

2016-10-12 23:18:56 params :
------------
Array:
message : Array ;
module : default ;
rule : -1 ;

2016-10-12 23:18:56 response :
------------
Array:
params : Array ;

2016-10-12 23:20:10 trace :
------------
String:
<xml><ToUserName><![CDATA[gh_c111557e4720]]></ToUserName>
<FromUserName><![CDATA[okzvqwETdutfRR2RO25rdD3bylW4]]></FromUserName>
<CreateTime>1476285609</CreateTime>
<MsgType><![CDATA[event]]></MsgType>
<Event><![CDATA[subscribe]]></Event>
<EventKey><![CDATA[]]></EventKey>
</xml>

2016-10-12 23:20:10 params :
------------
Array:
message : Array ;
module : default ;
rule : -1 ;

2016-10-12 23:20:10 response :
------------
Array:
params : Array ;

2016-10-12 23:20:12 trace :
------------
String:
<xml><ToUserName><![CDATA[gh_c111557e4720]]></ToUserName>
<FromUserName><![CDATA[okzvqwETdutfRR2RO25rdD3bylW4]]></FromUserName>
<CreateTime>1476285612</CreateTime>
<MsgType><![CDATA[event]]></MsgType>
<Event><![CDATA[VIEW]]></Event>
<EventKey><![CDATA[http://mp.weixin.qq.com/s?__biz=MzIzNjU3NjE0Nw==&mid=100000008&idx=1&sn=2d555dc3267b6e8aa600a60f370c00de&chksm=68d48df45fa304e20e07ad2f92c401d50ef654330852a4a021a6c1d93c53efe7cd4c1fee93dd&scene=0#wechat_redirect]]></EventKey>
<MenuId>411228721</MenuId>
</xml>

2016-10-12 23:20:12 params :
------------
Array:
message : Array ;
module : default ;
rule : -1 ;

2016-10-12 23:20:12 response :
------------
Array:
params : Array ;

2016-10-12 23:20:52 trace :
------------
String:
<xml><ToUserName><![CDATA[gh_c111557e4720]]></ToUserName>
<FromUserName><![CDATA[okzvqwETdutfRR2RO25rdD3bylW4]]></FromUserName>
<CreateTime>1476285652</CreateTime>
<MsgType><![CDATA[event]]></MsgType>
<Event><![CDATA[VIEW]]></Event>
<EventKey><![CDATA[http://shop.as-ba.cn/app/index.php?i=2&c=entry&eid=1226]]></EventKey>
<MenuId>411228721</MenuId>
</xml>

2016-10-12 23:20:52 params :
------------
Array:
message : Array ;
module : default ;
rule : -1 ;

2016-10-12 23:20:52 response :
------------
Array:
params : Array ;

2016-10-12 23:21:09 trace :
------------
String:
<xml><ToUserName><![CDATA[gh_c111557e4720]]></ToUserName>
<FromUserName><![CDATA[okzvqwETdutfRR2RO25rdD3bylW4]]></FromUserName>
<CreateTime>1476285668</CreateTime>
<MsgType><![CDATA[event]]></MsgType>
<Event><![CDATA[VIEW]]></Event>
<EventKey><![CDATA[http://shop.as-ba.cn/app/index.php?i=2&c=entry&eid=1226]]></EventKey>
<MenuId>411228721</MenuId>
</xml>

2016-10-12 23:21:09 params :
------------
Array:
message : Array ;
module : default ;
rule : -1 ;

2016-10-12 23:21:09 response :
------------
Array:
params : Array ;

2016-10-12 23:21:50 trace :
------------
String:
<xml><ToUserName><![CDATA[gh_c111557e4720]]></ToUserName>
<FromUserName><![CDATA[okzvqwETdutfRR2RO25rdD3bylW4]]></FromUserName>
<CreateTime>1476285710</CreateTime>
<MsgType><![CDATA[event]]></MsgType>
<Event><![CDATA[VIEW]]></Event>
<EventKey><![CDATA[http://mp.weixin.qq.com/s?__biz=MzIzNjU3NjE0Nw==&mid=100000008&idx=1&sn=2d555dc3267b6e8aa600a60f370c00de&chksm=68d48df45fa304e20e07ad2f92c401d50ef654330852a4a021a6c1d93c53efe7cd4c1fee93dd&scene=0#wechat_redirect]]></EventKey>
<MenuId>411228721</MenuId>
</xml>

2016-10-12 23:21:50 params :
------------
Array:
message : Array ;
module : default ;
rule : -1 ;

2016-10-12 23:21:50 response :
------------
Array:
params : Array ;

2016-10-12 23:23:20 trace :
------------
String:
<xml><ToUserName><![CDATA[gh_c111557e4720]]></ToUserName>
<FromUserName><![CDATA[okzvqwETdutfRR2RO25rdD3bylW4]]></FromUserName>
<CreateTime>1476285800</CreateTime>
<MsgType><![CDATA[event]]></MsgType>
<Event><![CDATA[VIEW]]></Event>
<EventKey><![CDATA[http://shop.as-ba.cn/app/index.php?i=2&c=entry&eid=1226]]></EventKey>
<MenuId>411228721</MenuId>
</xml>

2016-10-12 23:23:20 params :
------------
Array:
message : Array ;
module : default ;
rule : -1 ;

2016-10-12 23:23:20 response :
------------
Array:
params : Array ;

2016-10-12 23:32:14 trace :
------------
String:
<xml><ToUserName><![CDATA[gh_c111557e4720]]></ToUserName>
<FromUserName><![CDATA[okzvqwETdutfRR2RO25rdD3bylW4]]></FromUserName>
<CreateTime>1476286334</CreateTime>
<MsgType><![CDATA[event]]></MsgType>
<Event><![CDATA[VIEW]]></Event>
<EventKey><![CDATA[http://shop.as-ba.cn/app/index.php?i=2&c=entry&eid=1226]]></EventKey>
<MenuId>411228721</MenuId>
</xml>

2016-10-12 23:32:14 params :
------------
Array:
message : Array ;
module : default ;
rule : -1 ;

2016-10-12 23:32:14 response :
------------
Array:
params : Array ;

2016-10-12 23:32:31 trace :
------------
String:
<xml><ToUserName><![CDATA[gh_c111557e4720]]></ToUserName>
<FromUserName><![CDATA[okzvqwETdutfRR2RO25rdD3bylW4]]></FromUserName>
<CreateTime>1476286351</CreateTime>
<MsgType><![CDATA[event]]></MsgType>
<Event><![CDATA[VIEW]]></Event>
<EventKey><![CDATA[http://shop.as-ba.cn/app/index.php?i=2&c=entry&eid=1226]]></EventKey>
<MenuId>411228721</MenuId>
</xml>

2016-10-12 23:32:31 params :
------------
Array:
message : Array ;
module : default ;
rule : -1 ;

2016-10-12 23:32:31 response :
------------
Array:
params : Array ;

