2016-06-11 08:39:27 trace :
------------
String:
<xml><ToUserName><![CDATA[gh_173b187cfb81]]></ToUserName>
<FromUserName><![CDATA[ocu1wwdOCC2O8Voq_pFet4IzmYSk]]></FromUserName>
<CreateTime>1465605567</CreateTime>
<MsgType><![CDATA[event]]></MsgType>
<Event><![CDATA[subscribe]]></Event>
<EventKey><![CDATA[]]></EventKey>
</xml>

2016-06-11 08:39:27 params :
------------
Array:
message : Array ;
module : basic ;
rule : 90 ;
priority : 0 ;
keyword : Array ;

2016-06-11 08:39:27 response :
------------
Array:
FromUserName : gh_173b187cfb81 ;
ToUserName : ocu1wwdOCC2O8Voq_pFet4IzmYSk ;
MsgType : text ;
Content : 您好，欢迎来到玉田网上超市！ ;

2016-06-11 08:39:32 trace :
------------
String:
<xml><ToUserName><![CDATA[gh_173b187cfb81]]></ToUserName>
<FromUserName><![CDATA[ocu1wwdOCC2O8Voq_pFet4IzmYSk]]></FromUserName>
<CreateTime>1465605572</CreateTime>
<MsgType><![CDATA[event]]></MsgType>
<Event><![CDATA[VIEW]]></Event>
<EventKey><![CDATA[http://f.iseasoft.cn/app/index.php?i=10&c=entry&eid=1226]]></EventKey>
<MenuId>428862708</MenuId>
</xml>

2016-06-11 08:39:32 params :
------------
Array:
message : Array ;
module : basic ;
rule : 90 ;
priority : 0 ;
keyword : Array ;

2016-06-11 08:39:32 response :
------------
Array:
FromUserName : gh_173b187cfb81 ;
ToUserName : ocu1wwdOCC2O8Voq_pFet4IzmYSk ;
MsgType : text ;
Content : 您好，欢迎来到玉田网上超市！ ;

2016-06-11 08:39:42 trace :
------------
String:
<xml><ToUserName><![CDATA[gh_173b187cfb81]]></ToUserName>
<FromUserName><![CDATA[ocu1wwag1RhtAQYS3B6y-AiP2vaI]]></FromUserName>
<CreateTime>1465605582</CreateTime>
<MsgType><![CDATA[event]]></MsgType>
<Event><![CDATA[VIEW]]></Event>
<EventKey><![CDATA[http://f.iseasoft.cn/app/index.php?i=10&c=entry&eid=1226]]></EventKey>
<MenuId>428862708</MenuId>
</xml>

2016-06-11 08:39:42 params :
------------
Array:
message : Array ;
module : basic ;
rule : 90 ;
priority : 0 ;
keyword : Array ;

2016-06-11 08:39:42 response :
------------
Array:
FromUserName : gh_173b187cfb81 ;
ToUserName : ocu1wwag1RhtAQYS3B6y-AiP2vaI ;
MsgType : text ;
Content : 您好，欢迎来到玉田网上超市！ ;

2016-06-11 08:40:06 trace :
------------
String:
<xml><ToUserName><![CDATA[gh_173b187cfb81]]></ToUserName>
<FromUserName><![CDATA[ocu1wwag1RhtAQYS3B6y-AiP2vaI]]></FromUserName>
<CreateTime>1465605606</CreateTime>
<MsgType><![CDATA[event]]></MsgType>
<Event><![CDATA[VIEW]]></Event>
<EventKey><![CDATA[http://f.iseasoft.cn/app/index.php?i=10&c=entry&eid=1226]]></EventKey>
<MenuId>428862708</MenuId>
</xml>

2016-06-11 08:40:06 params :
------------
Array:
message : Array ;
module : basic ;
rule : 90 ;
priority : 0 ;
keyword : Array ;

2016-06-11 08:40:06 response :
------------
Array:
FromUserName : gh_173b187cfb81 ;
ToUserName : ocu1wwag1RhtAQYS3B6y-AiP2vaI ;
MsgType : text ;
Content : 您好，欢迎来到玉田网上超市！ ;

2016-06-11 09:06:29 trace :
------------
String:
<xml><ToUserName><![CDATA[gh_173b187cfb81]]></ToUserName>
<FromUserName><![CDATA[ocu1wwag1RhtAQYS3B6y-AiP2vaI]]></FromUserName>
<CreateTime>1465607189</CreateTime>
<MsgType><![CDATA[event]]></MsgType>
<Event><![CDATA[VIEW]]></Event>
<EventKey><![CDATA[http://f.iseasoft.cn/app/index.php?i=10&c=entry&eid=1226]]></EventKey>
<MenuId>428862708</MenuId>
</xml>

2016-06-11 09:06:29 params :
------------
Array:
message : Array ;
module : basic ;
rule : 90 ;
priority : 0 ;
keyword : Array ;

2016-06-11 09:06:29 response :
------------
Array:
FromUserName : gh_173b187cfb81 ;
ToUserName : ocu1wwag1RhtAQYS3B6y-AiP2vaI ;
MsgType : text ;
Content : 您好，欢迎来到玉田网上超市！ ;

2016-06-11 09:20:14 trace :
------------
String:
<xml><ToUserName><![CDATA[gh_173b187cfb81]]></ToUserName>
<FromUserName><![CDATA[ocu1wwag1RhtAQYS3B6y-AiP2vaI]]></FromUserName>
<CreateTime>1465608014</CreateTime>
<MsgType><![CDATA[event]]></MsgType>
<Event><![CDATA[VIEW]]></Event>
<EventKey><![CDATA[http://f.iseasoft.cn/app/index.php?i=10&c=entry&eid=1226]]></EventKey>
<MenuId>428862708</MenuId>
</xml>

2016-06-11 09:20:14 params :
------------
Array:
message : Array ;
module : basic ;
rule : 90 ;
priority : 0 ;
keyword : Array ;

2016-06-11 09:20:14 response :
------------
Array:
FromUserName : gh_173b187cfb81 ;
ToUserName : ocu1wwag1RhtAQYS3B6y-AiP2vaI ;
MsgType : text ;
Content : 您好，欢迎来到玉田网上超市！ ;

2016-06-11 09:20:54 trace :
------------
String:
<xml><ToUserName><![CDATA[gh_173b187cfb81]]></ToUserName>
<FromUserName><![CDATA[ocu1wwag1RhtAQYS3B6y-AiP2vaI]]></FromUserName>
<CreateTime>1465608054</CreateTime>
<MsgType><![CDATA[event]]></MsgType>
<Event><![CDATA[VIEW]]></Event>
<EventKey><![CDATA[http://f.iseasoft.cn/app/index.php?i=10&c=entry&eid=1226]]></EventKey>
<MenuId>428862708</MenuId>
</xml>

2016-06-11 09:20:54 params :
------------
Array:
message : Array ;
module : basic ;
rule : 90 ;
priority : 0 ;
keyword : Array ;

2016-06-11 09:20:54 response :
------------
Array:
FromUserName : gh_173b187cfb81 ;
ToUserName : ocu1wwag1RhtAQYS3B6y-AiP2vaI ;
MsgType : text ;
Content : 您好，欢迎来到玉田网上超市！ ;

2016-06-11 09:21:35 trace :
------------
String:
<xml><ToUserName><![CDATA[gh_173b187cfb81]]></ToUserName>
<FromUserName><![CDATA[ocu1wwag1RhtAQYS3B6y-AiP2vaI]]></FromUserName>
<CreateTime>1465608095</CreateTime>
<MsgType><![CDATA[event]]></MsgType>
<Event><![CDATA[VIEW]]></Event>
<EventKey><![CDATA[http://f.iseasoft.cn/app/index.php?i=10&c=entry&eid=1226]]></EventKey>
<MenuId>428862708</MenuId>
</xml>

2016-06-11 09:21:35 params :
------------
Array:
message : Array ;
module : basic ;
rule : 90 ;
priority : 0 ;
keyword : Array ;

2016-06-11 09:21:35 response :
------------
Array:
FromUserName : gh_173b187cfb81 ;
ToUserName : ocu1wwag1RhtAQYS3B6y-AiP2vaI ;
MsgType : text ;
Content : 您好，欢迎来到玉田网上超市！ ;

2016-06-11 09:27:54 trace :
------------
String:
<xml><ToUserName><![CDATA[gh_ce84963696ea]]></ToUserName>
<FromUserName><![CDATA[ogOo_wF2K7O6lV2R0OBm1r08QJAg]]></FromUserName>
<CreateTime>1465608474</CreateTime>
<MsgType><![CDATA[event]]></MsgType>
<Event><![CDATA[CLICK]]></Event>
<EventKey><![CDATA[联系我们]]></EventKey>
</xml>

2016-06-11 09:27:54 params :
------------
Array:
message : Array ;
module : news ;
rule : 84 ;
priority : 0 ;
keyword : Array ;

2016-06-11 09:27:54 response :
------------
Array:
FromUserName : gh_ce84963696ea ;
ToUserName : ogOo_wF2K7O6lV2R0OBm1r08QJAg ;
MsgType : news ;
ArticleCount : 1 ;
Articles : Array ;

2016-06-11 09:28:30 trace :
------------
String:
<xml><ToUserName><![CDATA[gh_ce84963696ea]]></ToUserName>
<FromUserName><![CDATA[ogOo_wF2K7O6lV2R0OBm1r08QJAg]]></FromUserName>
<CreateTime>1465608510</CreateTime>
<MsgType><![CDATA[event]]></MsgType>
<Event><![CDATA[VIEW]]></Event>
<EventKey><![CDATA[http://f.iseasoft.cn/app/index.php?i=9&c=entry&eid=1226]]></EventKey>
<MenuId>409870668</MenuId>
</xml>

2016-06-11 09:28:30 params :
------------
Array:
message : Array ;
module : basic ;
rule : 81 ;
priority : 0 ;
keyword : Array ;

2016-06-11 09:28:30 response :
------------
Array:
FromUserName : gh_ce84963696ea ;
ToUserName : ogOo_wF2K7O6lV2R0OBm1r08QJAg ;
MsgType : text ;
Content : 欢迎关注昵多丽环保家居官方微信，系统正在完善中，更多精彩，敬请期待…… ;

2016-06-11 09:29:35 trace :
------------
String:
<xml><ToUserName><![CDATA[gh_173b187cfb81]]></ToUserName>
<FromUserName><![CDATA[ocu1wwag1RhtAQYS3B6y-AiP2vaI]]></FromUserName>
<CreateTime>1465608575</CreateTime>
<MsgType><![CDATA[event]]></MsgType>
<Event><![CDATA[VIEW]]></Event>
<EventKey><![CDATA[http://f.iseasoft.cn/app/index.php?i=10&c=entry&eid=1226]]></EventKey>
<MenuId>428862708</MenuId>
</xml>

2016-06-11 09:29:35 params :
------------
Array:
message : Array ;
module : basic ;
rule : 90 ;
priority : 0 ;
keyword : Array ;

2016-06-11 09:29:35 response :
------------
Array:
FromUserName : gh_173b187cfb81 ;
ToUserName : ocu1wwag1RhtAQYS3B6y-AiP2vaI ;
MsgType : text ;
Content : 您好，欢迎来到玉田网上超市！ ;

2016-06-11 09:37:01 trace :
------------
String:
<xml><ToUserName><![CDATA[gh_ce84963696ea]]></ToUserName>
<FromUserName><![CDATA[ogOo_wF2K7O6lV2R0OBm1r08QJAg]]></FromUserName>
<CreateTime>1465609021</CreateTime>
<MsgType><![CDATA[event]]></MsgType>
<Event><![CDATA[VIEW]]></Event>
<EventKey><![CDATA[http://f.iseasoft.cn/app/index.php?i=9&c=entry&eid=1226]]></EventKey>
<MenuId>409870668</MenuId>
</xml>

2016-06-11 09:37:01 params :
------------
Array:
message : Array ;
module : basic ;
rule : 81 ;
priority : 0 ;
keyword : Array ;

2016-06-11 09:37:01 response :
------------
Array:
FromUserName : gh_ce84963696ea ;
ToUserName : ogOo_wF2K7O6lV2R0OBm1r08QJAg ;
MsgType : text ;
Content : 欢迎关注昵多丽环保家居官方微信，系统正在完善中，更多精彩，敬请期待…… ;

2016-06-11 09:43:02 trace :
------------
String:
<xml><ToUserName><![CDATA[gh_ce84963696ea]]></ToUserName>
<FromUserName><![CDATA[ogOo_wF2K7O6lV2R0OBm1r08QJAg]]></FromUserName>
<CreateTime>1465609382</CreateTime>
<MsgType><![CDATA[event]]></MsgType>
<Event><![CDATA[VIEW]]></Event>
<EventKey><![CDATA[http://f.iseasoft.cn/app/index.php?i=9&c=entry&p=commission&m=sea&do=plugin]]></EventKey>
<MenuId>409870668</MenuId>
</xml>

2016-06-11 09:43:02 params :
------------
Array:
message : Array ;
module : basic ;
rule : 81 ;
priority : 0 ;
keyword : Array ;

2016-06-11 09:43:02 response :
------------
Array:
FromUserName : gh_ce84963696ea ;
ToUserName : ogOo_wF2K7O6lV2R0OBm1r08QJAg ;
MsgType : text ;
Content : 欢迎关注昵多丽环保家居官方微信，系统正在完善中，更多精彩，敬请期待…… ;

2016-06-11 09:44:55 trace :
------------
String:
<xml><ToUserName><![CDATA[gh_ce84963696ea]]></ToUserName>
<FromUserName><![CDATA[ogOo_wF2K7O6lV2R0OBm1r08QJAg]]></FromUserName>
<CreateTime>1465609495</CreateTime>
<MsgType><![CDATA[event]]></MsgType>
<Event><![CDATA[VIEW]]></Event>
<EventKey><![CDATA[http://f.iseasoft.cn/app/index.php?i=9&c=entry&p=commission&m=sea&do=plugin]]></EventKey>
<MenuId>409870668</MenuId>
</xml>

2016-06-11 09:44:55 params :
------------
Array:
message : Array ;
module : basic ;
rule : 81 ;
priority : 0 ;
keyword : Array ;

2016-06-11 09:44:55 response :
------------
Array:
FromUserName : gh_ce84963696ea ;
ToUserName : ogOo_wF2K7O6lV2R0OBm1r08QJAg ;
MsgType : text ;
Content : 欢迎关注昵多丽环保家居官方微信，系统正在完善中，更多精彩，敬请期待…… ;

2016-06-11 09:48:04 trace :
------------
String:
<xml><ToUserName><![CDATA[gh_173b187cfb81]]></ToUserName>
<FromUserName><![CDATA[ocu1wwag1RhtAQYS3B6y-AiP2vaI]]></FromUserName>
<CreateTime>1465609685</CreateTime>
<MsgType><![CDATA[event]]></MsgType>
<Event><![CDATA[VIEW]]></Event>
<EventKey><![CDATA[http://f.iseasoft.cn/app/index.php?i=10&c=entry&eid=1226]]></EventKey>
<MenuId>428862708</MenuId>
</xml>

2016-06-11 09:48:04 params :
------------
Array:
message : Array ;
module : basic ;
rule : 90 ;
priority : 0 ;
keyword : Array ;

2016-06-11 09:48:04 response :
------------
Array:
FromUserName : gh_173b187cfb81 ;
ToUserName : ocu1wwag1RhtAQYS3B6y-AiP2vaI ;
MsgType : text ;
Content : 您好，欢迎来到玉田网上超市！ ;

2016-06-11 09:49:18 trace :
------------
String:
<xml><ToUserName><![CDATA[gh_ce84963696ea]]></ToUserName>
<FromUserName><![CDATA[ogOo_wF2K7O6lV2R0OBm1r08QJAg]]></FromUserName>
<CreateTime>1465609758</CreateTime>
<MsgType><![CDATA[event]]></MsgType>
<Event><![CDATA[VIEW]]></Event>
<EventKey><![CDATA[http://f.iseasoft.cn/app/index.php?i=9&c=entry&p=commission&m=sea&do=plugin]]></EventKey>
<MenuId>409870668</MenuId>
</xml>

2016-06-11 09:49:18 params :
------------
Array:
message : Array ;
module : basic ;
rule : 81 ;
priority : 0 ;
keyword : Array ;

2016-06-11 09:49:18 response :
------------
Array:
FromUserName : gh_ce84963696ea ;
ToUserName : ogOo_wF2K7O6lV2R0OBm1r08QJAg ;
MsgType : text ;
Content : 欢迎关注昵多丽环保家居官方微信，系统正在完善中，更多精彩，敬请期待…… ;

2016-06-11 09:49:49 trace :
------------
String:
<xml><ToUserName><![CDATA[gh_ce84963696ea]]></ToUserName>
<FromUserName><![CDATA[ogOo_wF2K7O6lV2R0OBm1r08QJAg]]></FromUserName>
<CreateTime>1465609789</CreateTime>
<MsgType><![CDATA[event]]></MsgType>
<Event><![CDATA[CLICK]]></Event>
<EventKey><![CDATA[招商加盟]]></EventKey>
</xml>

2016-06-11 09:49:49 params :
------------
Array:
message : Array ;
module : news ;
rule : 83 ;
priority : 0 ;
keyword : Array ;

2016-06-11 09:49:49 response :
------------
Array:
FromUserName : gh_ce84963696ea ;
ToUserName : ogOo_wF2K7O6lV2R0OBm1r08QJAg ;
MsgType : news ;
ArticleCount : 1 ;
Articles : Array ;

2016-06-11 09:50:21 trace :
------------
String:
<xml><ToUserName><![CDATA[gh_ce84963696ea]]></ToUserName>
<FromUserName><![CDATA[ogOo_wF2K7O6lV2R0OBm1r08QJAg]]></FromUserName>
<CreateTime>1465609821</CreateTime>
<MsgType><![CDATA[event]]></MsgType>
<Event><![CDATA[VIEW]]></Event>
<EventKey><![CDATA[http://f.iseasoft.cn/app/index.php?i=9&c=entry&p=commission&m=sea&do=plugin]]></EventKey>
<MenuId>409870668</MenuId>
</xml>

2016-06-11 09:50:21 params :
------------
Array:
message : Array ;
module : basic ;
rule : 81 ;
priority : 0 ;
keyword : Array ;

2016-06-11 09:50:21 response :
------------
Array:
FromUserName : gh_ce84963696ea ;
ToUserName : ogOo_wF2K7O6lV2R0OBm1r08QJAg ;
MsgType : text ;
Content : 欢迎关注昵多丽环保家居官方微信，系统正在完善中，更多精彩，敬请期待…… ;

2016-06-11 09:50:41 trace :
------------
String:
<xml><ToUserName><![CDATA[gh_ce84963696ea]]></ToUserName>
<FromUserName><![CDATA[ogOo_wF2K7O6lV2R0OBm1r08QJAg]]></FromUserName>
<CreateTime>1465609841</CreateTime>
<MsgType><![CDATA[event]]></MsgType>
<Event><![CDATA[VIEW]]></Event>
<EventKey><![CDATA[http://f.iseasoft.cn/app/index.php?i=9&c=entry&p=commission&m=sea&do=plugin]]></EventKey>
<MenuId>409870668</MenuId>
</xml>

2016-06-11 09:50:41 params :
------------
Array:
message : Array ;
module : basic ;
rule : 81 ;
priority : 0 ;
keyword : Array ;

2016-06-11 09:50:41 response :
------------
Array:
FromUserName : gh_ce84963696ea ;
ToUserName : ogOo_wF2K7O6lV2R0OBm1r08QJAg ;
MsgType : text ;
Content : 欢迎关注昵多丽环保家居官方微信，系统正在完善中，更多精彩，敬请期待…… ;

2016-06-11 09:50:56 trace :
------------
String:
<xml><ToUserName><![CDATA[gh_ce84963696ea]]></ToUserName>
<FromUserName><![CDATA[ogOo_wF2K7O6lV2R0OBm1r08QJAg]]></FromUserName>
<CreateTime>1465609856</CreateTime>
<MsgType><![CDATA[event]]></MsgType>
<Event><![CDATA[VIEW]]></Event>
<EventKey><![CDATA[http://f.iseasoft.cn/app/index.php?i=9&c=entry&eid=1226]]></EventKey>
<MenuId>409870668</MenuId>
</xml>

2016-06-11 09:50:56 params :
------------
Array:
message : Array ;
module : basic ;
rule : 81 ;
priority : 0 ;
keyword : Array ;

2016-06-11 09:50:56 response :
------------
Array:
FromUserName : gh_ce84963696ea ;
ToUserName : ogOo_wF2K7O6lV2R0OBm1r08QJAg ;
MsgType : text ;
Content : 欢迎关注昵多丽环保家居官方微信，系统正在完善中，更多精彩，敬请期待…… ;

2016-06-11 10:21:52 trace :
------------
String:
<xml><ToUserName><![CDATA[gh_173b187cfb81]]></ToUserName>
<FromUserName><![CDATA[ocu1wwdOCC2O8Voq_pFet4IzmYSk]]></FromUserName>
<CreateTime>1465611712</CreateTime>
<MsgType><![CDATA[event]]></MsgType>
<Event><![CDATA[VIEW]]></Event>
<EventKey><![CDATA[http://f.iseasoft.cn/app/index.php?i=10&c=entry&eid=1226]]></EventKey>
<MenuId>428862708</MenuId>
</xml>

2016-06-11 10:21:52 params :
------------
Array:
message : Array ;
module : basic ;
rule : 90 ;
priority : 0 ;
keyword : Array ;

2016-06-11 10:21:52 response :
------------
Array:
FromUserName : gh_173b187cfb81 ;
ToUserName : ocu1wwdOCC2O8Voq_pFet4IzmYSk ;
MsgType : text ;
Content : 您好，欢迎来到玉田网上超市！ ;

2016-06-11 10:24:30 trace :
------------
String:
<xml><ToUserName><![CDATA[gh_173b187cfb81]]></ToUserName>
<FromUserName><![CDATA[ocu1wwdOCC2O8Voq_pFet4IzmYSk]]></FromUserName>
<CreateTime>1465611870</CreateTime>
<MsgType><![CDATA[event]]></MsgType>
<Event><![CDATA[VIEW]]></Event>
<EventKey><![CDATA[http://f.iseasoft.cn/app/index.php?i=10&c=entry&eid=1226]]></EventKey>
<MenuId>428862708</MenuId>
</xml>

2016-06-11 10:24:30 params :
------------
Array:
message : Array ;
module : basic ;
rule : 90 ;
priority : 0 ;
keyword : Array ;

2016-06-11 10:24:30 response :
------------
Array:
FromUserName : gh_173b187cfb81 ;
ToUserName : ocu1wwdOCC2O8Voq_pFet4IzmYSk ;
MsgType : text ;
Content : 您好，欢迎来到玉田网上超市！ ;

2016-06-11 10:28:10 trace :
------------
String:
<xml><ToUserName><![CDATA[gh_173b187cfb81]]></ToUserName>
<FromUserName><![CDATA[ocu1wwdOCC2O8Voq_pFet4IzmYSk]]></FromUserName>
<CreateTime>1465612090</CreateTime>
<MsgType><![CDATA[event]]></MsgType>
<Event><![CDATA[VIEW]]></Event>
<EventKey><![CDATA[http://f.iseasoft.cn/app/index.php?i=10&c=entry&eid=1226]]></EventKey>
<MenuId>428862708</MenuId>
</xml>

2016-06-11 10:28:10 params :
------------
Array:
message : Array ;
module : basic ;
rule : 90 ;
priority : 0 ;
keyword : Array ;

2016-06-11 10:28:10 response :
------------
Array:
FromUserName : gh_173b187cfb81 ;
ToUserName : ocu1wwdOCC2O8Voq_pFet4IzmYSk ;
MsgType : text ;
Content : 您好，欢迎来到玉田网上超市！ ;

2016-06-11 10:54:26 trace :
------------
String:
<xml><ToUserName><![CDATA[gh_173b187cfb81]]></ToUserName>
<FromUserName><![CDATA[ocu1wwdOCC2O8Voq_pFet4IzmYSk]]></FromUserName>
<CreateTime>1465613666</CreateTime>
<MsgType><![CDATA[event]]></MsgType>
<Event><![CDATA[VIEW]]></Event>
<EventKey><![CDATA[http://f.iseasoft.cn/app/index.php?i=10&c=entry&eid=1226]]></EventKey>
<MenuId>428862708</MenuId>
</xml>

2016-06-11 10:54:26 params :
------------
Array:
message : Array ;
module : basic ;
rule : 90 ;
priority : 0 ;
keyword : Array ;

2016-06-11 10:54:26 response :
------------
Array:
FromUserName : gh_173b187cfb81 ;
ToUserName : ocu1wwdOCC2O8Voq_pFet4IzmYSk ;
MsgType : text ;
Content : 您好，欢迎来到玉田网上超市！ ;

2016-06-11 11:00:54 trace :
------------
String:
<xml><ToUserName><![CDATA[gh_173b187cfb81]]></ToUserName>
<FromUserName><![CDATA[ocu1wwYhy3SkF_oFr0EnpXKWOqqw]]></FromUserName>
<CreateTime>1465614054</CreateTime>
<MsgType><![CDATA[event]]></MsgType>
<Event><![CDATA[subscribe]]></Event>
<EventKey><![CDATA[]]></EventKey>
</xml>

2016-06-11 11:00:54 params :
------------
Array:
message : Array ;
module : basic ;
rule : 90 ;
priority : 0 ;
keyword : Array ;

2016-06-11 11:00:54 response :
------------
Array:
FromUserName : gh_173b187cfb81 ;
ToUserName : ocu1wwYhy3SkF_oFr0EnpXKWOqqw ;
MsgType : text ;
Content : 您好，欢迎来到玉田网上超市！ ;

2016-06-11 11:01:10 trace :
------------
String:
<xml><ToUserName><![CDATA[gh_173b187cfb81]]></ToUserName>
<FromUserName><![CDATA[ocu1wwYhy3SkF_oFr0EnpXKWOqqw]]></FromUserName>
<CreateTime>1465614070</CreateTime>
<MsgType><![CDATA[event]]></MsgType>
<Event><![CDATA[VIEW]]></Event>
<EventKey><![CDATA[http://f.iseasoft.cn/app/index.php?i=10&c=entry&eid=1226]]></EventKey>
<MenuId>428862708</MenuId>
</xml>

2016-06-11 11:01:10 params :
------------
Array:
message : Array ;
module : basic ;
rule : 90 ;
priority : 0 ;
keyword : Array ;

2016-06-11 11:01:10 response :
------------
Array:
FromUserName : gh_173b187cfb81 ;
ToUserName : ocu1wwYhy3SkF_oFr0EnpXKWOqqw ;
MsgType : text ;
Content : 您好，欢迎来到玉田网上超市！ ;

2016-06-11 11:01:34 trace :
------------
String:
<xml><ToUserName><![CDATA[gh_173b187cfb81]]></ToUserName>
<FromUserName><![CDATA[ocu1wwYhy3SkF_oFr0EnpXKWOqqw]]></FromUserName>
<CreateTime>1465614094</CreateTime>
<MsgType><![CDATA[event]]></MsgType>
<Event><![CDATA[VIEW]]></Event>
<EventKey><![CDATA[http://f.iseasoft.cn/app/index.php?i=10&c=entry&eid=1226]]></EventKey>
<MenuId>428862708</MenuId>
</xml>

2016-06-11 11:01:34 params :
------------
Array:
message : Array ;
module : basic ;
rule : 90 ;
priority : 0 ;
keyword : Array ;

2016-06-11 11:01:34 response :
------------
Array:
FromUserName : gh_173b187cfb81 ;
ToUserName : ocu1wwYhy3SkF_oFr0EnpXKWOqqw ;
MsgType : text ;
Content : 您好，欢迎来到玉田网上超市！ ;

2016-06-11 11:02:01 trace :
------------
String:
<xml><ToUserName><![CDATA[gh_173b187cfb81]]></ToUserName>
<FromUserName><![CDATA[ocu1wwdOCC2O8Voq_pFet4IzmYSk]]></FromUserName>
<CreateTime>1465614121</CreateTime>
<MsgType><![CDATA[event]]></MsgType>
<Event><![CDATA[VIEW]]></Event>
<EventKey><![CDATA[http://f.iseasoft.cn/app/index.php?i=10&c=entry&eid=1226]]></EventKey>
<MenuId>428862708</MenuId>
</xml>

2016-06-11 11:02:01 params :
------------
Array:
message : Array ;
module : basic ;
rule : 90 ;
priority : 0 ;
keyword : Array ;

2016-06-11 11:02:01 response :
------------
Array:
FromUserName : gh_173b187cfb81 ;
ToUserName : ocu1wwdOCC2O8Voq_pFet4IzmYSk ;
MsgType : text ;
Content : 您好，欢迎来到玉田网上超市！ ;

2016-06-11 11:03:38 trace :
------------
String:
<xml><ToUserName><![CDATA[gh_173b187cfb81]]></ToUserName>
<FromUserName><![CDATA[ocu1wwag1RhtAQYS3B6y-AiP2vaI]]></FromUserName>
<CreateTime>1465614218</CreateTime>
<MsgType><![CDATA[event]]></MsgType>
<Event><![CDATA[VIEW]]></Event>
<EventKey><![CDATA[http://f.iseasoft.cn/app/index.php?i=10&c=entry&eid=1226]]></EventKey>
<MenuId>428862708</MenuId>
</xml>

2016-06-11 11:03:38 params :
------------
Array:
message : Array ;
module : basic ;
rule : 90 ;
priority : 0 ;
keyword : Array ;

2016-06-11 11:03:38 response :
------------
Array:
FromUserName : gh_173b187cfb81 ;
ToUserName : ocu1wwag1RhtAQYS3B6y-AiP2vaI ;
MsgType : text ;
Content : 您好，欢迎来到玉田网上超市！ ;

2016-06-11 11:04:55 trace :
------------
String:
<xml><ToUserName><![CDATA[gh_173b187cfb81]]></ToUserName>
<FromUserName><![CDATA[ocu1wwag1RhtAQYS3B6y-AiP2vaI]]></FromUserName>
<CreateTime>1465614295</CreateTime>
<MsgType><![CDATA[event]]></MsgType>
<Event><![CDATA[VIEW]]></Event>
<EventKey><![CDATA[http://f.iseasoft.cn/app/index.php?i=10&c=entry&eid=1226]]></EventKey>
<MenuId>428862708</MenuId>
</xml>

2016-06-11 11:04:55 params :
------------
Array:
message : Array ;
module : basic ;
rule : 90 ;
priority : 0 ;
keyword : Array ;

2016-06-11 11:04:55 response :
------------
Array:
FromUserName : gh_173b187cfb81 ;
ToUserName : ocu1wwag1RhtAQYS3B6y-AiP2vaI ;
MsgType : text ;
Content : 您好，欢迎来到玉田网上超市！ ;

2016-06-11 11:07:05 trace :
------------
String:
<xml><ToUserName><![CDATA[gh_173b187cfb81]]></ToUserName>
<FromUserName><![CDATA[ocu1wwag1RhtAQYS3B6y-AiP2vaI]]></FromUserName>
<CreateTime>1465614425</CreateTime>
<MsgType><![CDATA[event]]></MsgType>
<Event><![CDATA[VIEW]]></Event>
<EventKey><![CDATA[http://f.iseasoft.cn/app/index.php?i=10&c=entry&eid=1226]]></EventKey>
<MenuId>428862708</MenuId>
</xml>

2016-06-11 11:07:05 params :
------------
Array:
message : Array ;
module : basic ;
rule : 90 ;
priority : 0 ;
keyword : Array ;

2016-06-11 11:07:05 response :
------------
Array:
FromUserName : gh_173b187cfb81 ;
ToUserName : ocu1wwag1RhtAQYS3B6y-AiP2vaI ;
MsgType : text ;
Content : 您好，欢迎来到玉田网上超市！ ;

2016-06-11 11:42:27 trace :
------------
String:
<xml><ToUserName><![CDATA[gh_ce84963696ea]]></ToUserName>
<FromUserName><![CDATA[ogOo_wF2K7O6lV2R0OBm1r08QJAg]]></FromUserName>
<CreateTime>1465616547</CreateTime>
<MsgType><![CDATA[event]]></MsgType>
<Event><![CDATA[VIEW]]></Event>
<EventKey><![CDATA[http://f.iseasoft.cn/app/index.php?i=9&c=entry&eid=1226]]></EventKey>
<MenuId>409870668</MenuId>
</xml>

2016-06-11 11:42:27 params :
------------
Array:
message : Array ;
module : basic ;
rule : 81 ;
priority : 0 ;
keyword : Array ;

2016-06-11 11:42:27 response :
------------
Array:
FromUserName : gh_ce84963696ea ;
ToUserName : ogOo_wF2K7O6lV2R0OBm1r08QJAg ;
MsgType : text ;
Content : 欢迎关注昵多丽环保家居官方微信，系统正在完善中，更多精彩，敬请期待…… ;

2016-06-11 11:43:15 trace :
------------
String:
<xml><ToUserName><![CDATA[gh_ce84963696ea]]></ToUserName>
<FromUserName><![CDATA[ogOo_wF2K7O6lV2R0OBm1r08QJAg]]></FromUserName>
<CreateTime>1465616595</CreateTime>
<MsgType><![CDATA[event]]></MsgType>
<Event><![CDATA[VIEW]]></Event>
<EventKey><![CDATA[http://f.iseasoft.cn/app/index.php?i=9&c=entry&eid=1226]]></EventKey>
<MenuId>409870668</MenuId>
</xml>

2016-06-11 11:43:15 params :
------------
Array:
message : Array ;
module : basic ;
rule : 81 ;
priority : 0 ;
keyword : Array ;

2016-06-11 11:43:15 response :
------------
Array:
FromUserName : gh_ce84963696ea ;
ToUserName : ogOo_wF2K7O6lV2R0OBm1r08QJAg ;
MsgType : text ;
Content : 欢迎关注昵多丽环保家居官方微信，系统正在完善中，更多精彩，敬请期待…… ;

2016-06-11 12:06:24 trace :
------------
String:
<xml><ToUserName><![CDATA[gh_173b187cfb81]]></ToUserName>
<FromUserName><![CDATA[ocu1wwb8AIF2gf3rGpfR6CwA3FSU]]></FromUserName>
<CreateTime>1465617984</CreateTime>
<MsgType><![CDATA[event]]></MsgType>
<Event><![CDATA[VIEW]]></Event>
<EventKey><![CDATA[http://f.iseasoft.cn/app/index.php?i=10&c=entry&eid=1226]]></EventKey>
<MenuId>428862708</MenuId>
</xml>

2016-06-11 12:06:24 params :
------------
Array:
message : Array ;
module : basic ;
rule : 90 ;
priority : 0 ;
keyword : Array ;

2016-06-11 12:06:24 response :
------------
Array:
FromUserName : gh_173b187cfb81 ;
ToUserName : ocu1wwb8AIF2gf3rGpfR6CwA3FSU ;
MsgType : text ;
Content : 您好，欢迎来到玉田网上超市！ ;

2016-06-11 12:25:21 trace :
------------
String:
<xml><ToUserName><![CDATA[gh_9ef36f25dc50]]></ToUserName>
<FromUserName><![CDATA[oN38-we68BoGp1wevgKTEMnY69FY]]></FromUserName>
<CreateTime>1465619121</CreateTime>
<MsgType><![CDATA[event]]></MsgType>
<Event><![CDATA[VIEW]]></Event>
<EventKey><![CDATA[http://f.iseasoft.cn/app/index.php?i=5&c=entry&eid=1226]]></EventKey>
<MenuId>409281329</MenuId>
</xml>

2016-06-11 12:25:21 params :
------------
Array:
rule : -2 ;
module :  ;
message : Array ;

2016-06-11 12:25:21 response :
------------

2016-06-11 12:27:13 trace :
------------
String:
<xml><ToUserName><![CDATA[gh_9ef36f25dc50]]></ToUserName>
<FromUserName><![CDATA[oN38-we68BoGp1wevgKTEMnY69FY]]></FromUserName>
<CreateTime>1465619232</CreateTime>
<MsgType><![CDATA[event]]></MsgType>
<Event><![CDATA[VIEW]]></Event>
<EventKey><![CDATA[http://f.iseasoft.cn/app/index.php?i=5&c=entry&eid=1226]]></EventKey>
<MenuId>409281329</MenuId>
</xml>

2016-06-11 12:27:13 params :
------------
Array:
rule : -2 ;
module :  ;
message : Array ;

2016-06-11 12:27:13 response :
------------

2016-06-11 12:27:44 trace :
------------
String:
<xml><ToUserName><![CDATA[gh_9ef36f25dc50]]></ToUserName>
<FromUserName><![CDATA[oN38-we68BoGp1wevgKTEMnY69FY]]></FromUserName>
<CreateTime>1465619263</CreateTime>
<MsgType><![CDATA[event]]></MsgType>
<Event><![CDATA[VIEW]]></Event>
<EventKey><![CDATA[http://f.iseasoft.cn/app/index.php?i=5&c=entry&eid=1226]]></EventKey>
<MenuId>409281329</MenuId>
</xml>

2016-06-11 12:27:44 params :
------------
Array:
rule : -2 ;
module :  ;
message : Array ;

2016-06-11 12:27:44 response :
------------

2016-06-11 12:53:39 trace :
------------
String:
<xml><ToUserName><![CDATA[gh_9ef36f25dc50]]></ToUserName>
<FromUserName><![CDATA[oN38-we68BoGp1wevgKTEMnY69FY]]></FromUserName>
<CreateTime>1465620819</CreateTime>
<MsgType><![CDATA[event]]></MsgType>
<Event><![CDATA[VIEW]]></Event>
<EventKey><![CDATA[http://f.iseasoft.cn/app/index.php?i=5&c=entry&eid=1226]]></EventKey>
<MenuId>409281329</MenuId>
</xml>

2016-06-11 12:53:39 params :
------------
Array:
rule : -2 ;
module :  ;
message : Array ;

2016-06-11 12:53:39 response :
------------

2016-06-11 12:55:27 trace :
------------
String:
<xml><ToUserName><![CDATA[gh_9ef36f25dc50]]></ToUserName>
<FromUserName><![CDATA[oN38-we68BoGp1wevgKTEMnY69FY]]></FromUserName>
<CreateTime>1465620927</CreateTime>
<MsgType><![CDATA[event]]></MsgType>
<Event><![CDATA[VIEW]]></Event>
<EventKey><![CDATA[http://f.iseasoft.cn/app/index.php?i=5&c=entry&eid=1226]]></EventKey>
<MenuId>409281329</MenuId>
</xml>

2016-06-11 12:55:27 params :
------------
Array:
rule : -2 ;
module :  ;
message : Array ;

2016-06-11 12:55:27 response :
------------

2016-06-11 13:06:55 trace :
------------
String:
<xml><ToUserName><![CDATA[gh_ce84963696ea]]></ToUserName>
<FromUserName><![CDATA[ogOo_wCcGJa_tDadELDIPBVB38mM]]></FromUserName>
<CreateTime>1465621615</CreateTime>
<MsgType><![CDATA[event]]></MsgType>
<Event><![CDATA[subscribe]]></Event>
<EventKey><![CDATA[]]></EventKey>
</xml>

2016-06-11 13:06:55 params :
------------
Array:
message : Array ;
module : basic ;
rule : 81 ;
priority : 0 ;
keyword : Array ;

2016-06-11 13:06:55 response :
------------
Array:
FromUserName : gh_ce84963696ea ;
ToUserName : ogOo_wCcGJa_tDadELDIPBVB38mM ;
MsgType : text ;
Content : 欢迎关注昵多丽环保家居官方微信，系统正在完善中，更多精彩，敬请期待…… ;

2016-06-11 13:07:00 trace :
------------
String:
<xml><ToUserName><![CDATA[gh_ce84963696ea]]></ToUserName>
<FromUserName><![CDATA[ogOo_wCcGJa_tDadELDIPBVB38mM]]></FromUserName>
<CreateTime>1465621620</CreateTime>
<MsgType><![CDATA[event]]></MsgType>
<Event><![CDATA[VIEW]]></Event>
<EventKey><![CDATA[http://f.iseasoft.cn/app/index.php?i=9&c=entry&eid=1226]]></EventKey>
<MenuId>409870668</MenuId>
</xml>

2016-06-11 13:07:00 params :
------------
Array:
message : Array ;
module : basic ;
rule : 81 ;
priority : 0 ;
keyword : Array ;

2016-06-11 13:07:00 response :
------------
Array:
FromUserName : gh_ce84963696ea ;
ToUserName : ogOo_wCcGJa_tDadELDIPBVB38mM ;
MsgType : text ;
Content : 欢迎关注昵多丽环保家居官方微信，系统正在完善中，更多精彩，敬请期待…… ;

2016-06-11 13:08:18 trace :
------------
String:
<xml><ToUserName><![CDATA[gh_ce84963696ea]]></ToUserName>
<FromUserName><![CDATA[ogOo_wCcGJa_tDadELDIPBVB38mM]]></FromUserName>
<CreateTime>1465621699</CreateTime>
<MsgType><![CDATA[event]]></MsgType>
<Event><![CDATA[VIEW]]></Event>
<EventKey><![CDATA[http://f.iseasoft.cn/app/index.php?i=9&c=entry&eid=1226]]></EventKey>
<MenuId>409870668</MenuId>
</xml>

2016-06-11 13:08:19 params :
------------
Array:
message : Array ;
module : basic ;
rule : 81 ;
priority : 0 ;
keyword : Array ;

2016-06-11 13:08:19 response :
------------
Array:
FromUserName : gh_ce84963696ea ;
ToUserName : ogOo_wCcGJa_tDadELDIPBVB38mM ;
MsgType : text ;
Content : 欢迎关注昵多丽环保家居官方微信，系统正在完善中，更多精彩，敬请期待…… ;

2016-06-11 13:08:51 trace :
------------
String:
<xml><ToUserName><![CDATA[gh_ce84963696ea]]></ToUserName>
<FromUserName><![CDATA[ogOo_wCcGJa_tDadELDIPBVB38mM]]></FromUserName>
<CreateTime>1465621731</CreateTime>
<MsgType><![CDATA[event]]></MsgType>
<Event><![CDATA[CLICK]]></Event>
<EventKey><![CDATA[企业介绍]]></EventKey>
</xml>

2016-06-11 13:08:51 params :
------------
Array:
message : Array ;
module : news ;
rule : 82 ;
priority : 0 ;
keyword : Array ;

2016-06-11 13:08:51 response :
------------
Array:
FromUserName : gh_ce84963696ea ;
ToUserName : ogOo_wCcGJa_tDadELDIPBVB38mM ;
MsgType : news ;
ArticleCount : 1 ;
Articles : Array ;

2016-06-11 13:34:01 trace :
------------
String:
<xml><ToUserName><![CDATA[gh_173b187cfb81]]></ToUserName>
<FromUserName><![CDATA[ocu1wwYhy3SkF_oFr0EnpXKWOqqw]]></FromUserName>
<CreateTime>1465623241</CreateTime>
<MsgType><![CDATA[event]]></MsgType>
<Event><![CDATA[VIEW]]></Event>
<EventKey><![CDATA[http://f.iseasoft.cn/app/index.php?i=10&c=entry&eid=1226]]></EventKey>
<MenuId>428862708</MenuId>
</xml>

2016-06-11 13:34:01 params :
------------
Array:
message : Array ;
module : basic ;
rule : 90 ;
priority : 0 ;
keyword : Array ;

2016-06-11 13:34:01 response :
------------
Array:
FromUserName : gh_173b187cfb81 ;
ToUserName : ocu1wwYhy3SkF_oFr0EnpXKWOqqw ;
MsgType : text ;
Content : 您好，欢迎来到玉田网上超市！ ;

2016-06-11 13:34:02 trace :
------------
String:
<xml><ToUserName><![CDATA[gh_173b187cfb81]]></ToUserName>
<FromUserName><![CDATA[ocu1wwYhy3SkF_oFr0EnpXKWOqqw]]></FromUserName>
<CreateTime>1465623242</CreateTime>
<MsgType><![CDATA[event]]></MsgType>
<Event><![CDATA[VIEW]]></Event>
<EventKey><![CDATA[http://f.iseasoft.cn/app/index.php?i=10&c=entry&eid=1226]]></EventKey>
<MenuId>428862708</MenuId>
</xml>

2016-06-11 13:34:02 params :
------------
Array:
message : Array ;
module : basic ;
rule : 90 ;
priority : 0 ;
keyword : Array ;

2016-06-11 13:34:02 response :
------------
Array:
FromUserName : gh_173b187cfb81 ;
ToUserName : ocu1wwYhy3SkF_oFr0EnpXKWOqqw ;
MsgType : text ;
Content : 您好，欢迎来到玉田网上超市！ ;

2016-06-11 13:34:03 trace :
------------
String:
<xml><ToUserName><![CDATA[gh_173b187cfb81]]></ToUserName>
<FromUserName><![CDATA[ocu1wwYhy3SkF_oFr0EnpXKWOqqw]]></FromUserName>
<CreateTime>1465623243</CreateTime>
<MsgType><![CDATA[event]]></MsgType>
<Event><![CDATA[VIEW]]></Event>
<EventKey><![CDATA[http://f.iseasoft.cn/app/index.php?i=10&c=entry&eid=1226]]></EventKey>
<MenuId>428862708</MenuId>
</xml>

2016-06-11 13:34:03 params :
------------
Array:
message : Array ;
module : basic ;
rule : 90 ;
priority : 0 ;
keyword : Array ;

2016-06-11 13:34:03 response :
------------
Array:
FromUserName : gh_173b187cfb81 ;
ToUserName : ocu1wwYhy3SkF_oFr0EnpXKWOqqw ;
MsgType : text ;
Content : 您好，欢迎来到玉田网上超市！ ;

2016-06-11 13:42:33 trace :
------------
String:
<xml><ToUserName><![CDATA[gh_173b187cfb81]]></ToUserName>
<FromUserName><![CDATA[ocu1wwdOCC2O8Voq_pFet4IzmYSk]]></FromUserName>
<CreateTime>1465623753</CreateTime>
<MsgType><![CDATA[event]]></MsgType>
<Event><![CDATA[VIEW]]></Event>
<EventKey><![CDATA[http://f.iseasoft.cn/app/index.php?i=10&c=entry&eid=1226]]></EventKey>
<MenuId>428862708</MenuId>
</xml>

2016-06-11 13:42:33 params :
------------
Array:
message : Array ;
module : basic ;
rule : 90 ;
priority : 0 ;
keyword : Array ;

2016-06-11 13:42:33 response :
------------
Array:
FromUserName : gh_173b187cfb81 ;
ToUserName : ocu1wwdOCC2O8Voq_pFet4IzmYSk ;
MsgType : text ;
Content : 您好，欢迎来到玉田网上超市！ ;

2016-06-11 14:04:04 trace :
------------
String:
<xml><ToUserName><![CDATA[gh_173b187cfb81]]></ToUserName>
<FromUserName><![CDATA[ocu1wwag1RhtAQYS3B6y-AiP2vaI]]></FromUserName>
<CreateTime>1465625044</CreateTime>
<MsgType><![CDATA[event]]></MsgType>
<Event><![CDATA[VIEW]]></Event>
<EventKey><![CDATA[http://f.iseasoft.cn/app/index.php?i=10&c=entry&eid=1226]]></EventKey>
<MenuId>428862708</MenuId>
</xml>

2016-06-11 14:04:04 params :
------------
Array:
message : Array ;
module : basic ;
rule : 90 ;
priority : 0 ;
keyword : Array ;

2016-06-11 14:04:04 response :
------------
Array:
FromUserName : gh_173b187cfb81 ;
ToUserName : ocu1wwag1RhtAQYS3B6y-AiP2vaI ;
MsgType : text ;
Content : 您好，欢迎来到玉田网上超市！ ;

2016-06-11 14:07:32 trace :
------------
String:
<xml><ToUserName><![CDATA[gh_173b187cfb81]]></ToUserName>
<FromUserName><![CDATA[ocu1wwS8vYqG_SoXK8jnHedASrCk]]></FromUserName>
<CreateTime>1465625252</CreateTime>
<MsgType><![CDATA[event]]></MsgType>
<Event><![CDATA[subscribe]]></Event>
<EventKey><![CDATA[]]></EventKey>
</xml>

2016-06-11 14:07:32 params :
------------
Array:
message : Array ;
module : basic ;
rule : 90 ;
priority : 0 ;
keyword : Array ;

2016-06-11 14:07:32 response :
------------
Array:
FromUserName : gh_173b187cfb81 ;
ToUserName : ocu1wwS8vYqG_SoXK8jnHedASrCk ;
MsgType : text ;
Content : 您好，欢迎来到玉田网上超市！ ;

2016-06-11 14:07:40 trace :
------------
String:
<xml><ToUserName><![CDATA[gh_173b187cfb81]]></ToUserName>
<FromUserName><![CDATA[ocu1wwS8vYqG_SoXK8jnHedASrCk]]></FromUserName>
<CreateTime>1465625261</CreateTime>
<MsgType><![CDATA[event]]></MsgType>
<Event><![CDATA[VIEW]]></Event>
<EventKey><![CDATA[http://f.iseasoft.cn/app/index.php?i=10&c=entry&eid=1226]]></EventKey>
<MenuId>428862708</MenuId>
</xml>

2016-06-11 14:07:40 params :
------------
Array:
message : Array ;
module : basic ;
rule : 90 ;
priority : 0 ;
keyword : Array ;

2016-06-11 14:07:40 response :
------------
Array:
FromUserName : gh_173b187cfb81 ;
ToUserName : ocu1wwS8vYqG_SoXK8jnHedASrCk ;
MsgType : text ;
Content : 您好，欢迎来到玉田网上超市！ ;

2016-06-11 14:10:25 trace :
------------
String:
<xml><ToUserName><![CDATA[gh_173b187cfb81]]></ToUserName>
<FromUserName><![CDATA[ocu1wwS8vYqG_SoXK8jnHedASrCk]]></FromUserName>
<CreateTime>1465625425</CreateTime>
<MsgType><![CDATA[event]]></MsgType>
<Event><![CDATA[VIEW]]></Event>
<EventKey><![CDATA[http://mp.weixin.qq.com/s?__biz=MzI0NTQwMzUwNg==&mid=100000001&idx=1&sn=c1f5d4cb7038fbcea35a9c3891e50569&scene=18#rd]]></EventKey>
<MenuId>428862708</MenuId>
</xml>

2016-06-11 14:10:25 params :
------------
Array:
message : Array ;
module : basic ;
rule : 90 ;
priority : 0 ;
keyword : Array ;

2016-06-11 14:10:25 response :
------------
Array:
FromUserName : gh_173b187cfb81 ;
ToUserName : ocu1wwS8vYqG_SoXK8jnHedASrCk ;
MsgType : text ;
Content : 您好，欢迎来到玉田网上超市！ ;

2016-06-11 14:18:10 trace :
------------
String:
<xml><ToUserName><![CDATA[gh_173b187cfb81]]></ToUserName>
<FromUserName><![CDATA[ocu1wwYhy3SkF_oFr0EnpXKWOqqw]]></FromUserName>
<CreateTime>1465625890</CreateTime>
<MsgType><![CDATA[event]]></MsgType>
<Event><![CDATA[VIEW]]></Event>
<EventKey><![CDATA[http://f.iseasoft.cn/app/index.php?i=10&c=entry&eid=1226]]></EventKey>
<MenuId>428862708</MenuId>
</xml>

2016-06-11 14:18:10 params :
------------
Array:
message : Array ;
module : basic ;
rule : 90 ;
priority : 0 ;
keyword : Array ;

2016-06-11 14:18:10 response :
------------
Array:
FromUserName : gh_173b187cfb81 ;
ToUserName : ocu1wwYhy3SkF_oFr0EnpXKWOqqw ;
MsgType : text ;
Content : 您好，欢迎来到玉田网上超市！ ;

2016-06-11 14:18:39 trace :
------------
String:
<xml><ToUserName><![CDATA[gh_173b187cfb81]]></ToUserName>
<FromUserName><![CDATA[ocu1wwYhy3SkF_oFr0EnpXKWOqqw]]></FromUserName>
<CreateTime>1465625920</CreateTime>
<MsgType><![CDATA[event]]></MsgType>
<Event><![CDATA[VIEW]]></Event>
<EventKey><![CDATA[http://f.iseasoft.cn/app/index.php?i=10&c=entry&eid=1226]]></EventKey>
<MenuId>428862708</MenuId>
</xml>

2016-06-11 14:18:39 params :
------------
Array:
message : Array ;
module : basic ;
rule : 90 ;
priority : 0 ;
keyword : Array ;

2016-06-11 14:18:39 response :
------------
Array:
FromUserName : gh_173b187cfb81 ;
ToUserName : ocu1wwYhy3SkF_oFr0EnpXKWOqqw ;
MsgType : text ;
Content : 您好，欢迎来到玉田网上超市！ ;

2016-06-11 14:18:57 trace :
------------
String:
<xml><ToUserName><![CDATA[gh_173b187cfb81]]></ToUserName>
<FromUserName><![CDATA[ocu1wwYhy3SkF_oFr0EnpXKWOqqw]]></FromUserName>
<CreateTime>1465625938</CreateTime>
<MsgType><![CDATA[event]]></MsgType>
<Event><![CDATA[VIEW]]></Event>
<EventKey><![CDATA[http://f.iseasoft.cn/app/index.php?i=10&c=entry&eid=1226]]></EventKey>
<MenuId>428862708</MenuId>
</xml>

2016-06-11 14:18:57 params :
------------
Array:
message : Array ;
module : basic ;
rule : 90 ;
priority : 0 ;
keyword : Array ;

2016-06-11 14:18:57 response :
------------
Array:
FromUserName : gh_173b187cfb81 ;
ToUserName : ocu1wwYhy3SkF_oFr0EnpXKWOqqw ;
MsgType : text ;
Content : 您好，欢迎来到玉田网上超市！ ;

2016-06-11 14:20:38 trace :
------------
String:
<xml><ToUserName><![CDATA[gh_173b187cfb81]]></ToUserName>
<FromUserName><![CDATA[ocu1wwYhy3SkF_oFr0EnpXKWOqqw]]></FromUserName>
<CreateTime>1465626039</CreateTime>
<MsgType><![CDATA[event]]></MsgType>
<Event><![CDATA[VIEW]]></Event>
<EventKey><![CDATA[http://f.iseasoft.cn/app/index.php?i=10&c=entry&eid=1226]]></EventKey>
<MenuId>428862708</MenuId>
</xml>

2016-06-11 14:20:38 params :
------------
Array:
message : Array ;
module : basic ;
rule : 90 ;
priority : 0 ;
keyword : Array ;

2016-06-11 14:20:38 response :
------------
Array:
FromUserName : gh_173b187cfb81 ;
ToUserName : ocu1wwYhy3SkF_oFr0EnpXKWOqqw ;
MsgType : text ;
Content : 您好，欢迎来到玉田网上超市！ ;

2016-06-11 14:21:07 trace :
------------
String:
<xml><ToUserName><![CDATA[gh_173b187cfb81]]></ToUserName>
<FromUserName><![CDATA[ocu1wwag1RhtAQYS3B6y-AiP2vaI]]></FromUserName>
<CreateTime>1465626068</CreateTime>
<MsgType><![CDATA[event]]></MsgType>
<Event><![CDATA[VIEW]]></Event>
<EventKey><![CDATA[http://f.iseasoft.cn/app/index.php?i=10&c=entry&eid=1226]]></EventKey>
<MenuId>428862708</MenuId>
</xml>

2016-06-11 14:21:07 params :
------------
Array:
message : Array ;
module : basic ;
rule : 90 ;
priority : 0 ;
keyword : Array ;

2016-06-11 14:21:07 response :
------------
Array:
FromUserName : gh_173b187cfb81 ;
ToUserName : ocu1wwag1RhtAQYS3B6y-AiP2vaI ;
MsgType : text ;
Content : 您好，欢迎来到玉田网上超市！ ;

2016-06-11 14:21:19 trace :
------------
String:
<xml><ToUserName><![CDATA[gh_173b187cfb81]]></ToUserName>
<FromUserName><![CDATA[ocu1wwYhy3SkF_oFr0EnpXKWOqqw]]></FromUserName>
<CreateTime>1465626080</CreateTime>
<MsgType><![CDATA[event]]></MsgType>
<Event><![CDATA[VIEW]]></Event>
<EventKey><![CDATA[http://f.iseasoft.cn/app/index.php?i=10&c=entry&eid=1226]]></EventKey>
<MenuId>428862708</MenuId>
</xml>

2016-06-11 14:21:19 params :
------------
Array:
message : Array ;
module : basic ;
rule : 90 ;
priority : 0 ;
keyword : Array ;

2016-06-11 14:21:19 response :
------------
Array:
FromUserName : gh_173b187cfb81 ;
ToUserName : ocu1wwYhy3SkF_oFr0EnpXKWOqqw ;
MsgType : text ;
Content : 您好，欢迎来到玉田网上超市！ ;

2016-06-11 14:22:20 trace :
------------
String:
<xml><ToUserName><![CDATA[gh_173b187cfb81]]></ToUserName>
<FromUserName><![CDATA[ocu1wwYhy3SkF_oFr0EnpXKWOqqw]]></FromUserName>
<CreateTime>1465626141</CreateTime>
<MsgType><![CDATA[event]]></MsgType>
<Event><![CDATA[VIEW]]></Event>
<EventKey><![CDATA[http://f.iseasoft.cn/app/index.php?i=10&c=entry&eid=1226]]></EventKey>
<MenuId>428862708</MenuId>
</xml>

2016-06-11 14:22:20 params :
------------
Array:
message : Array ;
module : basic ;
rule : 90 ;
priority : 0 ;
keyword : Array ;

2016-06-11 14:22:20 response :
------------
Array:
FromUserName : gh_173b187cfb81 ;
ToUserName : ocu1wwYhy3SkF_oFr0EnpXKWOqqw ;
MsgType : text ;
Content : 您好，欢迎来到玉田网上超市！ ;

2016-06-11 14:22:27 trace :
------------
String:
<xml><ToUserName><![CDATA[gh_173b187cfb81]]></ToUserName>
<FromUserName><![CDATA[ocu1wwag1RhtAQYS3B6y-AiP2vaI]]></FromUserName>
<CreateTime>1465626148</CreateTime>
<MsgType><![CDATA[event]]></MsgType>
<Event><![CDATA[VIEW]]></Event>
<EventKey><![CDATA[http://f.iseasoft.cn/app/index.php?i=10&c=entry&eid=1226]]></EventKey>
<MenuId>428862708</MenuId>
</xml>

2016-06-11 14:22:27 params :
------------
Array:
message : Array ;
module : basic ;
rule : 90 ;
priority : 0 ;
keyword : Array ;

2016-06-11 14:22:27 response :
------------
Array:
FromUserName : gh_173b187cfb81 ;
ToUserName : ocu1wwag1RhtAQYS3B6y-AiP2vaI ;
MsgType : text ;
Content : 您好，欢迎来到玉田网上超市！ ;

2016-06-11 14:22:43 trace :
------------
String:
<xml><ToUserName><![CDATA[gh_173b187cfb81]]></ToUserName>
<FromUserName><![CDATA[ocu1wwYhy3SkF_oFr0EnpXKWOqqw]]></FromUserName>
<CreateTime>1465626164</CreateTime>
<MsgType><![CDATA[event]]></MsgType>
<Event><![CDATA[VIEW]]></Event>
<EventKey><![CDATA[http://f.iseasoft.cn/app/index.php?i=10&c=entry&eid=1226]]></EventKey>
<MenuId>428862708</MenuId>
</xml>

2016-06-11 14:22:43 params :
------------
Array:
message : Array ;
module : basic ;
rule : 90 ;
priority : 0 ;
keyword : Array ;

2016-06-11 14:22:43 response :
------------
Array:
FromUserName : gh_173b187cfb81 ;
ToUserName : ocu1wwYhy3SkF_oFr0EnpXKWOqqw ;
MsgType : text ;
Content : 您好，欢迎来到玉田网上超市！ ;

2016-06-11 14:49:14 trace :
------------
String:
<xml><ToUserName><![CDATA[gh_ce84963696ea]]></ToUserName>
<FromUserName><![CDATA[ogOo_wCcGJa_tDadELDIPBVB38mM]]></FromUserName>
<CreateTime>1465627755</CreateTime>
<MsgType><![CDATA[event]]></MsgType>
<Event><![CDATA[unsubscribe]]></Event>
<EventKey><![CDATA[]]></EventKey>
</xml>

2016-06-11 15:00:24 trace :
------------
String:
<xml><ToUserName><![CDATA[gh_173b187cfb81]]></ToUserName>
<FromUserName><![CDATA[ocu1wwdOCC2O8Voq_pFet4IzmYSk]]></FromUserName>
<CreateTime>1465628424</CreateTime>
<MsgType><![CDATA[event]]></MsgType>
<Event><![CDATA[VIEW]]></Event>
<EventKey><![CDATA[http://f.iseasoft.cn/app/index.php?i=10&c=entry&eid=1226]]></EventKey>
<MenuId>428862708</MenuId>
</xml>

2016-06-11 15:00:24 params :
------------
Array:
message : Array ;
module : basic ;
rule : 90 ;
priority : 0 ;
keyword : Array ;

2016-06-11 15:00:24 response :
------------
Array:
FromUserName : gh_173b187cfb81 ;
ToUserName : ocu1wwdOCC2O8Voq_pFet4IzmYSk ;
MsgType : text ;
Content : 您好，欢迎来到玉田网上超市！ ;

2016-06-11 15:04:20 trace :
------------
String:
<xml><ToUserName><![CDATA[gh_173b187cfb81]]></ToUserName>
<FromUserName><![CDATA[ocu1wwdOCC2O8Voq_pFet4IzmYSk]]></FromUserName>
<CreateTime>1465628660</CreateTime>
<MsgType><![CDATA[event]]></MsgType>
<Event><![CDATA[VIEW]]></Event>
<EventKey><![CDATA[http://f.iseasoft.cn/app/index.php?i=10&c=entry&eid=1226]]></EventKey>
<MenuId>428862708</MenuId>
</xml>

2016-06-11 15:04:20 params :
------------
Array:
message : Array ;
module : basic ;
rule : 90 ;
priority : 0 ;
keyword : Array ;

2016-06-11 15:04:20 response :
------------
Array:
FromUserName : gh_173b187cfb81 ;
ToUserName : ocu1wwdOCC2O8Voq_pFet4IzmYSk ;
MsgType : text ;
Content : 您好，欢迎来到玉田网上超市！ ;

2016-06-11 15:35:10 trace :
------------
String:
<xml><ToUserName><![CDATA[gh_173b187cfb81]]></ToUserName>
<FromUserName><![CDATA[ocu1wwdOCC2O8Voq_pFet4IzmYSk]]></FromUserName>
<CreateTime>1465630510</CreateTime>
<MsgType><![CDATA[event]]></MsgType>
<Event><![CDATA[VIEW]]></Event>
<EventKey><![CDATA[http://f.iseasoft.cn/app/index.php?i=10&c=entry&eid=1226]]></EventKey>
<MenuId>428862708</MenuId>
</xml>

2016-06-11 15:35:10 params :
------------
Array:
message : Array ;
module : basic ;
rule : 90 ;
priority : 0 ;
keyword : Array ;

2016-06-11 15:35:10 response :
------------
Array:
FromUserName : gh_173b187cfb81 ;
ToUserName : ocu1wwdOCC2O8Voq_pFet4IzmYSk ;
MsgType : text ;
Content : 您好，欢迎来到玉田网上超市！ ;

2016-06-11 15:39:40 trace :
------------
String:
<xml><ToUserName><![CDATA[gh_173b187cfb81]]></ToUserName>
<FromUserName><![CDATA[ocu1wwdOCC2O8Voq_pFet4IzmYSk]]></FromUserName>
<CreateTime>1465630781</CreateTime>
<MsgType><![CDATA[event]]></MsgType>
<Event><![CDATA[VIEW]]></Event>
<EventKey><![CDATA[http://f.iseasoft.cn/app/index.php?i=10&c=entry&eid=1226]]></EventKey>
<MenuId>428862708</MenuId>
</xml>

2016-06-11 15:39:40 params :
------------
Array:
message : Array ;
module : basic ;
rule : 90 ;
priority : 0 ;
keyword : Array ;

2016-06-11 15:39:40 response :
------------
Array:
FromUserName : gh_173b187cfb81 ;
ToUserName : ocu1wwdOCC2O8Voq_pFet4IzmYSk ;
MsgType : text ;
Content : 您好，欢迎来到玉田网上超市！ ;

2016-06-11 15:40:37 trace :
------------
String:
<xml><ToUserName><![CDATA[gh_173b187cfb81]]></ToUserName>
<FromUserName><![CDATA[ocu1wwdOCC2O8Voq_pFet4IzmYSk]]></FromUserName>
<CreateTime>1465630837</CreateTime>
<MsgType><![CDATA[event]]></MsgType>
<Event><![CDATA[VIEW]]></Event>
<EventKey><![CDATA[http://f.iseasoft.cn/app/index.php?i=10&c=entry&eid=1226]]></EventKey>
<MenuId>428862708</MenuId>
</xml>

2016-06-11 15:40:37 params :
------------
Array:
message : Array ;
module : basic ;
rule : 90 ;
priority : 0 ;
keyword : Array ;

2016-06-11 15:40:37 response :
------------
Array:
FromUserName : gh_173b187cfb81 ;
ToUserName : ocu1wwdOCC2O8Voq_pFet4IzmYSk ;
MsgType : text ;
Content : 您好，欢迎来到玉田网上超市！ ;

2016-06-11 15:43:27 trace :
------------
String:
<xml><ToUserName><![CDATA[gh_173b187cfb81]]></ToUserName>
<FromUserName><![CDATA[ocu1wwdOCC2O8Voq_pFet4IzmYSk]]></FromUserName>
<CreateTime>1465631007</CreateTime>
<MsgType><![CDATA[event]]></MsgType>
<Event><![CDATA[VIEW]]></Event>
<EventKey><![CDATA[http://f.iseasoft.cn/app/index.php?i=10&c=entry&eid=1226]]></EventKey>
<MenuId>428862708</MenuId>
</xml>

2016-06-11 15:43:27 params :
------------
Array:
message : Array ;
module : basic ;
rule : 90 ;
priority : 0 ;
keyword : Array ;

2016-06-11 15:43:27 response :
------------
Array:
FromUserName : gh_173b187cfb81 ;
ToUserName : ocu1wwdOCC2O8Voq_pFet4IzmYSk ;
MsgType : text ;
Content : 您好，欢迎来到玉田网上超市！ ;

2016-06-11 15:44:07 trace :
------------
String:
<xml><ToUserName><![CDATA[gh_994b4bf94dd3]]></ToUserName>
<FromUserName><![CDATA[o2LD4skHUMnzOuLioO7F2OoUP8Lk]]></FromUserName>
<CreateTime>1465631047</CreateTime>
<MsgType><![CDATA[event]]></MsgType>
<Event><![CDATA[VIEW]]></Event>
<EventKey><![CDATA[http://f.iseasoft.cn/app/index.php?i=12&c=entry&do=shop&m=sea]]></EventKey>
<MenuId>404425138</MenuId>
</xml>

2016-06-11 15:44:07 params :
------------
Array:
rule : -2 ;
module :  ;
message : Array ;

2016-06-11 15:44:07 response :
------------

2016-06-11 16:22:58 trace :
------------
String:
<xml><ToUserName><![CDATA[gh_173b187cfb81]]></ToUserName>
<FromUserName><![CDATA[ocu1wwYhy3SkF_oFr0EnpXKWOqqw]]></FromUserName>
<CreateTime>1465633378</CreateTime>
<MsgType><![CDATA[event]]></MsgType>
<Event><![CDATA[VIEW]]></Event>
<EventKey><![CDATA[http://f.iseasoft.cn/app/index.php?i=10&c=entry&eid=1226]]></EventKey>
<MenuId>428862708</MenuId>
</xml>

2016-06-11 16:22:58 params :
------------
Array:
message : Array ;
module : basic ;
rule : 90 ;
priority : 0 ;
keyword : Array ;

2016-06-11 16:22:58 response :
------------
Array:
FromUserName : gh_173b187cfb81 ;
ToUserName : ocu1wwYhy3SkF_oFr0EnpXKWOqqw ;
MsgType : text ;
Content : 您好，欢迎来到玉田网上超市！ ;

2016-06-11 16:23:14 trace :
------------
String:
<xml><ToUserName><![CDATA[gh_173b187cfb81]]></ToUserName>
<FromUserName><![CDATA[ocu1wwYhy3SkF_oFr0EnpXKWOqqw]]></FromUserName>
<CreateTime>1465633394</CreateTime>
<MsgType><![CDATA[event]]></MsgType>
<Event><![CDATA[VIEW]]></Event>
<EventKey><![CDATA[http://f.iseasoft.cn/app/index.php?i=10&c=entry&eid=1226]]></EventKey>
<MenuId>428862708</MenuId>
</xml>

2016-06-11 16:23:14 params :
------------
Array:
message : Array ;
module : basic ;
rule : 90 ;
priority : 0 ;
keyword : Array ;

2016-06-11 16:23:14 response :
------------
Array:
FromUserName : gh_173b187cfb81 ;
ToUserName : ocu1wwYhy3SkF_oFr0EnpXKWOqqw ;
MsgType : text ;
Content : 您好，欢迎来到玉田网上超市！ ;

2016-06-11 16:24:39 trace :
------------
String:
<xml><ToUserName><![CDATA[gh_173b187cfb81]]></ToUserName>
<FromUserName><![CDATA[ocu1wwYhy3SkF_oFr0EnpXKWOqqw]]></FromUserName>
<CreateTime>1465633479</CreateTime>
<MsgType><![CDATA[event]]></MsgType>
<Event><![CDATA[VIEW]]></Event>
<EventKey><![CDATA[http://f.iseasoft.cn/app/index.php?i=10&c=entry&eid=1226]]></EventKey>
<MenuId>428862708</MenuId>
</xml>

2016-06-11 16:24:39 params :
------------
Array:
message : Array ;
module : basic ;
rule : 90 ;
priority : 0 ;
keyword : Array ;

2016-06-11 16:24:39 response :
------------
Array:
FromUserName : gh_173b187cfb81 ;
ToUserName : ocu1wwYhy3SkF_oFr0EnpXKWOqqw ;
MsgType : text ;
Content : 您好，欢迎来到玉田网上超市！ ;

2016-06-11 16:25:12 trace :
------------
String:
<xml><ToUserName><![CDATA[gh_994b4bf94dd3]]></ToUserName>
<FromUserName><![CDATA[o2LD4skHUMnzOuLioO7F2OoUP8Lk]]></FromUserName>
<CreateTime>1465633512</CreateTime>
<MsgType><![CDATA[event]]></MsgType>
<Event><![CDATA[VIEW]]></Event>
<EventKey><![CDATA[http://f.iseasoft.cn/app/index.php?i=12&c=entry&do=shop&m=sea]]></EventKey>
<MenuId>404425138</MenuId>
</xml>

2016-06-11 16:25:12 params :
------------
Array:
rule : -2 ;
module :  ;
message : Array ;

2016-06-11 16:25:12 response :
------------

2016-06-11 16:25:14 trace :
------------
String:
<xml><ToUserName><![CDATA[gh_173b187cfb81]]></ToUserName>
<FromUserName><![CDATA[ocu1wwYhy3SkF_oFr0EnpXKWOqqw]]></FromUserName>
<CreateTime>1465633514</CreateTime>
<MsgType><![CDATA[event]]></MsgType>
<Event><![CDATA[VIEW]]></Event>
<EventKey><![CDATA[http://f.iseasoft.cn/app/index.php?i=10&c=entry&eid=1226]]></EventKey>
<MenuId>428862708</MenuId>
</xml>

2016-06-11 16:25:14 params :
------------
Array:
message : Array ;
module : basic ;
rule : 90 ;
priority : 0 ;
keyword : Array ;

2016-06-11 16:25:14 response :
------------
Array:
FromUserName : gh_173b187cfb81 ;
ToUserName : ocu1wwYhy3SkF_oFr0EnpXKWOqqw ;
MsgType : text ;
Content : 您好，欢迎来到玉田网上超市！ ;

2016-06-11 16:29:09 trace :
------------
String:
<xml><ToUserName><![CDATA[gh_994b4bf94dd3]]></ToUserName>
<FromUserName><![CDATA[o2LD4skHUMnzOuLioO7F2OoUP8Lk]]></FromUserName>
<CreateTime>1465633749</CreateTime>
<MsgType><![CDATA[event]]></MsgType>
<Event><![CDATA[VIEW]]></Event>
<EventKey><![CDATA[http://f.iseasoft.cn/app/index.php?i=12&c=entry&do=shop&m=sea]]></EventKey>
<MenuId>404425138</MenuId>
</xml>

2016-06-11 16:29:09 params :
------------
Array:
rule : -2 ;
module :  ;
message : Array ;

2016-06-11 16:29:09 response :
------------

2016-06-11 16:29:53 trace :
------------
String:
<xml><ToUserName><![CDATA[gh_994b4bf94dd3]]></ToUserName>
<FromUserName><![CDATA[o2LD4skHUMnzOuLioO7F2OoUP8Lk]]></FromUserName>
<CreateTime>1465633793</CreateTime>
<MsgType><![CDATA[event]]></MsgType>
<Event><![CDATA[VIEW]]></Event>
<EventKey><![CDATA[http://f.iseasoft.cn/app/index.php?i=12&c=entry&do=shop&m=sea]]></EventKey>
<MenuId>404425138</MenuId>
</xml>

2016-06-11 16:29:53 params :
------------
Array:
rule : -2 ;
module :  ;
message : Array ;

2016-06-11 16:29:53 response :
------------

2016-06-11 16:30:17 trace :
------------
String:
<xml><ToUserName><![CDATA[gh_173b187cfb81]]></ToUserName>
<FromUserName><![CDATA[ocu1wwYhy3SkF_oFr0EnpXKWOqqw]]></FromUserName>
<CreateTime>1465633817</CreateTime>
<MsgType><![CDATA[event]]></MsgType>
<Event><![CDATA[VIEW]]></Event>
<EventKey><![CDATA[http://f.iseasoft.cn/app/index.php?i=10&c=entry&eid=1226]]></EventKey>
<MenuId>428862708</MenuId>
</xml>

2016-06-11 16:30:17 params :
------------
Array:
message : Array ;
module : basic ;
rule : 90 ;
priority : 0 ;
keyword : Array ;

2016-06-11 16:30:17 response :
------------
Array:
FromUserName : gh_173b187cfb81 ;
ToUserName : ocu1wwYhy3SkF_oFr0EnpXKWOqqw ;
MsgType : text ;
Content : 您好，欢迎来到玉田网上超市！ ;

2016-06-11 16:30:21 trace :
------------
String:
<xml><ToUserName><![CDATA[gh_173b187cfb81]]></ToUserName>
<FromUserName><![CDATA[ocu1wwYhy3SkF_oFr0EnpXKWOqqw]]></FromUserName>
<CreateTime>1465633821</CreateTime>
<MsgType><![CDATA[event]]></MsgType>
<Event><![CDATA[VIEW]]></Event>
<EventKey><![CDATA[http://f.iseasoft.cn/app/index.php?i=10&c=entry&eid=1226]]></EventKey>
<MenuId>428862708</MenuId>
</xml>

2016-06-11 16:30:21 params :
------------
Array:
message : Array ;
module : basic ;
rule : 90 ;
priority : 0 ;
keyword : Array ;

2016-06-11 16:30:21 response :
------------
Array:
FromUserName : gh_173b187cfb81 ;
ToUserName : ocu1wwYhy3SkF_oFr0EnpXKWOqqw ;
MsgType : text ;
Content : 您好，欢迎来到玉田网上超市！ ;

2016-06-11 16:30:21 trace :
------------
String:
<xml><ToUserName><![CDATA[gh_994b4bf94dd3]]></ToUserName>
<FromUserName><![CDATA[o2LD4skHUMnzOuLioO7F2OoUP8Lk]]></FromUserName>
<CreateTime>1465633821</CreateTime>
<MsgType><![CDATA[event]]></MsgType>
<Event><![CDATA[VIEW]]></Event>
<EventKey><![CDATA[http://f.iseasoft.cn/app/index.php?i=12&c=entry&do=shop&m=sea]]></EventKey>
<MenuId>404425138</MenuId>
</xml>

2016-06-11 16:30:21 params :
------------
Array:
rule : -2 ;
module :  ;
message : Array ;

2016-06-11 16:30:21 response :
------------

2016-06-11 16:30:29 trace :
------------
String:
<xml><ToUserName><![CDATA[gh_994b4bf94dd3]]></ToUserName>
<FromUserName><![CDATA[o2LD4skHUMnzOuLioO7F2OoUP8Lk]]></FromUserName>
<CreateTime>1465633829</CreateTime>
<MsgType><![CDATA[event]]></MsgType>
<Event><![CDATA[VIEW]]></Event>
<EventKey><![CDATA[http://f.iseasoft.cn/app/index.php?i=12&c=entry&do=shop&m=sea]]></EventKey>
<MenuId>404425138</MenuId>
</xml>

2016-06-11 16:30:29 params :
------------
Array:
rule : -2 ;
module :  ;
message : Array ;

2016-06-11 16:30:29 response :
------------

2016-06-11 16:30:37 trace :
------------
String:
<xml><ToUserName><![CDATA[gh_173b187cfb81]]></ToUserName>
<FromUserName><![CDATA[ocu1wwYhy3SkF_oFr0EnpXKWOqqw]]></FromUserName>
<CreateTime>1465633837</CreateTime>
<MsgType><![CDATA[event]]></MsgType>
<Event><![CDATA[VIEW]]></Event>
<EventKey><![CDATA[http://f.iseasoft.cn/app/index.php?i=10&c=entry&eid=1226]]></EventKey>
<MenuId>428862708</MenuId>
</xml>

2016-06-11 16:30:37 params :
------------
Array:
message : Array ;
module : basic ;
rule : 90 ;
priority : 0 ;
keyword : Array ;

2016-06-11 16:30:37 response :
------------
Array:
FromUserName : gh_173b187cfb81 ;
ToUserName : ocu1wwYhy3SkF_oFr0EnpXKWOqqw ;
MsgType : text ;
Content : 您好，欢迎来到玉田网上超市！ ;

2016-06-11 16:30:46 trace :
------------
String:
<xml><ToUserName><![CDATA[gh_173b187cfb81]]></ToUserName>
<FromUserName><![CDATA[ocu1wwYhy3SkF_oFr0EnpXKWOqqw]]></FromUserName>
<CreateTime>1465633846</CreateTime>
<MsgType><![CDATA[event]]></MsgType>
<Event><![CDATA[VIEW]]></Event>
<EventKey><![CDATA[http://f.iseasoft.cn/app/index.php?i=10&c=entry&eid=1226]]></EventKey>
<MenuId>428862708</MenuId>
</xml>

2016-06-11 16:30:46 params :
------------
Array:
message : Array ;
module : basic ;
rule : 90 ;
priority : 0 ;
keyword : Array ;

2016-06-11 16:30:46 response :
------------
Array:
FromUserName : gh_173b187cfb81 ;
ToUserName : ocu1wwYhy3SkF_oFr0EnpXKWOqqw ;
MsgType : text ;
Content : 您好，欢迎来到玉田网上超市！ ;

2016-06-11 16:30:55 trace :
------------
String:
<xml><ToUserName><![CDATA[gh_173b187cfb81]]></ToUserName>
<FromUserName><![CDATA[ocu1wwYhy3SkF_oFr0EnpXKWOqqw]]></FromUserName>
<CreateTime>1465633855</CreateTime>
<MsgType><![CDATA[event]]></MsgType>
<Event><![CDATA[VIEW]]></Event>
<EventKey><![CDATA[http://f.iseasoft.cn/app/index.php?i=10&c=entry&eid=1226]]></EventKey>
<MenuId>428862708</MenuId>
</xml>

2016-06-11 16:30:55 params :
------------
Array:
message : Array ;
module : basic ;
rule : 90 ;
priority : 0 ;
keyword : Array ;

2016-06-11 16:30:55 response :
------------
Array:
FromUserName : gh_173b187cfb81 ;
ToUserName : ocu1wwYhy3SkF_oFr0EnpXKWOqqw ;
MsgType : text ;
Content : 您好，欢迎来到玉田网上超市！ ;

2016-06-11 16:32:59 trace :
------------
String:
<xml><ToUserName><![CDATA[gh_173b187cfb81]]></ToUserName>
<FromUserName><![CDATA[ocu1wwYhy3SkF_oFr0EnpXKWOqqw]]></FromUserName>
<CreateTime>1465633979</CreateTime>
<MsgType><![CDATA[event]]></MsgType>
<Event><![CDATA[VIEW]]></Event>
<EventKey><![CDATA[http://f.iseasoft.cn/app/index.php?i=10&c=entry&eid=1226]]></EventKey>
<MenuId>428862708</MenuId>
</xml>

2016-06-11 16:32:59 params :
------------
Array:
message : Array ;
module : basic ;
rule : 90 ;
priority : 0 ;
keyword : Array ;

2016-06-11 16:32:59 response :
------------
Array:
FromUserName : gh_173b187cfb81 ;
ToUserName : ocu1wwYhy3SkF_oFr0EnpXKWOqqw ;
MsgType : text ;
Content : 您好，欢迎来到玉田网上超市！ ;

2016-06-11 16:33:24 trace :
------------
String:
<xml><ToUserName><![CDATA[gh_994b4bf94dd3]]></ToUserName>
<FromUserName><![CDATA[o2LD4skHUMnzOuLioO7F2OoUP8Lk]]></FromUserName>
<CreateTime>1465634004</CreateTime>
<MsgType><![CDATA[event]]></MsgType>
<Event><![CDATA[VIEW]]></Event>
<EventKey><![CDATA[http://f.iseasoft.cn/app/index.php?i=12&c=entry&do=shop&m=sea]]></EventKey>
<MenuId>404425138</MenuId>
</xml>

2016-06-11 16:33:24 params :
------------
Array:
rule : -2 ;
module :  ;
message : Array ;

2016-06-11 16:33:24 response :
------------

2016-06-11 16:34:21 trace :
------------
String:
<xml><ToUserName><![CDATA[gh_994b4bf94dd3]]></ToUserName>
<FromUserName><![CDATA[o2LD4skHUMnzOuLioO7F2OoUP8Lk]]></FromUserName>
<CreateTime>1465634061</CreateTime>
<MsgType><![CDATA[event]]></MsgType>
<Event><![CDATA[VIEW]]></Event>
<EventKey><![CDATA[http://f.iseasoft.cn/app/index.php?i=12&c=entry&do=shop&m=sea]]></EventKey>
<MenuId>404425138</MenuId>
</xml>

2016-06-11 16:34:21 params :
------------
Array:
rule : -2 ;
module :  ;
message : Array ;

2016-06-11 16:34:21 response :
------------

2016-06-11 16:36:53 trace :
------------
String:
<xml><ToUserName><![CDATA[gh_173b187cfb81]]></ToUserName>
<FromUserName><![CDATA[ocu1wwYhy3SkF_oFr0EnpXKWOqqw]]></FromUserName>
<CreateTime>1465634213</CreateTime>
<MsgType><![CDATA[event]]></MsgType>
<Event><![CDATA[VIEW]]></Event>
<EventKey><![CDATA[http://f.iseasoft.cn/app/index.php?i=10&c=entry&eid=1226]]></EventKey>
<MenuId>428862708</MenuId>
</xml>

2016-06-11 16:36:53 params :
------------
Array:
message : Array ;
module : basic ;
rule : 90 ;
priority : 0 ;
keyword : Array ;

2016-06-11 16:36:53 response :
------------
Array:
FromUserName : gh_173b187cfb81 ;
ToUserName : ocu1wwYhy3SkF_oFr0EnpXKWOqqw ;
MsgType : text ;
Content : 您好，欢迎来到玉田网上超市！ ;

2016-06-11 16:45:56 trace :
------------
String:
<xml><ToUserName><![CDATA[gh_173b187cfb81]]></ToUserName>
<FromUserName><![CDATA[ocu1wwVpIWGq1m6FUWOh5W8mSDDk]]></FromUserName>
<CreateTime>1465634756</CreateTime>
<MsgType><![CDATA[event]]></MsgType>
<Event><![CDATA[VIEW]]></Event>
<EventKey><![CDATA[http://f.iseasoft.cn/app/index.php?i=10&c=entry&eid=1226]]></EventKey>
<MenuId>428862708</MenuId>
</xml>

2016-06-11 16:45:56 params :
------------
Array:
message : Array ;
module : basic ;
rule : 90 ;
priority : 0 ;
keyword : Array ;

2016-06-11 16:45:56 response :
------------
Array:
FromUserName : gh_173b187cfb81 ;
ToUserName : ocu1wwVpIWGq1m6FUWOh5W8mSDDk ;
MsgType : text ;
Content : 您好，欢迎来到玉田网上超市！ ;

2016-06-11 17:25:20 trace :
------------
String:
<xml><ToUserName><![CDATA[gh_994b4bf94dd3]]></ToUserName>
<FromUserName><![CDATA[o2LD4skK4LAddMxEH4D6bHqvwhXU]]></FromUserName>
<CreateTime>1465637120</CreateTime>
<MsgType><![CDATA[event]]></MsgType>
<Event><![CDATA[subscribe]]></Event>
<EventKey><![CDATA[]]></EventKey>
</xml>

2016-06-11 17:25:20 params :
------------
Array:
rule : -2 ;
module :  ;
message : Array ;

2016-06-11 17:25:20 response :
------------

2016-06-11 17:25:23 trace :
------------
String:
<xml><ToUserName><![CDATA[gh_994b4bf94dd3]]></ToUserName>
<FromUserName><![CDATA[o2LD4skK4LAddMxEH4D6bHqvwhXU]]></FromUserName>
<CreateTime>1465637123</CreateTime>
<MsgType><![CDATA[event]]></MsgType>
<Event><![CDATA[VIEW]]></Event>
<EventKey><![CDATA[http://f.iseasoft.cn/app/index.php?i=12&c=entry&do=shop&m=sea]]></EventKey>
<MenuId>404425138</MenuId>
</xml>

2016-06-11 17:25:23 params :
------------
Array:
rule : -2 ;
module :  ;
message : Array ;

2016-06-11 17:25:23 response :
------------

2016-06-11 17:26:22 trace :
------------
String:
<xml><ToUserName><![CDATA[gh_994b4bf94dd3]]></ToUserName>
<FromUserName><![CDATA[o2LD4skK4LAddMxEH4D6bHqvwhXU]]></FromUserName>
<CreateTime>1465637182</CreateTime>
<MsgType><![CDATA[event]]></MsgType>
<Event><![CDATA[VIEW]]></Event>
<EventKey><![CDATA[http://f.iseasoft.cn/app/index.php?i=12&c=entry&p=commission&m=sea&do=plugin]]></EventKey>
<MenuId>404425138</MenuId>
</xml>

2016-06-11 17:26:22 params :
------------
Array:
rule : -2 ;
module :  ;
message : Array ;

2016-06-11 17:26:22 response :
------------

2016-06-11 17:26:51 trace :
------------
String:
<xml><ToUserName><![CDATA[gh_994b4bf94dd3]]></ToUserName>
<FromUserName><![CDATA[o2LD4skK4LAddMxEH4D6bHqvwhXU]]></FromUserName>
<CreateTime>1465637212</CreateTime>
<MsgType><![CDATA[event]]></MsgType>
<Event><![CDATA[VIEW]]></Event>
<EventKey><![CDATA[http://f.iseasoft.cn/app/index.php?i=12&c=entry&do=shop&m=sea]]></EventKey>
<MenuId>404425138</MenuId>
</xml>

2016-06-11 17:26:51 params :
------------
Array:
rule : -2 ;
module :  ;
message : Array ;

2016-06-11 17:26:51 response :
------------

2016-06-11 17:27:31 trace :
------------
String:
<xml><ToUserName><![CDATA[gh_994b4bf94dd3]]></ToUserName>
<FromUserName><![CDATA[o2LD4skK4LAddMxEH4D6bHqvwhXU]]></FromUserName>
<CreateTime>1465637251</CreateTime>
<MsgType><![CDATA[event]]></MsgType>
<Event><![CDATA[LOCATION]]></Event>
<Latitude>30.649380</Latitude>
<Longitude>104.071007</Longitude>
<Precision>65.000000</Precision>
</xml>

2016-06-11 17:27:31 params :
------------
Array:
message : Array ;
module : default ;
rule : -1 ;

2016-06-11 17:27:31 response :
------------
Array:
errno : -1 ;
message : Invaild value ;

2016-06-11 17:27:34 trace :
------------
String:
<xml><ToUserName><![CDATA[gh_994b4bf94dd3]]></ToUserName>
<FromUserName><![CDATA[o2LD4skK4LAddMxEH4D6bHqvwhXU]]></FromUserName>
<CreateTime>1465637255</CreateTime>
<MsgType><![CDATA[event]]></MsgType>
<Event><![CDATA[VIEW]]></Event>
<EventKey><![CDATA[http://wfx.iseasoft.cn/app/index.php?i=2&j=2&c=entry&id=3&do=detail&m=news&wxref=mp.weixin.qq.com&u=1]]></EventKey>
<MenuId>404425138</MenuId>
</xml>

2016-06-11 17:27:34 params :
------------
Array:
rule : -2 ;
module :  ;
message : Array ;

2016-06-11 17:27:34 response :
------------

2016-06-11 17:27:39 trace :
------------
String:
<xml><ToUserName><![CDATA[gh_994b4bf94dd3]]></ToUserName>
<FromUserName><![CDATA[o2LD4skK4LAddMxEH4D6bHqvwhXU]]></FromUserName>
<CreateTime>1465637259</CreateTime>
<MsgType><![CDATA[event]]></MsgType>
<Event><![CDATA[VIEW]]></Event>
<EventKey><![CDATA[http://wfx.iseasoft.cn/app/index.php?i=2&j=2&c=entry&id=4&do=detail&m=news&wxref=mp.weixin.qq.com&u=1]]></EventKey>
<MenuId>404425138</MenuId>
</xml>

2016-06-11 17:27:39 params :
------------
Array:
rule : -2 ;
module :  ;
message : Array ;

2016-06-11 17:27:39 response :
------------

2016-06-11 17:27:42 trace :
------------
String:
<xml><ToUserName><![CDATA[gh_994b4bf94dd3]]></ToUserName>
<FromUserName><![CDATA[o2LD4skK4LAddMxEH4D6bHqvwhXU]]></FromUserName>
<CreateTime>1465637262</CreateTime>
<MsgType><![CDATA[event]]></MsgType>
<Event><![CDATA[VIEW]]></Event>
<EventKey><![CDATA[http://wfx.iseasoft.cn/app/index.php?i=2&j=2&c=entry&id=5&do=detail&m=news&wxref=mp.weixin.qq.com&u=1]]></EventKey>
<MenuId>404425138</MenuId>
</xml>

2016-06-11 17:27:42 params :
------------
Array:
rule : -2 ;
module :  ;
message : Array ;

2016-06-11 17:27:42 response :
------------

2016-06-11 18:01:57 trace :
------------
String:
<xml><ToUserName><![CDATA[gh_173b187cfb81]]></ToUserName>
<FromUserName><![CDATA[ocu1wwW2rxaSKJ0Xe2eL3wDBBEHs]]></FromUserName>
<CreateTime>1465639317</CreateTime>
<MsgType><![CDATA[event]]></MsgType>
<Event><![CDATA[VIEW]]></Event>
<EventKey><![CDATA[http://f.iseasoft.cn/app/index.php?i=10&c=entry&eid=1226]]></EventKey>
<MenuId>428862708</MenuId>
</xml>

2016-06-11 18:01:57 params :
------------
Array:
message : Array ;
module : basic ;
rule : 90 ;
priority : 0 ;
keyword : Array ;

2016-06-11 18:01:57 response :
------------
Array:
FromUserName : gh_173b187cfb81 ;
ToUserName : ocu1wwW2rxaSKJ0Xe2eL3wDBBEHs ;
MsgType : text ;
Content : 您好，欢迎来到玉田网上超市！ ;

2016-06-11 18:58:06 trace :
------------
String:
<xml><ToUserName><![CDATA[gh_ce84963696ea]]></ToUserName>
<FromUserName><![CDATA[ogOo_wF3Ggj5i-roZUVtbFXKxDZA]]></FromUserName>
<CreateTime>1465642686</CreateTime>
<MsgType><![CDATA[event]]></MsgType>
<Event><![CDATA[subscribe]]></Event>
<EventKey><![CDATA[]]></EventKey>
</xml>

2016-06-11 18:58:06 params :
------------
Array:
message : Array ;
module : basic ;
rule : 81 ;
priority : 0 ;
keyword : Array ;

2016-06-11 18:58:06 response :
------------
Array:
FromUserName : gh_ce84963696ea ;
ToUserName : ogOo_wF3Ggj5i-roZUVtbFXKxDZA ;
MsgType : text ;
Content : 欢迎关注昵多丽环保家居官方微信，系统正在完善中，更多精彩，敬请期待…… ;

2016-06-11 18:58:14 trace :
------------
String:
<xml><ToUserName><![CDATA[gh_ce84963696ea]]></ToUserName>
<FromUserName><![CDATA[ogOo_wF3Ggj5i-roZUVtbFXKxDZA]]></FromUserName>
<CreateTime>1465642694</CreateTime>
<MsgType><![CDATA[event]]></MsgType>
<Event><![CDATA[VIEW]]></Event>
<EventKey><![CDATA[http://f.iseasoft.cn/app/index.php?i=9&c=entry&eid=1226]]></EventKey>
<MenuId>409870668</MenuId>
</xml>

2016-06-11 18:58:14 params :
------------
Array:
message : Array ;
module : basic ;
rule : 81 ;
priority : 0 ;
keyword : Array ;

2016-06-11 18:58:14 response :
------------
Array:
FromUserName : gh_ce84963696ea ;
ToUserName : ogOo_wF3Ggj5i-roZUVtbFXKxDZA ;
MsgType : text ;
Content : 欢迎关注昵多丽环保家居官方微信，系统正在完善中，更多精彩，敬请期待…… ;

2016-06-11 19:15:45 trace :
------------
String:
<xml><ToUserName><![CDATA[gh_ce84963696ea]]></ToUserName>
<FromUserName><![CDATA[ogOo_wELz44p1uMrAPwY_x8UKNGA]]></FromUserName>
<CreateTime>1465643745</CreateTime>
<MsgType><![CDATA[event]]></MsgType>
<Event><![CDATA[subscribe]]></Event>
<EventKey><![CDATA[]]></EventKey>
</xml>

2016-06-11 19:15:45 params :
------------
Array:
message : Array ;
module : basic ;
rule : 81 ;
priority : 0 ;
keyword : Array ;

2016-06-11 19:15:45 response :
------------
Array:
FromUserName : gh_ce84963696ea ;
ToUserName : ogOo_wELz44p1uMrAPwY_x8UKNGA ;
MsgType : text ;
Content : 欢迎关注昵多丽环保家居官方微信，系统正在完善中，更多精彩，敬请期待…… ;

2016-06-11 19:15:52 trace :
------------
String:
<xml><ToUserName><![CDATA[gh_ce84963696ea]]></ToUserName>
<FromUserName><![CDATA[ogOo_wELz44p1uMrAPwY_x8UKNGA]]></FromUserName>
<CreateTime>1465643752</CreateTime>
<MsgType><![CDATA[event]]></MsgType>
<Event><![CDATA[VIEW]]></Event>
<EventKey><![CDATA[http://f.iseasoft.cn/app/index.php?i=9&c=entry&p=commission&m=sea&do=plugin]]></EventKey>
<MenuId>409870668</MenuId>
</xml>

2016-06-11 19:15:52 params :
------------
Array:
message : Array ;
module : basic ;
rule : 81 ;
priority : 0 ;
keyword : Array ;

2016-06-11 19:15:52 response :
------------
Array:
FromUserName : gh_ce84963696ea ;
ToUserName : ogOo_wELz44p1uMrAPwY_x8UKNGA ;
MsgType : text ;
Content : 欢迎关注昵多丽环保家居官方微信，系统正在完善中，更多精彩，敬请期待…… ;

2016-06-11 19:16:25 trace :
------------
String:
<xml><ToUserName><![CDATA[gh_ce84963696ea]]></ToUserName>
<FromUserName><![CDATA[ogOo_wELz44p1uMrAPwY_x8UKNGA]]></FromUserName>
<CreateTime>1465643785</CreateTime>
<MsgType><![CDATA[event]]></MsgType>
<Event><![CDATA[VIEW]]></Event>
<EventKey><![CDATA[http://f.iseasoft.cn/app/index.php?i=9&c=entry&p=commission&m=sea&do=plugin]]></EventKey>
<MenuId>409870668</MenuId>
</xml>

2016-06-11 19:16:25 params :
------------
Array:
message : Array ;
module : basic ;
rule : 81 ;
priority : 0 ;
keyword : Array ;

2016-06-11 19:16:25 response :
------------
Array:
FromUserName : gh_ce84963696ea ;
ToUserName : ogOo_wELz44p1uMrAPwY_x8UKNGA ;
MsgType : text ;
Content : 欢迎关注昵多丽环保家居官方微信，系统正在完善中，更多精彩，敬请期待…… ;

2016-06-11 19:54:48 trace :
------------
String:
<xml><ToUserName><![CDATA[gh_173b187cfb81]]></ToUserName>
<FromUserName><![CDATA[ocu1wwdOCC2O8Voq_pFet4IzmYSk]]></FromUserName>
<CreateTime>1465646088</CreateTime>
<MsgType><![CDATA[event]]></MsgType>
<Event><![CDATA[VIEW]]></Event>
<EventKey><![CDATA[http://f.iseasoft.cn/app/index.php?i=10&c=entry&eid=1226]]></EventKey>
<MenuId>428862708</MenuId>
</xml>

2016-06-11 19:54:48 params :
------------
Array:
message : Array ;
module : basic ;
rule : 90 ;
priority : 0 ;
keyword : Array ;

2016-06-11 19:54:48 response :
------------
Array:
FromUserName : gh_173b187cfb81 ;
ToUserName : ocu1wwdOCC2O8Voq_pFet4IzmYSk ;
MsgType : text ;
Content : 您好，欢迎来到玉田网上超市！ ;

2016-06-11 20:26:42 trace :
------------
String:
<xml><ToUserName><![CDATA[gh_ce84963696ea]]></ToUserName>
<FromUserName><![CDATA[ogOo_wNuyV4FnAwhJKuC3Ma4qiSM]]></FromUserName>
<CreateTime>1465648002</CreateTime>
<MsgType><![CDATA[event]]></MsgType>
<Event><![CDATA[subscribe]]></Event>
<EventKey><![CDATA[]]></EventKey>
</xml>

2016-06-11 20:26:42 params :
------------
Array:
message : Array ;
module : basic ;
rule : 81 ;
priority : 0 ;
keyword : Array ;

2016-06-11 20:26:42 response :
------------
Array:
FromUserName : gh_ce84963696ea ;
ToUserName : ogOo_wNuyV4FnAwhJKuC3Ma4qiSM ;
MsgType : text ;
Content : 欢迎关注昵多丽环保家居官方微信，系统正在完善中，更多精彩，敬请期待…… ;

2016-06-11 20:26:45 trace :
------------
String:
<xml><ToUserName><![CDATA[gh_ce84963696ea]]></ToUserName>
<FromUserName><![CDATA[ogOo_wNuyV4FnAwhJKuC3Ma4qiSM]]></FromUserName>
<CreateTime>1465648005</CreateTime>
<MsgType><![CDATA[event]]></MsgType>
<Event><![CDATA[VIEW]]></Event>
<EventKey><![CDATA[http://f.iseasoft.cn/app/index.php?i=9&c=entry&eid=1226]]></EventKey>
<MenuId>409870668</MenuId>
</xml>

2016-06-11 20:26:45 params :
------------
Array:
message : Array ;
module : basic ;
rule : 81 ;
priority : 0 ;
keyword : Array ;

2016-06-11 20:26:45 response :
------------
Array:
FromUserName : gh_ce84963696ea ;
ToUserName : ogOo_wNuyV4FnAwhJKuC3Ma4qiSM ;
MsgType : text ;
Content : 欢迎关注昵多丽环保家居官方微信，系统正在完善中，更多精彩，敬请期待…… ;

2016-06-11 20:29:40 trace :
------------
String:
<xml><ToUserName><![CDATA[gh_994b4bf94dd3]]></ToUserName>
<FromUserName><![CDATA[o2LD4sjGjb6DRq_GHERGe3GnFgEs]]></FromUserName>
<CreateTime>1465648180</CreateTime>
<MsgType><![CDATA[event]]></MsgType>
<Event><![CDATA[LOCATION]]></Event>
<Latitude>31.291422</Latitude>
<Longitude>120.732094</Longitude>
<Precision>40.000000</Precision>
</xml>

2016-06-11 20:29:40 params :
------------
Array:
message : Array ;
module : default ;
rule : -1 ;

2016-06-11 20:29:40 response :
------------
Array:
errno : -1 ;
message : Invaild value ;

2016-06-11 20:29:40 trace :
------------
String:
<xml><ToUserName><![CDATA[gh_994b4bf94dd3]]></ToUserName>
<FromUserName><![CDATA[o2LD4sjGjb6DRq_GHERGe3GnFgEs]]></FromUserName>
<CreateTime>1465648180</CreateTime>
<MsgType><![CDATA[event]]></MsgType>
<Event><![CDATA[VIEW]]></Event>
<EventKey><![CDATA[http://f.iseasoft.cn/app/index.php?i=12&c=entry&do=shop&m=sea]]></EventKey>
<MenuId>404425138</MenuId>
</xml>

2016-06-11 20:29:40 params :
------------
Array:
rule : -2 ;
module :  ;
message : Array ;

2016-06-11 20:29:40 response :
------------

2016-06-11 20:29:59 trace :
------------
String:
<xml><ToUserName><![CDATA[gh_994b4bf94dd3]]></ToUserName>
<FromUserName><![CDATA[o2LD4sjGjb6DRq_GHERGe3GnFgEs]]></FromUserName>
<CreateTime>1465648199</CreateTime>
<MsgType><![CDATA[event]]></MsgType>
<Event><![CDATA[LOCATION]]></Event>
<Latitude>31.291422</Latitude>
<Longitude>120.732094</Longitude>
<Precision>40.000000</Precision>
</xml>

2016-06-11 20:29:59 params :
------------
Array:
message : Array ;
module : default ;
rule : -1 ;

2016-06-11 20:29:59 response :
------------
Array:
errno : -1 ;
message : Invaild value ;

2016-06-11 20:47:15 trace :
------------
String:
<xml><ToUserName><![CDATA[gh_994b4bf94dd3]]></ToUserName>
<FromUserName><![CDATA[o2LD4sjGjb6DRq_GHERGe3GnFgEs]]></FromUserName>
<CreateTime>1465649235</CreateTime>
<MsgType><![CDATA[event]]></MsgType>
<Event><![CDATA[LOCATION]]></Event>
<Latitude>31.291613</Latitude>
<Longitude>120.732101</Longitude>
<Precision>110.000000</Precision>
</xml>

2016-06-11 20:47:15 params :
------------
Array:
message : Array ;
module : default ;
rule : -1 ;

2016-06-11 20:47:15 response :
------------
Array:
errno : -1 ;
message : Invaild value ;

2016-06-11 20:47:33 trace :
------------
String:
<xml><ToUserName><![CDATA[gh_994b4bf94dd3]]></ToUserName>
<FromUserName><![CDATA[o2LD4sjGjb6DRq_GHERGe3GnFgEs]]></FromUserName>
<CreateTime>1465649253</CreateTime>
<MsgType><![CDATA[event]]></MsgType>
<Event><![CDATA[LOCATION]]></Event>
<Latitude>31.291613</Latitude>
<Longitude>120.732101</Longitude>
<Precision>110.000000</Precision>
</xml>

2016-06-11 20:47:33 params :
------------
Array:
message : Array ;
module : default ;
rule : -1 ;

2016-06-11 20:47:33 response :
------------
Array:
errno : -1 ;
message : Invaild value ;

2016-06-11 20:57:07 trace :
------------
String:
<xml><ToUserName><![CDATA[gh_994b4bf94dd3]]></ToUserName>
<FromUserName><![CDATA[o2LD4sj0V3SonTKJEIGDZjmphKDg]]></FromUserName>
<CreateTime>1465649827</CreateTime>
<MsgType><![CDATA[event]]></MsgType>
<Event><![CDATA[VIEW]]></Event>
<EventKey><![CDATA[http://f.iseasoft.cn/app/index.php?i=12&c=entry&do=member&m=sea]]></EventKey>
<MenuId>404425138</MenuId>
</xml>

2016-06-11 20:57:07 params :
------------
Array:
rule : -2 ;
module :  ;
message : Array ;

2016-06-11 20:57:07 response :
------------

2016-06-11 20:59:58 trace :
------------
String:
<xml><ToUserName><![CDATA[gh_994b4bf94dd3]]></ToUserName>
<FromUserName><![CDATA[o2LD4sj0V3SonTKJEIGDZjmphKDg]]></FromUserName>
<CreateTime>1465649998</CreateTime>
<MsgType><![CDATA[event]]></MsgType>
<Event><![CDATA[unsubscribe]]></Event>
<EventKey><![CDATA[]]></EventKey>
</xml>

2016-06-11 21:15:26 trace :
------------
String:
<xml><ToUserName><![CDATA[gh_994b4bf94dd3]]></ToUserName>
<FromUserName><![CDATA[o2LD4sjGHhxGKmchmXT7Q82SbrrU]]></FromUserName>
<CreateTime>1465650926</CreateTime>
<MsgType><![CDATA[event]]></MsgType>
<Event><![CDATA[subscribe]]></Event>
<EventKey><![CDATA[]]></EventKey>
</xml>

2016-06-11 21:15:26 params :
------------
Array:
rule : -2 ;
module :  ;
message : Array ;

2016-06-11 21:15:26 response :
------------

2016-06-11 21:15:36 trace :
------------
String:
<xml><ToUserName><![CDATA[gh_994b4bf94dd3]]></ToUserName>
<FromUserName><![CDATA[o2LD4sjGHhxGKmchmXT7Q82SbrrU]]></FromUserName>
<CreateTime>1465650936</CreateTime>
<MsgType><![CDATA[event]]></MsgType>
<Event><![CDATA[VIEW]]></Event>
<EventKey><![CDATA[http://f.iseasoft.cn/app/index.php?i=12&c=entry&p=commission&m=sea&do=plugin]]></EventKey>
<MenuId>404425138</MenuId>
</xml>

2016-06-11 21:15:36 params :
------------
Array:
rule : -2 ;
module :  ;
message : Array ;

2016-06-11 21:15:36 response :
------------

2016-06-11 22:59:57 trace :
------------
String:
<xml><ToUserName><![CDATA[gh_994b4bf94dd3]]></ToUserName>
<FromUserName><![CDATA[o2LD4skHUMnzOuLioO7F2OoUP8Lk]]></FromUserName>
<CreateTime>1465657197</CreateTime>
<MsgType><![CDATA[event]]></MsgType>
<Event><![CDATA[VIEW]]></Event>
<EventKey><![CDATA[http://f.iseasoft.cn/app/index.php?i=12&c=entry&do=shop&m=sea]]></EventKey>
<MenuId>404425138</MenuId>
</xml>

2016-06-11 22:59:57 params :
------------
Array:
rule : -2 ;
module :  ;
message : Array ;

2016-06-11 22:59:57 response :
------------

2016-06-11 23:00:37 trace :
------------
String:
<xml><ToUserName><![CDATA[gh_994b4bf94dd3]]></ToUserName>
<FromUserName><![CDATA[o2LD4skHUMnzOuLioO7F2OoUP8Lk]]></FromUserName>
<CreateTime>1465657236</CreateTime>
<MsgType><![CDATA[event]]></MsgType>
<Event><![CDATA[VIEW]]></Event>
<EventKey><![CDATA[http://f.iseasoft.cn/app/index.php?i=12&c=entry&do=member&m=sea]]></EventKey>
<MenuId>404425138</MenuId>
</xml>

2016-06-11 23:00:37 params :
------------
Array:
rule : -2 ;
module :  ;
message : Array ;

2016-06-11 23:00:37 response :
------------

