2016-06-13 07:59:47 trace :
------------
String:
<xml><ToUserName><![CDATA[gh_173b187cfb81]]></ToUserName>
<FromUserName><![CDATA[ocu1wwVpIWGq1m6FUWOh5W8mSDDk]]></FromUserName>
<CreateTime>1465775987</CreateTime>
<MsgType><![CDATA[event]]></MsgType>
<Event><![CDATA[VIEW]]></Event>
<EventKey><![CDATA[http://f.iseasoft.cn/app/index.php?i=10&c=entry&eid=1226]]></EventKey>
<MenuId>428862708</MenuId>
</xml>

2016-06-13 07:59:47 params :
------------
Array:
message : Array ;
module : basic ;
rule : 90 ;
priority : 0 ;
keyword : Array ;

2016-06-13 07:59:47 response :
------------
Array:
FromUserName : gh_173b187cfb81 ;
ToUserName : ocu1wwVpIWGq1m6FUWOh5W8mSDDk ;
MsgType : text ;
Content : 您好，欢迎来到玉田网上超市！ ;

2016-06-13 09:10:13 trace :
------------
String:
<xml><ToUserName><![CDATA[gh_173b187cfb81]]></ToUserName>
<FromUserName><![CDATA[ocu1wwYhy3SkF_oFr0EnpXKWOqqw]]></FromUserName>
<CreateTime>1465780213</CreateTime>
<MsgType><![CDATA[event]]></MsgType>
<Event><![CDATA[VIEW]]></Event>
<EventKey><![CDATA[http://f.iseasoft.cn/app/index.php?i=10&c=entry&eid=1226]]></EventKey>
<MenuId>428862708</MenuId>
</xml>

2016-06-13 09:10:13 params :
------------
Array:
message : Array ;
module : basic ;
rule : 90 ;
priority : 0 ;
keyword : Array ;

2016-06-13 09:10:13 response :
------------
Array:
FromUserName : gh_173b187cfb81 ;
ToUserName : ocu1wwYhy3SkF_oFr0EnpXKWOqqw ;
MsgType : text ;
Content : 您好，欢迎来到玉田网上超市！ ;

2016-06-13 09:25:58 trace :
------------
String:
<xml><ToUserName><![CDATA[gh_173b187cfb81]]></ToUserName>
<FromUserName><![CDATA[ocu1wwYhy3SkF_oFr0EnpXKWOqqw]]></FromUserName>
<CreateTime>1465781158</CreateTime>
<MsgType><![CDATA[event]]></MsgType>
<Event><![CDATA[VIEW]]></Event>
<EventKey><![CDATA[http://f.iseasoft.cn/app/index.php?i=10&c=entry&eid=1226]]></EventKey>
<MenuId>428862708</MenuId>
</xml>

2016-06-13 09:25:58 params :
------------
Array:
message : Array ;
module : basic ;
rule : 90 ;
priority : 0 ;
keyword : Array ;

2016-06-13 09:25:58 response :
------------
Array:
FromUserName : gh_173b187cfb81 ;
ToUserName : ocu1wwYhy3SkF_oFr0EnpXKWOqqw ;
MsgType : text ;
Content : 您好，欢迎来到玉田网上超市！ ;

2016-06-13 09:29:44 trace :
------------
String:
<xml><ToUserName><![CDATA[gh_173b187cfb81]]></ToUserName>
<FromUserName><![CDATA[ocu1wwYhy3SkF_oFr0EnpXKWOqqw]]></FromUserName>
<CreateTime>1465781383</CreateTime>
<MsgType><![CDATA[event]]></MsgType>
<Event><![CDATA[VIEW]]></Event>
<EventKey><![CDATA[http://f.iseasoft.cn/app/index.php?i=10&c=entry&eid=1226]]></EventKey>
<MenuId>428862708</MenuId>
</xml>

2016-06-13 09:29:44 params :
------------
Array:
message : Array ;
module : basic ;
rule : 90 ;
priority : 0 ;
keyword : Array ;

2016-06-13 09:29:44 response :
------------
Array:
FromUserName : gh_173b187cfb81 ;
ToUserName : ocu1wwYhy3SkF_oFr0EnpXKWOqqw ;
MsgType : text ;
Content : 您好，欢迎来到玉田网上超市！ ;

2016-06-13 09:31:33 trace :
------------
String:
<xml><ToUserName><![CDATA[gh_173b187cfb81]]></ToUserName>
<FromUserName><![CDATA[ocu1wwag1RhtAQYS3B6y-AiP2vaI]]></FromUserName>
<CreateTime>1465781493</CreateTime>
<MsgType><![CDATA[event]]></MsgType>
<Event><![CDATA[VIEW]]></Event>
<EventKey><![CDATA[http://f.iseasoft.cn/app/index.php?i=10&c=entry&eid=1226]]></EventKey>
<MenuId>428862708</MenuId>
</xml>

2016-06-13 09:31:33 params :
------------
Array:
message : Array ;
module : basic ;
rule : 90 ;
priority : 0 ;
keyword : Array ;

2016-06-13 09:31:33 response :
------------
Array:
FromUserName : gh_173b187cfb81 ;
ToUserName : ocu1wwag1RhtAQYS3B6y-AiP2vaI ;
MsgType : text ;
Content : 您好，欢迎来到玉田网上超市！ ;

2016-06-13 09:39:49 trace :
------------
String:
<xml><ToUserName><![CDATA[gh_173b187cfb81]]></ToUserName>
<FromUserName><![CDATA[ocu1wwYhy3SkF_oFr0EnpXKWOqqw]]></FromUserName>
<CreateTime>1465781989</CreateTime>
<MsgType><![CDATA[event]]></MsgType>
<Event><![CDATA[VIEW]]></Event>
<EventKey><![CDATA[http://f.iseasoft.cn/app/index.php?i=10&c=entry&eid=1226]]></EventKey>
<MenuId>428862708</MenuId>
</xml>

2016-06-13 09:39:49 params :
------------
Array:
message : Array ;
module : basic ;
rule : 90 ;
priority : 0 ;
keyword : Array ;

2016-06-13 09:39:49 response :
------------
Array:
FromUserName : gh_173b187cfb81 ;
ToUserName : ocu1wwYhy3SkF_oFr0EnpXKWOqqw ;
MsgType : text ;
Content : 您好，欢迎来到玉田网上超市！ ;

2016-06-13 09:47:00 trace :
------------
String:
<xml><ToUserName><![CDATA[gh_173b187cfb81]]></ToUserName>
<FromUserName><![CDATA[ocu1wwYhy3SkF_oFr0EnpXKWOqqw]]></FromUserName>
<CreateTime>1465782420</CreateTime>
<MsgType><![CDATA[event]]></MsgType>
<Event><![CDATA[VIEW]]></Event>
<EventKey><![CDATA[http://f.iseasoft.cn/app/index.php?i=10&c=entry&eid=1226]]></EventKey>
<MenuId>428862708</MenuId>
</xml>

2016-06-13 09:47:00 params :
------------
Array:
message : Array ;
module : basic ;
rule : 90 ;
priority : 0 ;
keyword : Array ;

2016-06-13 09:47:00 response :
------------
Array:
FromUserName : gh_173b187cfb81 ;
ToUserName : ocu1wwYhy3SkF_oFr0EnpXKWOqqw ;
MsgType : text ;
Content : 您好，欢迎来到玉田网上超市！ ;

2016-06-13 09:47:11 trace :
------------
String:
<xml><ToUserName><![CDATA[gh_173b187cfb81]]></ToUserName>
<FromUserName><![CDATA[ocu1wwYhy3SkF_oFr0EnpXKWOqqw]]></FromUserName>
<CreateTime>1465782431</CreateTime>
<MsgType><![CDATA[event]]></MsgType>
<Event><![CDATA[VIEW]]></Event>
<EventKey><![CDATA[http://f.iseasoft.cn/app/index.php?i=10&c=entry&eid=1226]]></EventKey>
<MenuId>428862708</MenuId>
</xml>

2016-06-13 09:47:11 params :
------------
Array:
message : Array ;
module : basic ;
rule : 90 ;
priority : 0 ;
keyword : Array ;

2016-06-13 09:47:11 response :
------------
Array:
FromUserName : gh_173b187cfb81 ;
ToUserName : ocu1wwYhy3SkF_oFr0EnpXKWOqqw ;
MsgType : text ;
Content : 您好，欢迎来到玉田网上超市！ ;

2016-06-13 09:54:06 trace :
------------
String:
<xml><ToUserName><![CDATA[gh_994b4bf94dd3]]></ToUserName>
<FromUserName><![CDATA[o2LD4sjX8IQA7_vm6KYWJZ99Irug]]></FromUserName>
<CreateTime>1465782846</CreateTime>
<MsgType><![CDATA[event]]></MsgType>
<Event><![CDATA[subscribe]]></Event>
<EventKey><![CDATA[]]></EventKey>
</xml>

2016-06-13 09:54:06 params :
------------
Array:
rule : -2 ;
module :  ;
message : Array ;

2016-06-13 09:54:06 response :
------------

2016-06-13 09:54:16 trace :
------------
String:
<xml><ToUserName><![CDATA[gh_994b4bf94dd3]]></ToUserName>
<FromUserName><![CDATA[o2LD4sjX8IQA7_vm6KYWJZ99Irug]]></FromUserName>
<CreateTime>1465782856</CreateTime>
<MsgType><![CDATA[event]]></MsgType>
<Event><![CDATA[VIEW]]></Event>
<EventKey><![CDATA[http://f.iseasoft.cn/app/index.php?i=12&c=entry&do=shop&m=sea]]></EventKey>
<MenuId>404425138</MenuId>
</xml>

2016-06-13 09:54:16 params :
------------
Array:
rule : -2 ;
module :  ;
message : Array ;

2016-06-13 09:54:16 response :
------------

2016-06-13 09:55:57 trace :
------------
String:
<xml><ToUserName><![CDATA[gh_994b4bf94dd3]]></ToUserName>
<FromUserName><![CDATA[o2LD4sjX8IQA7_vm6KYWJZ99Irug]]></FromUserName>
<CreateTime>1465782957</CreateTime>
<MsgType><![CDATA[event]]></MsgType>
<Event><![CDATA[VIEW]]></Event>
<EventKey><![CDATA[http://f.iseasoft.cn/app/index.php?i=12&c=entry&p=choose&pageid=33&m=sea&do=plugin]]></EventKey>
<MenuId>404425138</MenuId>
</xml>

2016-06-13 09:55:57 params :
------------
Array:
rule : -2 ;
module :  ;
message : Array ;

2016-06-13 09:55:57 response :
------------

2016-06-13 09:57:23 trace :
------------
String:
<xml><ToUserName><![CDATA[gh_994b4bf94dd3]]></ToUserName>
<FromUserName><![CDATA[o2LD4sjX8IQA7_vm6KYWJZ99Irug]]></FromUserName>
<CreateTime>1465783043</CreateTime>
<MsgType><![CDATA[event]]></MsgType>
<Event><![CDATA[VIEW]]></Event>
<EventKey><![CDATA[http://f.iseasoft.cn/app/index.php?i=12&c=entry&do=cart&m=sea]]></EventKey>
<MenuId>404425138</MenuId>
</xml>

2016-06-13 09:57:23 params :
------------
Array:
rule : -2 ;
module :  ;
message : Array ;

2016-06-13 09:57:23 response :
------------

2016-06-13 10:00:13 trace :
------------
String:
<xml><ToUserName><![CDATA[gh_173b187cfb81]]></ToUserName>
<FromUserName><![CDATA[ocu1wwYhy3SkF_oFr0EnpXKWOqqw]]></FromUserName>
<CreateTime>1465783213</CreateTime>
<MsgType><![CDATA[event]]></MsgType>
<Event><![CDATA[VIEW]]></Event>
<EventKey><![CDATA[http://f.iseasoft.cn/app/index.php?i=10&c=entry&eid=1226]]></EventKey>
<MenuId>428862708</MenuId>
</xml>

2016-06-13 10:00:13 params :
------------
Array:
message : Array ;
module : basic ;
rule : 90 ;
priority : 0 ;
keyword : Array ;

2016-06-13 10:00:13 response :
------------
Array:
FromUserName : gh_173b187cfb81 ;
ToUserName : ocu1wwYhy3SkF_oFr0EnpXKWOqqw ;
MsgType : text ;
Content : 您好，欢迎来到玉田网上超市！ ;

2016-06-13 10:10:55 trace :
------------
String:
<xml><ToUserName><![CDATA[gh_173b187cfb81]]></ToUserName>
<FromUserName><![CDATA[ocu1wwYhy3SkF_oFr0EnpXKWOqqw]]></FromUserName>
<CreateTime>1465783855</CreateTime>
<MsgType><![CDATA[event]]></MsgType>
<Event><![CDATA[VIEW]]></Event>
<EventKey><![CDATA[http://f.iseasoft.cn/app/index.php?i=10&c=entry&eid=1226]]></EventKey>
<MenuId>428862708</MenuId>
</xml>

2016-06-13 10:10:55 params :
------------
Array:
message : Array ;
module : basic ;
rule : 90 ;
priority : 0 ;
keyword : Array ;

2016-06-13 10:10:55 response :
------------
Array:
FromUserName : gh_173b187cfb81 ;
ToUserName : ocu1wwYhy3SkF_oFr0EnpXKWOqqw ;
MsgType : text ;
Content : 您好，欢迎来到玉田网上超市！ ;

2016-06-13 10:10:57 trace :
------------
String:
<xml><ToUserName><![CDATA[gh_173b187cfb81]]></ToUserName>
<FromUserName><![CDATA[ocu1wwYhy3SkF_oFr0EnpXKWOqqw]]></FromUserName>
<CreateTime>1465783857</CreateTime>
<MsgType><![CDATA[event]]></MsgType>
<Event><![CDATA[VIEW]]></Event>
<EventKey><![CDATA[http://f.iseasoft.cn/app/index.php?i=10&c=entry&eid=1226]]></EventKey>
<MenuId>428862708</MenuId>
</xml>

2016-06-13 10:10:57 params :
------------
Array:
message : Array ;
module : basic ;
rule : 90 ;
priority : 0 ;
keyword : Array ;

2016-06-13 10:10:57 response :
------------
Array:
FromUserName : gh_173b187cfb81 ;
ToUserName : ocu1wwYhy3SkF_oFr0EnpXKWOqqw ;
MsgType : text ;
Content : 您好，欢迎来到玉田网上超市！ ;

2016-06-13 10:13:53 trace :
------------
String:
<xml><ToUserName><![CDATA[gh_173b187cfb81]]></ToUserName>
<FromUserName><![CDATA[ocu1wwYhy3SkF_oFr0EnpXKWOqqw]]></FromUserName>
<CreateTime>1465784033</CreateTime>
<MsgType><![CDATA[event]]></MsgType>
<Event><![CDATA[VIEW]]></Event>
<EventKey><![CDATA[http://f.iseasoft.cn/app/index.php?i=10&c=entry&eid=1226]]></EventKey>
<MenuId>428862708</MenuId>
</xml>

2016-06-13 10:13:53 params :
------------
Array:
message : Array ;
module : basic ;
rule : 90 ;
priority : 0 ;
keyword : Array ;

2016-06-13 10:13:53 response :
------------
Array:
FromUserName : gh_173b187cfb81 ;
ToUserName : ocu1wwYhy3SkF_oFr0EnpXKWOqqw ;
MsgType : text ;
Content : 您好，欢迎来到玉田网上超市！ ;

2016-06-13 10:15:24 trace :
------------
String:
<xml><ToUserName><![CDATA[gh_ce84963696ea]]></ToUserName>
<FromUserName><![CDATA[ogOo_wBhLp062NS18jjomnfS6Sck]]></FromUserName>
<CreateTime>1465784124</CreateTime>
<MsgType><![CDATA[event]]></MsgType>
<Event><![CDATA[subscribe]]></Event>
<EventKey><![CDATA[]]></EventKey>
</xml>

2016-06-13 10:15:24 params :
------------
Array:
message : Array ;
module : basic ;
rule : 81 ;
priority : 0 ;
keyword : Array ;

2016-06-13 10:15:24 response :
------------
Array:
FromUserName : gh_ce84963696ea ;
ToUserName : ogOo_wBhLp062NS18jjomnfS6Sck ;
MsgType : text ;
Content : 欢迎关注昵多丽环保家居官方微信，系统正在完善中，更多精彩，敬请期待…… ;

2016-06-13 10:15:27 trace :
------------
String:
<xml><ToUserName><![CDATA[gh_ce84963696ea]]></ToUserName>
<FromUserName><![CDATA[ogOo_wBhLp062NS18jjomnfS6Sck]]></FromUserName>
<CreateTime>1465784127</CreateTime>
<MsgType><![CDATA[event]]></MsgType>
<Event><![CDATA[VIEW]]></Event>
<EventKey><![CDATA[http://f.iseasoft.cn/app/index.php?i=9&c=entry&eid=1226]]></EventKey>
<MenuId>409870668</MenuId>
</xml>

2016-06-13 10:15:27 params :
------------
Array:
message : Array ;
module : basic ;
rule : 81 ;
priority : 0 ;
keyword : Array ;

2016-06-13 10:15:27 response :
------------
Array:
FromUserName : gh_ce84963696ea ;
ToUserName : ogOo_wBhLp062NS18jjomnfS6Sck ;
MsgType : text ;
Content : 欢迎关注昵多丽环保家居官方微信，系统正在完善中，更多精彩，敬请期待…… ;

2016-06-13 10:16:08 trace :
------------
String:
<xml><ToUserName><![CDATA[gh_ce84963696ea]]></ToUserName>
<FromUserName><![CDATA[ogOo_wBhLp062NS18jjomnfS6Sck]]></FromUserName>
<CreateTime>1465784168</CreateTime>
<MsgType><![CDATA[event]]></MsgType>
<Event><![CDATA[VIEW]]></Event>
<EventKey><![CDATA[http://f.iseasoft.cn/app/index.php?i=9&c=entry&eid=1226]]></EventKey>
<MenuId>409870668</MenuId>
</xml>

2016-06-13 10:16:08 params :
------------
Array:
message : Array ;
module : basic ;
rule : 81 ;
priority : 0 ;
keyword : Array ;

2016-06-13 10:16:08 response :
------------
Array:
FromUserName : gh_ce84963696ea ;
ToUserName : ogOo_wBhLp062NS18jjomnfS6Sck ;
MsgType : text ;
Content : 欢迎关注昵多丽环保家居官方微信，系统正在完善中，更多精彩，敬请期待…… ;

2016-06-13 10:19:23 trace :
------------
String:
<xml><ToUserName><![CDATA[gh_173b187cfb81]]></ToUserName>
<FromUserName><![CDATA[ocu1wwVpIWGq1m6FUWOh5W8mSDDk]]></FromUserName>
<CreateTime>1465784363</CreateTime>
<MsgType><![CDATA[event]]></MsgType>
<Event><![CDATA[VIEW]]></Event>
<EventKey><![CDATA[http://f.iseasoft.cn/app/index.php?i=10&c=entry&eid=1226]]></EventKey>
<MenuId>428862708</MenuId>
</xml>

2016-06-13 10:19:23 params :
------------
Array:
message : Array ;
module : basic ;
rule : 90 ;
priority : 0 ;
keyword : Array ;

2016-06-13 10:19:23 response :
------------
Array:
FromUserName : gh_173b187cfb81 ;
ToUserName : ocu1wwVpIWGq1m6FUWOh5W8mSDDk ;
MsgType : text ;
Content : 您好，欢迎来到玉田网上超市！ ;

2016-06-13 10:33:33 trace :
------------
String:
<xml><ToUserName><![CDATA[gh_ce84963696ea]]></ToUserName>
<FromUserName><![CDATA[ogOo_wBhLp062NS18jjomnfS6Sck]]></FromUserName>
<CreateTime>1465785213</CreateTime>
<MsgType><![CDATA[event]]></MsgType>
<Event><![CDATA[VIEW]]></Event>
<EventKey><![CDATA[http://f.iseasoft.cn/app/index.php?i=9&c=entry&eid=1226]]></EventKey>
<MenuId>409870668</MenuId>
</xml>

2016-06-13 10:33:33 params :
------------
Array:
message : Array ;
module : basic ;
rule : 81 ;
priority : 0 ;
keyword : Array ;

2016-06-13 10:33:33 response :
------------
Array:
FromUserName : gh_ce84963696ea ;
ToUserName : ogOo_wBhLp062NS18jjomnfS6Sck ;
MsgType : text ;
Content : 欢迎关注昵多丽环保家居官方微信，系统正在完善中，更多精彩，敬请期待…… ;

2016-06-13 10:34:13 trace :
------------
String:
<xml><ToUserName><![CDATA[gh_ce84963696ea]]></ToUserName>
<FromUserName><![CDATA[ogOo_wBhLp062NS18jjomnfS6Sck]]></FromUserName>
<CreateTime>1465785253</CreateTime>
<MsgType><![CDATA[event]]></MsgType>
<Event><![CDATA[VIEW]]></Event>
<EventKey><![CDATA[http://f.iseasoft.cn/app/index.php?i=9&c=entry&p=commission&m=sea&do=plugin]]></EventKey>
<MenuId>409870668</MenuId>
</xml>

2016-06-13 10:34:13 params :
------------
Array:
message : Array ;
module : basic ;
rule : 81 ;
priority : 0 ;
keyword : Array ;

2016-06-13 10:34:13 response :
------------
Array:
FromUserName : gh_ce84963696ea ;
ToUserName : ogOo_wBhLp062NS18jjomnfS6Sck ;
MsgType : text ;
Content : 欢迎关注昵多丽环保家居官方微信，系统正在完善中，更多精彩，敬请期待…… ;

2016-06-13 10:40:14 trace :
------------
String:
<xml><ToUserName><![CDATA[gh_994b4bf94dd3]]></ToUserName>
<FromUserName><![CDATA[o2LD4sjX8IQA7_vm6KYWJZ99Irug]]></FromUserName>
<CreateTime>1465785614</CreateTime>
<MsgType><![CDATA[event]]></MsgType>
<Event><![CDATA[VIEW]]></Event>
<EventKey><![CDATA[http://f.iseasoft.cn/app/index.php?i=12&c=entry&do=shop&m=sea]]></EventKey>
<MenuId>404425138</MenuId>
</xml>

2016-06-13 10:40:14 params :
------------
Array:
rule : -2 ;
module :  ;
message : Array ;

2016-06-13 10:40:14 response :
------------

2016-06-13 10:42:44 trace :
------------
String:
<xml><ToUserName><![CDATA[gh_ce84963696ea]]></ToUserName>
<FromUserName><![CDATA[ogOo_wN6EFIK_VIZPgNfVyzDJeYM]]></FromUserName>
<CreateTime>1465785764</CreateTime>
<MsgType><![CDATA[event]]></MsgType>
<Event><![CDATA[subscribe]]></Event>
<EventKey><![CDATA[]]></EventKey>
</xml>

2016-06-13 10:42:44 params :
------------
Array:
message : Array ;
module : basic ;
rule : 81 ;
priority : 0 ;
keyword : Array ;

2016-06-13 10:42:44 response :
------------
Array:
FromUserName : gh_ce84963696ea ;
ToUserName : ogOo_wN6EFIK_VIZPgNfVyzDJeYM ;
MsgType : text ;
Content : 欢迎关注昵多丽环保家居官方微信，系统正在完善中，更多精彩，敬请期待…… ;

2016-06-13 10:42:50 trace :
------------
String:
<xml><ToUserName><![CDATA[gh_ce84963696ea]]></ToUserName>
<FromUserName><![CDATA[ogOo_wN6EFIK_VIZPgNfVyzDJeYM]]></FromUserName>
<CreateTime>1465785770</CreateTime>
<MsgType><![CDATA[event]]></MsgType>
<Event><![CDATA[VIEW]]></Event>
<EventKey><![CDATA[http://f.iseasoft.cn/app/index.php?i=9&c=entry&eid=1226]]></EventKey>
<MenuId>409870668</MenuId>
</xml>

2016-06-13 10:42:50 params :
------------
Array:
message : Array ;
module : basic ;
rule : 81 ;
priority : 0 ;
keyword : Array ;

2016-06-13 10:42:50 response :
------------
Array:
FromUserName : gh_ce84963696ea ;
ToUserName : ogOo_wN6EFIK_VIZPgNfVyzDJeYM ;
MsgType : text ;
Content : 欢迎关注昵多丽环保家居官方微信，系统正在完善中，更多精彩，敬请期待…… ;

2016-06-13 10:42:58 trace :
------------
String:
<xml><ToUserName><![CDATA[gh_ce84963696ea]]></ToUserName>
<FromUserName><![CDATA[ogOo_wN6EFIK_VIZPgNfVyzDJeYM]]></FromUserName>
<CreateTime>1465785778</CreateTime>
<MsgType><![CDATA[event]]></MsgType>
<Event><![CDATA[VIEW]]></Event>
<EventKey><![CDATA[http://f.iseasoft.cn/app/index.php?i=9&c=entry&p=commission&m=sea&do=plugin]]></EventKey>
<MenuId>409870668</MenuId>
</xml>

2016-06-13 10:42:58 params :
------------
Array:
message : Array ;
module : basic ;
rule : 81 ;
priority : 0 ;
keyword : Array ;

2016-06-13 10:42:58 response :
------------
Array:
FromUserName : gh_ce84963696ea ;
ToUserName : ogOo_wN6EFIK_VIZPgNfVyzDJeYM ;
MsgType : text ;
Content : 欢迎关注昵多丽环保家居官方微信，系统正在完善中，更多精彩，敬请期待…… ;

2016-06-13 10:44:58 trace :
------------
String:
<xml><ToUserName><![CDATA[gh_ce84963696ea]]></ToUserName>
<FromUserName><![CDATA[ogOo_wNbNmFdmpDuv6jTZiG6pqX4]]></FromUserName>
<CreateTime>1465785898</CreateTime>
<MsgType><![CDATA[event]]></MsgType>
<Event><![CDATA[VIEW]]></Event>
<EventKey><![CDATA[http://f.iseasoft.cn/app/index.php?i=9&c=entry&p=commission&m=sea&do=plugin]]></EventKey>
<MenuId>409870668</MenuId>
</xml>

2016-06-13 10:44:58 params :
------------
Array:
message : Array ;
module : basic ;
rule : 81 ;
priority : 0 ;
keyword : Array ;

2016-06-13 10:44:58 response :
------------
Array:
FromUserName : gh_ce84963696ea ;
ToUserName : ogOo_wNbNmFdmpDuv6jTZiG6pqX4 ;
MsgType : text ;
Content : 欢迎关注昵多丽环保家居官方微信，系统正在完善中，更多精彩，敬请期待…… ;

2016-06-13 10:45:51 trace :
------------
String:
<xml><ToUserName><![CDATA[gh_173b187cfb81]]></ToUserName>
<FromUserName><![CDATA[ocu1wwYhy3SkF_oFr0EnpXKWOqqw]]></FromUserName>
<CreateTime>1465785951</CreateTime>
<MsgType><![CDATA[event]]></MsgType>
<Event><![CDATA[VIEW]]></Event>
<EventKey><![CDATA[http://f.iseasoft.cn/app/index.php?i=10&c=entry&eid=1226]]></EventKey>
<MenuId>428862708</MenuId>
</xml>

2016-06-13 10:45:51 params :
------------
Array:
message : Array ;
module : basic ;
rule : 90 ;
priority : 0 ;
keyword : Array ;

2016-06-13 10:45:51 response :
------------
Array:
FromUserName : gh_173b187cfb81 ;
ToUserName : ocu1wwYhy3SkF_oFr0EnpXKWOqqw ;
MsgType : text ;
Content : 您好，欢迎来到玉田网上超市！ ;

2016-06-13 10:46:58 trace :
------------
String:
<xml><ToUserName><![CDATA[gh_ce84963696ea]]></ToUserName>
<FromUserName><![CDATA[ogOo_wNbNmFdmpDuv6jTZiG6pqX4]]></FromUserName>
<CreateTime>1465786018</CreateTime>
<MsgType><![CDATA[event]]></MsgType>
<Event><![CDATA[VIEW]]></Event>
<EventKey><![CDATA[http://f.iseasoft.cn/app/index.php?i=9&c=entry&p=commission&m=sea&do=plugin]]></EventKey>
<MenuId>409870668</MenuId>
</xml>

2016-06-13 10:46:58 params :
------------
Array:
message : Array ;
module : basic ;
rule : 81 ;
priority : 0 ;
keyword : Array ;

2016-06-13 10:46:58 response :
------------
Array:
FromUserName : gh_ce84963696ea ;
ToUserName : ogOo_wNbNmFdmpDuv6jTZiG6pqX4 ;
MsgType : text ;
Content : 欢迎关注昵多丽环保家居官方微信，系统正在完善中，更多精彩，敬请期待…… ;

2016-06-13 10:49:07 trace :
------------
String:
<xml><ToUserName><![CDATA[gh_ce84963696ea]]></ToUserName>
<FromUserName><![CDATA[ogOo_wNbNmFdmpDuv6jTZiG6pqX4]]></FromUserName>
<CreateTime>1465786147</CreateTime>
<MsgType><![CDATA[event]]></MsgType>
<Event><![CDATA[VIEW]]></Event>
<EventKey><![CDATA[http://f.iseasoft.cn/app/index.php?i=9&c=entry&p=commission&m=sea&do=plugin]]></EventKey>
<MenuId>409870668</MenuId>
</xml>

2016-06-13 10:49:07 params :
------------
Array:
message : Array ;
module : basic ;
rule : 81 ;
priority : 0 ;
keyword : Array ;

2016-06-13 10:49:07 response :
------------
Array:
FromUserName : gh_ce84963696ea ;
ToUserName : ogOo_wNbNmFdmpDuv6jTZiG6pqX4 ;
MsgType : text ;
Content : 欢迎关注昵多丽环保家居官方微信，系统正在完善中，更多精彩，敬请期待…… ;

2016-06-13 10:49:14 trace :
------------
String:
<xml><ToUserName><![CDATA[gh_ce84963696ea]]></ToUserName>
<FromUserName><![CDATA[ogOo_wF2K7O6lV2R0OBm1r08QJAg]]></FromUserName>
<CreateTime>1465786154</CreateTime>
<MsgType><![CDATA[event]]></MsgType>
<Event><![CDATA[VIEW]]></Event>
<EventKey><![CDATA[http://f.iseasoft.cn/app/index.php?i=9&c=entry&p=commission&m=sea&do=plugin]]></EventKey>
<MenuId>409870668</MenuId>
</xml>

2016-06-13 10:49:14 params :
------------
Array:
message : Array ;
module : basic ;
rule : 81 ;
priority : 0 ;
keyword : Array ;

2016-06-13 10:49:14 response :
------------
Array:
FromUserName : gh_ce84963696ea ;
ToUserName : ogOo_wF2K7O6lV2R0OBm1r08QJAg ;
MsgType : text ;
Content : 欢迎关注昵多丽环保家居官方微信，系统正在完善中，更多精彩，敬请期待…… ;

2016-06-13 10:53:20 trace :
------------
String:
<xml><ToUserName><![CDATA[gh_ce84963696ea]]></ToUserName>
<FromUserName><![CDATA[ogOo_wNbNmFdmpDuv6jTZiG6pqX4]]></FromUserName>
<CreateTime>1465786399</CreateTime>
<MsgType><![CDATA[event]]></MsgType>
<Event><![CDATA[VIEW]]></Event>
<EventKey><![CDATA[http://f.iseasoft.cn/app/index.php?i=9&c=entry&eid=1226]]></EventKey>
<MenuId>409870668</MenuId>
</xml>

2016-06-13 10:53:20 params :
------------
Array:
message : Array ;
module : basic ;
rule : 81 ;
priority : 0 ;
keyword : Array ;

2016-06-13 10:53:20 response :
------------
Array:
FromUserName : gh_ce84963696ea ;
ToUserName : ogOo_wNbNmFdmpDuv6jTZiG6pqX4 ;
MsgType : text ;
Content : 欢迎关注昵多丽环保家居官方微信，系统正在完善中，更多精彩，敬请期待…… ;

2016-06-13 10:54:47 trace :
------------
String:
<xml><ToUserName><![CDATA[gh_ce84963696ea]]></ToUserName>
<FromUserName><![CDATA[ogOo_wGf6_CFdhA7Zwi221zROAZI]]></FromUserName>
<CreateTime>1465786487</CreateTime>
<MsgType><![CDATA[event]]></MsgType>
<Event><![CDATA[VIEW]]></Event>
<EventKey><![CDATA[http://f.iseasoft.cn/app/index.php?i=9&c=entry&p=commission&m=sea&do=plugin]]></EventKey>
<MenuId>409870668</MenuId>
</xml>

2016-06-13 10:54:47 params :
------------
Array:
message : Array ;
module : basic ;
rule : 81 ;
priority : 0 ;
keyword : Array ;

2016-06-13 10:54:47 response :
------------
Array:
FromUserName : gh_ce84963696ea ;
ToUserName : ogOo_wGf6_CFdhA7Zwi221zROAZI ;
MsgType : text ;
Content : 欢迎关注昵多丽环保家居官方微信，系统正在完善中，更多精彩，敬请期待…… ;

2016-06-13 10:54:56 trace :
------------
String:
<xml><ToUserName><![CDATA[gh_ce84963696ea]]></ToUserName>
<FromUserName><![CDATA[ogOo_wNbNmFdmpDuv6jTZiG6pqX4]]></FromUserName>
<CreateTime>1465786496</CreateTime>
<MsgType><![CDATA[event]]></MsgType>
<Event><![CDATA[VIEW]]></Event>
<EventKey><![CDATA[http://f.iseasoft.cn/app/index.php?i=9&c=entry&eid=1226]]></EventKey>
<MenuId>409870668</MenuId>
</xml>

2016-06-13 10:54:56 params :
------------
Array:
message : Array ;
module : basic ;
rule : 81 ;
priority : 0 ;
keyword : Array ;

2016-06-13 10:54:56 response :
------------
Array:
FromUserName : gh_ce84963696ea ;
ToUserName : ogOo_wNbNmFdmpDuv6jTZiG6pqX4 ;
MsgType : text ;
Content : 欢迎关注昵多丽环保家居官方微信，系统正在完善中，更多精彩，敬请期待…… ;

2016-06-13 10:58:36 trace :
------------
String:
<xml><ToUserName><![CDATA[gh_ce84963696ea]]></ToUserName>
<FromUserName><![CDATA[ogOo_wN6EFIK_VIZPgNfVyzDJeYM]]></FromUserName>
<CreateTime>1465786716</CreateTime>
<MsgType><![CDATA[event]]></MsgType>
<Event><![CDATA[VIEW]]></Event>
<EventKey><![CDATA[http://f.iseasoft.cn/app/index.php?i=9&c=entry&p=commission&m=sea&do=plugin]]></EventKey>
<MenuId>409870668</MenuId>
</xml>

2016-06-13 10:58:36 params :
------------
Array:
message : Array ;
module : basic ;
rule : 81 ;
priority : 0 ;
keyword : Array ;

2016-06-13 10:58:36 response :
------------
Array:
FromUserName : gh_ce84963696ea ;
ToUserName : ogOo_wN6EFIK_VIZPgNfVyzDJeYM ;
MsgType : text ;
Content : 欢迎关注昵多丽环保家居官方微信，系统正在完善中，更多精彩，敬请期待…… ;

2016-06-13 11:07:03 trace :
------------
String:
<xml><ToUserName><![CDATA[gh_ce84963696ea]]></ToUserName>
<FromUserName><![CDATA[ogOo_wF2K7O6lV2R0OBm1r08QJAg]]></FromUserName>
<CreateTime>1465787223</CreateTime>
<MsgType><![CDATA[event]]></MsgType>
<Event><![CDATA[VIEW]]></Event>
<EventKey><![CDATA[http://f.iseasoft.cn/app/index.php?i=9&c=entry&eid=1226]]></EventKey>
<MenuId>409870668</MenuId>
</xml>

2016-06-13 11:07:03 params :
------------
Array:
message : Array ;
module : basic ;
rule : 81 ;
priority : 0 ;
keyword : Array ;

2016-06-13 11:07:03 response :
------------
Array:
FromUserName : gh_ce84963696ea ;
ToUserName : ogOo_wF2K7O6lV2R0OBm1r08QJAg ;
MsgType : text ;
Content : 欢迎关注昵多丽环保家居官方微信，系统正在完善中，更多精彩，敬请期待…… ;

2016-06-13 11:07:06 trace :
------------
String:
<xml><ToUserName><![CDATA[gh_ce84963696ea]]></ToUserName>
<FromUserName><![CDATA[ogOo_wF2K7O6lV2R0OBm1r08QJAg]]></FromUserName>
<CreateTime>1465787226</CreateTime>
<MsgType><![CDATA[event]]></MsgType>
<Event><![CDATA[VIEW]]></Event>
<EventKey><![CDATA[http://f.iseasoft.cn/app/index.php?i=9&c=entry&eid=1226]]></EventKey>
<MenuId>409870668</MenuId>
</xml>

2016-06-13 11:07:06 params :
------------
Array:
message : Array ;
module : basic ;
rule : 81 ;
priority : 0 ;
keyword : Array ;

2016-06-13 11:07:06 response :
------------
Array:
FromUserName : gh_ce84963696ea ;
ToUserName : ogOo_wF2K7O6lV2R0OBm1r08QJAg ;
MsgType : text ;
Content : 欢迎关注昵多丽环保家居官方微信，系统正在完善中，更多精彩，敬请期待…… ;

2016-06-13 11:22:00 trace :
------------
String:
<xml><ToUserName><![CDATA[gh_ce84963696ea]]></ToUserName>
<FromUserName><![CDATA[ogOo_wNbNmFdmpDuv6jTZiG6pqX4]]></FromUserName>
<CreateTime>1465788120</CreateTime>
<MsgType><![CDATA[event]]></MsgType>
<Event><![CDATA[VIEW]]></Event>
<EventKey><![CDATA[http://f.iseasoft.cn/app/index.php?i=9&c=entry&p=commission&m=sea&do=plugin]]></EventKey>
<MenuId>409870668</MenuId>
</xml>

2016-06-13 11:22:00 params :
------------
Array:
message : Array ;
module : basic ;
rule : 81 ;
priority : 0 ;
keyword : Array ;

2016-06-13 11:22:00 response :
------------
Array:
FromUserName : gh_ce84963696ea ;
ToUserName : ogOo_wNbNmFdmpDuv6jTZiG6pqX4 ;
MsgType : text ;
Content : 欢迎关注昵多丽环保家居官方微信，系统正在完善中，更多精彩，敬请期待…… ;

2016-06-13 11:52:03 trace :
------------
String:
<xml><ToUserName><![CDATA[gh_ce84963696ea]]></ToUserName>
<FromUserName><![CDATA[ogOo_wBhLp062NS18jjomnfS6Sck]]></FromUserName>
<CreateTime>1465789923</CreateTime>
<MsgType><![CDATA[event]]></MsgType>
<Event><![CDATA[VIEW]]></Event>
<EventKey><![CDATA[http://f.iseasoft.cn/app/index.php?i=9&c=entry&eid=1226]]></EventKey>
<MenuId>409870668</MenuId>
</xml>

2016-06-13 11:52:03 params :
------------
Array:
message : Array ;
module : basic ;
rule : 81 ;
priority : 0 ;
keyword : Array ;

2016-06-13 11:52:03 response :
------------
Array:
FromUserName : gh_ce84963696ea ;
ToUserName : ogOo_wBhLp062NS18jjomnfS6Sck ;
MsgType : text ;
Content : 欢迎关注昵多丽环保家居官方微信，系统正在完善中，更多精彩，敬请期待…… ;

2016-06-13 13:33:55 trace :
------------
String:
<xml><ToUserName><![CDATA[gh_173b187cfb81]]></ToUserName>
<FromUserName><![CDATA[ocu1wwVpIWGq1m6FUWOh5W8mSDDk]]></FromUserName>
<CreateTime>1465796035</CreateTime>
<MsgType><![CDATA[event]]></MsgType>
<Event><![CDATA[VIEW]]></Event>
<EventKey><![CDATA[http://f.iseasoft.cn/app/index.php?i=10&c=entry&eid=1226]]></EventKey>
<MenuId>428862708</MenuId>
</xml>

2016-06-13 13:33:55 params :
------------
Array:
message : Array ;
module : basic ;
rule : 90 ;
priority : 0 ;
keyword : Array ;

2016-06-13 13:33:55 response :
------------
Array:
FromUserName : gh_173b187cfb81 ;
ToUserName : ocu1wwVpIWGq1m6FUWOh5W8mSDDk ;
MsgType : text ;
Content : 您好，欢迎来到玉田网上超市！ ;

2016-06-13 13:46:30 trace :
------------
String:
<xml><ToUserName><![CDATA[gh_173b187cfb81]]></ToUserName>
<FromUserName><![CDATA[ocu1wwYhy3SkF_oFr0EnpXKWOqqw]]></FromUserName>
<CreateTime>1465796790</CreateTime>
<MsgType><![CDATA[event]]></MsgType>
<Event><![CDATA[VIEW]]></Event>
<EventKey><![CDATA[http://f.iseasoft.cn/app/index.php?i=10&c=entry&eid=1226]]></EventKey>
<MenuId>428862708</MenuId>
</xml>

2016-06-13 13:46:30 params :
------------
Array:
message : Array ;
module : basic ;
rule : 90 ;
priority : 0 ;
keyword : Array ;

2016-06-13 13:46:30 response :
------------
Array:
FromUserName : gh_173b187cfb81 ;
ToUserName : ocu1wwYhy3SkF_oFr0EnpXKWOqqw ;
MsgType : text ;
Content : 您好，欢迎来到玉田网上超市！ ;

2016-06-13 14:02:31 trace :
------------
String:
<xml><ToUserName><![CDATA[gh_173b187cfb81]]></ToUserName>
<FromUserName><![CDATA[ocu1wwag1RhtAQYS3B6y-AiP2vaI]]></FromUserName>
<CreateTime>1465797751</CreateTime>
<MsgType><![CDATA[event]]></MsgType>
<Event><![CDATA[VIEW]]></Event>
<EventKey><![CDATA[http://f.iseasoft.cn/app/index.php?i=10&c=entry&eid=1226]]></EventKey>
<MenuId>428862708</MenuId>
</xml>

2016-06-13 14:02:31 params :
------------
Array:
message : Array ;
module : basic ;
rule : 90 ;
priority : 0 ;
keyword : Array ;

2016-06-13 14:02:31 response :
------------
Array:
FromUserName : gh_173b187cfb81 ;
ToUserName : ocu1wwag1RhtAQYS3B6y-AiP2vaI ;
MsgType : text ;
Content : 您好，欢迎来到玉田网上超市！ ;

2016-06-13 14:11:15 trace :
------------
String:
<xml><ToUserName><![CDATA[gh_173b187cfb81]]></ToUserName>
<FromUserName><![CDATA[ocu1wwYhy3SkF_oFr0EnpXKWOqqw]]></FromUserName>
<CreateTime>1465798275</CreateTime>
<MsgType><![CDATA[event]]></MsgType>
<Event><![CDATA[VIEW]]></Event>
<EventKey><![CDATA[http://f.iseasoft.cn/app/index.php?i=10&c=entry&eid=1226]]></EventKey>
<MenuId>428862708</MenuId>
</xml>

2016-06-13 14:11:15 params :
------------
Array:
message : Array ;
module : basic ;
rule : 90 ;
priority : 0 ;
keyword : Array ;

2016-06-13 14:11:15 response :
------------
Array:
FromUserName : gh_173b187cfb81 ;
ToUserName : ocu1wwYhy3SkF_oFr0EnpXKWOqqw ;
MsgType : text ;
Content : 您好，欢迎来到玉田网上超市！ ;

2016-06-13 14:19:35 trace :
------------
String:
<xml><ToUserName><![CDATA[gh_173b187cfb81]]></ToUserName>
<FromUserName><![CDATA[ocu1wwYhy3SkF_oFr0EnpXKWOqqw]]></FromUserName>
<CreateTime>1465798775</CreateTime>
<MsgType><![CDATA[event]]></MsgType>
<Event><![CDATA[VIEW]]></Event>
<EventKey><![CDATA[http://mp.weixin.qq.com/s?__biz=MzI0NTQwMzUwNg==&mid=100000001&idx=1&sn=c1f5d4cb7038fbcea35a9c3891e50569&scene=18#rd]]></EventKey>
<MenuId>428862708</MenuId>
</xml>

2016-06-13 14:19:35 params :
------------
Array:
message : Array ;
module : basic ;
rule : 90 ;
priority : 0 ;
keyword : Array ;

2016-06-13 14:19:35 response :
------------
Array:
FromUserName : gh_173b187cfb81 ;
ToUserName : ocu1wwYhy3SkF_oFr0EnpXKWOqqw ;
MsgType : text ;
Content : 您好，欢迎来到玉田网上超市！ ;

2016-06-13 14:44:52 trace :
------------
String:
<xml><ToUserName><![CDATA[gh_ce84963696ea]]></ToUserName>
<FromUserName><![CDATA[ogOo_wGf6_CFdhA7Zwi221zROAZI]]></FromUserName>
<CreateTime>1465800292</CreateTime>
<MsgType><![CDATA[event]]></MsgType>
<Event><![CDATA[CLICK]]></Event>
<EventKey><![CDATA[招商加盟]]></EventKey>
</xml>

2016-06-13 14:44:52 params :
------------
Array:
message : Array ;
module : news ;
rule : 83 ;
priority : 0 ;
keyword : Array ;

2016-06-13 14:44:52 response :
------------
Array:
FromUserName : gh_ce84963696ea ;
ToUserName : ogOo_wGf6_CFdhA7Zwi221zROAZI ;
MsgType : news ;
ArticleCount : 1 ;
Articles : Array ;

2016-06-13 14:46:48 trace :
------------
String:
<xml><ToUserName><![CDATA[gh_ce84963696ea]]></ToUserName>
<FromUserName><![CDATA[ogOo_wGf6_CFdhA7Zwi221zROAZI]]></FromUserName>
<CreateTime>1465800408</CreateTime>
<MsgType><![CDATA[event]]></MsgType>
<Event><![CDATA[CLICK]]></Event>
<EventKey><![CDATA[企业介绍]]></EventKey>
</xml>

2016-06-13 14:46:48 params :
------------
Array:
message : Array ;
module : news ;
rule : 82 ;
priority : 0 ;
keyword : Array ;

2016-06-13 14:46:48 response :
------------
Array:
FromUserName : gh_ce84963696ea ;
ToUserName : ogOo_wGf6_CFdhA7Zwi221zROAZI ;
MsgType : news ;
ArticleCount : 1 ;
Articles : Array ;

2016-06-13 14:57:54 trace :
------------
String:
<xml><ToUserName><![CDATA[gh_ce84963696ea]]></ToUserName>
<FromUserName><![CDATA[ogOo_wBhLp062NS18jjomnfS6Sck]]></FromUserName>
<CreateTime>1465801074</CreateTime>
<MsgType><![CDATA[event]]></MsgType>
<Event><![CDATA[VIEW]]></Event>
<EventKey><![CDATA[http://f.iseasoft.cn/app/index.php?i=9&c=entry&eid=1226]]></EventKey>
<MenuId>409870668</MenuId>
</xml>

2016-06-13 14:57:54 params :
------------
Array:
message : Array ;
module : basic ;
rule : 81 ;
priority : 0 ;
keyword : Array ;

2016-06-13 14:57:54 response :
------------
Array:
FromUserName : gh_ce84963696ea ;
ToUserName : ogOo_wBhLp062NS18jjomnfS6Sck ;
MsgType : text ;
Content : 欢迎关注昵多丽环保家居官方微信，系统正在完善中，更多精彩，敬请期待…… ;

2016-06-13 15:14:46 trace :
------------
String:
<xml><ToUserName><![CDATA[gh_ce84963696ea]]></ToUserName>
<FromUserName><![CDATA[ogOo_wGf6_CFdhA7Zwi221zROAZI]]></FromUserName>
<CreateTime>1465802086</CreateTime>
<MsgType><![CDATA[event]]></MsgType>
<Event><![CDATA[CLICK]]></Event>
<EventKey><![CDATA[企业介绍]]></EventKey>
</xml>

2016-06-13 15:14:46 params :
------------
Array:
message : Array ;
module : news ;
rule : 82 ;
priority : 0 ;
keyword : Array ;

2016-06-13 15:14:46 response :
------------
Array:
FromUserName : gh_ce84963696ea ;
ToUserName : ogOo_wGf6_CFdhA7Zwi221zROAZI ;
MsgType : news ;
ArticleCount : 1 ;
Articles : Array ;

2016-06-13 15:14:51 trace :
------------
String:
<xml><ToUserName><![CDATA[gh_ce84963696ea]]></ToUserName>
<FromUserName><![CDATA[ogOo_wGf6_CFdhA7Zwi221zROAZI]]></FromUserName>
<CreateTime>1465802091</CreateTime>
<MsgType><![CDATA[event]]></MsgType>
<Event><![CDATA[CLICK]]></Event>
<EventKey><![CDATA[企业介绍]]></EventKey>
</xml>

2016-06-13 15:14:51 params :
------------
Array:
message : Array ;
module : news ;
rule : 82 ;
priority : 0 ;
keyword : Array ;

2016-06-13 15:14:51 response :
------------
Array:
FromUserName : gh_ce84963696ea ;
ToUserName : ogOo_wGf6_CFdhA7Zwi221zROAZI ;
MsgType : news ;
ArticleCount : 1 ;
Articles : Array ;

2016-06-13 15:16:21 trace :
------------
String:
<xml><ToUserName><![CDATA[gh_ce84963696ea]]></ToUserName>
<FromUserName><![CDATA[ogOo_wGf6_CFdhA7Zwi221zROAZI]]></FromUserName>
<CreateTime>1465802181</CreateTime>
<MsgType><![CDATA[event]]></MsgType>
<Event><![CDATA[CLICK]]></Event>
<EventKey><![CDATA[企业介绍]]></EventKey>
</xml>

2016-06-13 15:16:21 params :
------------
Array:
message : Array ;
module : news ;
rule : 82 ;
priority : 0 ;
keyword : Array ;

2016-06-13 15:16:21 response :
------------
Array:
FromUserName : gh_ce84963696ea ;
ToUserName : ogOo_wGf6_CFdhA7Zwi221zROAZI ;
MsgType : news ;
ArticleCount : 1 ;
Articles : Array ;

2016-06-13 15:18:27 trace :
------------
String:
<xml><ToUserName><![CDATA[gh_ce84963696ea]]></ToUserName>
<FromUserName><![CDATA[ogOo_wGf6_CFdhA7Zwi221zROAZI]]></FromUserName>
<CreateTime>1465802307</CreateTime>
<MsgType><![CDATA[event]]></MsgType>
<Event><![CDATA[CLICK]]></Event>
<EventKey><![CDATA[联系我们]]></EventKey>
</xml>

2016-06-13 15:18:27 params :
------------
Array:
message : Array ;
module : news ;
rule : 84 ;
priority : 0 ;
keyword : Array ;

2016-06-13 15:18:27 response :
------------
Array:
FromUserName : gh_ce84963696ea ;
ToUserName : ogOo_wGf6_CFdhA7Zwi221zROAZI ;
MsgType : news ;
ArticleCount : 1 ;
Articles : Array ;

2016-06-13 15:48:51 trace :
------------
String:
<xml><ToUserName><![CDATA[gh_ce84963696ea]]></ToUserName>
<FromUserName><![CDATA[ogOo_wGf6_CFdhA7Zwi221zROAZI]]></FromUserName>
<CreateTime>1465804131</CreateTime>
<MsgType><![CDATA[event]]></MsgType>
<Event><![CDATA[VIEW]]></Event>
<EventKey><![CDATA[http://f.iseasoft.cn/app/index.php?i=9&c=entry&eid=1226]]></EventKey>
<MenuId>409870668</MenuId>
</xml>

2016-06-13 15:48:51 params :
------------
Array:
message : Array ;
module : basic ;
rule : 81 ;
priority : 0 ;
keyword : Array ;

2016-06-13 15:48:51 response :
------------
Array:
FromUserName : gh_ce84963696ea ;
ToUserName : ogOo_wGf6_CFdhA7Zwi221zROAZI ;
MsgType : text ;
Content : 欢迎关注昵多丽环保家居官方微信，系统正在完善中，更多精彩，敬请期待…… ;

2016-06-13 16:01:57 trace :
------------
String:
<xml><ToUserName><![CDATA[gh_173b187cfb81]]></ToUserName>
<FromUserName><![CDATA[ocu1wwYhy3SkF_oFr0EnpXKWOqqw]]></FromUserName>
<CreateTime>1465804917</CreateTime>
<MsgType><![CDATA[event]]></MsgType>
<Event><![CDATA[VIEW]]></Event>
<EventKey><![CDATA[http://f.iseasoft.cn/app/index.php?i=10&c=entry&eid=1226]]></EventKey>
<MenuId>428862708</MenuId>
</xml>

2016-06-13 16:01:57 params :
------------
Array:
message : Array ;
module : basic ;
rule : 90 ;
priority : 0 ;
keyword : Array ;

2016-06-13 16:01:57 response :
------------
Array:
FromUserName : gh_173b187cfb81 ;
ToUserName : ocu1wwYhy3SkF_oFr0EnpXKWOqqw ;
MsgType : text ;
Content : 您好，欢迎来到玉田网上超市！ ;

2016-06-13 16:02:10 trace :
------------
String:
<xml><ToUserName><![CDATA[gh_173b187cfb81]]></ToUserName>
<FromUserName><![CDATA[ocu1wwYhy3SkF_oFr0EnpXKWOqqw]]></FromUserName>
<CreateTime>1465804930</CreateTime>
<MsgType><![CDATA[event]]></MsgType>
<Event><![CDATA[VIEW]]></Event>
<EventKey><![CDATA[http://f.iseasoft.cn/app/index.php?i=10&c=entry&eid=1226]]></EventKey>
<MenuId>428862708</MenuId>
</xml>

2016-06-13 16:02:10 params :
------------
Array:
message : Array ;
module : basic ;
rule : 90 ;
priority : 0 ;
keyword : Array ;

2016-06-13 16:02:10 response :
------------
Array:
FromUserName : gh_173b187cfb81 ;
ToUserName : ocu1wwYhy3SkF_oFr0EnpXKWOqqw ;
MsgType : text ;
Content : 您好，欢迎来到玉田网上超市！ ;

2016-06-13 16:03:00 trace :
------------
String:
<xml><ToUserName><![CDATA[gh_ce84963696ea]]></ToUserName>
<FromUserName><![CDATA[ogOo_wGf6_CFdhA7Zwi221zROAZI]]></FromUserName>
<CreateTime>1465804980</CreateTime>
<MsgType><![CDATA[event]]></MsgType>
<Event><![CDATA[VIEW]]></Event>
<EventKey><![CDATA[http://f.iseasoft.cn/app/index.php?i=9&c=entry&eid=1226]]></EventKey>
<MenuId>409870668</MenuId>
</xml>

2016-06-13 16:03:00 params :
------------
Array:
message : Array ;
module : basic ;
rule : 81 ;
priority : 0 ;
keyword : Array ;

2016-06-13 16:03:00 response :
------------
Array:
FromUserName : gh_ce84963696ea ;
ToUserName : ogOo_wGf6_CFdhA7Zwi221zROAZI ;
MsgType : text ;
Content : 欢迎关注昵多丽环保家居官方微信，系统正在完善中，更多精彩，敬请期待…… ;

2016-06-13 16:04:02 trace :
------------
String:
<xml><ToUserName><![CDATA[gh_ce84963696ea]]></ToUserName>
<FromUserName><![CDATA[ogOo_wGf6_CFdhA7Zwi221zROAZI]]></FromUserName>
<CreateTime>1465805042</CreateTime>
<MsgType><![CDATA[event]]></MsgType>
<Event><![CDATA[VIEW]]></Event>
<EventKey><![CDATA[http://f.iseasoft.cn/app/index.php?i=9&c=entry&eid=1226]]></EventKey>
<MenuId>409870668</MenuId>
</xml>

2016-06-13 16:04:02 params :
------------
Array:
message : Array ;
module : basic ;
rule : 81 ;
priority : 0 ;
keyword : Array ;

2016-06-13 16:04:02 response :
------------
Array:
FromUserName : gh_ce84963696ea ;
ToUserName : ogOo_wGf6_CFdhA7Zwi221zROAZI ;
MsgType : text ;
Content : 欢迎关注昵多丽环保家居官方微信，系统正在完善中，更多精彩，敬请期待…… ;

2016-06-13 16:07:39 trace :
------------
String:
<xml><ToUserName><![CDATA[gh_173b187cfb81]]></ToUserName>
<FromUserName><![CDATA[ocu1wwVpIWGq1m6FUWOh5W8mSDDk]]></FromUserName>
<CreateTime>1465805260</CreateTime>
<MsgType><![CDATA[event]]></MsgType>
<Event><![CDATA[VIEW]]></Event>
<EventKey><![CDATA[http://f.iseasoft.cn/app/index.php?i=10&c=entry&eid=1226]]></EventKey>
<MenuId>428862708</MenuId>
</xml>

2016-06-13 16:07:39 params :
------------
Array:
message : Array ;
module : basic ;
rule : 90 ;
priority : 0 ;
keyword : Array ;

2016-06-13 16:07:39 response :
------------
Array:
FromUserName : gh_173b187cfb81 ;
ToUserName : ocu1wwVpIWGq1m6FUWOh5W8mSDDk ;
MsgType : text ;
Content : 您好，欢迎来到玉田网上超市！ ;

2016-06-13 16:10:38 trace :
------------
String:
<xml><ToUserName><![CDATA[gh_ce84963696ea]]></ToUserName>
<FromUserName><![CDATA[ogOo_wGf6_CFdhA7Zwi221zROAZI]]></FromUserName>
<CreateTime>1465805438</CreateTime>
<MsgType><![CDATA[event]]></MsgType>
<Event><![CDATA[VIEW]]></Event>
<EventKey><![CDATA[http://f.iseasoft.cn/app/index.php?i=9&c=entry&eid=1226]]></EventKey>
<MenuId>409870668</MenuId>
</xml>

2016-06-13 16:10:38 params :
------------
Array:
message : Array ;
module : basic ;
rule : 81 ;
priority : 0 ;
keyword : Array ;

2016-06-13 16:10:38 response :
------------
Array:
FromUserName : gh_ce84963696ea ;
ToUserName : ogOo_wGf6_CFdhA7Zwi221zROAZI ;
MsgType : text ;
Content : 欢迎关注昵多丽环保家居官方微信，系统正在完善中，更多精彩，敬请期待…… ;

2016-06-13 16:11:50 trace :
------------
String:
<xml><ToUserName><![CDATA[gh_173b187cfb81]]></ToUserName>
<FromUserName><![CDATA[ocu1wwVpIWGq1m6FUWOh5W8mSDDk]]></FromUserName>
<CreateTime>1465805510</CreateTime>
<MsgType><![CDATA[event]]></MsgType>
<Event><![CDATA[VIEW]]></Event>
<EventKey><![CDATA[http://f.iseasoft.cn/app/index.php?i=10&c=entry&eid=1226]]></EventKey>
<MenuId>428862708</MenuId>
</xml>

2016-06-13 16:11:50 params :
------------
Array:
message : Array ;
module : basic ;
rule : 90 ;
priority : 0 ;
keyword : Array ;

2016-06-13 16:11:50 response :
------------
Array:
FromUserName : gh_173b187cfb81 ;
ToUserName : ocu1wwVpIWGq1m6FUWOh5W8mSDDk ;
MsgType : text ;
Content : 您好，欢迎来到玉田网上超市！ ;

2016-06-13 16:15:57 trace :
------------
String:
<xml><ToUserName><![CDATA[gh_ce84963696ea]]></ToUserName>
<FromUserName><![CDATA[ogOo_wGf6_CFdhA7Zwi221zROAZI]]></FromUserName>
<CreateTime>1465805757</CreateTime>
<MsgType><![CDATA[event]]></MsgType>
<Event><![CDATA[VIEW]]></Event>
<EventKey><![CDATA[http://f.iseasoft.cn/app/index.php?i=9&c=entry&eid=1226]]></EventKey>
<MenuId>409870668</MenuId>
</xml>

2016-06-13 16:15:57 params :
------------
Array:
message : Array ;
module : basic ;
rule : 81 ;
priority : 0 ;
keyword : Array ;

2016-06-13 16:15:57 response :
------------
Array:
FromUserName : gh_ce84963696ea ;
ToUserName : ogOo_wGf6_CFdhA7Zwi221zROAZI ;
MsgType : text ;
Content : 欢迎关注昵多丽环保家居官方微信，系统正在完善中，更多精彩，敬请期待…… ;

2016-06-13 16:17:35 trace :
------------
String:
<xml><ToUserName><![CDATA[gh_ce84963696ea]]></ToUserName>
<FromUserName><![CDATA[ogOo_wGf6_CFdhA7Zwi221zROAZI]]></FromUserName>
<CreateTime>1465805855</CreateTime>
<MsgType><![CDATA[event]]></MsgType>
<Event><![CDATA[VIEW]]></Event>
<EventKey><![CDATA[http://f.iseasoft.cn/app/index.php?i=9&c=entry&eid=1226]]></EventKey>
<MenuId>409870668</MenuId>
</xml>

2016-06-13 16:17:35 params :
------------
Array:
message : Array ;
module : basic ;
rule : 81 ;
priority : 0 ;
keyword : Array ;

2016-06-13 16:17:35 response :
------------
Array:
FromUserName : gh_ce84963696ea ;
ToUserName : ogOo_wGf6_CFdhA7Zwi221zROAZI ;
MsgType : text ;
Content : 欢迎关注昵多丽环保家居官方微信，系统正在完善中，更多精彩，敬请期待…… ;

2016-06-13 16:18:54 trace :
------------
String:
<xml><ToUserName><![CDATA[gh_ce84963696ea]]></ToUserName>
<FromUserName><![CDATA[ogOo_wGf6_CFdhA7Zwi221zROAZI]]></FromUserName>
<CreateTime>1465805934</CreateTime>
<MsgType><![CDATA[event]]></MsgType>
<Event><![CDATA[VIEW]]></Event>
<EventKey><![CDATA[http://f.iseasoft.cn/app/index.php?i=9&c=entry&eid=1226]]></EventKey>
<MenuId>409870668</MenuId>
</xml>

2016-06-13 16:18:54 params :
------------
Array:
message : Array ;
module : basic ;
rule : 81 ;
priority : 0 ;
keyword : Array ;

2016-06-13 16:18:54 response :
------------
Array:
FromUserName : gh_ce84963696ea ;
ToUserName : ogOo_wGf6_CFdhA7Zwi221zROAZI ;
MsgType : text ;
Content : 欢迎关注昵多丽环保家居官方微信，系统正在完善中，更多精彩，敬请期待…… ;

2016-06-13 16:20:35 trace :
------------
String:
<xml><ToUserName><![CDATA[gh_ce84963696ea]]></ToUserName>
<FromUserName><![CDATA[ogOo_wGf6_CFdhA7Zwi221zROAZI]]></FromUserName>
<CreateTime>1465806035</CreateTime>
<MsgType><![CDATA[event]]></MsgType>
<Event><![CDATA[CLICK]]></Event>
<EventKey><![CDATA[联系我们]]></EventKey>
</xml>

2016-06-13 16:20:35 params :
------------
Array:
message : Array ;
module : news ;
rule : 84 ;
priority : 0 ;
keyword : Array ;

2016-06-13 16:20:35 response :
------------
Array:
FromUserName : gh_ce84963696ea ;
ToUserName : ogOo_wGf6_CFdhA7Zwi221zROAZI ;
MsgType : news ;
ArticleCount : 1 ;
Articles : Array ;

2016-06-13 16:20:38 trace :
------------
String:
<xml><ToUserName><![CDATA[gh_ce84963696ea]]></ToUserName>
<FromUserName><![CDATA[ogOo_wGf6_CFdhA7Zwi221zROAZI]]></FromUserName>
<CreateTime>1465806039</CreateTime>
<MsgType><![CDATA[event]]></MsgType>
<Event><![CDATA[CLICK]]></Event>
<EventKey><![CDATA[企业介绍]]></EventKey>
</xml>

2016-06-13 16:20:38 params :
------------
Array:
message : Array ;
module : news ;
rule : 82 ;
priority : 0 ;
keyword : Array ;

2016-06-13 16:20:38 response :
------------
Array:
FromUserName : gh_ce84963696ea ;
ToUserName : ogOo_wGf6_CFdhA7Zwi221zROAZI ;
MsgType : news ;
ArticleCount : 1 ;
Articles : Array ;

2016-06-13 16:21:13 trace :
------------
String:
<xml><ToUserName><![CDATA[gh_ce84963696ea]]></ToUserName>
<FromUserName><![CDATA[ogOo_wGf6_CFdhA7Zwi221zROAZI]]></FromUserName>
<CreateTime>1465806073</CreateTime>
<MsgType><![CDATA[event]]></MsgType>
<Event><![CDATA[VIEW]]></Event>
<EventKey><![CDATA[http://f.iseasoft.cn/app/index.php?i=9&c=entry&eid=1226]]></EventKey>
<MenuId>409870668</MenuId>
</xml>

2016-06-13 16:21:13 params :
------------
Array:
message : Array ;
module : basic ;
rule : 81 ;
priority : 0 ;
keyword : Array ;

2016-06-13 16:21:13 response :
------------
Array:
FromUserName : gh_ce84963696ea ;
ToUserName : ogOo_wGf6_CFdhA7Zwi221zROAZI ;
MsgType : text ;
Content : 欢迎关注昵多丽环保家居官方微信，系统正在完善中，更多精彩，敬请期待…… ;

2016-06-13 16:21:59 trace :
------------
String:
<xml><ToUserName><![CDATA[gh_ce84963696ea]]></ToUserName>
<FromUserName><![CDATA[ogOo_wGf6_CFdhA7Zwi221zROAZI]]></FromUserName>
<CreateTime>1465806119</CreateTime>
<MsgType><![CDATA[event]]></MsgType>
<Event><![CDATA[VIEW]]></Event>
<EventKey><![CDATA[http://f.iseasoft.cn/app/index.php?i=9&c=entry&eid=1226]]></EventKey>
<MenuId>409870668</MenuId>
</xml>

2016-06-13 16:21:59 params :
------------
Array:
message : Array ;
module : basic ;
rule : 81 ;
priority : 0 ;
keyword : Array ;

2016-06-13 16:21:59 response :
------------
Array:
FromUserName : gh_ce84963696ea ;
ToUserName : ogOo_wGf6_CFdhA7Zwi221zROAZI ;
MsgType : text ;
Content : 欢迎关注昵多丽环保家居官方微信，系统正在完善中，更多精彩，敬请期待…… ;

2016-06-13 16:23:22 trace :
------------
String:
<xml><ToUserName><![CDATA[gh_ce84963696ea]]></ToUserName>
<FromUserName><![CDATA[ogOo_wGf6_CFdhA7Zwi221zROAZI]]></FromUserName>
<CreateTime>1465806202</CreateTime>
<MsgType><![CDATA[event]]></MsgType>
<Event><![CDATA[VIEW]]></Event>
<EventKey><![CDATA[http://f.iseasoft.cn/app/index.php?i=9&c=entry&eid=1226]]></EventKey>
<MenuId>409870668</MenuId>
</xml>

2016-06-13 16:23:22 params :
------------
Array:
message : Array ;
module : basic ;
rule : 81 ;
priority : 0 ;
keyword : Array ;

2016-06-13 16:23:22 response :
------------
Array:
FromUserName : gh_ce84963696ea ;
ToUserName : ogOo_wGf6_CFdhA7Zwi221zROAZI ;
MsgType : text ;
Content : 欢迎关注昵多丽环保家居官方微信，系统正在完善中，更多精彩，敬请期待…… ;

2016-06-13 16:25:07 trace :
------------
String:
<xml><ToUserName><![CDATA[gh_ce84963696ea]]></ToUserName>
<FromUserName><![CDATA[ogOo_wGf6_CFdhA7Zwi221zROAZI]]></FromUserName>
<CreateTime>1465806307</CreateTime>
<MsgType><![CDATA[event]]></MsgType>
<Event><![CDATA[VIEW]]></Event>
<EventKey><![CDATA[http://f.iseasoft.cn/app/index.php?i=9&c=entry&eid=1226]]></EventKey>
<MenuId>409870668</MenuId>
</xml>

2016-06-13 16:25:07 params :
------------
Array:
message : Array ;
module : basic ;
rule : 81 ;
priority : 0 ;
keyword : Array ;

2016-06-13 16:25:07 response :
------------
Array:
FromUserName : gh_ce84963696ea ;
ToUserName : ogOo_wGf6_CFdhA7Zwi221zROAZI ;
MsgType : text ;
Content : 欢迎关注昵多丽环保家居官方微信，系统正在完善中，更多精彩，敬请期待…… ;

2016-06-13 16:26:35 trace :
------------
String:
<xml><ToUserName><![CDATA[gh_ce84963696ea]]></ToUserName>
<FromUserName><![CDATA[ogOo_wGf6_CFdhA7Zwi221zROAZI]]></FromUserName>
<CreateTime>1465806395</CreateTime>
<MsgType><![CDATA[event]]></MsgType>
<Event><![CDATA[VIEW]]></Event>
<EventKey><![CDATA[http://f.iseasoft.cn/app/index.php?i=9&c=entry&eid=1226]]></EventKey>
<MenuId>409870668</MenuId>
</xml>

2016-06-13 16:26:35 params :
------------
Array:
message : Array ;
module : basic ;
rule : 81 ;
priority : 0 ;
keyword : Array ;

2016-06-13 16:26:35 response :
------------
Array:
FromUserName : gh_ce84963696ea ;
ToUserName : ogOo_wGf6_CFdhA7Zwi221zROAZI ;
MsgType : text ;
Content : 欢迎关注昵多丽环保家居官方微信，系统正在完善中，更多精彩，敬请期待…… ;

2016-06-13 16:27:06 trace :
------------
String:
<xml><ToUserName><![CDATA[gh_ce84963696ea]]></ToUserName>
<FromUserName><![CDATA[ogOo_wGf6_CFdhA7Zwi221zROAZI]]></FromUserName>
<CreateTime>1465806426</CreateTime>
<MsgType><![CDATA[event]]></MsgType>
<Event><![CDATA[VIEW]]></Event>
<EventKey><![CDATA[http://f.iseasoft.cn/app/index.php?i=9&c=entry&eid=1226]]></EventKey>
<MenuId>409870668</MenuId>
</xml>

2016-06-13 16:27:06 params :
------------
Array:
message : Array ;
module : basic ;
rule : 81 ;
priority : 0 ;
keyword : Array ;

2016-06-13 16:27:06 response :
------------
Array:
FromUserName : gh_ce84963696ea ;
ToUserName : ogOo_wGf6_CFdhA7Zwi221zROAZI ;
MsgType : text ;
Content : 欢迎关注昵多丽环保家居官方微信，系统正在完善中，更多精彩，敬请期待…… ;

2016-06-13 16:27:15 trace :
------------
String:
<xml><ToUserName><![CDATA[gh_ce84963696ea]]></ToUserName>
<FromUserName><![CDATA[ogOo_wGf6_CFdhA7Zwi221zROAZI]]></FromUserName>
<CreateTime>1465806435</CreateTime>
<MsgType><![CDATA[event]]></MsgType>
<Event><![CDATA[VIEW]]></Event>
<EventKey><![CDATA[http://f.iseasoft.cn/app/index.php?i=9&c=entry&eid=1226]]></EventKey>
<MenuId>409870668</MenuId>
</xml>

2016-06-13 16:27:15 params :
------------
Array:
message : Array ;
module : basic ;
rule : 81 ;
priority : 0 ;
keyword : Array ;

2016-06-13 16:27:15 response :
------------
Array:
FromUserName : gh_ce84963696ea ;
ToUserName : ogOo_wGf6_CFdhA7Zwi221zROAZI ;
MsgType : text ;
Content : 欢迎关注昵多丽环保家居官方微信，系统正在完善中，更多精彩，敬请期待…… ;

2016-06-13 16:27:47 trace :
------------
String:
<xml><ToUserName><![CDATA[gh_ce84963696ea]]></ToUserName>
<FromUserName><![CDATA[ogOo_wGf6_CFdhA7Zwi221zROAZI]]></FromUserName>
<CreateTime>1465806467</CreateTime>
<MsgType><![CDATA[event]]></MsgType>
<Event><![CDATA[VIEW]]></Event>
<EventKey><![CDATA[http://f.iseasoft.cn/app/index.php?i=9&c=entry&eid=1226]]></EventKey>
<MenuId>409870668</MenuId>
</xml>

2016-06-13 16:27:47 params :
------------
Array:
message : Array ;
module : basic ;
rule : 81 ;
priority : 0 ;
keyword : Array ;

2016-06-13 16:27:47 response :
------------
Array:
FromUserName : gh_ce84963696ea ;
ToUserName : ogOo_wGf6_CFdhA7Zwi221zROAZI ;
MsgType : text ;
Content : 欢迎关注昵多丽环保家居官方微信，系统正在完善中，更多精彩，敬请期待…… ;

2016-06-13 16:27:48 trace :
------------
String:
<xml><ToUserName><![CDATA[gh_ce84963696ea]]></ToUserName>
<FromUserName><![CDATA[ogOo_wGf6_CFdhA7Zwi221zROAZI]]></FromUserName>
<CreateTime>1465806467</CreateTime>
<MsgType><![CDATA[event]]></MsgType>
<Event><![CDATA[VIEW]]></Event>
<EventKey><![CDATA[http://f.iseasoft.cn/app/index.php?i=9&c=entry&eid=1226]]></EventKey>
<MenuId>409870668</MenuId>
</xml>

2016-06-13 16:27:48 params :
------------
Array:
message : Array ;
module : basic ;
rule : 81 ;
priority : 0 ;
keyword : Array ;

2016-06-13 16:27:48 response :
------------
Array:
FromUserName : gh_ce84963696ea ;
ToUserName : ogOo_wGf6_CFdhA7Zwi221zROAZI ;
MsgType : text ;
Content : 欢迎关注昵多丽环保家居官方微信，系统正在完善中，更多精彩，敬请期待…… ;

2016-06-13 16:29:42 trace :
------------
String:
<xml><ToUserName><![CDATA[gh_ce84963696ea]]></ToUserName>
<FromUserName><![CDATA[ogOo_wGf6_CFdhA7Zwi221zROAZI]]></FromUserName>
<CreateTime>1465806582</CreateTime>
<MsgType><![CDATA[event]]></MsgType>
<Event><![CDATA[VIEW]]></Event>
<EventKey><![CDATA[http://f.iseasoft.cn/app/index.php?i=9&c=entry&eid=1226]]></EventKey>
<MenuId>409870668</MenuId>
</xml>

2016-06-13 16:29:42 params :
------------
Array:
message : Array ;
module : basic ;
rule : 81 ;
priority : 0 ;
keyword : Array ;

2016-06-13 16:29:42 response :
------------
Array:
FromUserName : gh_ce84963696ea ;
ToUserName : ogOo_wGf6_CFdhA7Zwi221zROAZI ;
MsgType : text ;
Content : 欢迎关注昵多丽环保家居官方微信，系统正在完善中，更多精彩，敬请期待…… ;

2016-06-13 16:32:04 trace :
------------
String:
<xml><ToUserName><![CDATA[gh_ce84963696ea]]></ToUserName>
<FromUserName><![CDATA[ogOo_wGf6_CFdhA7Zwi221zROAZI]]></FromUserName>
<CreateTime>1465806723</CreateTime>
<MsgType><![CDATA[event]]></MsgType>
<Event><![CDATA[VIEW]]></Event>
<EventKey><![CDATA[http://f.iseasoft.cn/app/index.php?i=9&c=entry&eid=1226]]></EventKey>
<MenuId>409870668</MenuId>
</xml>

2016-06-13 16:32:04 params :
------------
Array:
message : Array ;
module : basic ;
rule : 81 ;
priority : 0 ;
keyword : Array ;

2016-06-13 16:32:04 response :
------------
Array:
FromUserName : gh_ce84963696ea ;
ToUserName : ogOo_wGf6_CFdhA7Zwi221zROAZI ;
MsgType : text ;
Content : 欢迎关注昵多丽环保家居官方微信，系统正在完善中，更多精彩，敬请期待…… ;

2016-06-13 16:32:24 trace :
------------
String:
<xml><ToUserName><![CDATA[gh_ce84963696ea]]></ToUserName>
<FromUserName><![CDATA[ogOo_wGf6_CFdhA7Zwi221zROAZI]]></FromUserName>
<CreateTime>1465806744</CreateTime>
<MsgType><![CDATA[event]]></MsgType>
<Event><![CDATA[VIEW]]></Event>
<EventKey><![CDATA[http://f.iseasoft.cn/app/index.php?i=9&c=entry&eid=1226]]></EventKey>
<MenuId>409870668</MenuId>
</xml>

2016-06-13 16:32:24 params :
------------
Array:
message : Array ;
module : basic ;
rule : 81 ;
priority : 0 ;
keyword : Array ;

2016-06-13 16:32:24 response :
------------
Array:
FromUserName : gh_ce84963696ea ;
ToUserName : ogOo_wGf6_CFdhA7Zwi221zROAZI ;
MsgType : text ;
Content : 欢迎关注昵多丽环保家居官方微信，系统正在完善中，更多精彩，敬请期待…… ;

2016-06-13 17:04:14 trace :
------------
String:
<xml><ToUserName><![CDATA[gh_ce84963696ea]]></ToUserName>
<FromUserName><![CDATA[ogOo_wGf6_CFdhA7Zwi221zROAZI]]></FromUserName>
<CreateTime>1465808654</CreateTime>
<MsgType><![CDATA[event]]></MsgType>
<Event><![CDATA[VIEW]]></Event>
<EventKey><![CDATA[http://f.iseasoft.cn/app/index.php?i=9&c=entry&eid=1226]]></EventKey>
<MenuId>409870668</MenuId>
</xml>

2016-06-13 17:04:14 params :
------------
Array:
message : Array ;
module : basic ;
rule : 81 ;
priority : 0 ;
keyword : Array ;

2016-06-13 17:04:14 response :
------------
Array:
FromUserName : gh_ce84963696ea ;
ToUserName : ogOo_wGf6_CFdhA7Zwi221zROAZI ;
MsgType : text ;
Content : 欢迎关注昵多丽环保家居官方微信，系统正在完善中，更多精彩，敬请期待…… ;

2016-06-13 17:09:27 trace :
------------
String:
<xml><ToUserName><![CDATA[gh_ce84963696ea]]></ToUserName>
<FromUserName><![CDATA[ogOo_wBhLp062NS18jjomnfS6Sck]]></FromUserName>
<CreateTime>1465808967</CreateTime>
<MsgType><![CDATA[event]]></MsgType>
<Event><![CDATA[VIEW]]></Event>
<EventKey><![CDATA[http://f.iseasoft.cn/app/index.php?i=9&c=entry&eid=1226]]></EventKey>
<MenuId>409870668</MenuId>
</xml>

2016-06-13 17:09:27 params :
------------
Array:
message : Array ;
module : basic ;
rule : 81 ;
priority : 0 ;
keyword : Array ;

2016-06-13 17:09:27 response :
------------
Array:
FromUserName : gh_ce84963696ea ;
ToUserName : ogOo_wBhLp062NS18jjomnfS6Sck ;
MsgType : text ;
Content : 欢迎关注昵多丽环保家居官方微信，系统正在完善中，更多精彩，敬请期待…… ;

2016-06-13 17:09:27 trace :
------------
String:
<xml><ToUserName><![CDATA[gh_ce84963696ea]]></ToUserName>
<FromUserName><![CDATA[ogOo_wBhLp062NS18jjomnfS6Sck]]></FromUserName>
<CreateTime>1465808967</CreateTime>
<MsgType><![CDATA[event]]></MsgType>
<Event><![CDATA[VIEW]]></Event>
<EventKey><![CDATA[http://f.iseasoft.cn/app/index.php?i=9&c=entry&eid=1226]]></EventKey>
<MenuId>409870668</MenuId>
</xml>

2016-06-13 17:09:27 params :
------------
Array:
message : Array ;
module : basic ;
rule : 81 ;
priority : 0 ;
keyword : Array ;

2016-06-13 17:09:27 response :
------------
Array:
FromUserName : gh_ce84963696ea ;
ToUserName : ogOo_wBhLp062NS18jjomnfS6Sck ;
MsgType : text ;
Content : 欢迎关注昵多丽环保家居官方微信，系统正在完善中，更多精彩，敬请期待…… ;

2016-06-13 17:10:14 trace :
------------
String:
<xml><ToUserName><![CDATA[gh_ce84963696ea]]></ToUserName>
<FromUserName><![CDATA[ogOo_wBhLp062NS18jjomnfS6Sck]]></FromUserName>
<CreateTime>1465809014</CreateTime>
<MsgType><![CDATA[event]]></MsgType>
<Event><![CDATA[VIEW]]></Event>
<EventKey><![CDATA[http://f.iseasoft.cn/app/index.php?i=9&c=entry&eid=1226]]></EventKey>
<MenuId>409870668</MenuId>
</xml>

2016-06-13 17:10:14 params :
------------
Array:
message : Array ;
module : basic ;
rule : 81 ;
priority : 0 ;
keyword : Array ;

2016-06-13 17:10:14 response :
------------
Array:
FromUserName : gh_ce84963696ea ;
ToUserName : ogOo_wBhLp062NS18jjomnfS6Sck ;
MsgType : text ;
Content : 欢迎关注昵多丽环保家居官方微信，系统正在完善中，更多精彩，敬请期待…… ;

2016-06-13 17:11:54 trace :
------------
String:
<xml><ToUserName><![CDATA[gh_ce84963696ea]]></ToUserName>
<FromUserName><![CDATA[ogOo_wGf6_CFdhA7Zwi221zROAZI]]></FromUserName>
<CreateTime>1465809114</CreateTime>
<MsgType><![CDATA[event]]></MsgType>
<Event><![CDATA[VIEW]]></Event>
<EventKey><![CDATA[http://f.iseasoft.cn/app/index.php?i=9&c=entry&p=commission&m=sea&do=plugin]]></EventKey>
<MenuId>409870668</MenuId>
</xml>

2016-06-13 17:11:54 params :
------------
Array:
message : Array ;
module : basic ;
rule : 81 ;
priority : 0 ;
keyword : Array ;

2016-06-13 17:11:54 response :
------------
Array:
FromUserName : gh_ce84963696ea ;
ToUserName : ogOo_wGf6_CFdhA7Zwi221zROAZI ;
MsgType : text ;
Content : 欢迎关注昵多丽环保家居官方微信，系统正在完善中，更多精彩，敬请期待…… ;

2016-06-13 17:12:14 trace :
------------
String:
<xml><ToUserName><![CDATA[gh_ce84963696ea]]></ToUserName>
<FromUserName><![CDATA[ogOo_wBhLp062NS18jjomnfS6Sck]]></FromUserName>
<CreateTime>1465809134</CreateTime>
<MsgType><![CDATA[event]]></MsgType>
<Event><![CDATA[VIEW]]></Event>
<EventKey><![CDATA[http://f.iseasoft.cn/app/index.php?i=9&c=entry&p=commission&m=sea&do=plugin]]></EventKey>
<MenuId>409870668</MenuId>
</xml>

2016-06-13 17:12:14 params :
------------
Array:
message : Array ;
module : basic ;
rule : 81 ;
priority : 0 ;
keyword : Array ;

2016-06-13 17:12:14 response :
------------
Array:
FromUserName : gh_ce84963696ea ;
ToUserName : ogOo_wBhLp062NS18jjomnfS6Sck ;
MsgType : text ;
Content : 欢迎关注昵多丽环保家居官方微信，系统正在完善中，更多精彩，敬请期待…… ;

2016-06-13 17:14:24 trace :
------------
String:
<xml><ToUserName><![CDATA[gh_ce84963696ea]]></ToUserName>
<FromUserName><![CDATA[ogOo_wBhLp062NS18jjomnfS6Sck]]></FromUserName>
<CreateTime>1465809264</CreateTime>
<MsgType><![CDATA[event]]></MsgType>
<Event><![CDATA[VIEW]]></Event>
<EventKey><![CDATA[http://f.iseasoft.cn/app/index.php?i=9&c=entry&eid=1226]]></EventKey>
<MenuId>409870668</MenuId>
</xml>

2016-06-13 17:14:24 params :
------------
Array:
message : Array ;
module : basic ;
rule : 81 ;
priority : 0 ;
keyword : Array ;

2016-06-13 17:14:24 response :
------------
Array:
FromUserName : gh_ce84963696ea ;
ToUserName : ogOo_wBhLp062NS18jjomnfS6Sck ;
MsgType : text ;
Content : 欢迎关注昵多丽环保家居官方微信，系统正在完善中，更多精彩，敬请期待…… ;

2016-06-13 17:15:06 trace :
------------
String:
<xml><ToUserName><![CDATA[gh_ce84963696ea]]></ToUserName>
<FromUserName><![CDATA[ogOo_wGf6_CFdhA7Zwi221zROAZI]]></FromUserName>
<CreateTime>1465809306</CreateTime>
<MsgType><![CDATA[event]]></MsgType>
<Event><![CDATA[VIEW]]></Event>
<EventKey><![CDATA[http://f.iseasoft.cn/app/index.php?i=9&c=entry&eid=1226]]></EventKey>
<MenuId>409870668</MenuId>
</xml>

2016-06-13 17:15:06 params :
------------
Array:
message : Array ;
module : basic ;
rule : 81 ;
priority : 0 ;
keyword : Array ;

2016-06-13 17:15:06 response :
------------
Array:
FromUserName : gh_ce84963696ea ;
ToUserName : ogOo_wGf6_CFdhA7Zwi221zROAZI ;
MsgType : text ;
Content : 欢迎关注昵多丽环保家居官方微信，系统正在完善中，更多精彩，敬请期待…… ;

2016-06-13 17:23:39 trace :
------------
String:
<xml><ToUserName><![CDATA[gh_ce84963696ea]]></ToUserName>
<FromUserName><![CDATA[ogOo_wGf6_CFdhA7Zwi221zROAZI]]></FromUserName>
<CreateTime>1465809819</CreateTime>
<MsgType><![CDATA[event]]></MsgType>
<Event><![CDATA[VIEW]]></Event>
<EventKey><![CDATA[http://f.iseasoft.cn/app/index.php?i=9&c=entry&eid=1226]]></EventKey>
<MenuId>409870668</MenuId>
</xml>

2016-06-13 17:23:39 params :
------------
Array:
message : Array ;
module : basic ;
rule : 81 ;
priority : 0 ;
keyword : Array ;

2016-06-13 17:23:39 response :
------------
Array:
FromUserName : gh_ce84963696ea ;
ToUserName : ogOo_wGf6_CFdhA7Zwi221zROAZI ;
MsgType : text ;
Content : 欢迎关注昵多丽环保家居官方微信，系统正在完善中，更多精彩，敬请期待…… ;

2016-06-13 17:29:02 trace :
------------
String:
<xml><ToUserName><![CDATA[gh_ce84963696ea]]></ToUserName>
<FromUserName><![CDATA[ogOo_wGf6_CFdhA7Zwi221zROAZI]]></FromUserName>
<CreateTime>1465810142</CreateTime>
<MsgType><![CDATA[event]]></MsgType>
<Event><![CDATA[VIEW]]></Event>
<EventKey><![CDATA[http://f.iseasoft.cn/app/index.php?i=9&c=entry&eid=1226]]></EventKey>
<MenuId>409870668</MenuId>
</xml>

2016-06-13 17:29:02 params :
------------
Array:
message : Array ;
module : basic ;
rule : 81 ;
priority : 0 ;
keyword : Array ;

2016-06-13 17:29:02 response :
------------
Array:
FromUserName : gh_ce84963696ea ;
ToUserName : ogOo_wGf6_CFdhA7Zwi221zROAZI ;
MsgType : text ;
Content : 欢迎关注昵多丽环保家居官方微信，系统正在完善中，更多精彩，敬请期待…… ;

2016-06-13 17:33:08 trace :
------------
String:
<xml><ToUserName><![CDATA[gh_ce84963696ea]]></ToUserName>
<FromUserName><![CDATA[ogOo_wGf6_CFdhA7Zwi221zROAZI]]></FromUserName>
<CreateTime>1465810388</CreateTime>
<MsgType><![CDATA[event]]></MsgType>
<Event><![CDATA[VIEW]]></Event>
<EventKey><![CDATA[http://f.iseasoft.cn/app/index.php?i=9&c=entry&eid=1226]]></EventKey>
<MenuId>409870668</MenuId>
</xml>

2016-06-13 17:33:08 params :
------------
Array:
message : Array ;
module : basic ;
rule : 81 ;
priority : 0 ;
keyword : Array ;

2016-06-13 17:33:08 response :
------------
Array:
FromUserName : gh_ce84963696ea ;
ToUserName : ogOo_wGf6_CFdhA7Zwi221zROAZI ;
MsgType : text ;
Content : 欢迎关注昵多丽环保家居官方微信，系统正在完善中，更多精彩，敬请期待…… ;

2016-06-13 17:42:38 trace :
------------
String:
<xml><ToUserName><![CDATA[gh_ce84963696ea]]></ToUserName>
<FromUserName><![CDATA[ogOo_wGf6_CFdhA7Zwi221zROAZI]]></FromUserName>
<CreateTime>1465810958</CreateTime>
<MsgType><![CDATA[event]]></MsgType>
<Event><![CDATA[CLICK]]></Event>
<EventKey><![CDATA[联系我们]]></EventKey>
</xml>

2016-06-13 17:42:38 params :
------------
Array:
message : Array ;
module : news ;
rule : 84 ;
priority : 0 ;
keyword : Array ;

2016-06-13 17:42:38 response :
------------
Array:
FromUserName : gh_ce84963696ea ;
ToUserName : ogOo_wGf6_CFdhA7Zwi221zROAZI ;
MsgType : news ;
ArticleCount : 1 ;
Articles : Array ;

2016-06-13 17:47:43 trace :
------------
String:
<xml><ToUserName><![CDATA[gh_ce84963696ea]]></ToUserName>
<FromUserName><![CDATA[ogOo_wGf6_CFdhA7Zwi221zROAZI]]></FromUserName>
<CreateTime>1465811262</CreateTime>
<MsgType><![CDATA[event]]></MsgType>
<Event><![CDATA[CLICK]]></Event>
<EventKey><![CDATA[联系我们]]></EventKey>
</xml>

2016-06-13 17:47:43 params :
------------
Array:
message : Array ;
module : news ;
rule : 84 ;
priority : 0 ;
keyword : Array ;

2016-06-13 17:47:43 response :
------------
Array:
FromUserName : gh_ce84963696ea ;
ToUserName : ogOo_wGf6_CFdhA7Zwi221zROAZI ;
MsgType : news ;
ArticleCount : 1 ;
Articles : Array ;

2016-06-13 18:01:17 trace :
------------
String:
<xml><ToUserName><![CDATA[gh_ce84963696ea]]></ToUserName>
<FromUserName><![CDATA[ogOo_wGf6_CFdhA7Zwi221zROAZI]]></FromUserName>
<CreateTime>1465812077</CreateTime>
<MsgType><![CDATA[event]]></MsgType>
<Event><![CDATA[VIEW]]></Event>
<EventKey><![CDATA[http://f.iseasoft.cn/app/index.php?i=9&c=entry&eid=1226]]></EventKey>
<MenuId>409870668</MenuId>
</xml>

2016-06-13 18:01:17 params :
------------
Array:
message : Array ;
module : basic ;
rule : 81 ;
priority : 0 ;
keyword : Array ;

2016-06-13 18:01:17 response :
------------
Array:
FromUserName : gh_ce84963696ea ;
ToUserName : ogOo_wGf6_CFdhA7Zwi221zROAZI ;
MsgType : text ;
Content : 欢迎关注昵多丽环保家居官方微信，系统正在完善中，更多精彩，敬请期待…… ;

2016-06-13 18:01:22 trace :
------------
String:
<xml><ToUserName><![CDATA[gh_ce84963696ea]]></ToUserName>
<FromUserName><![CDATA[ogOo_wGf6_CFdhA7Zwi221zROAZI]]></FromUserName>
<CreateTime>1465812081</CreateTime>
<MsgType><![CDATA[event]]></MsgType>
<Event><![CDATA[VIEW]]></Event>
<EventKey><![CDATA[http://f.iseasoft.cn/app/index.php?i=9&c=entry&p=commission&m=sea&do=plugin]]></EventKey>
<MenuId>409870668</MenuId>
</xml>

2016-06-13 18:01:22 params :
------------
Array:
message : Array ;
module : basic ;
rule : 81 ;
priority : 0 ;
keyword : Array ;

2016-06-13 18:01:22 response :
------------
Array:
FromUserName : gh_ce84963696ea ;
ToUserName : ogOo_wGf6_CFdhA7Zwi221zROAZI ;
MsgType : text ;
Content : 欢迎关注昵多丽环保家居官方微信，系统正在完善中，更多精彩，敬请期待…… ;

2016-06-13 18:03:46 trace :
------------
String:
<xml><ToUserName><![CDATA[gh_ce84963696ea]]></ToUserName>
<FromUserName><![CDATA[ogOo_wGf6_CFdhA7Zwi221zROAZI]]></FromUserName>
<CreateTime>1465812226</CreateTime>
<MsgType><![CDATA[event]]></MsgType>
<Event><![CDATA[VIEW]]></Event>
<EventKey><![CDATA[http://f.iseasoft.cn/app/index.php?i=9&c=entry&p=commission&m=sea&do=plugin]]></EventKey>
<MenuId>409870668</MenuId>
</xml>

2016-06-13 18:03:46 params :
------------
Array:
message : Array ;
module : basic ;
rule : 81 ;
priority : 0 ;
keyword : Array ;

2016-06-13 18:03:46 response :
------------
Array:
FromUserName : gh_ce84963696ea ;
ToUserName : ogOo_wGf6_CFdhA7Zwi221zROAZI ;
MsgType : text ;
Content : 欢迎关注昵多丽环保家居官方微信，系统正在完善中，更多精彩，敬请期待…… ;

2016-06-13 18:06:29 trace :
------------
String:
<xml><ToUserName><![CDATA[gh_ce84963696ea]]></ToUserName>
<FromUserName><![CDATA[ogOo_wGf6_CFdhA7Zwi221zROAZI]]></FromUserName>
<CreateTime>1465812389</CreateTime>
<MsgType><![CDATA[event]]></MsgType>
<Event><![CDATA[VIEW]]></Event>
<EventKey><![CDATA[http://f.iseasoft.cn/app/index.php?i=9&c=entry&p=commission&m=sea&do=plugin]]></EventKey>
<MenuId>409870668</MenuId>
</xml>

2016-06-13 18:06:29 params :
------------
Array:
message : Array ;
module : basic ;
rule : 81 ;
priority : 0 ;
keyword : Array ;

2016-06-13 18:06:29 response :
------------
Array:
FromUserName : gh_ce84963696ea ;
ToUserName : ogOo_wGf6_CFdhA7Zwi221zROAZI ;
MsgType : text ;
Content : 欢迎关注昵多丽环保家居官方微信，系统正在完善中，更多精彩，敬请期待…… ;

2016-06-13 18:08:24 trace :
------------
String:
<xml><ToUserName><![CDATA[gh_ce84963696ea]]></ToUserName>
<FromUserName><![CDATA[ogOo_wGf6_CFdhA7Zwi221zROAZI]]></FromUserName>
<CreateTime>1465812504</CreateTime>
<MsgType><![CDATA[event]]></MsgType>
<Event><![CDATA[VIEW]]></Event>
<EventKey><![CDATA[http://f.iseasoft.cn/app/index.php?i=9&c=entry&eid=1226]]></EventKey>
<MenuId>409870668</MenuId>
</xml>

2016-06-13 18:08:24 params :
------------
Array:
message : Array ;
module : basic ;
rule : 81 ;
priority : 0 ;
keyword : Array ;

2016-06-13 18:08:24 response :
------------
Array:
FromUserName : gh_ce84963696ea ;
ToUserName : ogOo_wGf6_CFdhA7Zwi221zROAZI ;
MsgType : text ;
Content : 欢迎关注昵多丽环保家居官方微信，系统正在完善中，更多精彩，敬请期待…… ;

2016-06-13 18:10:22 trace :
------------
String:
<xml><ToUserName><![CDATA[gh_ce84963696ea]]></ToUserName>
<FromUserName><![CDATA[ogOo_wGf6_CFdhA7Zwi221zROAZI]]></FromUserName>
<CreateTime>1465812621</CreateTime>
<MsgType><![CDATA[event]]></MsgType>
<Event><![CDATA[VIEW]]></Event>
<EventKey><![CDATA[http://f.iseasoft.cn/app/index.php?i=9&c=entry&eid=1226]]></EventKey>
<MenuId>409870668</MenuId>
</xml>

2016-06-13 18:10:22 params :
------------
Array:
message : Array ;
module : basic ;
rule : 81 ;
priority : 0 ;
keyword : Array ;

2016-06-13 18:10:22 response :
------------
Array:
FromUserName : gh_ce84963696ea ;
ToUserName : ogOo_wGf6_CFdhA7Zwi221zROAZI ;
MsgType : text ;
Content : 欢迎关注昵多丽环保家居官方微信，系统正在完善中，更多精彩，敬请期待…… ;

2016-06-13 18:40:58 trace :
------------
String:
<xml><ToUserName><![CDATA[gh_ce84963696ea]]></ToUserName>
<FromUserName><![CDATA[ogOo_wGf6_CFdhA7Zwi221zROAZI]]></FromUserName>
<CreateTime>1465814457</CreateTime>
<MsgType><![CDATA[event]]></MsgType>
<Event><![CDATA[CLICK]]></Event>
<EventKey><![CDATA[招商加盟]]></EventKey>
</xml>

2016-06-13 18:40:58 params :
------------
Array:
message : Array ;
module : news ;
rule : 83 ;
priority : 0 ;
keyword : Array ;

2016-06-13 18:40:58 response :
------------
Array:
FromUserName : gh_ce84963696ea ;
ToUserName : ogOo_wGf6_CFdhA7Zwi221zROAZI ;
MsgType : news ;
ArticleCount : 1 ;
Articles : Array ;

2016-06-13 18:41:34 trace :
------------
String:
<xml><ToUserName><![CDATA[gh_ce84963696ea]]></ToUserName>
<FromUserName><![CDATA[ogOo_wGf6_CFdhA7Zwi221zROAZI]]></FromUserName>
<CreateTime>1465814494</CreateTime>
<MsgType><![CDATA[event]]></MsgType>
<Event><![CDATA[CLICK]]></Event>
<EventKey><![CDATA[企业介绍]]></EventKey>
</xml>

2016-06-13 18:41:34 params :
------------
Array:
message : Array ;
module : news ;
rule : 82 ;
priority : 0 ;
keyword : Array ;

2016-06-13 18:41:34 response :
------------
Array:
FromUserName : gh_ce84963696ea ;
ToUserName : ogOo_wGf6_CFdhA7Zwi221zROAZI ;
MsgType : news ;
ArticleCount : 1 ;
Articles : Array ;

2016-06-13 18:41:43 trace :
------------
String:
<xml><ToUserName><![CDATA[gh_ce84963696ea]]></ToUserName>
<FromUserName><![CDATA[ogOo_wGf6_CFdhA7Zwi221zROAZI]]></FromUserName>
<CreateTime>1465814503</CreateTime>
<MsgType><![CDATA[event]]></MsgType>
<Event><![CDATA[CLICK]]></Event>
<EventKey><![CDATA[联系我们]]></EventKey>
</xml>

2016-06-13 18:41:43 params :
------------
Array:
message : Array ;
module : news ;
rule : 84 ;
priority : 0 ;
keyword : Array ;

2016-06-13 18:41:43 response :
------------
Array:
FromUserName : gh_ce84963696ea ;
ToUserName : ogOo_wGf6_CFdhA7Zwi221zROAZI ;
MsgType : news ;
ArticleCount : 1 ;
Articles : Array ;

2016-06-13 18:41:48 trace :
------------
String:
<xml><ToUserName><![CDATA[gh_ce84963696ea]]></ToUserName>
<FromUserName><![CDATA[ogOo_wGf6_CFdhA7Zwi221zROAZI]]></FromUserName>
<CreateTime>1465814507</CreateTime>
<MsgType><![CDATA[event]]></MsgType>
<Event><![CDATA[VIEW]]></Event>
<EventKey><![CDATA[http://f.iseasoft.cn/app/index.php?i=9&c=entry&eid=1226]]></EventKey>
<MenuId>409870668</MenuId>
</xml>

2016-06-13 18:41:48 params :
------------
Array:
message : Array ;
module : basic ;
rule : 81 ;
priority : 0 ;
keyword : Array ;

2016-06-13 18:41:48 response :
------------
Array:
FromUserName : gh_ce84963696ea ;
ToUserName : ogOo_wGf6_CFdhA7Zwi221zROAZI ;
MsgType : text ;
Content : 欢迎关注昵多丽环保家居官方微信，系统正在完善中，更多精彩，敬请期待…… ;

2016-06-13 20:33:47 trace :
------------
String:
<xml><ToUserName><![CDATA[gh_ce84963696ea]]></ToUserName>
<FromUserName><![CDATA[ogOo_wGf6_CFdhA7Zwi221zROAZI]]></FromUserName>
<CreateTime>1465821227</CreateTime>
<MsgType><![CDATA[event]]></MsgType>
<Event><![CDATA[VIEW]]></Event>
<EventKey><![CDATA[http://f.iseasoft.cn/app/index.php?i=9&c=entry&p=commission&m=sea&do=plugin]]></EventKey>
<MenuId>409870668</MenuId>
</xml>

2016-06-13 20:33:47 params :
------------
Array:
message : Array ;
module : basic ;
rule : 81 ;
priority : 0 ;
keyword : Array ;

2016-06-13 20:33:47 response :
------------
Array:
FromUserName : gh_ce84963696ea ;
ToUserName : ogOo_wGf6_CFdhA7Zwi221zROAZI ;
MsgType : text ;
Content : 欢迎关注昵多丽环保家居官方微信，系统正在完善中，更多精彩，敬请期待…… ;

2016-06-13 20:34:12 trace :
------------
String:
<xml><ToUserName><![CDATA[gh_ce84963696ea]]></ToUserName>
<FromUserName><![CDATA[ogOo_wGf6_CFdhA7Zwi221zROAZI]]></FromUserName>
<CreateTime>1465821252</CreateTime>
<MsgType><![CDATA[event]]></MsgType>
<Event><![CDATA[VIEW]]></Event>
<EventKey><![CDATA[http://f.iseasoft.cn/app/index.php?i=9&c=entry&p=commission&m=sea&do=plugin]]></EventKey>
<MenuId>409870668</MenuId>
</xml>

2016-06-13 20:34:12 params :
------------
Array:
message : Array ;
module : basic ;
rule : 81 ;
priority : 0 ;
keyword : Array ;

2016-06-13 20:34:12 response :
------------
Array:
FromUserName : gh_ce84963696ea ;
ToUserName : ogOo_wGf6_CFdhA7Zwi221zROAZI ;
MsgType : text ;
Content : 欢迎关注昵多丽环保家居官方微信，系统正在完善中，更多精彩，敬请期待…… ;

2016-06-13 22:31:41 trace :
------------
String:
<xml><ToUserName><![CDATA[gh_994b4bf94dd3]]></ToUserName>
<FromUserName><![CDATA[o2LD4so-5iBsNHluqMjcfa_QfyK0]]></FromUserName>
<CreateTime>1465828301</CreateTime>
<MsgType><![CDATA[event]]></MsgType>
<Event><![CDATA[subscribe]]></Event>
<EventKey><![CDATA[]]></EventKey>
</xml>

2016-06-13 22:31:41 params :
------------
Array:
rule : -2 ;
module :  ;
message : Array ;

2016-06-13 22:31:41 response :
------------

2016-06-13 22:31:50 trace :
------------
String:
<xml><ToUserName><![CDATA[gh_994b4bf94dd3]]></ToUserName>
<FromUserName><![CDATA[o2LD4so-5iBsNHluqMjcfa_QfyK0]]></FromUserName>
<CreateTime>1465828310</CreateTime>
<MsgType><![CDATA[event]]></MsgType>
<Event><![CDATA[VIEW]]></Event>
<EventKey><![CDATA[http://f.iseasoft.cn/app/index.php?i=12&c=entry&do=shop&m=sea]]></EventKey>
<MenuId>404425138</MenuId>
</xml>

2016-06-13 22:31:50 params :
------------
Array:
rule : -2 ;
module :  ;
message : Array ;

2016-06-13 22:31:50 response :
------------

2016-06-13 22:32:40 trace :
------------
String:
<xml><ToUserName><![CDATA[gh_994b4bf94dd3]]></ToUserName>
<FromUserName><![CDATA[o2LD4so-5iBsNHluqMjcfa_QfyK0]]></FromUserName>
<CreateTime>1465828360</CreateTime>
<MsgType><![CDATA[event]]></MsgType>
<Event><![CDATA[VIEW]]></Event>
<EventKey><![CDATA[http://f.iseasoft.cn/app/index.php?i=12&c=entry&do=shop&m=sea]]></EventKey>
<MenuId>404425138</MenuId>
</xml>

2016-06-13 22:32:40 params :
------------
Array:
rule : -2 ;
module :  ;
message : Array ;

2016-06-13 22:32:40 response :
------------

2016-06-13 22:51:28 trace :
------------
String:
<xml><ToUserName><![CDATA[gh_994b4bf94dd3]]></ToUserName>
<FromUserName><![CDATA[o2LD4so-5iBsNHluqMjcfa_QfyK0]]></FromUserName>
<CreateTime>1465829488</CreateTime>
<MsgType><![CDATA[event]]></MsgType>
<Event><![CDATA[VIEW]]></Event>
<EventKey><![CDATA[http://f.iseasoft.cn/app/index.php?i=12&c=entry&do=shop&m=sea]]></EventKey>
<MenuId>404425138</MenuId>
</xml>

2016-06-13 22:51:28 params :
------------
Array:
rule : -2 ;
module :  ;
message : Array ;

2016-06-13 22:51:28 response :
------------

2016-06-13 22:55:23 trace :
------------
String:
<xml><ToUserName><![CDATA[gh_994b4bf94dd3]]></ToUserName>
<FromUserName><![CDATA[o2LD4so-5iBsNHluqMjcfa_QfyK0]]></FromUserName>
<CreateTime>1465829723</CreateTime>
<MsgType><![CDATA[event]]></MsgType>
<Event><![CDATA[unsubscribe]]></Event>
<EventKey><![CDATA[]]></EventKey>
</xml>

