2016-06-10 06:40:38 trace :
------------
String:
<xml><ToUserName><![CDATA[gh_173b187cfb81]]></ToUserName>
<FromUserName><![CDATA[ocu1wwb8AIF2gf3rGpfR6CwA3FSU]]></FromUserName>
<CreateTime>1465512038</CreateTime>
<MsgType><![CDATA[event]]></MsgType>
<Event><![CDATA[VIEW]]></Event>
<EventKey><![CDATA[http://f.iseasoft.cn/app/index.php?i=10&c=entry&eid=1226]]></EventKey>
<MenuId>428862708</MenuId>
</xml>

2016-06-10 06:40:38 params :
------------
Array:
message : Array ;
module : basic ;
rule : 90 ;
priority : 0 ;
keyword : Array ;

2016-06-10 06:40:38 response :
------------
Array:
FromUserName : gh_173b187cfb81 ;
ToUserName : ocu1wwb8AIF2gf3rGpfR6CwA3FSU ;
MsgType : text ;
Content : 您好，欢迎来到玉田网上超市！ ;

2016-06-10 06:41:21 trace :
------------
String:
<xml><ToUserName><![CDATA[gh_173b187cfb81]]></ToUserName>
<FromUserName><![CDATA[ocu1wwb8AIF2gf3rGpfR6CwA3FSU]]></FromUserName>
<CreateTime>1465512081</CreateTime>
<MsgType><![CDATA[event]]></MsgType>
<Event><![CDATA[VIEW]]></Event>
<EventKey><![CDATA[http://mp.weixin.qq.com/s?__biz=MzI0NTQwMzUwNg==&mid=100000001&idx=1&sn=c1f5d4cb7038fbcea35a9c3891e50569&scene=18#rd]]></EventKey>
<MenuId>428862708</MenuId>
</xml>

2016-06-10 06:41:21 params :
------------
Array:
message : Array ;
module : basic ;
rule : 90 ;
priority : 0 ;
keyword : Array ;

2016-06-10 06:41:21 response :
------------
Array:
FromUserName : gh_173b187cfb81 ;
ToUserName : ocu1wwb8AIF2gf3rGpfR6CwA3FSU ;
MsgType : text ;
Content : 您好，欢迎来到玉田网上超市！ ;

2016-06-10 06:41:42 trace :
------------
String:
<xml><ToUserName><![CDATA[gh_173b187cfb81]]></ToUserName>
<FromUserName><![CDATA[ocu1wwb8AIF2gf3rGpfR6CwA3FSU]]></FromUserName>
<CreateTime>1465512101</CreateTime>
<MsgType><![CDATA[event]]></MsgType>
<Event><![CDATA[VIEW]]></Event>
<EventKey><![CDATA[http://f.iseasoft.cn/app/index.php?i=10&c=entry&eid=1230]]></EventKey>
<MenuId>428862708</MenuId>
</xml>

2016-06-10 06:41:42 params :
------------
Array:
message : Array ;
module : basic ;
rule : 90 ;
priority : 0 ;
keyword : Array ;

2016-06-10 06:41:42 response :
------------
Array:
FromUserName : gh_173b187cfb81 ;
ToUserName : ocu1wwb8AIF2gf3rGpfR6CwA3FSU ;
MsgType : text ;
Content : 您好，欢迎来到玉田网上超市！ ;

2016-06-10 08:27:23 trace :
------------
String:
<xml><ToUserName><![CDATA[gh_173b187cfb81]]></ToUserName>
<FromUserName><![CDATA[ocu1wwZ4xjTWGceOOWTEP5C7XXYI]]></FromUserName>
<CreateTime>1465518443</CreateTime>
<MsgType><![CDATA[event]]></MsgType>
<Event><![CDATA[subscribe]]></Event>
<EventKey><![CDATA[]]></EventKey>
</xml>

2016-06-10 08:27:23 params :
------------
Array:
message : Array ;
module : basic ;
rule : 90 ;
priority : 0 ;
keyword : Array ;

2016-06-10 08:27:23 response :
------------
Array:
FromUserName : gh_173b187cfb81 ;
ToUserName : ocu1wwZ4xjTWGceOOWTEP5C7XXYI ;
MsgType : text ;
Content : 您好，欢迎来到玉田网上超市！ ;

2016-06-10 08:27:35 trace :
------------
String:
<xml><ToUserName><![CDATA[gh_173b187cfb81]]></ToUserName>
<FromUserName><![CDATA[ocu1wwZ4xjTWGceOOWTEP5C7XXYI]]></FromUserName>
<CreateTime>1465518455</CreateTime>
<MsgType><![CDATA[event]]></MsgType>
<Event><![CDATA[VIEW]]></Event>
<EventKey><![CDATA[http://f.iseasoft.cn/app/index.php?i=10&c=entry&eid=1230]]></EventKey>
<MenuId>428862708</MenuId>
</xml>

2016-06-10 08:27:35 params :
------------
Array:
message : Array ;
module : basic ;
rule : 90 ;
priority : 0 ;
keyword : Array ;

2016-06-10 08:27:35 response :
------------
Array:
FromUserName : gh_173b187cfb81 ;
ToUserName : ocu1wwZ4xjTWGceOOWTEP5C7XXYI ;
MsgType : text ;
Content : 您好，欢迎来到玉田网上超市！ ;

2016-06-10 08:36:43 trace :
------------
String:
<xml><ToUserName><![CDATA[gh_173b187cfb81]]></ToUserName>
<FromUserName><![CDATA[ocu1wwZ4xjTWGceOOWTEP5C7XXYI]]></FromUserName>
<CreateTime>1465519003</CreateTime>
<MsgType><![CDATA[event]]></MsgType>
<Event><![CDATA[VIEW]]></Event>
<EventKey><![CDATA[http://f.iseasoft.cn/app/index.php?i=10&c=entry&eid=1228]]></EventKey>
<MenuId>428862708</MenuId>
</xml>

2016-06-10 08:36:43 params :
------------
Array:
message : Array ;
module : basic ;
rule : 90 ;
priority : 0 ;
keyword : Array ;

2016-06-10 08:36:43 response :
------------
Array:
FromUserName : gh_173b187cfb81 ;
ToUserName : ocu1wwZ4xjTWGceOOWTEP5C7XXYI ;
MsgType : text ;
Content : 您好，欢迎来到玉田网上超市！ ;

2016-06-10 08:36:53 trace :
------------
String:
<xml><ToUserName><![CDATA[gh_173b187cfb81]]></ToUserName>
<FromUserName><![CDATA[ocu1wwZ4xjTWGceOOWTEP5C7XXYI]]></FromUserName>
<CreateTime>1465519013</CreateTime>
<MsgType><![CDATA[event]]></MsgType>
<Event><![CDATA[VIEW]]></Event>
<EventKey><![CDATA[http://f.iseasoft.cn/app/index.php?i=10&c=entry&eid=1227]]></EventKey>
<MenuId>428862708</MenuId>
</xml>

2016-06-10 08:36:53 params :
------------
Array:
message : Array ;
module : basic ;
rule : 90 ;
priority : 0 ;
keyword : Array ;

2016-06-10 08:36:53 response :
------------
Array:
FromUserName : gh_173b187cfb81 ;
ToUserName : ocu1wwZ4xjTWGceOOWTEP5C7XXYI ;
MsgType : text ;
Content : 您好，欢迎来到玉田网上超市！ ;

2016-06-10 08:37:01 trace :
------------
String:
<xml><ToUserName><![CDATA[gh_173b187cfb81]]></ToUserName>
<FromUserName><![CDATA[ocu1wwZ4xjTWGceOOWTEP5C7XXYI]]></FromUserName>
<CreateTime>1465519021</CreateTime>
<MsgType><![CDATA[event]]></MsgType>
<Event><![CDATA[VIEW]]></Event>
<EventKey><![CDATA[http://f.iseasoft.cn/app/index.php?i=10&c=entry&eid=1230]]></EventKey>
<MenuId>428862708</MenuId>
</xml>

2016-06-10 08:37:01 params :
------------
Array:
message : Array ;
module : basic ;
rule : 90 ;
priority : 0 ;
keyword : Array ;

2016-06-10 08:37:01 response :
------------
Array:
FromUserName : gh_173b187cfb81 ;
ToUserName : ocu1wwZ4xjTWGceOOWTEP5C7XXYI ;
MsgType : text ;
Content : 您好，欢迎来到玉田网上超市！ ;

2016-06-10 08:40:26 trace :
------------
String:
<xml><ToUserName><![CDATA[gh_173b187cfb81]]></ToUserName>
<FromUserName><![CDATA[ocu1wwag1RhtAQYS3B6y-AiP2vaI]]></FromUserName>
<CreateTime>1465519226</CreateTime>
<MsgType><![CDATA[event]]></MsgType>
<Event><![CDATA[subscribe]]></Event>
<EventKey><![CDATA[]]></EventKey>
</xml>

2016-06-10 08:40:26 params :
------------
Array:
message : Array ;
module : basic ;
rule : 90 ;
priority : 0 ;
keyword : Array ;

2016-06-10 08:40:26 response :
------------
Array:
FromUserName : gh_173b187cfb81 ;
ToUserName : ocu1wwag1RhtAQYS3B6y-AiP2vaI ;
MsgType : text ;
Content : 您好，欢迎来到玉田网上超市！ ;

2016-06-10 09:16:22 trace :
------------
String:
<xml><ToUserName><![CDATA[gh_173b187cfb81]]></ToUserName>
<FromUserName><![CDATA[ocu1wwZ4xjTWGceOOWTEP5C7XXYI]]></FromUserName>
<CreateTime>1465521381</CreateTime>
<MsgType><![CDATA[event]]></MsgType>
<Event><![CDATA[VIEW]]></Event>
<EventKey><![CDATA[http://f.iseasoft.cn/app/index.php?i=10&c=entry&eid=1227]]></EventKey>
<MenuId>428862708</MenuId>
</xml>

2016-06-10 09:16:22 params :
------------
Array:
message : Array ;
module : basic ;
rule : 90 ;
priority : 0 ;
keyword : Array ;

2016-06-10 09:16:22 response :
------------
Array:
FromUserName : gh_173b187cfb81 ;
ToUserName : ocu1wwZ4xjTWGceOOWTEP5C7XXYI ;
MsgType : text ;
Content : 您好，欢迎来到玉田网上超市！ ;

2016-06-10 10:17:44 trace :
------------
String:
<xml><ToUserName><![CDATA[gh_173b187cfb81]]></ToUserName>
<FromUserName><![CDATA[ocu1wwag1RhtAQYS3B6y-AiP2vaI]]></FromUserName>
<CreateTime>1465525064</CreateTime>
<MsgType><![CDATA[event]]></MsgType>
<Event><![CDATA[VIEW]]></Event>
<EventKey><![CDATA[http://f.iseasoft.cn/app/index.php?i=10&c=entry&eid=1228]]></EventKey>
<MenuId>428862708</MenuId>
</xml>

2016-06-10 10:17:44 params :
------------
Array:
message : Array ;
module : basic ;
rule : 90 ;
priority : 0 ;
keyword : Array ;

2016-06-10 10:17:44 response :
------------
Array:
FromUserName : gh_173b187cfb81 ;
ToUserName : ocu1wwag1RhtAQYS3B6y-AiP2vaI ;
MsgType : text ;
Content : 您好，欢迎来到玉田网上超市！ ;

2016-06-10 10:17:51 trace :
------------
String:
<xml><ToUserName><![CDATA[gh_173b187cfb81]]></ToUserName>
<FromUserName><![CDATA[ocu1wwag1RhtAQYS3B6y-AiP2vaI]]></FromUserName>
<CreateTime>1465525071</CreateTime>
<MsgType><![CDATA[event]]></MsgType>
<Event><![CDATA[VIEW]]></Event>
<EventKey><![CDATA[http://f.iseasoft.cn/app/index.php?i=10&c=entry&eid=1226]]></EventKey>
<MenuId>428862708</MenuId>
</xml>

2016-06-10 10:17:51 params :
------------
Array:
message : Array ;
module : basic ;
rule : 90 ;
priority : 0 ;
keyword : Array ;

2016-06-10 10:17:51 response :
------------
Array:
FromUserName : gh_173b187cfb81 ;
ToUserName : ocu1wwag1RhtAQYS3B6y-AiP2vaI ;
MsgType : text ;
Content : 您好，欢迎来到玉田网上超市！ ;

2016-06-10 10:24:59 trace :
------------
String:
<xml><ToUserName><![CDATA[gh_173b187cfb81]]></ToUserName>
<FromUserName><![CDATA[ocu1wwag1RhtAQYS3B6y-AiP2vaI]]></FromUserName>
<CreateTime>1465525499</CreateTime>
<MsgType><![CDATA[event]]></MsgType>
<Event><![CDATA[VIEW]]></Event>
<EventKey><![CDATA[http://f.iseasoft.cn/app/index.php?i=10&c=entry&eid=1226]]></EventKey>
<MenuId>428862708</MenuId>
</xml>

2016-06-10 10:24:59 params :
------------
Array:
message : Array ;
module : basic ;
rule : 90 ;
priority : 0 ;
keyword : Array ;

2016-06-10 10:24:59 response :
------------
Array:
FromUserName : gh_173b187cfb81 ;
ToUserName : ocu1wwag1RhtAQYS3B6y-AiP2vaI ;
MsgType : text ;
Content : 您好，欢迎来到玉田网上超市！ ;

2016-06-10 10:30:37 trace :
------------
String:
<xml><ToUserName><![CDATA[gh_173b187cfb81]]></ToUserName>
<FromUserName><![CDATA[ocu1wwag1RhtAQYS3B6y-AiP2vaI]]></FromUserName>
<CreateTime>1465525837</CreateTime>
<MsgType><![CDATA[event]]></MsgType>
<Event><![CDATA[VIEW]]></Event>
<EventKey><![CDATA[http://f.iseasoft.cn/app/index.php?i=10&c=entry&eid=1226]]></EventKey>
<MenuId>428862708</MenuId>
</xml>

2016-06-10 10:30:37 params :
------------
Array:
message : Array ;
module : basic ;
rule : 90 ;
priority : 0 ;
keyword : Array ;

2016-06-10 10:30:37 response :
------------
Array:
FromUserName : gh_173b187cfb81 ;
ToUserName : ocu1wwag1RhtAQYS3B6y-AiP2vaI ;
MsgType : text ;
Content : 您好，欢迎来到玉田网上超市！ ;

2016-06-10 13:28:02 trace :
------------
String:
<xml><ToUserName><![CDATA[gh_173b187cfb81]]></ToUserName>
<FromUserName><![CDATA[ocu1wwb8AIF2gf3rGpfR6CwA3FSU]]></FromUserName>
<CreateTime>1465536482</CreateTime>
<MsgType><![CDATA[event]]></MsgType>
<Event><![CDATA[VIEW]]></Event>
<EventKey><![CDATA[http://f.iseasoft.cn/app/index.php?i=10&c=entry&eid=1226]]></EventKey>
<MenuId>428862708</MenuId>
</xml>

2016-06-10 13:28:02 params :
------------
Array:
message : Array ;
module : basic ;
rule : 90 ;
priority : 0 ;
keyword : Array ;

2016-06-10 13:28:02 response :
------------
Array:
FromUserName : gh_173b187cfb81 ;
ToUserName : ocu1wwb8AIF2gf3rGpfR6CwA3FSU ;
MsgType : text ;
Content : 您好，欢迎来到玉田网上超市！ ;

2016-06-10 15:09:11 trace :
------------
String:
<xml><ToUserName><![CDATA[gh_173b187cfb81]]></ToUserName>
<FromUserName><![CDATA[ocu1wwag1RhtAQYS3B6y-AiP2vaI]]></FromUserName>
<CreateTime>1465542551</CreateTime>
<MsgType><![CDATA[event]]></MsgType>
<Event><![CDATA[VIEW]]></Event>
<EventKey><![CDATA[http://f.iseasoft.cn/app/index.php?i=10&c=entry&eid=1226]]></EventKey>
<MenuId>428862708</MenuId>
</xml>

2016-06-10 15:09:11 params :
------------
Array:
message : Array ;
module : basic ;
rule : 90 ;
priority : 0 ;
keyword : Array ;

2016-06-10 15:09:11 response :
------------
Array:
FromUserName : gh_173b187cfb81 ;
ToUserName : ocu1wwag1RhtAQYS3B6y-AiP2vaI ;
MsgType : text ;
Content : 您好，欢迎来到玉田网上超市！ ;

2016-06-10 15:09:36 trace :
------------
String:
<xml><ToUserName><![CDATA[gh_173b187cfb81]]></ToUserName>
<FromUserName><![CDATA[ocu1wwag1RhtAQYS3B6y-AiP2vaI]]></FromUserName>
<CreateTime>1465542576</CreateTime>
<MsgType><![CDATA[event]]></MsgType>
<Event><![CDATA[VIEW]]></Event>
<EventKey><![CDATA[http://f.iseasoft.cn/app/index.php?i=10&c=entry&eid=1226]]></EventKey>
<MenuId>428862708</MenuId>
</xml>

2016-06-10 15:09:36 params :
------------
Array:
message : Array ;
module : basic ;
rule : 90 ;
priority : 0 ;
keyword : Array ;

2016-06-10 15:09:36 response :
------------
Array:
FromUserName : gh_173b187cfb81 ;
ToUserName : ocu1wwag1RhtAQYS3B6y-AiP2vaI ;
MsgType : text ;
Content : 您好，欢迎来到玉田网上超市！ ;

2016-06-10 15:13:39 trace :
------------
String:
<xml><ToUserName><![CDATA[gh_173b187cfb81]]></ToUserName>
<FromUserName><![CDATA[ocu1wwag1RhtAQYS3B6y-AiP2vaI]]></FromUserName>
<CreateTime>1465542819</CreateTime>
<MsgType><![CDATA[event]]></MsgType>
<Event><![CDATA[VIEW]]></Event>
<EventKey><![CDATA[http://f.iseasoft.cn/app/index.php?i=10&c=entry&eid=1226]]></EventKey>
<MenuId>428862708</MenuId>
</xml>

2016-06-10 15:13:39 params :
------------
Array:
message : Array ;
module : basic ;
rule : 90 ;
priority : 0 ;
keyword : Array ;

2016-06-10 15:13:39 response :
------------
Array:
FromUserName : gh_173b187cfb81 ;
ToUserName : ocu1wwag1RhtAQYS3B6y-AiP2vaI ;
MsgType : text ;
Content : 您好，欢迎来到玉田网上超市！ ;

2016-06-10 16:42:50 trace :
------------
String:
<xml><ToUserName><![CDATA[gh_994b4bf94dd3]]></ToUserName>
<FromUserName><![CDATA[o2LD4skHUMnzOuLioO7F2OoUP8Lk]]></FromUserName>
<CreateTime>1465548170</CreateTime>
<MsgType><![CDATA[event]]></MsgType>
<Event><![CDATA[subscribe]]></Event>
<EventKey><![CDATA[]]></EventKey>
</xml>

2016-06-10 16:42:50 params :
------------
Array:
rule : -2 ;
module :  ;
message : Array ;

2016-06-10 16:42:50 response :
------------

2016-06-10 16:43:08 trace :
------------
String:
<xml><ToUserName><![CDATA[gh_994b4bf94dd3]]></ToUserName>
<FromUserName><![CDATA[o2LD4skHUMnzOuLioO7F2OoUP8Lk]]></FromUserName>
<CreateTime>1465548188</CreateTime>
<MsgType><![CDATA[event]]></MsgType>
<Event><![CDATA[VIEW]]></Event>
<EventKey><![CDATA[http://f.iseasoft.cn/app/index.php?i=12&c=entry&do=shop&m=sea]]></EventKey>
<MenuId>404425138</MenuId>
</xml>

2016-06-10 16:43:08 params :
------------
Array:
rule : -2 ;
module :  ;
message : Array ;

2016-06-10 16:43:08 response :
------------

2016-06-10 16:44:07 trace :
------------
String:
<xml><ToUserName><![CDATA[gh_994b4bf94dd3]]></ToUserName>
<FromUserName><![CDATA[o2LD4skHUMnzOuLioO7F2OoUP8Lk]]></FromUserName>
<CreateTime>1465548247</CreateTime>
<MsgType><![CDATA[event]]></MsgType>
<Event><![CDATA[VIEW]]></Event>
<EventKey><![CDATA[http://f.iseasoft.cn/app/index.php?i=12&c=entry&do=shop&m=sea]]></EventKey>
<MenuId>404425138</MenuId>
</xml>

2016-06-10 16:44:07 params :
------------
Array:
rule : -2 ;
module :  ;
message : Array ;

2016-06-10 16:44:07 response :
------------

2016-06-10 17:07:53 trace :
------------
String:
<xml><ToUserName><![CDATA[gh_994b4bf94dd3]]></ToUserName>
<FromUserName><![CDATA[o2LD4skHUMnzOuLioO7F2OoUP8Lk]]></FromUserName>
<CreateTime>1465549673</CreateTime>
<MsgType><![CDATA[event]]></MsgType>
<Event><![CDATA[VIEW]]></Event>
<EventKey><![CDATA[http://f.iseasoft.cn/app/index.php?i=12&c=entry&do=shop&m=sea]]></EventKey>
<MenuId>404425138</MenuId>
</xml>

2016-06-10 17:07:53 params :
------------
Array:
rule : -2 ;
module :  ;
message : Array ;

2016-06-10 17:07:53 response :
------------

2016-06-10 18:13:39 trace :
------------
String:
<xml><ToUserName><![CDATA[gh_994b4bf94dd3]]></ToUserName>
<FromUserName><![CDATA[o2LD4sq_lpRRLoyjSnvIOsz8dtBA]]></FromUserName>
<CreateTime>1465553618</CreateTime>
<MsgType><![CDATA[event]]></MsgType>
<Event><![CDATA[VIEW]]></Event>
<EventKey><![CDATA[http://wfx.iseasoft.cn/app/index.php?i=2&j=2&c=entry&id=5&do=detail&m=news&wxref=mp.weixin.qq.com&u=1]]></EventKey>
<MenuId>404425138</MenuId>
</xml>

2016-06-10 18:13:39 params :
------------
Array:
rule : -2 ;
module :  ;
message : Array ;

2016-06-10 18:13:39 response :
------------

2016-06-10 18:14:27 trace :
------------
String:
<xml><ToUserName><![CDATA[gh_994b4bf94dd3]]></ToUserName>
<FromUserName><![CDATA[o2LD4sq_lpRRLoyjSnvIOsz8dtBA]]></FromUserName>
<CreateTime>1465553667</CreateTime>
<MsgType><![CDATA[event]]></MsgType>
<Event><![CDATA[VIEW]]></Event>
<EventKey><![CDATA[http://wfx.iseasoft.cn/app/index.php?i=2&j=2&c=entry&id=3&do=detail&m=news&wxref=mp.weixin.qq.com&u=1]]></EventKey>
<MenuId>404425138</MenuId>
</xml>

2016-06-10 18:14:27 params :
------------
Array:
rule : -2 ;
module :  ;
message : Array ;

2016-06-10 18:14:27 response :
------------

2016-06-10 18:16:33 trace :
------------
String:
<xml><ToUserName><![CDATA[gh_994b4bf94dd3]]></ToUserName>
<FromUserName><![CDATA[o2LD4sq_lpRRLoyjSnvIOsz8dtBA]]></FromUserName>
<CreateTime>1465553793</CreateTime>
<MsgType><![CDATA[event]]></MsgType>
<Event><![CDATA[unsubscribe]]></Event>
<EventKey><![CDATA[]]></EventKey>
</xml>

2016-06-10 21:13:14 trace :
------------
String:
<xml><ToUserName><![CDATA[gh_994b4bf94dd3]]></ToUserName>
<FromUserName><![CDATA[o2LD4spGNrCz6ixhxcpDRnBdmxgM]]></FromUserName>
<CreateTime>1465564394</CreateTime>
<MsgType><![CDATA[event]]></MsgType>
<Event><![CDATA[subscribe]]></Event>
<EventKey><![CDATA[]]></EventKey>
</xml>

2016-06-10 21:13:14 params :
------------
Array:
rule : -2 ;
module :  ;
message : Array ;

2016-06-10 21:13:14 response :
------------

2016-06-10 21:13:21 trace :
------------
String:
<xml><ToUserName><![CDATA[gh_994b4bf94dd3]]></ToUserName>
<FromUserName><![CDATA[o2LD4spGNrCz6ixhxcpDRnBdmxgM]]></FromUserName>
<CreateTime>1465564401</CreateTime>
<MsgType><![CDATA[event]]></MsgType>
<Event><![CDATA[VIEW]]></Event>
<EventKey><![CDATA[http://f.iseasoft.cn/app/index.php?i=12&c=entry&do=member&m=sea]]></EventKey>
<MenuId>404425138</MenuId>
</xml>

2016-06-10 21:13:21 params :
------------
Array:
rule : -2 ;
module :  ;
message : Array ;

2016-06-10 21:13:21 response :
------------

2016-06-10 21:16:31 trace :
------------
String:
<xml><ToUserName><![CDATA[gh_994b4bf94dd3]]></ToUserName>
<FromUserName><![CDATA[o2LD4spGNrCz6ixhxcpDRnBdmxgM]]></FromUserName>
<CreateTime>1465564590</CreateTime>
<MsgType><![CDATA[event]]></MsgType>
<Event><![CDATA[VIEW]]></Event>
<EventKey><![CDATA[http://f.iseasoft.cn/app/index.php?i=12&c=entry&do=member&m=sea]]></EventKey>
<MenuId>404425138</MenuId>
</xml>

2016-06-10 21:16:31 params :
------------
Array:
rule : -2 ;
module :  ;
message : Array ;

2016-06-10 21:16:31 response :
------------

2016-06-10 21:17:26 trace :
------------
String:
<xml><ToUserName><![CDATA[gh_994b4bf94dd3]]></ToUserName>
<FromUserName><![CDATA[o2LD4spGNrCz6ixhxcpDRnBdmxgM]]></FromUserName>
<CreateTime>1465564646</CreateTime>
<MsgType><![CDATA[event]]></MsgType>
<Event><![CDATA[VIEW]]></Event>
<EventKey><![CDATA[http://f.iseasoft.cn/app/index.php?i=12&c=entry&do=member&m=sea]]></EventKey>
<MenuId>404425138</MenuId>
</xml>

2016-06-10 21:17:26 params :
------------
Array:
rule : -2 ;
module :  ;
message : Array ;

2016-06-10 21:17:26 response :
------------

2016-06-10 21:39:03 trace :
------------
String:
<xml><ToUserName><![CDATA[gh_173b187cfb81]]></ToUserName>
<FromUserName><![CDATA[ocu1wwb8AIF2gf3rGpfR6CwA3FSU]]></FromUserName>
<CreateTime>1465565943</CreateTime>
<MsgType><![CDATA[event]]></MsgType>
<Event><![CDATA[VIEW]]></Event>
<EventKey><![CDATA[http://f.iseasoft.cn/app/index.php?i=10&c=entry&eid=1226]]></EventKey>
<MenuId>428862708</MenuId>
</xml>

2016-06-10 21:39:03 params :
------------
Array:
message : Array ;
module : basic ;
rule : 90 ;
priority : 0 ;
keyword : Array ;

2016-06-10 21:39:03 response :
------------
Array:
FromUserName : gh_173b187cfb81 ;
ToUserName : ocu1wwb8AIF2gf3rGpfR6CwA3FSU ;
MsgType : text ;
Content : 您好，欢迎来到玉田网上超市！ ;

2016-06-10 22:27:29 trace :
------------
String:
<xml><ToUserName><![CDATA[gh_994b4bf94dd3]]></ToUserName>
<FromUserName><![CDATA[o2LD4skHUMnzOuLioO7F2OoUP8Lk]]></FromUserName>
<CreateTime>1465568849</CreateTime>
<MsgType><![CDATA[event]]></MsgType>
<Event><![CDATA[VIEW]]></Event>
<EventKey><![CDATA[http://f.iseasoft.cn/app/index.php?i=12&c=entry&do=shop&m=sea]]></EventKey>
<MenuId>404425138</MenuId>
</xml>

2016-06-10 22:27:29 params :
------------
Array:
rule : -2 ;
module :  ;
message : Array ;

2016-06-10 22:27:29 response :
------------

2016-06-10 22:27:43 trace :
------------
String:
<xml><ToUserName><![CDATA[gh_994b4bf94dd3]]></ToUserName>
<FromUserName><![CDATA[o2LD4skHUMnzOuLioO7F2OoUP8Lk]]></FromUserName>
<CreateTime>1465568863</CreateTime>
<MsgType><![CDATA[event]]></MsgType>
<Event><![CDATA[VIEW]]></Event>
<EventKey><![CDATA[http://f.iseasoft.cn/app/index.php?i=12&c=entry&do=shop&m=sea]]></EventKey>
<MenuId>404425138</MenuId>
</xml>

2016-06-10 22:27:43 params :
------------
Array:
rule : -2 ;
module :  ;
message : Array ;

2016-06-10 22:27:43 response :
------------

