2016-10-09 08:54:45 trace :
------------
String:
<xml><ToUserName><![CDATA[gh_c111557e4720]]></ToUserName>
<FromUserName><![CDATA[okzvqwNeNk9AUyOh2SbNfsIMJ-X0]]></FromUserName>
<CreateTime>1475974485</CreateTime>
<MsgType><![CDATA[event]]></MsgType>
<Event><![CDATA[VIEW]]></Event>
<EventKey><![CDATA[http://shop.as-ba.cn/app/index.php?i=2&c=entry&eid=1226]]></EventKey>
<MenuId>411008066</MenuId>
</xml>

2016-10-09 08:54:45 params :
------------
Array:
rule : -2 ;
module :  ;
message : Array ;

2016-10-09 08:54:45 response :
------------

2016-10-09 09:24:22 trace :
------------
String:
<xml><ToUserName><![CDATA[gh_c111557e4720]]></ToUserName>
<FromUserName><![CDATA[okzvqwNeNk9AUyOh2SbNfsIMJ-X0]]></FromUserName>
<CreateTime>1475976261</CreateTime>
<MsgType><![CDATA[event]]></MsgType>
<Event><![CDATA[VIEW]]></Event>
<EventKey><![CDATA[http://shop.as-ba.cn/app/index.php?i=2&c=entry&eid=1226]]></EventKey>
<MenuId>411008066</MenuId>
</xml>

2016-10-09 09:24:22 params :
------------
Array:
rule : -2 ;
module :  ;
message : Array ;

2016-10-09 09:24:22 response :
------------

2016-10-09 09:40:40 trace :
------------
String:
<xml><ToUserName><![CDATA[gh_c111557e4720]]></ToUserName>
<FromUserName><![CDATA[okzvqwG1bfyL6v2p9I_qzR4PuYvw]]></FromUserName>
<CreateTime>1475977240</CreateTime>
<MsgType><![CDATA[event]]></MsgType>
<Event><![CDATA[VIEW]]></Event>
<EventKey><![CDATA[http://shop.as-ba.cn/app/index.php?i=2&c=entry&eid=1226]]></EventKey>
<MenuId>411008066</MenuId>
</xml>

2016-10-09 09:40:40 params :
------------
Array:
rule : -2 ;
module :  ;
message : Array ;

2016-10-09 09:40:40 response :
------------

2016-10-09 10:03:48 trace :
------------
String:
<xml><ToUserName><![CDATA[gh_c111557e4720]]></ToUserName>
<FromUserName><![CDATA[okzvqwG1bfyL6v2p9I_qzR4PuYvw]]></FromUserName>
<CreateTime>1475978628</CreateTime>
<MsgType><![CDATA[event]]></MsgType>
<Event><![CDATA[VIEW]]></Event>
<EventKey><![CDATA[http://shop.as-ba.cn/app/index.php?i=2&c=entry&eid=1226]]></EventKey>
<MenuId>411008066</MenuId>
</xml>

2016-10-09 10:03:48 params :
------------
Array:
rule : -2 ;
module :  ;
message : Array ;

2016-10-09 10:03:48 response :
------------

2016-10-09 10:30:02 trace :
------------
String:
<xml><ToUserName><![CDATA[gh_c111557e4720]]></ToUserName>
<FromUserName><![CDATA[okzvqwBBh19PcWrVnGIMzPTnwuDA]]></FromUserName>
<CreateTime>1475980202</CreateTime>
<MsgType><![CDATA[event]]></MsgType>
<Event><![CDATA[VIEW]]></Event>
<EventKey><![CDATA[http://shop.as-ba.cn/app/index.php?i=2&c=entry&eid=1226]]></EventKey>
<MenuId>411008066</MenuId>
</xml>

2016-10-09 10:30:02 params :
------------
Array:
rule : -2 ;
module :  ;
message : Array ;

2016-10-09 10:30:02 response :
------------

2016-10-09 10:57:44 trace :
------------
String:
<xml><ToUserName><![CDATA[gh_c111557e4720]]></ToUserName>
<FromUserName><![CDATA[okzvqwGc4YmOPxtxX75NvVFmtd_w]]></FromUserName>
<CreateTime>1475981864</CreateTime>
<MsgType><![CDATA[text]]></MsgType>
<Content><![CDATA[【收到不支持的消息类型，暂无法显示】]]></Content>
<MsgId>6339293835780312406</MsgId>
</xml>

2016-10-09 10:57:44 params :
------------
Array:
rule : -2 ;
module :  ;
message : Array ;

2016-10-09 10:57:44 response :
------------

2016-10-09 10:58:01 trace :
------------
String:
<xml><ToUserName><![CDATA[gh_c111557e4720]]></ToUserName>
<FromUserName><![CDATA[okzvqwGc4YmOPxtxX75NvVFmtd_w]]></FromUserName>
<CreateTime>1475981881</CreateTime>
<MsgType><![CDATA[text]]></MsgType>
<Content><![CDATA[【收到不支持的消息类型，暂无法显示】]]></Content>
<MsgId>6339293908794756443</MsgId>
</xml>

2016-10-09 10:58:01 params :
------------
Array:
rule : -2 ;
module :  ;
message : Array ;

2016-10-09 10:58:01 response :
------------

2016-10-09 10:58:05 trace :
------------
String:
<xml><ToUserName><![CDATA[gh_c111557e4720]]></ToUserName>
<FromUserName><![CDATA[okzvqwGc4YmOPxtxX75NvVFmtd_w]]></FromUserName>
<CreateTime>1475981885</CreateTime>
<MsgType><![CDATA[text]]></MsgType>
<Content><![CDATA[【收到不支持的消息类型，暂无法显示】]]></Content>
<MsgId>6339293925974625630</MsgId>
</xml>

2016-10-09 10:58:05 params :
------------
Array:
rule : -2 ;
module :  ;
message : Array ;

2016-10-09 10:58:05 response :
------------

2016-10-09 10:58:08 trace :
------------
String:
<xml><ToUserName><![CDATA[gh_c111557e4720]]></ToUserName>
<FromUserName><![CDATA[okzvqwGc4YmOPxtxX75NvVFmtd_w]]></FromUserName>
<CreateTime>1475981888</CreateTime>
<MsgType><![CDATA[text]]></MsgType>
<Content><![CDATA[【收到不支持的消息类型，暂无法显示】]]></Content>
<MsgId>6339293938859527519</MsgId>
</xml>

2016-10-09 10:58:08 params :
------------
Array:
rule : -2 ;
module :  ;
message : Array ;

2016-10-09 10:58:08 response :
------------

2016-10-09 13:03:56 trace :
------------
String:
<xml><ToUserName><![CDATA[gh_c111557e4720]]></ToUserName>
<FromUserName><![CDATA[okzvqwBBh19PcWrVnGIMzPTnwuDA]]></FromUserName>
<CreateTime>1475989436</CreateTime>
<MsgType><![CDATA[event]]></MsgType>
<Event><![CDATA[VIEW]]></Event>
<EventKey><![CDATA[http://shop.as-ba.cn/app/index.php?i=2&c=entry&eid=1226]]></EventKey>
<MenuId>411008066</MenuId>
</xml>

2016-10-09 13:03:56 params :
------------
Array:
rule : -2 ;
module :  ;
message : Array ;

2016-10-09 13:03:56 response :
------------

2016-10-09 13:08:48 trace :
------------
String:
<xml><ToUserName><![CDATA[gh_c111557e4720]]></ToUserName>
<FromUserName><![CDATA[okzvqwG1bfyL6v2p9I_qzR4PuYvw]]></FromUserName>
<CreateTime>1475989728</CreateTime>
<MsgType><![CDATA[event]]></MsgType>
<Event><![CDATA[VIEW]]></Event>
<EventKey><![CDATA[http://shop.as-ba.cn/app/index.php?i=2&c=entry&eid=1226]]></EventKey>
<MenuId>411008066</MenuId>
</xml>

2016-10-09 13:08:48 params :
------------
Array:
rule : -2 ;
module :  ;
message : Array ;

2016-10-09 13:08:48 response :
------------

2016-10-09 13:48:50 trace :
------------
String:
<xml><ToUserName><![CDATA[gh_c111557e4720]]></ToUserName>
<FromUserName><![CDATA[okzvqwALrl2gKzKVIl_y-Jxe89ew]]></FromUserName>
<CreateTime>1475992129</CreateTime>
<MsgType><![CDATA[event]]></MsgType>
<Event><![CDATA[subscribe]]></Event>
<EventKey><![CDATA[]]></EventKey>
</xml>

2016-10-09 13:48:50 params :
------------
Array:
rule : -2 ;
module :  ;
message : Array ;

2016-10-09 13:48:50 response :
------------

2016-10-09 13:49:03 trace :
------------
String:
<xml><ToUserName><![CDATA[gh_c111557e4720]]></ToUserName>
<FromUserName><![CDATA[okzvqwALrl2gKzKVIl_y-Jxe89ew]]></FromUserName>
<CreateTime>1475992143</CreateTime>
<MsgType><![CDATA[event]]></MsgType>
<Event><![CDATA[VIEW]]></Event>
<EventKey><![CDATA[http://shop.as-ba.cn/app/index.php?i=2&c=entry&eid=1226]]></EventKey>
<MenuId>411008066</MenuId>
</xml>

2016-10-09 13:49:03 params :
------------
Array:
rule : -2 ;
module :  ;
message : Array ;

2016-10-09 13:49:03 response :
------------

2016-10-09 13:49:19 trace :
------------
String:
<xml><ToUserName><![CDATA[gh_c111557e4720]]></ToUserName>
<FromUserName><![CDATA[okzvqwHhnY8wNNZF9vb8pSdK32Cc]]></FromUserName>
<CreateTime>1475992159</CreateTime>
<MsgType><![CDATA[event]]></MsgType>
<Event><![CDATA[VIEW]]></Event>
<EventKey><![CDATA[http://shop.as-ba.cn/app/index.php?i=2&c=entry&eid=1226]]></EventKey>
<MenuId>411008066</MenuId>
</xml>

2016-10-09 13:49:19 params :
------------
Array:
rule : -2 ;
module :  ;
message : Array ;

2016-10-09 13:49:19 response :
------------

2016-10-09 13:50:49 trace :
------------
String:
<xml><ToUserName><![CDATA[gh_c111557e4720]]></ToUserName>
<FromUserName><![CDATA[okzvqwHhnY8wNNZF9vb8pSdK32Cc]]></FromUserName>
<CreateTime>1475992249</CreateTime>
<MsgType><![CDATA[event]]></MsgType>
<Event><![CDATA[VIEW]]></Event>
<EventKey><![CDATA[http://shop.as-ba.cn/app/index.php?i=2&c=entry&eid=1226]]></EventKey>
<MenuId>411008066</MenuId>
</xml>

2016-10-09 13:50:49 params :
------------
Array:
rule : -2 ;
module :  ;
message : Array ;

2016-10-09 13:50:49 response :
------------

2016-10-09 13:52:02 trace :
------------
String:
<xml><ToUserName><![CDATA[gh_c111557e4720]]></ToUserName>
<FromUserName><![CDATA[okzvqwHhnY8wNNZF9vb8pSdK32Cc]]></FromUserName>
<CreateTime>1475992322</CreateTime>
<MsgType><![CDATA[event]]></MsgType>
<Event><![CDATA[VIEW]]></Event>
<EventKey><![CDATA[http://shop.as-ba.cn/app/index.php?i=2&c=entry&eid=1226]]></EventKey>
<MenuId>411008066</MenuId>
</xml>

2016-10-09 13:52:02 params :
------------
Array:
rule : -2 ;
module :  ;
message : Array ;

2016-10-09 13:52:02 response :
------------

2016-10-09 15:24:06 trace :
------------
String:
<xml><ToUserName><![CDATA[gh_c111557e4720]]></ToUserName>
<FromUserName><![CDATA[okzvqwHhnY8wNNZF9vb8pSdK32Cc]]></FromUserName>
<CreateTime>1475997845</CreateTime>
<MsgType><![CDATA[event]]></MsgType>
<Event><![CDATA[VIEW]]></Event>
<EventKey><![CDATA[http://shop.as-ba.cn/app/index.php?i=2&c=entry&eid=1226]]></EventKey>
<MenuId>411008066</MenuId>
</xml>

2016-10-09 15:24:06 params :
------------
Array:
rule : -2 ;
module :  ;
message : Array ;

2016-10-09 15:24:06 response :
------------

2016-10-09 15:24:51 trace :
------------
String:
<xml><ToUserName><![CDATA[gh_c111557e4720]]></ToUserName>
<FromUserName><![CDATA[okzvqwBBh19PcWrVnGIMzPTnwuDA]]></FromUserName>
<CreateTime>1475997891</CreateTime>
<MsgType><![CDATA[event]]></MsgType>
<Event><![CDATA[VIEW]]></Event>
<EventKey><![CDATA[http://shop.as-ba.cn/app/index.php?i=2&c=entry&eid=1226]]></EventKey>
<MenuId>411008066</MenuId>
</xml>

2016-10-09 15:24:51 params :
------------
Array:
rule : -2 ;
module :  ;
message : Array ;

2016-10-09 15:24:51 response :
------------

2016-10-09 15:25:15 trace :
------------
String:
<xml><ToUserName><![CDATA[gh_c111557e4720]]></ToUserName>
<FromUserName><![CDATA[okzvqwGrdcvB7KwwdO2gmKRjz1u8]]></FromUserName>
<CreateTime>1475997915</CreateTime>
<MsgType><![CDATA[event]]></MsgType>
<Event><![CDATA[subscribe]]></Event>
<EventKey><![CDATA[]]></EventKey>
</xml>

2016-10-09 15:25:15 params :
------------
Array:
rule : -2 ;
module :  ;
message : Array ;

2016-10-09 15:25:15 response :
------------

2016-10-09 15:25:50 trace :
------------
String:
<xml><ToUserName><![CDATA[gh_c111557e4720]]></ToUserName>
<FromUserName><![CDATA[okzvqwBY0LWFsI0JPSQFR7ld9HLg]]></FromUserName>
<CreateTime>1475997950</CreateTime>
<MsgType><![CDATA[event]]></MsgType>
<Event><![CDATA[subscribe]]></Event>
<EventKey><![CDATA[]]></EventKey>
</xml>

2016-10-09 15:25:50 params :
------------
Array:
rule : -2 ;
module :  ;
message : Array ;

2016-10-09 15:25:50 response :
------------

2016-10-09 15:25:53 trace :
------------
String:
<xml><ToUserName><![CDATA[gh_c111557e4720]]></ToUserName>
<FromUserName><![CDATA[okzvqwKyyYQmDU2kf6kvu10n0kTg]]></FromUserName>
<CreateTime>1475997953</CreateTime>
<MsgType><![CDATA[event]]></MsgType>
<Event><![CDATA[subscribe]]></Event>
<EventKey><![CDATA[]]></EventKey>
</xml>

2016-10-09 15:25:53 params :
------------
Array:
rule : -2 ;
module :  ;
message : Array ;

2016-10-09 15:25:53 response :
------------

2016-10-09 15:25:55 trace :
------------
String:
<xml><ToUserName><![CDATA[gh_c111557e4720]]></ToUserName>
<FromUserName><![CDATA[okzvqwKyyYQmDU2kf6kvu10n0kTg]]></FromUserName>
<CreateTime>1475997955</CreateTime>
<MsgType><![CDATA[event]]></MsgType>
<Event><![CDATA[VIEW]]></Event>
<EventKey><![CDATA[http://shop.as-ba.cn/app/index.php?i=2&c=entry&eid=1226]]></EventKey>
<MenuId>411008066</MenuId>
</xml>

2016-10-09 15:25:55 params :
------------
Array:
rule : -2 ;
module :  ;
message : Array ;

2016-10-09 15:25:55 response :
------------

2016-10-09 15:26:26 trace :
------------
String:
<xml><ToUserName><![CDATA[gh_c111557e4720]]></ToUserName>
<FromUserName><![CDATA[okzvqwAh-sKS5ipDvGmKU8E_ad10]]></FromUserName>
<CreateTime>1475997986</CreateTime>
<MsgType><![CDATA[event]]></MsgType>
<Event><![CDATA[subscribe]]></Event>
<EventKey><![CDATA[]]></EventKey>
</xml>

2016-10-09 15:26:26 params :
------------
Array:
rule : -2 ;
module :  ;
message : Array ;

2016-10-09 15:26:26 response :
------------

2016-10-09 15:27:47 trace :
------------
String:
<xml><ToUserName><![CDATA[gh_c111557e4720]]></ToUserName>
<FromUserName><![CDATA[okzvqwDpETrdLDztujIei-UZm7cE]]></FromUserName>
<CreateTime>1475998067</CreateTime>
<MsgType><![CDATA[event]]></MsgType>
<Event><![CDATA[VIEW]]></Event>
<EventKey><![CDATA[http://shop.as-ba.cn/app/index.php?i=2&c=entry&eid=1226]]></EventKey>
<MenuId>411008066</MenuId>
</xml>

2016-10-09 15:27:47 params :
------------
Array:
rule : -2 ;
module :  ;
message : Array ;

2016-10-09 15:27:47 response :
------------

2016-10-09 15:30:02 trace :
------------
String:
<xml><ToUserName><![CDATA[gh_c111557e4720]]></ToUserName>
<FromUserName><![CDATA[okzvqwAh-sKS5ipDvGmKU8E_ad10]]></FromUserName>
<CreateTime>1475998202</CreateTime>
<MsgType><![CDATA[event]]></MsgType>
<Event><![CDATA[VIEW]]></Event>
<EventKey><![CDATA[http://shop.as-ba.cn/app/index.php?i=2&c=entry&eid=1226]]></EventKey>
<MenuId>411008066</MenuId>
</xml>

2016-10-09 15:30:02 params :
------------
Array:
rule : -2 ;
module :  ;
message : Array ;

2016-10-09 15:30:02 response :
------------

2016-10-09 15:36:49 trace :
------------
String:
<xml><ToUserName><![CDATA[gh_c111557e4720]]></ToUserName>
<FromUserName><![CDATA[okzvqwH5WxUDK0dTYvUHsp7_FXv0]]></FromUserName>
<CreateTime>1475998609</CreateTime>
<MsgType><![CDATA[event]]></MsgType>
<Event><![CDATA[subscribe]]></Event>
<EventKey><![CDATA[]]></EventKey>
</xml>

2016-10-09 15:36:49 params :
------------
Array:
rule : -2 ;
module :  ;
message : Array ;

2016-10-09 15:36:49 response :
------------

2016-10-09 15:38:02 trace :
------------
String:
<xml><ToUserName><![CDATA[gh_c111557e4720]]></ToUserName>
<FromUserName><![CDATA[okzvqwDpETrdLDztujIei-UZm7cE]]></FromUserName>
<CreateTime>1475998681</CreateTime>
<MsgType><![CDATA[event]]></MsgType>
<Event><![CDATA[VIEW]]></Event>
<EventKey><![CDATA[http://shop.as-ba.cn/app/index.php?i=2&c=entry&eid=1226]]></EventKey>
<MenuId>411008066</MenuId>
</xml>

2016-10-09 15:38:02 params :
------------
Array:
rule : -2 ;
module :  ;
message : Array ;

2016-10-09 15:38:02 response :
------------

2016-10-09 15:38:17 trace :
------------
String:
<xml><ToUserName><![CDATA[gh_c111557e4720]]></ToUserName>
<FromUserName><![CDATA[okzvqwBBh19PcWrVnGIMzPTnwuDA]]></FromUserName>
<CreateTime>1475998697</CreateTime>
<MsgType><![CDATA[event]]></MsgType>
<Event><![CDATA[VIEW]]></Event>
<EventKey><![CDATA[http://shop.as-ba.cn/app/index.php?i=2&c=entry&eid=1226]]></EventKey>
<MenuId>411008066</MenuId>
</xml>

2016-10-09 15:38:17 params :
------------
Array:
rule : -2 ;
module :  ;
message : Array ;

2016-10-09 15:38:17 response :
------------

2016-10-09 15:39:43 trace :
------------
String:
<xml><ToUserName><![CDATA[gh_c111557e4720]]></ToUserName>
<FromUserName><![CDATA[okzvqwBBh19PcWrVnGIMzPTnwuDA]]></FromUserName>
<CreateTime>1475998783</CreateTime>
<MsgType><![CDATA[event]]></MsgType>
<Event><![CDATA[VIEW]]></Event>
<EventKey><![CDATA[http://shop.as-ba.cn/app/index.php?i=2&c=entry&eid=1226]]></EventKey>
<MenuId>411008066</MenuId>
</xml>

2016-10-09 15:39:43 params :
------------
Array:
rule : -2 ;
module :  ;
message : Array ;

2016-10-09 15:39:43 response :
------------

2016-10-09 15:42:28 trace :
------------
String:
<xml><ToUserName><![CDATA[gh_c111557e4720]]></ToUserName>
<FromUserName><![CDATA[okzvqwDpETrdLDztujIei-UZm7cE]]></FromUserName>
<CreateTime>1475998948</CreateTime>
<MsgType><![CDATA[event]]></MsgType>
<Event><![CDATA[VIEW]]></Event>
<EventKey><![CDATA[http://shop.as-ba.cn/app/index.php?i=2&c=entry&eid=1226]]></EventKey>
<MenuId>411008066</MenuId>
</xml>

2016-10-09 15:42:28 params :
------------
Array:
rule : -2 ;
module :  ;
message : Array ;

2016-10-09 15:42:28 response :
------------

2016-10-09 15:51:16 trace :
------------
String:
<xml><ToUserName><![CDATA[gh_c111557e4720]]></ToUserName>
<FromUserName><![CDATA[okzvqwM57RBab9nVMK6NuDcMYrmE]]></FromUserName>
<CreateTime>1475999476</CreateTime>
<MsgType><![CDATA[event]]></MsgType>
<Event><![CDATA[subscribe]]></Event>
<EventKey><![CDATA[]]></EventKey>
</xml>

2016-10-09 15:51:16 params :
------------
Array:
rule : -2 ;
module :  ;
message : Array ;

2016-10-09 15:51:16 response :
------------

2016-10-09 15:51:19 trace :
------------
String:
<xml><ToUserName><![CDATA[gh_c111557e4720]]></ToUserName>
<FromUserName><![CDATA[okzvqwM57RBab9nVMK6NuDcMYrmE]]></FromUserName>
<CreateTime>1475999479</CreateTime>
<MsgType><![CDATA[event]]></MsgType>
<Event><![CDATA[VIEW]]></Event>
<EventKey><![CDATA[http://shop.as-ba.cn/app/index.php?i=2&c=entry&eid=1226]]></EventKey>
<MenuId>411008066</MenuId>
</xml>

2016-10-09 15:51:19 params :
------------
Array:
rule : -2 ;
module :  ;
message : Array ;

2016-10-09 15:51:19 response :
------------

2016-10-09 15:54:21 trace :
------------
String:
<xml><ToUserName><![CDATA[gh_c111557e4720]]></ToUserName>
<FromUserName><![CDATA[okzvqwBSD-UCx4I9kImOIU5OReJQ]]></FromUserName>
<CreateTime>1475999661</CreateTime>
<MsgType><![CDATA[event]]></MsgType>
<Event><![CDATA[subscribe]]></Event>
<EventKey><![CDATA[]]></EventKey>
</xml>

2016-10-09 15:54:21 params :
------------
Array:
rule : -2 ;
module :  ;
message : Array ;

2016-10-09 15:54:21 response :
------------

2016-10-09 15:54:27 trace :
------------
String:
<xml><ToUserName><![CDATA[gh_c111557e4720]]></ToUserName>
<FromUserName><![CDATA[okzvqwBSD-UCx4I9kImOIU5OReJQ]]></FromUserName>
<CreateTime>1475999667</CreateTime>
<MsgType><![CDATA[event]]></MsgType>
<Event><![CDATA[VIEW]]></Event>
<EventKey><![CDATA[http://shop.as-ba.cn/app/index.php?i=2&c=entry&eid=1226]]></EventKey>
<MenuId>411008066</MenuId>
</xml>

2016-10-09 15:54:27 params :
------------
Array:
rule : -2 ;
module :  ;
message : Array ;

2016-10-09 15:54:27 response :
------------

2016-10-09 15:59:21 trace :
------------
String:
<xml><ToUserName><![CDATA[gh_c111557e4720]]></ToUserName>
<FromUserName><![CDATA[okzvqwBY0LWFsI0JPSQFR7ld9HLg]]></FromUserName>
<CreateTime>1475999961</CreateTime>
<MsgType><![CDATA[event]]></MsgType>
<Event><![CDATA[VIEW]]></Event>
<EventKey><![CDATA[http://shop.as-ba.cn/app/index.php?i=2&c=entry&eid=1226]]></EventKey>
<MenuId>411008066</MenuId>
</xml>

2016-10-09 15:59:21 params :
------------
Array:
rule : -2 ;
module :  ;
message : Array ;

2016-10-09 15:59:21 response :
------------

2016-10-09 16:06:19 trace :
------------
String:
<xml><ToUserName><![CDATA[gh_c111557e4720]]></ToUserName>
<FromUserName><![CDATA[okzvqwDpETrdLDztujIei-UZm7cE]]></FromUserName>
<CreateTime>1476000379</CreateTime>
<MsgType><![CDATA[event]]></MsgType>
<Event><![CDATA[VIEW]]></Event>
<EventKey><![CDATA[http://shop.as-ba.cn/app/index.php?i=2&c=entry&eid=1226]]></EventKey>
<MenuId>411008066</MenuId>
</xml>

2016-10-09 16:06:19 params :
------------
Array:
rule : -2 ;
module :  ;
message : Array ;

2016-10-09 16:06:19 response :
------------

2016-10-09 16:07:18 trace :
------------
String:
<xml><ToUserName><![CDATA[gh_c111557e4720]]></ToUserName>
<FromUserName><![CDATA[okzvqwBY0LWFsI0JPSQFR7ld9HLg]]></FromUserName>
<CreateTime>1476000438</CreateTime>
<MsgType><![CDATA[event]]></MsgType>
<Event><![CDATA[VIEW]]></Event>
<EventKey><![CDATA[http://shop.as-ba.cn/app/index.php?i=2&c=entry&eid=1226]]></EventKey>
<MenuId>411008066</MenuId>
</xml>

2016-10-09 16:07:18 params :
------------
Array:
rule : -2 ;
module :  ;
message : Array ;

2016-10-09 16:07:18 response :
------------

2016-10-09 16:12:59 trace :
------------
String:
<xml><ToUserName><![CDATA[gh_c111557e4720]]></ToUserName>
<FromUserName><![CDATA[okzvqwDpETrdLDztujIei-UZm7cE]]></FromUserName>
<CreateTime>1476000779</CreateTime>
<MsgType><![CDATA[event]]></MsgType>
<Event><![CDATA[VIEW]]></Event>
<EventKey><![CDATA[http://shop.as-ba.cn/app/index.php?i=2&c=entry&eid=1226]]></EventKey>
<MenuId>411008066</MenuId>
</xml>

2016-10-09 16:12:59 params :
------------
Array:
rule : -2 ;
module :  ;
message : Array ;

2016-10-09 16:12:59 response :
------------

2016-10-09 16:44:48 trace :
------------
String:
<xml><ToUserName><![CDATA[gh_c111557e4720]]></ToUserName>
<FromUserName><![CDATA[okzvqwDpETrdLDztujIei-UZm7cE]]></FromUserName>
<CreateTime>1476002688</CreateTime>
<MsgType><![CDATA[event]]></MsgType>
<Event><![CDATA[VIEW]]></Event>
<EventKey><![CDATA[http://shop.as-ba.cn/app/index.php?i=2&c=entry&eid=1226]]></EventKey>
<MenuId>411008066</MenuId>
</xml>

2016-10-09 16:44:48 params :
------------
Array:
rule : -2 ;
module :  ;
message : Array ;

2016-10-09 16:44:48 response :
------------

2016-10-09 17:30:24 trace :
------------
String:
<xml><ToUserName><![CDATA[gh_c111557e4720]]></ToUserName>
<FromUserName><![CDATA[okzvqwJQjgFWHs5QF5S_wBoJlVjw]]></FromUserName>
<CreateTime>1476005424</CreateTime>
<MsgType><![CDATA[event]]></MsgType>
<Event><![CDATA[subscribe]]></Event>
<EventKey><![CDATA[]]></EventKey>
</xml>

2016-10-09 17:30:24 params :
------------
Array:
rule : -2 ;
module :  ;
message : Array ;

2016-10-09 17:30:24 response :
------------

2016-10-09 17:30:34 trace :
------------
String:
<xml><ToUserName><![CDATA[gh_c111557e4720]]></ToUserName>
<FromUserName><![CDATA[okzvqwJQjgFWHs5QF5S_wBoJlVjw]]></FromUserName>
<CreateTime>1476005434</CreateTime>
<MsgType><![CDATA[event]]></MsgType>
<Event><![CDATA[VIEW]]></Event>
<EventKey><![CDATA[http://shop.as-ba.cn/app/index.php?i=2&c=entry&eid=1226]]></EventKey>
<MenuId>411008066</MenuId>
</xml>

2016-10-09 17:30:34 params :
------------
Array:
rule : -2 ;
module :  ;
message : Array ;

2016-10-09 17:30:34 response :
------------

2016-10-09 17:32:45 trace :
------------
String:
<xml><ToUserName><![CDATA[gh_c111557e4720]]></ToUserName>
<FromUserName><![CDATA[okzvqwJQjgFWHs5QF5S_wBoJlVjw]]></FromUserName>
<CreateTime>1476005565</CreateTime>
<MsgType><![CDATA[event]]></MsgType>
<Event><![CDATA[VIEW]]></Event>
<EventKey><![CDATA[http://shop.as-ba.cn/app/index.php?i=2&c=entry&eid=1226]]></EventKey>
<MenuId>411008066</MenuId>
</xml>

2016-10-09 17:32:45 params :
------------
Array:
rule : -2 ;
module :  ;
message : Array ;

2016-10-09 17:32:45 response :
------------

2016-10-09 17:34:20 trace :
------------
String:
<xml><ToUserName><![CDATA[gh_c111557e4720]]></ToUserName>
<FromUserName><![CDATA[okzvqwJQjgFWHs5QF5S_wBoJlVjw]]></FromUserName>
<CreateTime>1476005660</CreateTime>
<MsgType><![CDATA[event]]></MsgType>
<Event><![CDATA[unsubscribe]]></Event>
<EventKey><![CDATA[]]></EventKey>
</xml>

2016-10-09 17:34:26 trace :
------------
String:
<xml><ToUserName><![CDATA[gh_c111557e4720]]></ToUserName>
<FromUserName><![CDATA[okzvqwJQjgFWHs5QF5S_wBoJlVjw]]></FromUserName>
<CreateTime>1476005665</CreateTime>
<MsgType><![CDATA[event]]></MsgType>
<Event><![CDATA[subscribe]]></Event>
<EventKey><![CDATA[]]></EventKey>
</xml>

2016-10-09 17:34:26 params :
------------
Array:
rule : -2 ;
module :  ;
message : Array ;

2016-10-09 17:34:26 response :
------------

2016-10-09 17:34:31 trace :
------------
String:
<xml><ToUserName><![CDATA[gh_c111557e4720]]></ToUserName>
<FromUserName><![CDATA[okzvqwJQjgFWHs5QF5S_wBoJlVjw]]></FromUserName>
<CreateTime>1476005670</CreateTime>
<MsgType><![CDATA[event]]></MsgType>
<Event><![CDATA[VIEW]]></Event>
<EventKey><![CDATA[http://shop.as-ba.cn/app/index.php?i=2&c=entry&eid=1226]]></EventKey>
<MenuId>411008066</MenuId>
</xml>

2016-10-09 17:34:31 params :
------------
Array:
rule : -2 ;
module :  ;
message : Array ;

2016-10-09 17:34:31 response :
------------

2016-10-09 17:35:42 trace :
------------
String:
<xml><ToUserName><![CDATA[gh_c111557e4720]]></ToUserName>
<FromUserName><![CDATA[okzvqwJQjgFWHs5QF5S_wBoJlVjw]]></FromUserName>
<CreateTime>1476005742</CreateTime>
<MsgType><![CDATA[event]]></MsgType>
<Event><![CDATA[VIEW]]></Event>
<EventKey><![CDATA[http://shop.as-ba.cn/app/index.php?i=2&c=entry&eid=1226]]></EventKey>
<MenuId>411008066</MenuId>
</xml>

2016-10-09 17:35:42 params :
------------
Array:
rule : -2 ;
module :  ;
message : Array ;

2016-10-09 17:35:42 response :
------------

2016-10-09 17:39:08 trace :
------------
String:
<xml><ToUserName><![CDATA[gh_c111557e4720]]></ToUserName>
<FromUserName><![CDATA[okzvqwDpETrdLDztujIei-UZm7cE]]></FromUserName>
<CreateTime>1476005948</CreateTime>
<MsgType><![CDATA[event]]></MsgType>
<Event><![CDATA[VIEW]]></Event>
<EventKey><![CDATA[http://shop.as-ba.cn/app/index.php?i=2&c=entry&eid=1226]]></EventKey>
<MenuId>411008066</MenuId>
</xml>

2016-10-09 17:39:08 params :
------------
Array:
rule : -2 ;
module :  ;
message : Array ;

2016-10-09 17:39:08 response :
------------

2016-10-09 19:06:03 trace :
------------
String:
<xml><ToUserName><![CDATA[gh_c111557e4720]]></ToUserName>
<FromUserName><![CDATA[okzvqwBBh19PcWrVnGIMzPTnwuDA]]></FromUserName>
<CreateTime>1476011163</CreateTime>
<MsgType><![CDATA[event]]></MsgType>
<Event><![CDATA[VIEW]]></Event>
<EventKey><![CDATA[http://shop.as-ba.cn/app/index.php?i=2&c=entry&eid=1226]]></EventKey>
<MenuId>411008066</MenuId>
</xml>

2016-10-09 19:06:03 params :
------------
Array:
rule : -2 ;
module :  ;
message : Array ;

2016-10-09 19:06:03 response :
------------

2016-10-09 19:11:28 trace :
------------
String:
<xml><ToUserName><![CDATA[gh_c111557e4720]]></ToUserName>
<FromUserName><![CDATA[okzvqwDpETrdLDztujIei-UZm7cE]]></FromUserName>
<CreateTime>1476011487</CreateTime>
<MsgType><![CDATA[event]]></MsgType>
<Event><![CDATA[VIEW]]></Event>
<EventKey><![CDATA[http://shop.as-ba.cn/app/index.php?i=2&c=entry&eid=1226]]></EventKey>
<MenuId>411008066</MenuId>
</xml>

2016-10-09 19:11:28 params :
------------
Array:
rule : -2 ;
module :  ;
message : Array ;

2016-10-09 19:11:28 response :
------------

2016-10-09 19:38:20 trace :
------------
String:
<xml><ToUserName><![CDATA[gh_c111557e4720]]></ToUserName>
<FromUserName><![CDATA[okzvqwJL4DoYqa6jXfwGP9ejaHUM]]></FromUserName>
<CreateTime>1476013100</CreateTime>
<MsgType><![CDATA[event]]></MsgType>
<Event><![CDATA[subscribe]]></Event>
<EventKey><![CDATA[]]></EventKey>
</xml>

2016-10-09 19:38:20 params :
------------
Array:
rule : -2 ;
module :  ;
message : Array ;

2016-10-09 19:38:20 response :
------------

2016-10-09 19:55:16 trace :
------------
String:
<xml><ToUserName><![CDATA[gh_c111557e4720]]></ToUserName>
<FromUserName><![CDATA[okzvqwBSD-UCx4I9kImOIU5OReJQ]]></FromUserName>
<CreateTime>1476014116</CreateTime>
<MsgType><![CDATA[event]]></MsgType>
<Event><![CDATA[VIEW]]></Event>
<EventKey><![CDATA[http://shop.as-ba.cn/app/index.php?i=2&c=entry&eid=1226]]></EventKey>
<MenuId>411008066</MenuId>
</xml>

2016-10-09 19:55:16 params :
------------
Array:
rule : -2 ;
module :  ;
message : Array ;

2016-10-09 19:55:16 response :
------------

