2016-06-12 06:42:53 trace :
------------
String:
<xml><ToUserName><![CDATA[gh_173b187cfb81]]></ToUserName>
<FromUserName><![CDATA[ocu1wwb8AIF2gf3rGpfR6CwA3FSU]]></FromUserName>
<CreateTime>1465684973</CreateTime>
<MsgType><![CDATA[event]]></MsgType>
<Event><![CDATA[VIEW]]></Event>
<EventKey><![CDATA[http://f.iseasoft.cn/app/index.php?i=10&c=entry&eid=1226]]></EventKey>
<MenuId>428862708</MenuId>
</xml>

2016-06-12 06:42:53 params :
------------
Array:
message : Array ;
module : basic ;
rule : 90 ;
priority : 0 ;
keyword : Array ;

2016-06-12 06:42:53 response :
------------
Array:
FromUserName : gh_173b187cfb81 ;
ToUserName : ocu1wwb8AIF2gf3rGpfR6CwA3FSU ;
MsgType : text ;
Content : 您好，欢迎来到玉田网上超市！ ;

2016-06-12 07:49:57 trace :
------------
String:
<xml><ToUserName><![CDATA[gh_173b187cfb81]]></ToUserName>
<FromUserName><![CDATA[ocu1wwVpIWGq1m6FUWOh5W8mSDDk]]></FromUserName>
<CreateTime>1465688997</CreateTime>
<MsgType><![CDATA[event]]></MsgType>
<Event><![CDATA[VIEW]]></Event>
<EventKey><![CDATA[http://f.iseasoft.cn/app/index.php?i=10&c=entry&eid=1226]]></EventKey>
<MenuId>428862708</MenuId>
</xml>

2016-06-12 07:49:57 params :
------------
Array:
message : Array ;
module : basic ;
rule : 90 ;
priority : 0 ;
keyword : Array ;

2016-06-12 07:49:57 response :
------------
Array:
FromUserName : gh_173b187cfb81 ;
ToUserName : ocu1wwVpIWGq1m6FUWOh5W8mSDDk ;
MsgType : text ;
Content : 您好，欢迎来到玉田网上超市！ ;

2016-06-12 08:49:01 trace :
------------
String:
<xml><ToUserName><![CDATA[gh_ce84963696ea]]></ToUserName>
<FromUserName><![CDATA[ogOo_wFobnsaK2n6IN5vXhRoYxik]]></FromUserName>
<CreateTime>1465692541</CreateTime>
<MsgType><![CDATA[event]]></MsgType>
<Event><![CDATA[VIEW]]></Event>
<EventKey><![CDATA[http://f.iseasoft.cn/app/index.php?i=9&c=entry&eid=1226]]></EventKey>
<MenuId>409870668</MenuId>
</xml>

2016-06-12 08:49:01 params :
------------
Array:
message : Array ;
module : basic ;
rule : 81 ;
priority : 0 ;
keyword : Array ;

2016-06-12 08:49:01 response :
------------
Array:
FromUserName : gh_ce84963696ea ;
ToUserName : ogOo_wFobnsaK2n6IN5vXhRoYxik ;
MsgType : text ;
Content : 欢迎关注昵多丽环保家居官方微信，系统正在完善中，更多精彩，敬请期待…… ;

2016-06-12 08:50:48 trace :
------------
String:
<xml><ToUserName><![CDATA[gh_994b4bf94dd3]]></ToUserName>
<FromUserName><![CDATA[o2LD4shThRbyBU3co1sSpVrfuk7c]]></FromUserName>
<CreateTime>1465692648</CreateTime>
<MsgType><![CDATA[event]]></MsgType>
<Event><![CDATA[VIEW]]></Event>
<EventKey><![CDATA[http://f.iseasoft.cn/app/index.php?i=12&c=entry&do=shop&m=sea]]></EventKey>
<MenuId>404425138</MenuId>
</xml>

2016-06-12 08:50:48 params :
------------
Array:
rule : -2 ;
module :  ;
message : Array ;

2016-06-12 08:50:48 response :
------------

2016-06-12 08:51:38 trace :
------------
String:
<xml><ToUserName><![CDATA[gh_994b4bf94dd3]]></ToUserName>
<FromUserName><![CDATA[o2LD4sgtoYhshexvJG8X9WWYjX64]]></FromUserName>
<CreateTime>1465692698</CreateTime>
<MsgType><![CDATA[event]]></MsgType>
<Event><![CDATA[VIEW]]></Event>
<EventKey><![CDATA[http://f.iseasoft.cn/app/index.php?i=12&c=entry&do=shop&m=sea]]></EventKey>
<MenuId>404425138</MenuId>
</xml>

2016-06-12 08:51:38 params :
------------
Array:
rule : -2 ;
module :  ;
message : Array ;

2016-06-12 08:51:38 response :
------------

2016-06-12 08:52:56 trace :
------------
String:
<xml><ToUserName><![CDATA[gh_ce84963696ea]]></ToUserName>
<FromUserName><![CDATA[ogOo_wFobnsaK2n6IN5vXhRoYxik]]></FromUserName>
<CreateTime>1465692776</CreateTime>
<MsgType><![CDATA[event]]></MsgType>
<Event><![CDATA[VIEW]]></Event>
<EventKey><![CDATA[http://f.iseasoft.cn/app/index.php?i=9&c=entry&eid=1226]]></EventKey>
<MenuId>409870668</MenuId>
</xml>

2016-06-12 08:52:56 params :
------------
Array:
message : Array ;
module : basic ;
rule : 81 ;
priority : 0 ;
keyword : Array ;

2016-06-12 08:52:56 response :
------------
Array:
FromUserName : gh_ce84963696ea ;
ToUserName : ogOo_wFobnsaK2n6IN5vXhRoYxik ;
MsgType : text ;
Content : 欢迎关注昵多丽环保家居官方微信，系统正在完善中，更多精彩，敬请期待…… ;

2016-06-12 08:54:08 trace :
------------
String:
<xml><ToUserName><![CDATA[gh_9ef36f25dc50]]></ToUserName>
<FromUserName><![CDATA[oN38-we68BoGp1wevgKTEMnY69FY]]></FromUserName>
<CreateTime>1465692848</CreateTime>
<MsgType><![CDATA[event]]></MsgType>
<Event><![CDATA[VIEW]]></Event>
<EventKey><![CDATA[http://f.iseasoft.cn/app/index.php?i=5&c=entry&eid=1226]]></EventKey>
<MenuId>409281329</MenuId>
</xml>

2016-06-12 08:54:08 params :
------------
Array:
rule : -2 ;
module :  ;
message : Array ;

2016-06-12 08:54:08 response :
------------

2016-06-12 08:56:48 trace :
------------
String:
<xml><ToUserName><![CDATA[gh_9ef36f25dc50]]></ToUserName>
<FromUserName><![CDATA[oN38-we68BoGp1wevgKTEMnY69FY]]></FromUserName>
<CreateTime>1465693008</CreateTime>
<MsgType><![CDATA[event]]></MsgType>
<Event><![CDATA[VIEW]]></Event>
<EventKey><![CDATA[http://f.iseasoft.cn/app/index.php?i=5&c=entry&eid=1226]]></EventKey>
<MenuId>409281329</MenuId>
</xml>

2016-06-12 08:56:48 params :
------------
Array:
rule : -2 ;
module :  ;
message : Array ;

2016-06-12 08:56:48 response :
------------

2016-06-12 08:57:25 trace :
------------
String:
<xml><ToUserName><![CDATA[gh_ce84963696ea]]></ToUserName>
<FromUserName><![CDATA[ogOo_wNbNmFdmpDuv6jTZiG6pqX4]]></FromUserName>
<CreateTime>1465693045</CreateTime>
<MsgType><![CDATA[event]]></MsgType>
<Event><![CDATA[VIEW]]></Event>
<EventKey><![CDATA[http://f.iseasoft.cn/app/index.php?i=9&c=entry&eid=1226]]></EventKey>
<MenuId>409870668</MenuId>
</xml>

2016-06-12 08:57:25 params :
------------
Array:
message : Array ;
module : basic ;
rule : 81 ;
priority : 0 ;
keyword : Array ;

2016-06-12 08:57:25 response :
------------
Array:
FromUserName : gh_ce84963696ea ;
ToUserName : ogOo_wNbNmFdmpDuv6jTZiG6pqX4 ;
MsgType : text ;
Content : 欢迎关注昵多丽环保家居官方微信，系统正在完善中，更多精彩，敬请期待…… ;

2016-06-12 08:59:14 trace :
------------
String:
<xml><ToUserName><![CDATA[gh_994b4bf94dd3]]></ToUserName>
<FromUserName><![CDATA[o2LD4siaE-EDa1ESvgCDvYVIjtWg]]></FromUserName>
<CreateTime>1465693154</CreateTime>
<MsgType><![CDATA[event]]></MsgType>
<Event><![CDATA[LOCATION]]></Event>
<Latitude>31.882147</Latitude>
<Longitude>117.277786</Longitude>
<Precision>65.000000</Precision>
</xml>

2016-06-12 08:59:14 params :
------------
Array:
message : Array ;
module : default ;
rule : -1 ;

2016-06-12 08:59:14 response :
------------
Array:
errno : -1 ;
message : Invaild value ;

2016-06-12 08:59:16 trace :
------------
String:
<xml><ToUserName><![CDATA[gh_994b4bf94dd3]]></ToUserName>
<FromUserName><![CDATA[o2LD4siaE-EDa1ESvgCDvYVIjtWg]]></FromUserName>
<CreateTime>1465693155</CreateTime>
<MsgType><![CDATA[event]]></MsgType>
<Event><![CDATA[VIEW]]></Event>
<EventKey><![CDATA[http://f.iseasoft.cn/app/index.php?i=12&c=entry&do=shop&m=sea]]></EventKey>
<MenuId>404425138</MenuId>
</xml>

2016-06-12 08:59:16 params :
------------
Array:
rule : -2 ;
module :  ;
message : Array ;

2016-06-12 08:59:16 response :
------------

2016-06-12 09:01:16 trace :
------------
String:
<xml><ToUserName><![CDATA[gh_ce84963696ea]]></ToUserName>
<FromUserName><![CDATA[ogOo_wFobnsaK2n6IN5vXhRoYxik]]></FromUserName>
<CreateTime>1465693276</CreateTime>
<MsgType><![CDATA[event]]></MsgType>
<Event><![CDATA[VIEW]]></Event>
<EventKey><![CDATA[http://f.iseasoft.cn/app/index.php?i=9&c=entry&eid=1226]]></EventKey>
<MenuId>409870668</MenuId>
</xml>

2016-06-12 09:01:16 params :
------------
Array:
message : Array ;
module : basic ;
rule : 81 ;
priority : 0 ;
keyword : Array ;

2016-06-12 09:01:16 response :
------------
Array:
FromUserName : gh_ce84963696ea ;
ToUserName : ogOo_wFobnsaK2n6IN5vXhRoYxik ;
MsgType : text ;
Content : 欢迎关注昵多丽环保家居官方微信，系统正在完善中，更多精彩，敬请期待…… ;

2016-06-12 09:01:16 trace :
------------
String:
<xml><ToUserName><![CDATA[gh_9ef36f25dc50]]></ToUserName>
<FromUserName><![CDATA[oN38-wbDdVARzSenJw7AF0JeARuU]]></FromUserName>
<CreateTime>1465693276</CreateTime>
<MsgType><![CDATA[text]]></MsgType>
<Content><![CDATA[38]]></Content>
<MsgId>6295104686796542125</MsgId>
</xml>

2016-06-12 09:01:16 params :
------------
Array:
message : Array ;
module : cover ;
rule : 99 ;
priority : 0 ;
keyword : Array ;

2016-06-12 09:01:16 response :
------------
Array:
FromUserName : gh_9ef36f25dc50 ;
ToUserName : oN38-wbDdVARzSenJw7AF0JeARuU ;
MsgType : news ;
ArticleCount : 1 ;
Articles : Array ;

2016-06-12 09:02:22 trace :
------------
String:
<xml><ToUserName><![CDATA[gh_9ef36f25dc50]]></ToUserName>
<FromUserName><![CDATA[oN38-wbDdVARzSenJw7AF0JeARuU]]></FromUserName>
<CreateTime>1465693342</CreateTime>
<MsgType><![CDATA[text]]></MsgType>
<Content><![CDATA[商城]]></Content>
<MsgId>6295104970264383669</MsgId>
</xml>

2016-06-12 09:02:22 params :
------------
Array:
message : Array ;
module : cover ;
rule : 65 ;
priority : 0 ;
keyword : Array ;

2016-06-12 09:02:22 response :
------------
Array:
FromUserName : gh_9ef36f25dc50 ;
ToUserName : oN38-wbDdVARzSenJw7AF0JeARuU ;
MsgType : news ;
ArticleCount : 1 ;
Articles : Array ;

2016-06-12 09:05:47 trace :
------------
String:
<xml><ToUserName><![CDATA[gh_9ef36f25dc50]]></ToUserName>
<FromUserName><![CDATA[oN38-we68BoGp1wevgKTEMnY69FY]]></FromUserName>
<CreateTime>1465693546</CreateTime>
<MsgType><![CDATA[event]]></MsgType>
<Event><![CDATA[VIEW]]></Event>
<EventKey><![CDATA[http://f.iseasoft.cn/app/index.php?i=5&c=entry&eid=1226]]></EventKey>
<MenuId>409281329</MenuId>
</xml>

2016-06-12 09:05:47 params :
------------
Array:
rule : -2 ;
module :  ;
message : Array ;

2016-06-12 09:05:47 response :
------------

2016-06-12 09:06:14 trace :
------------
String:
<xml><ToUserName><![CDATA[gh_9ef36f25dc50]]></ToUserName>
<FromUserName><![CDATA[oN38-we68BoGp1wevgKTEMnY69FY]]></FromUserName>
<CreateTime>1465693573</CreateTime>
<MsgType><![CDATA[event]]></MsgType>
<Event><![CDATA[VIEW]]></Event>
<EventKey><![CDATA[http://f.iseasoft.cn/app/index.php?i=5&c=entry&eid=1226]]></EventKey>
<MenuId>409281329</MenuId>
</xml>

2016-06-12 09:06:14 params :
------------
Array:
rule : -2 ;
module :  ;
message : Array ;

2016-06-12 09:06:14 response :
------------

2016-06-12 09:07:17 trace :
------------
String:
<xml><ToUserName><![CDATA[gh_ce84963696ea]]></ToUserName>
<FromUserName><![CDATA[ogOo_wNbNmFdmpDuv6jTZiG6pqX4]]></FromUserName>
<CreateTime>1465693637</CreateTime>
<MsgType><![CDATA[event]]></MsgType>
<Event><![CDATA[VIEW]]></Event>
<EventKey><![CDATA[http://f.iseasoft.cn/app/index.php?i=9&c=entry&p=commission&m=sea&do=plugin]]></EventKey>
<MenuId>409870668</MenuId>
</xml>

2016-06-12 09:07:17 params :
------------
Array:
message : Array ;
module : basic ;
rule : 81 ;
priority : 0 ;
keyword : Array ;

2016-06-12 09:07:17 response :
------------
Array:
FromUserName : gh_ce84963696ea ;
ToUserName : ogOo_wNbNmFdmpDuv6jTZiG6pqX4 ;
MsgType : text ;
Content : 欢迎关注昵多丽环保家居官方微信，系统正在完善中，更多精彩，敬请期待…… ;

2016-06-12 09:09:23 trace :
------------
String:
<xml><ToUserName><![CDATA[gh_9ef36f25dc50]]></ToUserName>
<FromUserName><![CDATA[oN38-we68BoGp1wevgKTEMnY69FY]]></FromUserName>
<CreateTime>1465693763</CreateTime>
<MsgType><![CDATA[event]]></MsgType>
<Event><![CDATA[VIEW]]></Event>
<EventKey><![CDATA[http://f.iseasoft.cn/app/index.php?i=5&c=entry&eid=1226]]></EventKey>
<MenuId>409281329</MenuId>
</xml>

2016-06-12 09:09:23 params :
------------
Array:
rule : -2 ;
module :  ;
message : Array ;

2016-06-12 09:09:23 response :
------------

2016-06-12 09:09:55 trace :
------------
String:
<xml><ToUserName><![CDATA[gh_9ef36f25dc50]]></ToUserName>
<FromUserName><![CDATA[oN38-we68BoGp1wevgKTEMnY69FY]]></FromUserName>
<CreateTime>1465693795</CreateTime>
<MsgType><![CDATA[event]]></MsgType>
<Event><![CDATA[VIEW]]></Event>
<EventKey><![CDATA[http://f.iseasoft.cn/app/index.php?i=5&c=entry&eid=1226]]></EventKey>
<MenuId>409281329</MenuId>
</xml>

2016-06-12 09:09:55 params :
------------
Array:
rule : -2 ;
module :  ;
message : Array ;

2016-06-12 09:09:55 response :
------------

2016-06-12 09:11:17 trace :
------------
String:
<xml><ToUserName><![CDATA[gh_9ef36f25dc50]]></ToUserName>
<FromUserName><![CDATA[oN38-we68BoGp1wevgKTEMnY69FY]]></FromUserName>
<CreateTime>1465693876</CreateTime>
<MsgType><![CDATA[event]]></MsgType>
<Event><![CDATA[VIEW]]></Event>
<EventKey><![CDATA[http://f.iseasoft.cn/app/index.php?i=5&c=entry&eid=1226]]></EventKey>
<MenuId>409281329</MenuId>
</xml>

2016-06-12 09:11:17 params :
------------
Array:
rule : -2 ;
module :  ;
message : Array ;

2016-06-12 09:11:17 response :
------------

2016-06-12 09:11:37 trace :
------------
String:
<xml><ToUserName><![CDATA[gh_ce84963696ea]]></ToUserName>
<FromUserName><![CDATA[ogOo_wNbNmFdmpDuv6jTZiG6pqX4]]></FromUserName>
<CreateTime>1465693897</CreateTime>
<MsgType><![CDATA[event]]></MsgType>
<Event><![CDATA[VIEW]]></Event>
<EventKey><![CDATA[http://f.iseasoft.cn/app/index.php?i=9&c=entry&eid=1226]]></EventKey>
<MenuId>409870668</MenuId>
</xml>

2016-06-12 09:11:37 params :
------------
Array:
message : Array ;
module : basic ;
rule : 81 ;
priority : 0 ;
keyword : Array ;

2016-06-12 09:11:37 response :
------------
Array:
FromUserName : gh_ce84963696ea ;
ToUserName : ogOo_wNbNmFdmpDuv6jTZiG6pqX4 ;
MsgType : text ;
Content : 欢迎关注昵多丽环保家居官方微信，系统正在完善中，更多精彩，敬请期待…… ;

2016-06-12 09:11:58 trace :
------------
String:
<xml><ToUserName><![CDATA[gh_9ef36f25dc50]]></ToUserName>
<FromUserName><![CDATA[oN38-we68BoGp1wevgKTEMnY69FY]]></FromUserName>
<CreateTime>1465693918</CreateTime>
<MsgType><![CDATA[event]]></MsgType>
<Event><![CDATA[VIEW]]></Event>
<EventKey><![CDATA[http://f.iseasoft.cn/app/index.php?i=5&c=entry&eid=1226]]></EventKey>
<MenuId>409281329</MenuId>
</xml>

2016-06-12 09:11:58 params :
------------
Array:
rule : -2 ;
module :  ;
message : Array ;

2016-06-12 09:11:58 response :
------------

2016-06-12 09:21:08 trace :
------------
String:
<xml><ToUserName><![CDATA[gh_9ef36f25dc50]]></ToUserName>
<FromUserName><![CDATA[oN38-wbDdVARzSenJw7AF0JeARuU]]></FromUserName>
<CreateTime>1465694468</CreateTime>
<MsgType><![CDATA[text]]></MsgType>
<Content><![CDATA[38]]></Content>
<MsgId>6295109806397559104</MsgId>
</xml>

2016-06-12 09:21:08 params :
------------
Array:
message : Array ;
module : cover ;
rule : 99 ;
priority : 0 ;
keyword : Array ;

2016-06-12 09:21:08 response :
------------
Array:
FromUserName : gh_9ef36f25dc50 ;
ToUserName : oN38-wbDdVARzSenJw7AF0JeARuU ;
MsgType : news ;
ArticleCount : 1 ;
Articles : Array ;

2016-06-12 09:22:39 trace :
------------
String:
<xml><ToUserName><![CDATA[gh_9ef36f25dc50]]></ToUserName>
<FromUserName><![CDATA[oN38-wbDdVARzSenJw7AF0JeARuU]]></FromUserName>
<CreateTime>1465694559</CreateTime>
<MsgType><![CDATA[text]]></MsgType>
<Content><![CDATA[38]]></Content>
<MsgId>6295110197239583076</MsgId>
</xml>

2016-06-12 09:22:39 params :
------------
Array:
message : Array ;
module : cover ;
rule : 99 ;
priority : 0 ;
keyword : Array ;

2016-06-12 09:22:39 response :
------------
Array:
FromUserName : gh_9ef36f25dc50 ;
ToUserName : oN38-wbDdVARzSenJw7AF0JeARuU ;
MsgType : news ;
ArticleCount : 1 ;
Articles : Array ;

2016-06-12 09:47:25 trace :
------------
String:
<xml><ToUserName><![CDATA[gh_ce84963696ea]]></ToUserName>
<FromUserName><![CDATA[ogOo_wFobnsaK2n6IN5vXhRoYxik]]></FromUserName>
<CreateTime>1465696045</CreateTime>
<MsgType><![CDATA[event]]></MsgType>
<Event><![CDATA[VIEW]]></Event>
<EventKey><![CDATA[http://f.iseasoft.cn/app/index.php?i=9&c=entry&eid=1226]]></EventKey>
<MenuId>409870668</MenuId>
</xml>

2016-06-12 09:47:25 params :
------------
Array:
message : Array ;
module : basic ;
rule : 81 ;
priority : 0 ;
keyword : Array ;

2016-06-12 09:47:25 response :
------------
Array:
FromUserName : gh_ce84963696ea ;
ToUserName : ogOo_wFobnsaK2n6IN5vXhRoYxik ;
MsgType : text ;
Content : 欢迎关注昵多丽环保家居官方微信，系统正在完善中，更多精彩，敬请期待…… ;

2016-06-12 09:49:24 trace :
------------
String:
<xml><ToUserName><![CDATA[gh_ce84963696ea]]></ToUserName>
<FromUserName><![CDATA[ogOo_wFobnsaK2n6IN5vXhRoYxik]]></FromUserName>
<CreateTime>1465696164</CreateTime>
<MsgType><![CDATA[event]]></MsgType>
<Event><![CDATA[VIEW]]></Event>
<EventKey><![CDATA[http://f.iseasoft.cn/app/index.php?i=9&c=entry&eid=1226]]></EventKey>
<MenuId>409870668</MenuId>
</xml>

2016-06-12 09:49:24 params :
------------
Array:
message : Array ;
module : basic ;
rule : 81 ;
priority : 0 ;
keyword : Array ;

2016-06-12 09:49:24 response :
------------
Array:
FromUserName : gh_ce84963696ea ;
ToUserName : ogOo_wFobnsaK2n6IN5vXhRoYxik ;
MsgType : text ;
Content : 欢迎关注昵多丽环保家居官方微信，系统正在完善中，更多精彩，敬请期待…… ;

2016-06-12 10:09:46 trace :
------------
String:
<xml><ToUserName><![CDATA[gh_9ef36f25dc50]]></ToUserName>
<FromUserName><![CDATA[oN38-we68BoGp1wevgKTEMnY69FY]]></FromUserName>
<CreateTime>1465697386</CreateTime>
<MsgType><![CDATA[event]]></MsgType>
<Event><![CDATA[VIEW]]></Event>
<EventKey><![CDATA[http://f.iseasoft.cn/app/index.php?i=5&c=entry&eid=1226]]></EventKey>
<MenuId>409281329</MenuId>
</xml>

2016-06-12 10:09:46 params :
------------
Array:
rule : -2 ;
module :  ;
message : Array ;

2016-06-12 10:09:46 response :
------------

2016-06-12 10:45:38 trace :
------------
String:
<xml><ToUserName><![CDATA[gh_9ef36f25dc50]]></ToUserName>
<FromUserName><![CDATA[oN38-wbDdVARzSenJw7AF0JeARuU]]></FromUserName>
<CreateTime>1465699538</CreateTime>
<MsgType><![CDATA[text]]></MsgType>
<Content><![CDATA[商城]]></Content>
<MsgId>6295131581881750785</MsgId>
</xml>

2016-06-12 10:45:38 params :
------------
Array:
message : Array ;
module : cover ;
rule : 65 ;
priority : 0 ;
keyword : Array ;

2016-06-12 10:45:38 response :
------------
Array:
FromUserName : gh_9ef36f25dc50 ;
ToUserName : oN38-wbDdVARzSenJw7AF0JeARuU ;
MsgType : news ;
ArticleCount : 1 ;
Articles : Array ;

2016-06-12 10:57:04 trace :
------------
String:
<xml><ToUserName><![CDATA[gh_9ef36f25dc50]]></ToUserName>
<FromUserName><![CDATA[oN38-we68BoGp1wevgKTEMnY69FY]]></FromUserName>
<CreateTime>1465700224</CreateTime>
<MsgType><![CDATA[event]]></MsgType>
<Event><![CDATA[VIEW]]></Event>
<EventKey><![CDATA[http://f.iseasoft.cn/app/index.php?i=5&c=entry&eid=1226]]></EventKey>
<MenuId>409281329</MenuId>
</xml>

2016-06-12 10:57:04 params :
------------
Array:
rule : -2 ;
module :  ;
message : Array ;

2016-06-12 10:57:04 response :
------------

2016-06-12 10:57:51 trace :
------------
String:
<xml><ToUserName><![CDATA[gh_9ef36f25dc50]]></ToUserName>
<FromUserName><![CDATA[oN38-we68BoGp1wevgKTEMnY69FY]]></FromUserName>
<CreateTime>1465700271</CreateTime>
<MsgType><![CDATA[event]]></MsgType>
<Event><![CDATA[VIEW]]></Event>
<EventKey><![CDATA[http://f.iseasoft.cn/app/index.php?i=5&c=entry&eid=1226]]></EventKey>
<MenuId>409281329</MenuId>
</xml>

2016-06-12 10:57:51 params :
------------
Array:
rule : -2 ;
module :  ;
message : Array ;

2016-06-12 10:57:51 response :
------------

2016-06-12 10:58:14 trace :
------------
String:
<xml><ToUserName><![CDATA[gh_9ef36f25dc50]]></ToUserName>
<FromUserName><![CDATA[oN38-we68BoGp1wevgKTEMnY69FY]]></FromUserName>
<CreateTime>1465700294</CreateTime>
<MsgType><![CDATA[event]]></MsgType>
<Event><![CDATA[VIEW]]></Event>
<EventKey><![CDATA[http://f.iseasoft.cn/app/index.php?i=5&c=entry&eid=1226]]></EventKey>
<MenuId>409281329</MenuId>
</xml>

2016-06-12 10:58:14 params :
------------
Array:
rule : -2 ;
module :  ;
message : Array ;

2016-06-12 10:58:14 response :
------------

2016-06-12 10:58:36 trace :
------------
String:
<xml><ToUserName><![CDATA[gh_9ef36f25dc50]]></ToUserName>
<FromUserName><![CDATA[oN38-we68BoGp1wevgKTEMnY69FY]]></FromUserName>
<CreateTime>1465700316</CreateTime>
<MsgType><![CDATA[event]]></MsgType>
<Event><![CDATA[VIEW]]></Event>
<EventKey><![CDATA[http://f.iseasoft.cn/app/index.php?i=5&c=entry&eid=1226]]></EventKey>
<MenuId>409281329</MenuId>
</xml>

2016-06-12 10:58:36 params :
------------
Array:
rule : -2 ;
module :  ;
message : Array ;

2016-06-12 10:58:36 response :
------------

2016-06-12 10:59:00 trace :
------------
String:
<xml><ToUserName><![CDATA[gh_9ef36f25dc50]]></ToUserName>
<FromUserName><![CDATA[oN38-we68BoGp1wevgKTEMnY69FY]]></FromUserName>
<CreateTime>1465700340</CreateTime>
<MsgType><![CDATA[event]]></MsgType>
<Event><![CDATA[VIEW]]></Event>
<EventKey><![CDATA[http://f.iseasoft.cn/app/index.php?i=5&c=entry&eid=1226]]></EventKey>
<MenuId>409281329</MenuId>
</xml>

2016-06-12 10:59:00 params :
------------
Array:
rule : -2 ;
module :  ;
message : Array ;

2016-06-12 10:59:00 response :
------------

2016-06-12 11:06:22 trace :
------------
String:
<xml><ToUserName><![CDATA[gh_ce84963696ea]]></ToUserName>
<FromUserName><![CDATA[ogOo_wFTYueWeGzMQA6qR2FILuD4]]></FromUserName>
<CreateTime>1465700782</CreateTime>
<MsgType><![CDATA[event]]></MsgType>
<Event><![CDATA[MASSSENDJOBFINISH]]></Event>
<MsgID>410071477</MsgID>
<Status><![CDATA[send success]]></Status>
<TotalCount>12</TotalCount>
<FilterCount>12</FilterCount>
<SentCount>12</SentCount>
<ErrorCount>0</ErrorCount>
</xml>

2016-06-12 11:06:22 params :
------------
Array:
message : Array ;
module : basic ;
rule : 81 ;
priority : 0 ;
keyword : Array ;

2016-06-12 11:06:22 response :
------------
Array:
FromUserName : gh_ce84963696ea ;
ToUserName : ogOo_wFTYueWeGzMQA6qR2FILuD4 ;
MsgType : text ;
Content : 欢迎关注昵多丽环保家居官方微信，系统正在完善中，更多精彩，敬请期待…… ;

2016-06-12 11:08:53 trace :
------------
String:
<xml><ToUserName><![CDATA[gh_ce84963696ea]]></ToUserName>
<FromUserName><![CDATA[ogOo_wF2K7O6lV2R0OBm1r08QJAg]]></FromUserName>
<CreateTime>1465700933</CreateTime>
<MsgType><![CDATA[event]]></MsgType>
<Event><![CDATA[VIEW]]></Event>
<EventKey><![CDATA[http://f.iseasoft.cn/app/index.php?i=9&c=entry&eid=1226]]></EventKey>
<MenuId>409870668</MenuId>
</xml>

2016-06-12 11:08:53 params :
------------
Array:
message : Array ;
module : basic ;
rule : 81 ;
priority : 0 ;
keyword : Array ;

2016-06-12 11:08:53 response :
------------
Array:
FromUserName : gh_ce84963696ea ;
ToUserName : ogOo_wF2K7O6lV2R0OBm1r08QJAg ;
MsgType : text ;
Content : 欢迎关注昵多丽环保家居官方微信，系统正在完善中，更多精彩，敬请期待…… ;

2016-06-12 11:34:06 trace :
------------
String:
<xml><ToUserName><![CDATA[gh_ce84963696ea]]></ToUserName>
<FromUserName><![CDATA[ogOo_wFobnsaK2n6IN5vXhRoYxik]]></FromUserName>
<CreateTime>1465702446</CreateTime>
<MsgType><![CDATA[event]]></MsgType>
<Event><![CDATA[CLICK]]></Event>
<EventKey><![CDATA[招商加盟]]></EventKey>
</xml>

2016-06-12 11:34:06 params :
------------
Array:
message : Array ;
module : news ;
rule : 83 ;
priority : 0 ;
keyword : Array ;

2016-06-12 11:34:06 response :
------------
Array:
FromUserName : gh_ce84963696ea ;
ToUserName : ogOo_wFobnsaK2n6IN5vXhRoYxik ;
MsgType : news ;
ArticleCount : 1 ;
Articles : Array ;

2016-06-12 11:34:28 trace :
------------
String:
<xml><ToUserName><![CDATA[gh_ce84963696ea]]></ToUserName>
<FromUserName><![CDATA[ogOo_wFobnsaK2n6IN5vXhRoYxik]]></FromUserName>
<CreateTime>1465702468</CreateTime>
<MsgType><![CDATA[event]]></MsgType>
<Event><![CDATA[VIEW]]></Event>
<EventKey><![CDATA[http://f.iseasoft.cn/app/index.php?i=9&c=entry&eid=1226]]></EventKey>
<MenuId>409870668</MenuId>
</xml>

2016-06-12 11:34:28 params :
------------
Array:
message : Array ;
module : basic ;
rule : 81 ;
priority : 0 ;
keyword : Array ;

2016-06-12 11:34:28 response :
------------
Array:
FromUserName : gh_ce84963696ea ;
ToUserName : ogOo_wFobnsaK2n6IN5vXhRoYxik ;
MsgType : text ;
Content : 欢迎关注昵多丽环保家居官方微信，系统正在完善中，更多精彩，敬请期待…… ;

2016-06-12 12:27:22 trace :
------------
String:
<xml><ToUserName><![CDATA[gh_173b187cfb81]]></ToUserName>
<FromUserName><![CDATA[ocu1wwb8AIF2gf3rGpfR6CwA3FSU]]></FromUserName>
<CreateTime>1465705642</CreateTime>
<MsgType><![CDATA[event]]></MsgType>
<Event><![CDATA[VIEW]]></Event>
<EventKey><![CDATA[http://f.iseasoft.cn/app/index.php?i=10&c=entry&eid=1226]]></EventKey>
<MenuId>428862708</MenuId>
</xml>

2016-06-12 12:27:22 params :
------------
Array:
message : Array ;
module : basic ;
rule : 90 ;
priority : 0 ;
keyword : Array ;

2016-06-12 12:27:22 response :
------------
Array:
FromUserName : gh_173b187cfb81 ;
ToUserName : ocu1wwb8AIF2gf3rGpfR6CwA3FSU ;
MsgType : text ;
Content : 您好，欢迎来到玉田网上超市！ ;

2016-06-12 12:29:45 trace :
------------
String:
<xml><ToUserName><![CDATA[gh_994b4bf94dd3]]></ToUserName>
<FromUserName><![CDATA[o2LD4shThRbyBU3co1sSpVrfuk7c]]></FromUserName>
<CreateTime>1465705785</CreateTime>
<MsgType><![CDATA[event]]></MsgType>
<Event><![CDATA[VIEW]]></Event>
<EventKey><![CDATA[http://f.iseasoft.cn/app/index.php?i=12&c=entry&do=shop&m=sea]]></EventKey>
<MenuId>404425138</MenuId>
</xml>

2016-06-12 12:29:45 params :
------------
Array:
rule : -2 ;
module :  ;
message : Array ;

2016-06-12 12:29:45 response :
------------

2016-06-12 14:00:02 trace :
------------
String:
<xml><ToUserName><![CDATA[gh_ce84963696ea]]></ToUserName>
<FromUserName><![CDATA[ogOo_wF2K7O6lV2R0OBm1r08QJAg]]></FromUserName>
<CreateTime>1465711202</CreateTime>
<MsgType><![CDATA[event]]></MsgType>
<Event><![CDATA[VIEW]]></Event>
<EventKey><![CDATA[http://f.iseasoft.cn/app/index.php?i=9&c=entry&eid=1226]]></EventKey>
<MenuId>409870668</MenuId>
</xml>

2016-06-12 14:00:02 params :
------------
Array:
message : Array ;
module : basic ;
rule : 81 ;
priority : 0 ;
keyword : Array ;

2016-06-12 14:00:02 response :
------------
Array:
FromUserName : gh_ce84963696ea ;
ToUserName : ogOo_wF2K7O6lV2R0OBm1r08QJAg ;
MsgType : text ;
Content : 欢迎关注昵多丽环保家居官方微信，系统正在完善中，更多精彩，敬请期待…… ;

2016-06-12 14:00:53 trace :
------------
String:
<xml><ToUserName><![CDATA[gh_ce84963696ea]]></ToUserName>
<FromUserName><![CDATA[ogOo_wGf6_CFdhA7Zwi221zROAZI]]></FromUserName>
<CreateTime>1465711253</CreateTime>
<MsgType><![CDATA[event]]></MsgType>
<Event><![CDATA[VIEW]]></Event>
<EventKey><![CDATA[http://f.iseasoft.cn/app/index.php?i=9&c=entry&eid=1226]]></EventKey>
<MenuId>409870668</MenuId>
</xml>

2016-06-12 14:00:53 params :
------------
Array:
message : Array ;
module : basic ;
rule : 81 ;
priority : 0 ;
keyword : Array ;

2016-06-12 14:00:53 response :
------------
Array:
FromUserName : gh_ce84963696ea ;
ToUserName : ogOo_wGf6_CFdhA7Zwi221zROAZI ;
MsgType : text ;
Content : 欢迎关注昵多丽环保家居官方微信，系统正在完善中，更多精彩，敬请期待…… ;

2016-06-12 14:23:12 trace :
------------
String:
<xml><ToUserName><![CDATA[gh_ce84963696ea]]></ToUserName>
<FromUserName><![CDATA[ogOo_wGf6_CFdhA7Zwi221zROAZI]]></FromUserName>
<CreateTime>1465712592</CreateTime>
<MsgType><![CDATA[event]]></MsgType>
<Event><![CDATA[VIEW]]></Event>
<EventKey><![CDATA[http://f.iseasoft.cn/app/index.php?i=9&c=entry&eid=1226]]></EventKey>
<MenuId>409870668</MenuId>
</xml>

2016-06-12 14:23:12 params :
------------
Array:
message : Array ;
module : basic ;
rule : 81 ;
priority : 0 ;
keyword : Array ;

2016-06-12 14:23:12 response :
------------
Array:
FromUserName : gh_ce84963696ea ;
ToUserName : ogOo_wGf6_CFdhA7Zwi221zROAZI ;
MsgType : text ;
Content : 欢迎关注昵多丽环保家居官方微信，系统正在完善中，更多精彩，敬请期待…… ;

2016-06-12 14:32:22 trace :
------------
String:
<xml><ToUserName><![CDATA[gh_173b187cfb81]]></ToUserName>
<FromUserName><![CDATA[ocu1wwag1RhtAQYS3B6y-AiP2vaI]]></FromUserName>
<CreateTime>1465713142</CreateTime>
<MsgType><![CDATA[event]]></MsgType>
<Event><![CDATA[VIEW]]></Event>
<EventKey><![CDATA[http://f.iseasoft.cn/app/index.php?i=10&c=entry&eid=1226]]></EventKey>
<MenuId>428862708</MenuId>
</xml>

2016-06-12 14:32:22 params :
------------
Array:
message : Array ;
module : basic ;
rule : 90 ;
priority : 0 ;
keyword : Array ;

2016-06-12 14:32:22 response :
------------
Array:
FromUserName : gh_173b187cfb81 ;
ToUserName : ocu1wwag1RhtAQYS3B6y-AiP2vaI ;
MsgType : text ;
Content : 您好，欢迎来到玉田网上超市！ ;

2016-06-12 14:33:06 trace :
------------
String:
<xml><ToUserName><![CDATA[gh_9ef36f25dc50]]></ToUserName>
<FromUserName><![CDATA[oN38-wbDdVARzSenJw7AF0JeARuU]]></FromUserName>
<CreateTime>1465713186</CreateTime>
<MsgType><![CDATA[text]]></MsgType>
<Content><![CDATA[123]]></Content>
<MsgId>6295190199595409107</MsgId>
</xml>

2016-06-12 14:33:06 params :
------------
Array:
message : Array ;
module : sea ;
rule : 101 ;
priority : 0 ;
keyword : Array ;

2016-06-12 14:33:06 response :
------------
Array:
FromUserName : gh_9ef36f25dc50 ;
ToUserName : oN38-wbDdVARzSenJw7AF0JeARuU ;
MsgType : news ;
ArticleCount : 1 ;
Articles : Array ;

2016-06-12 14:42:53 trace :
------------
String:
<xml><ToUserName><![CDATA[gh_ce84963696ea]]></ToUserName>
<FromUserName><![CDATA[ogOo_wGf6_CFdhA7Zwi221zROAZI]]></FromUserName>
<CreateTime>1465713773</CreateTime>
<MsgType><![CDATA[event]]></MsgType>
<Event><![CDATA[VIEW]]></Event>
<EventKey><![CDATA[http://f.iseasoft.cn/app/index.php?i=9&c=entry&eid=1226]]></EventKey>
<MenuId>409870668</MenuId>
</xml>

2016-06-12 14:42:53 params :
------------
Array:
message : Array ;
module : basic ;
rule : 81 ;
priority : 0 ;
keyword : Array ;

2016-06-12 14:42:53 response :
------------
Array:
FromUserName : gh_ce84963696ea ;
ToUserName : ogOo_wGf6_CFdhA7Zwi221zROAZI ;
MsgType : text ;
Content : 欢迎关注昵多丽环保家居官方微信，系统正在完善中，更多精彩，敬请期待…… ;

2016-06-12 14:45:40 trace :
------------
String:
<xml><ToUserName><![CDATA[gh_ce84963696ea]]></ToUserName>
<FromUserName><![CDATA[ogOo_wF2K7O6lV2R0OBm1r08QJAg]]></FromUserName>
<CreateTime>1465713940</CreateTime>
<MsgType><![CDATA[event]]></MsgType>
<Event><![CDATA[VIEW]]></Event>
<EventKey><![CDATA[http://f.iseasoft.cn/app/index.php?i=9&c=entry&p=commission&m=sea&do=plugin]]></EventKey>
<MenuId>409870668</MenuId>
</xml>

2016-06-12 14:45:40 params :
------------
Array:
message : Array ;
module : basic ;
rule : 81 ;
priority : 0 ;
keyword : Array ;

2016-06-12 14:45:40 response :
------------
Array:
FromUserName : gh_ce84963696ea ;
ToUserName : ogOo_wF2K7O6lV2R0OBm1r08QJAg ;
MsgType : text ;
Content : 欢迎关注昵多丽环保家居官方微信，系统正在完善中，更多精彩，敬请期待…… ;

2016-06-12 14:48:38 trace :
------------
String:
<xml><ToUserName><![CDATA[gh_ce84963696ea]]></ToUserName>
<FromUserName><![CDATA[ogOo_wAvbtwQ-Oa4lu4M3AEwQZHA]]></FromUserName>
<CreateTime>1465714118</CreateTime>
<MsgType><![CDATA[event]]></MsgType>
<Event><![CDATA[subscribe]]></Event>
<EventKey><![CDATA[]]></EventKey>
</xml>

2016-06-12 14:48:38 params :
------------
Array:
message : Array ;
module : basic ;
rule : 81 ;
priority : 0 ;
keyword : Array ;

2016-06-12 14:48:38 response :
------------
Array:
FromUserName : gh_ce84963696ea ;
ToUserName : ogOo_wAvbtwQ-Oa4lu4M3AEwQZHA ;
MsgType : text ;
Content : 欢迎关注昵多丽环保家居官方微信，系统正在完善中，更多精彩，敬请期待…… ;

2016-06-12 14:48:43 trace :
------------
String:
<xml><ToUserName><![CDATA[gh_ce84963696ea]]></ToUserName>
<FromUserName><![CDATA[ogOo_wAvbtwQ-Oa4lu4M3AEwQZHA]]></FromUserName>
<CreateTime>1465714123</CreateTime>
<MsgType><![CDATA[event]]></MsgType>
<Event><![CDATA[VIEW]]></Event>
<EventKey><![CDATA[http://f.iseasoft.cn/app/index.php?i=9&c=entry&eid=1226]]></EventKey>
<MenuId>409870668</MenuId>
</xml>

2016-06-12 14:48:43 params :
------------
Array:
message : Array ;
module : basic ;
rule : 81 ;
priority : 0 ;
keyword : Array ;

2016-06-12 14:48:43 response :
------------
Array:
FromUserName : gh_ce84963696ea ;
ToUserName : ogOo_wAvbtwQ-Oa4lu4M3AEwQZHA ;
MsgType : text ;
Content : 欢迎关注昵多丽环保家居官方微信，系统正在完善中，更多精彩，敬请期待…… ;

2016-06-12 14:49:06 trace :
------------
String:
<xml><ToUserName><![CDATA[gh_ce84963696ea]]></ToUserName>
<FromUserName><![CDATA[ogOo_wAvbtwQ-Oa4lu4M3AEwQZHA]]></FromUserName>
<CreateTime>1465714146</CreateTime>
<MsgType><![CDATA[event]]></MsgType>
<Event><![CDATA[VIEW]]></Event>
<EventKey><![CDATA[http://f.iseasoft.cn/app/index.php?i=9&c=entry&eid=1226]]></EventKey>
<MenuId>409870668</MenuId>
</xml>

2016-06-12 14:49:06 params :
------------
Array:
message : Array ;
module : basic ;
rule : 81 ;
priority : 0 ;
keyword : Array ;

2016-06-12 14:49:06 response :
------------
Array:
FromUserName : gh_ce84963696ea ;
ToUserName : ogOo_wAvbtwQ-Oa4lu4M3AEwQZHA ;
MsgType : text ;
Content : 欢迎关注昵多丽环保家居官方微信，系统正在完善中，更多精彩，敬请期待…… ;

2016-06-12 14:53:40 trace :
------------
String:
<xml><ToUserName><![CDATA[gh_ce84963696ea]]></ToUserName>
<FromUserName><![CDATA[ogOo_wNbNmFdmpDuv6jTZiG6pqX4]]></FromUserName>
<CreateTime>1465714420</CreateTime>
<MsgType><![CDATA[event]]></MsgType>
<Event><![CDATA[VIEW]]></Event>
<EventKey><![CDATA[http://f.iseasoft.cn/app/index.php?i=9&c=entry&eid=1226]]></EventKey>
<MenuId>409870668</MenuId>
</xml>

2016-06-12 14:53:40 params :
------------
Array:
message : Array ;
module : basic ;
rule : 81 ;
priority : 0 ;
keyword : Array ;

2016-06-12 14:53:40 response :
------------
Array:
FromUserName : gh_ce84963696ea ;
ToUserName : ogOo_wNbNmFdmpDuv6jTZiG6pqX4 ;
MsgType : text ;
Content : 欢迎关注昵多丽环保家居官方微信，系统正在完善中，更多精彩，敬请期待…… ;

2016-06-12 14:55:24 trace :
------------
String:
<xml><ToUserName><![CDATA[gh_ce84963696ea]]></ToUserName>
<FromUserName><![CDATA[ogOo_wNbNmFdmpDuv6jTZiG6pqX4]]></FromUserName>
<CreateTime>1465714523</CreateTime>
<MsgType><![CDATA[text]]></MsgType>
<Content><![CDATA[商城海报]]></Content>
<MsgId>6295195941967313949</MsgId>
</xml>

2016-06-12 15:09:45 trace :
------------
String:
<xml><ToUserName><![CDATA[gh_ce84963696ea]]></ToUserName>
<FromUserName><![CDATA[ogOo_wF2K7O6lV2R0OBm1r08QJAg]]></FromUserName>
<CreateTime>1465715385</CreateTime>
<MsgType><![CDATA[text]]></MsgType>
<Content><![CDATA[家居]]></Content>
<MsgId>6295199644229123274</MsgId>
</xml>

2016-06-12 15:11:47 trace :
------------
String:
<xml><ToUserName><![CDATA[gh_ce84963696ea]]></ToUserName>
<FromUserName><![CDATA[ogOo_wGf6_CFdhA7Zwi221zROAZI]]></FromUserName>
<CreateTime>1465715507</CreateTime>
<MsgType><![CDATA[text]]></MsgType>
<Content><![CDATA[家居]]></Content>
<MsgId>6295200168215133412</MsgId>
</xml>

2016-06-12 16:37:27 trace :
------------
String:
<xml><ToUserName><![CDATA[gh_173b187cfb81]]></ToUserName>
<FromUserName><![CDATA[ocu1wwYhy3SkF_oFr0EnpXKWOqqw]]></FromUserName>
<CreateTime>1465720647</CreateTime>
<MsgType><![CDATA[event]]></MsgType>
<Event><![CDATA[VIEW]]></Event>
<EventKey><![CDATA[http://f.iseasoft.cn/app/index.php?i=10&c=entry&eid=1226]]></EventKey>
<MenuId>428862708</MenuId>
</xml>

2016-06-12 16:37:27 params :
------------
Array:
message : Array ;
module : basic ;
rule : 90 ;
priority : 0 ;
keyword : Array ;

2016-06-12 16:37:27 response :
------------
Array:
FromUserName : gh_173b187cfb81 ;
ToUserName : ocu1wwYhy3SkF_oFr0EnpXKWOqqw ;
MsgType : text ;
Content : 您好，欢迎来到玉田网上超市！ ;

2016-06-12 16:38:14 trace :
------------
String:
<xml><ToUserName><![CDATA[gh_173b187cfb81]]></ToUserName>
<FromUserName><![CDATA[ocu1wwag1RhtAQYS3B6y-AiP2vaI]]></FromUserName>
<CreateTime>1465720694</CreateTime>
<MsgType><![CDATA[event]]></MsgType>
<Event><![CDATA[VIEW]]></Event>
<EventKey><![CDATA[http://f.iseasoft.cn/app/index.php?i=10&c=entry&eid=1226]]></EventKey>
<MenuId>428862708</MenuId>
</xml>

2016-06-12 16:38:14 params :
------------
Array:
message : Array ;
module : basic ;
rule : 90 ;
priority : 0 ;
keyword : Array ;

2016-06-12 16:38:14 response :
------------
Array:
FromUserName : gh_173b187cfb81 ;
ToUserName : ocu1wwag1RhtAQYS3B6y-AiP2vaI ;
MsgType : text ;
Content : 您好，欢迎来到玉田网上超市！ ;

2016-06-12 16:49:34 trace :
------------
String:
<xml><ToUserName><![CDATA[gh_ce84963696ea]]></ToUserName>
<FromUserName><![CDATA[ogOo_wGf6_CFdhA7Zwi221zROAZI]]></FromUserName>
<CreateTime>1465721374</CreateTime>
<MsgType><![CDATA[event]]></MsgType>
<Event><![CDATA[CLICK]]></Event>
<EventKey><![CDATA[招商加盟]]></EventKey>
</xml>

2016-06-12 16:49:34 params :
------------
Array:
message : Array ;
module : news ;
rule : 83 ;
priority : 0 ;
keyword : Array ;

2016-06-12 16:49:34 response :
------------
Array:
FromUserName : gh_ce84963696ea ;
ToUserName : ogOo_wGf6_CFdhA7Zwi221zROAZI ;
MsgType : news ;
ArticleCount : 1 ;
Articles : Array ;

2016-06-12 16:49:35 trace :
------------
String:
<xml><ToUserName><![CDATA[gh_173b187cfb81]]></ToUserName>
<FromUserName><![CDATA[ocu1wwag1RhtAQYS3B6y-AiP2vaI]]></FromUserName>
<CreateTime>1465721375</CreateTime>
<MsgType><![CDATA[event]]></MsgType>
<Event><![CDATA[VIEW]]></Event>
<EventKey><![CDATA[http://f.iseasoft.cn/app/index.php?i=10&c=entry&eid=1226]]></EventKey>
<MenuId>428862708</MenuId>
</xml>

2016-06-12 16:49:35 params :
------------
Array:
message : Array ;
module : basic ;
rule : 90 ;
priority : 0 ;
keyword : Array ;

2016-06-12 16:49:35 response :
------------
Array:
FromUserName : gh_173b187cfb81 ;
ToUserName : ocu1wwag1RhtAQYS3B6y-AiP2vaI ;
MsgType : text ;
Content : 您好，欢迎来到玉田网上超市！ ;

2016-06-12 16:58:59 trace :
------------
String:
<xml><ToUserName><![CDATA[gh_ce84963696ea]]></ToUserName>
<FromUserName><![CDATA[ogOo_wGf6_CFdhA7Zwi221zROAZI]]></FromUserName>
<CreateTime>1465721939</CreateTime>
<MsgType><![CDATA[event]]></MsgType>
<Event><![CDATA[VIEW]]></Event>
<EventKey><![CDATA[http://f.iseasoft.cn/app/index.php?i=9&c=entry&eid=1226]]></EventKey>
<MenuId>409870668</MenuId>
</xml>

2016-06-12 16:58:59 params :
------------
Array:
message : Array ;
module : basic ;
rule : 81 ;
priority : 0 ;
keyword : Array ;

2016-06-12 16:58:59 response :
------------
Array:
FromUserName : gh_ce84963696ea ;
ToUserName : ogOo_wGf6_CFdhA7Zwi221zROAZI ;
MsgType : text ;
Content : 欢迎关注昵多丽环保家居官方微信，系统正在完善中，更多精彩，敬请期待…… ;

2016-06-12 17:10:50 trace :
------------
String:
<xml><ToUserName><![CDATA[gh_173b187cfb81]]></ToUserName>
<FromUserName><![CDATA[ocu1wwag1RhtAQYS3B6y-AiP2vaI]]></FromUserName>
<CreateTime>1465722650</CreateTime>
<MsgType><![CDATA[event]]></MsgType>
<Event><![CDATA[VIEW]]></Event>
<EventKey><![CDATA[http://f.iseasoft.cn/app/index.php?i=10&c=entry&eid=1226]]></EventKey>
<MenuId>428862708</MenuId>
</xml>

2016-06-12 17:10:50 params :
------------
Array:
message : Array ;
module : basic ;
rule : 90 ;
priority : 0 ;
keyword : Array ;

2016-06-12 17:10:50 response :
------------
Array:
FromUserName : gh_173b187cfb81 ;
ToUserName : ocu1wwag1RhtAQYS3B6y-AiP2vaI ;
MsgType : text ;
Content : 您好，欢迎来到玉田网上超市！ ;

2016-06-12 17:44:37 trace :
------------
String:
<xml><ToUserName><![CDATA[gh_173b187cfb81]]></ToUserName>
<FromUserName><![CDATA[ocu1wwag1RhtAQYS3B6y-AiP2vaI]]></FromUserName>
<CreateTime>1465724677</CreateTime>
<MsgType><![CDATA[event]]></MsgType>
<Event><![CDATA[VIEW]]></Event>
<EventKey><![CDATA[http://f.iseasoft.cn/app/index.php?i=10&c=entry&eid=1226]]></EventKey>
<MenuId>428862708</MenuId>
</xml>

2016-06-12 17:44:37 params :
------------
Array:
message : Array ;
module : basic ;
rule : 90 ;
priority : 0 ;
keyword : Array ;

2016-06-12 17:44:37 response :
------------
Array:
FromUserName : gh_173b187cfb81 ;
ToUserName : ocu1wwag1RhtAQYS3B6y-AiP2vaI ;
MsgType : text ;
Content : 您好，欢迎来到玉田网上超市！ ;

2016-06-12 19:30:33 trace :
------------
String:
<xml><ToUserName><![CDATA[gh_173b187cfb81]]></ToUserName>
<FromUserName><![CDATA[ocu1wwS8vYqG_SoXK8jnHedASrCk]]></FromUserName>
<CreateTime>1465731033</CreateTime>
<MsgType><![CDATA[event]]></MsgType>
<Event><![CDATA[VIEW]]></Event>
<EventKey><![CDATA[http://f.iseasoft.cn/app/index.php?i=10&c=entry&eid=1226]]></EventKey>
<MenuId>428862708</MenuId>
</xml>

2016-06-12 19:30:33 params :
------------
Array:
message : Array ;
module : basic ;
rule : 90 ;
priority : 0 ;
keyword : Array ;

2016-06-12 19:30:33 response :
------------
Array:
FromUserName : gh_173b187cfb81 ;
ToUserName : ocu1wwS8vYqG_SoXK8jnHedASrCk ;
MsgType : text ;
Content : 您好，欢迎来到玉田网上超市！ ;

2016-06-12 20:45:28 trace :
------------
String:
<xml><ToUserName><![CDATA[gh_173b187cfb81]]></ToUserName>
<FromUserName><![CDATA[ocu1wwZ4xjTWGceOOWTEP5C7XXYI]]></FromUserName>
<CreateTime>1465735527</CreateTime>
<MsgType><![CDATA[event]]></MsgType>
<Event><![CDATA[VIEW]]></Event>
<EventKey><![CDATA[http://f.iseasoft.cn/app/index.php?i=10&c=entry&eid=1226]]></EventKey>
<MenuId>428862708</MenuId>
</xml>

2016-06-12 20:45:28 params :
------------
Array:
message : Array ;
module : basic ;
rule : 90 ;
priority : 0 ;
keyword : Array ;

2016-06-12 20:45:28 response :
------------
Array:
FromUserName : gh_173b187cfb81 ;
ToUserName : ocu1wwZ4xjTWGceOOWTEP5C7XXYI ;
MsgType : text ;
Content : 您好，欢迎来到玉田网上超市！ ;

2016-06-12 20:47:31 trace :
------------
String:
<xml><ToUserName><![CDATA[gh_173b187cfb81]]></ToUserName>
<FromUserName><![CDATA[ocu1wwZ4xjTWGceOOWTEP5C7XXYI]]></FromUserName>
<CreateTime>1465735651</CreateTime>
<MsgType><![CDATA[event]]></MsgType>
<Event><![CDATA[VIEW]]></Event>
<EventKey><![CDATA[http://mp.weixin.qq.com/s?__biz=MzI0NTQwMzUwNg==&mid=100000001&idx=1&sn=c1f5d4cb7038fbcea35a9c3891e50569&scene=18#rd]]></EventKey>
<MenuId>428862708</MenuId>
</xml>

2016-06-12 20:47:31 params :
------------
Array:
message : Array ;
module : basic ;
rule : 90 ;
priority : 0 ;
keyword : Array ;

2016-06-12 20:47:31 response :
------------
Array:
FromUserName : gh_173b187cfb81 ;
ToUserName : ocu1wwZ4xjTWGceOOWTEP5C7XXYI ;
MsgType : text ;
Content : 您好，欢迎来到玉田网上超市！ ;

2016-06-12 20:47:35 trace :
------------
String:
<xml><ToUserName><![CDATA[gh_173b187cfb81]]></ToUserName>
<FromUserName><![CDATA[ocu1wwZ4xjTWGceOOWTEP5C7XXYI]]></FromUserName>
<CreateTime>1465735655</CreateTime>
<MsgType><![CDATA[event]]></MsgType>
<Event><![CDATA[VIEW]]></Event>
<EventKey><![CDATA[http://f.iseasoft.cn/app/index.php?i=10&c=entry&eid=1226]]></EventKey>
<MenuId>428862708</MenuId>
</xml>

2016-06-12 20:47:35 params :
------------
Array:
message : Array ;
module : basic ;
rule : 90 ;
priority : 0 ;
keyword : Array ;

2016-06-12 20:47:35 response :
------------
Array:
FromUserName : gh_173b187cfb81 ;
ToUserName : ocu1wwZ4xjTWGceOOWTEP5C7XXYI ;
MsgType : text ;
Content : 您好，欢迎来到玉田网上超市！ ;

