2016-07-09 05:53:42 trace :
------------
String:
<xml><ToUserName><![CDATA[gh_698b7dfb6a39]]></ToUserName>
<FromUserName><![CDATA[oHQrCuOblECiusOwYdKvFtLHAZ_M]]></FromUserName>
<CreateTime>1468014821</CreateTime>
<MsgType><![CDATA[event]]></MsgType>
<Event><![CDATA[unsubscribe]]></Event>
<EventKey><![CDATA[]]></EventKey>
</xml>

2016-07-09 07:24:29 trace :
------------
String:
<xml><ToUserName><![CDATA[gh_698b7dfb6a39]]></ToUserName>
<FromUserName><![CDATA[oHQrCuHtWXKTB8TeD_8xsv-SQKHk]]></FromUserName>
<CreateTime>1468020268</CreateTime>
<MsgType><![CDATA[event]]></MsgType>
<Event><![CDATA[unsubscribe]]></Event>
<EventKey><![CDATA[]]></EventKey>
</xml>

2016-07-09 09:01:05 trace :
------------
String:
<xml><ToUserName><![CDATA[gh_698b7dfb6a39]]></ToUserName>
<FromUserName><![CDATA[oHQrCuBGGixlxWbSHAiWNll2FTQQ]]></FromUserName>
<CreateTime>1468026065</CreateTime>
<MsgType><![CDATA[event]]></MsgType>
<Event><![CDATA[unsubscribe]]></Event>
<EventKey><![CDATA[]]></EventKey>
</xml>

2016-07-09 10:37:18 trace :
------------
String:
<xml><ToUserName><![CDATA[gh_698b7dfb6a39]]></ToUserName>
<FromUserName><![CDATA[oHQrCuIZZeDpusNKVv3s9oOWXUwI]]></FromUserName>
<CreateTime>1468031838</CreateTime>
<MsgType><![CDATA[event]]></MsgType>
<Event><![CDATA[unsubscribe]]></Event>
<EventKey><![CDATA[]]></EventKey>
</xml>

2016-07-09 11:00:45 trace :
------------
String:
<xml><ToUserName><![CDATA[gh_698b7dfb6a39]]></ToUserName>
<FromUserName><![CDATA[oHQrCuJ2VKiaN_Pbc1QxIz-gBnAQ]]></FromUserName>
<CreateTime>1468033245</CreateTime>
<MsgType><![CDATA[event]]></MsgType>
<Event><![CDATA[unsubscribe]]></Event>
<EventKey><![CDATA[]]></EventKey>
</xml>

2016-07-09 12:12:48 trace :
------------
String:
<xml><ToUserName><![CDATA[gh_698b7dfb6a39]]></ToUserName>
<FromUserName><![CDATA[oHQrCuEEGyx3Zv8qva02jOKwdC2U]]></FromUserName>
<CreateTime>1468037568</CreateTime>
<MsgType><![CDATA[event]]></MsgType>
<Event><![CDATA[VIEW]]></Event>
<EventKey><![CDATA[http://wxgx.iseasoft.cn/app/index.php?i=3&c=entry&eid=1226]]></EventKey>
<MenuId>448611809</MenuId>
</xml>

2016-07-09 12:12:48 params :
------------
Array:
rule : -2 ;
module :  ;
message : Array ;

2016-07-09 12:12:48 response :
------------

2016-07-09 12:13:01 trace :
------------
String:
<xml><ToUserName><![CDATA[gh_698b7dfb6a39]]></ToUserName>
<FromUserName><![CDATA[oHQrCuEEGyx3Zv8qva02jOKwdC2U]]></FromUserName>
<CreateTime>1468037580</CreateTime>
<MsgType><![CDATA[text]]></MsgType>
<Content><![CDATA[分销]]></Content>
<MsgId>6305173395847606259</MsgId>
</xml>

2016-07-09 12:13:01 params :
------------
Array:
message : Array ;
module : cover ;
rule : 83 ;
priority : 0 ;
keyword : Array ;

2016-07-09 12:13:01 response :
------------
Array:
FromUserName : gh_698b7dfb6a39 ;
ToUserName : oHQrCuEEGyx3Zv8qva02jOKwdC2U ;
MsgType : news ;
ArticleCount : 1 ;
Articles : Array ;

2016-07-09 12:13:11 trace :
------------
String:
<xml><ToUserName><![CDATA[gh_698b7dfb6a39]]></ToUserName>
<FromUserName><![CDATA[oHQrCuEEGyx3Zv8qva02jOKwdC2U]]></FromUserName>
<CreateTime>1468037591</CreateTime>
<MsgType><![CDATA[event]]></MsgType>
<Event><![CDATA[VIEW]]></Event>
<EventKey><![CDATA[http://wxgx.iseasoft.cn/app/index.php?i=3&c=entry&eid=1226]]></EventKey>
<MenuId>448611809</MenuId>
</xml>

2016-07-09 12:13:11 params :
------------
Array:
rule : -2 ;
module :  ;
message : Array ;

2016-07-09 12:13:11 response :
------------

2016-07-09 12:13:30 trace :
------------
String:
<xml><ToUserName><![CDATA[gh_698b7dfb6a39]]></ToUserName>
<FromUserName><![CDATA[oHQrCuEEGyx3Zv8qva02jOKwdC2U]]></FromUserName>
<CreateTime>1468037610</CreateTime>
<MsgType><![CDATA[event]]></MsgType>
<Event><![CDATA[VIEW]]></Event>
<EventKey><![CDATA[http://wxgx.iseasoft.cn/app/index.php?i=3&c=entry&eid=1230]]></EventKey>
<MenuId>448611809</MenuId>
</xml>

2016-07-09 12:13:30 params :
------------
Array:
rule : -2 ;
module :  ;
message : Array ;

2016-07-09 12:13:30 response :
------------

2016-07-09 12:13:38 trace :
------------
String:
<xml><ToUserName><![CDATA[gh_698b7dfb6a39]]></ToUserName>
<FromUserName><![CDATA[oHQrCuEEGyx3Zv8qva02jOKwdC2U]]></FromUserName>
<CreateTime>1468037617</CreateTime>
<MsgType><![CDATA[event]]></MsgType>
<Event><![CDATA[VIEW]]></Event>
<EventKey><![CDATA[http://wxgx.iseasoft.cn/app/index.php?i=3&c=entry&eid=1226]]></EventKey>
<MenuId>448611809</MenuId>
</xml>

2016-07-09 12:13:38 params :
------------
Array:
rule : -2 ;
module :  ;
message : Array ;

2016-07-09 12:13:38 response :
------------

2016-07-09 12:13:44 trace :
------------
String:
<xml><ToUserName><![CDATA[gh_698b7dfb6a39]]></ToUserName>
<FromUserName><![CDATA[oHQrCuEEGyx3Zv8qva02jOKwdC2U]]></FromUserName>
<CreateTime>1468037624</CreateTime>
<MsgType><![CDATA[event]]></MsgType>
<Event><![CDATA[VIEW]]></Event>
<EventKey><![CDATA[http://wxgx.iseasoft.cn/app/index.php?i=3&c=entry&p=commission&m=sea&do=plugin]]></EventKey>
<MenuId>448611809</MenuId>
</xml>

2016-07-09 12:13:44 params :
------------
Array:
rule : -2 ;
module :  ;
message : Array ;

2016-07-09 12:13:44 response :
------------

2016-07-09 12:13:49 trace :
------------
String:
<xml><ToUserName><![CDATA[gh_698b7dfb6a39]]></ToUserName>
<FromUserName><![CDATA[oHQrCuEEGyx3Zv8qva02jOKwdC2U]]></FromUserName>
<CreateTime>1468037629</CreateTime>
<MsgType><![CDATA[event]]></MsgType>
<Event><![CDATA[VIEW]]></Event>
<EventKey><![CDATA[http://mp.weixin.qq.com/s?__biz=MzA5OTcyNDMxNw==&tempkey=YpxN5NeOGVRfJcE%2B2Lw7H6RZUaryrfdejYSBc4BYLEjQ6YL%2BYnuPPqpRUPt24uDMQNO%2FSA5yJB9zMWVgQaDl66GUzYkpZY98PLlwpMMKqlTBBzKRLe%2FPKVU83MnIEM1OeESr48zRfUyoZDtRTBKBnA%3D%3D&#rd]]></EventKey>
<MenuId>448611809</MenuId>
</xml>

2016-07-09 12:13:49 params :
------------
Array:
rule : -2 ;
module :  ;
message : Array ;

2016-07-09 12:13:49 response :
------------

2016-07-09 12:13:53 trace :
------------
String:
<xml><ToUserName><![CDATA[gh_698b7dfb6a39]]></ToUserName>
<FromUserName><![CDATA[oHQrCuEEGyx3Zv8qva02jOKwdC2U]]></FromUserName>
<CreateTime>1468037633</CreateTime>
<MsgType><![CDATA[event]]></MsgType>
<Event><![CDATA[VIEW]]></Event>
<EventKey><![CDATA[http://mp.weixin.qq.com/s?__biz=MzA5OTcyNDMxNw==&tempkey=YpxN5NeOGVRfJcE%2B2Lw7H6RZUaryrfdejYSBc4BYLEjQ6YL%2BYnuPPqpRUPt24uDMQNO%2FSA5yJB9zMWVgQaDl66GUzYkpZY98PLlwpMMKqlTBBzKRLe%2FPKVU83MnIEM1OeESr48zRfUyoZDtRTBKBnA%3D%3D&#rd]]></EventKey>
<MenuId>448611809</MenuId>
</xml>

2016-07-09 12:13:53 params :
------------
Array:
rule : -2 ;
module :  ;
message : Array ;

2016-07-09 12:13:53 response :
------------

2016-07-09 12:13:56 trace :
------------
String:
<xml><ToUserName><![CDATA[gh_698b7dfb6a39]]></ToUserName>
<FromUserName><![CDATA[oHQrCuEEGyx3Zv8qva02jOKwdC2U]]></FromUserName>
<CreateTime>1468037636</CreateTime>
<MsgType><![CDATA[event]]></MsgType>
<Event><![CDATA[VIEW]]></Event>
<EventKey><![CDATA[http://mp.weixin.qq.com/s?__biz=MzA5OTcyNDMxNw==&tempkey=YpxN5NeOGVRfJcE%2B2Lw7H6RZUaryrfdejYSBc4BYLEhZMZPb1vZLeCr0Zc%2BbMpUZAoDm3W0pAV7cXlgmgK8HKI8eTwK3aST5Pft9prT6nsrBBzKRLe%2FPKVU83MnIEM1OEFqKMf5KvymYIXYt6ud5Jw%3D%3D&#rd]]></EventKey>
<MenuId>448611809</MenuId>
</xml>

2016-07-09 12:13:56 params :
------------
Array:
rule : -2 ;
module :  ;
message : Array ;

2016-07-09 12:13:56 response :
------------

2016-07-09 12:16:52 trace :
------------
String:
<xml><ToUserName><![CDATA[gh_698b7dfb6a39]]></ToUserName>
<FromUserName><![CDATA[oHQrCuEEGyx3Zv8qva02jOKwdC2U]]></FromUserName>
<CreateTime>1468037812</CreateTime>
<MsgType><![CDATA[event]]></MsgType>
<Event><![CDATA[VIEW]]></Event>
<EventKey><![CDATA[http://wxgx.iseasoft.cn/app/index.php?i=3&c=entry&eid=1226]]></EventKey>
<MenuId>448611809</MenuId>
</xml>

2016-07-09 12:16:52 params :
------------
Array:
rule : -2 ;
module :  ;
message : Array ;

2016-07-09 12:16:52 response :
------------

2016-07-09 12:17:23 trace :
------------
String:
<xml><ToUserName><![CDATA[gh_698b7dfb6a39]]></ToUserName>
<FromUserName><![CDATA[oHQrCuEEGyx3Zv8qva02jOKwdC2U]]></FromUserName>
<CreateTime>1468037843</CreateTime>
<MsgType><![CDATA[event]]></MsgType>
<Event><![CDATA[VIEW]]></Event>
<EventKey><![CDATA[http://wxgx.iseasoft.cn/app/index.php?i=3&c=entry&eid=1226]]></EventKey>
<MenuId>448611809</MenuId>
</xml>

2016-07-09 12:17:23 params :
------------
Array:
rule : -2 ;
module :  ;
message : Array ;

2016-07-09 12:17:23 response :
------------

2016-07-09 12:17:29 trace :
------------
String:
<xml><ToUserName><![CDATA[gh_698b7dfb6a39]]></ToUserName>
<FromUserName><![CDATA[oHQrCuEEGyx3Zv8qva02jOKwdC2U]]></FromUserName>
<CreateTime>1468037849</CreateTime>
<MsgType><![CDATA[event]]></MsgType>
<Event><![CDATA[VIEW]]></Event>
<EventKey><![CDATA[http://wxgx.iseasoft.cn/app/index.php?i=3&c=entry&p=commission&m=sea&do=plugin]]></EventKey>
<MenuId>448611809</MenuId>
</xml>

2016-07-09 12:17:29 params :
------------
Array:
rule : -2 ;
module :  ;
message : Array ;

2016-07-09 12:17:29 response :
------------

2016-07-09 12:18:08 trace :
------------
String:
<xml><ToUserName><![CDATA[gh_698b7dfb6a39]]></ToUserName>
<FromUserName><![CDATA[oHQrCuEEGyx3Zv8qva02jOKwdC2U]]></FromUserName>
<CreateTime>1468037888</CreateTime>
<MsgType><![CDATA[event]]></MsgType>
<Event><![CDATA[VIEW]]></Event>
<EventKey><![CDATA[http://wxgx.iseasoft.cn/app/index.php?i=3&c=entry&p=commission&m=sea&do=plugin]]></EventKey>
<MenuId>448611809</MenuId>
</xml>

2016-07-09 12:18:08 params :
------------
Array:
rule : -2 ;
module :  ;
message : Array ;

2016-07-09 12:18:08 response :
------------

2016-07-09 12:58:14 trace :
------------
String:
<xml><ToUserName><![CDATA[gh_698b7dfb6a39]]></ToUserName>
<FromUserName><![CDATA[oHQrCuEEGyx3Zv8qva02jOKwdC2U]]></FromUserName>
<CreateTime>1468040294</CreateTime>
<MsgType><![CDATA[event]]></MsgType>
<Event><![CDATA[VIEW]]></Event>
<EventKey><![CDATA[http://wxgx.iseasoft.cn/app/index.php?i=3&c=entry&eid=1226]]></EventKey>
<MenuId>448611809</MenuId>
</xml>

2016-07-09 12:58:14 params :
------------
Array:
rule : -2 ;
module :  ;
message : Array ;

2016-07-09 12:58:14 response :
------------

2016-07-09 12:58:31 trace :
------------
String:
<xml><ToUserName><![CDATA[gh_698b7dfb6a39]]></ToUserName>
<FromUserName><![CDATA[oHQrCuEEGyx3Zv8qva02jOKwdC2U]]></FromUserName>
<CreateTime>1468040311</CreateTime>
<MsgType><![CDATA[text]]></MsgType>
<Content><![CDATA[欧邦眼镜]]></Content>
<MsgId>6305185125403292324</MsgId>
</xml>

2016-07-09 12:58:31 params :
------------
Array:
rule : -2 ;
module :  ;
message : Array ;

2016-07-09 12:58:31 response :
------------

2016-07-09 12:58:40 trace :
------------
String:
<xml><ToUserName><![CDATA[gh_698b7dfb6a39]]></ToUserName>
<FromUserName><![CDATA[oHQrCuEEGyx3Zv8qva02jOKwdC2U]]></FromUserName>
<CreateTime>1468040319</CreateTime>
<MsgType><![CDATA[text]]></MsgType>
<Content><![CDATA[太阳镜]]></Content>
<MsgId>6305185159763030694</MsgId>
</xml>

2016-07-09 12:58:40 params :
------------
Array:
rule : -2 ;
module :  ;
message : Array ;

2016-07-09 12:58:40 response :
------------

2016-07-09 12:59:08 trace :
------------
String:
<xml><ToUserName><![CDATA[gh_698b7dfb6a39]]></ToUserName>
<FromUserName><![CDATA[oHQrCuEEGyx3Zv8qva02jOKwdC2U]]></FromUserName>
<CreateTime>1468040348</CreateTime>
<MsgType><![CDATA[text]]></MsgType>
<Content><![CDATA[太阳镜]]></Content>
<MsgId>6305185284317082285</MsgId>
</xml>

2016-07-09 12:59:08 params :
------------
Array:
rule : -2 ;
module :  ;
message : Array ;

2016-07-09 12:59:08 response :
------------

2016-07-09 12:59:17 trace :
------------
String:
<xml><ToUserName><![CDATA[gh_698b7dfb6a39]]></ToUserName>
<FromUserName><![CDATA[oHQrCuEEGyx3Zv8qva02jOKwdC2U]]></FromUserName>
<CreateTime>1468040357</CreateTime>
<MsgType><![CDATA[text]]></MsgType>
<Content><![CDATA[太阳]]></Content>
<MsgId>6305185322971787954</MsgId>
</xml>

2016-07-09 12:59:17 params :
------------
Array:
rule : -2 ;
module :  ;
message : Array ;

2016-07-09 12:59:17 response :
------------

2016-07-09 12:59:30 trace :
------------
String:
<xml><ToUserName><![CDATA[gh_698b7dfb6a39]]></ToUserName>
<FromUserName><![CDATA[oHQrCuEEGyx3Zv8qva02jOKwdC2U]]></FromUserName>
<CreateTime>1468040370</CreateTime>
<MsgType><![CDATA[text]]></MsgType>
<Content><![CDATA[测试]]></Content>
<MsgId>6305185378806362803</MsgId>
</xml>

2016-07-09 12:59:30 params :
------------
Array:
rule : -2 ;
module :  ;
message : Array ;

2016-07-09 12:59:30 response :
------------

2016-07-09 12:59:36 trace :
------------
String:
<xml><ToUserName><![CDATA[gh_698b7dfb6a39]]></ToUserName>
<FromUserName><![CDATA[oHQrCuEEGyx3Zv8qva02jOKwdC2U]]></FromUserName>
<CreateTime>1468040375</CreateTime>
<MsgType><![CDATA[text]]></MsgType>
<Content><![CDATA[欧邦]]></Content>
<MsgId>6305185400281199287</MsgId>
</xml>

2016-07-09 12:59:36 params :
------------
Array:
message : Array ;
module : news ;
rule : 84 ;
priority : 0 ;
keyword : Array ;

2016-07-09 12:59:36 response :
------------
Array:
FromUserName : gh_698b7dfb6a39 ;
ToUserName : oHQrCuEEGyx3Zv8qva02jOKwdC2U ;
MsgType : news ;
ArticleCount : 1 ;
Articles : Array ;

2016-07-09 12:59:42 trace :
------------
String:
<xml><ToUserName><![CDATA[gh_698b7dfb6a39]]></ToUserName>
<FromUserName><![CDATA[oHQrCuEEGyx3Zv8qva02jOKwdC2U]]></FromUserName>
<CreateTime>1468040382</CreateTime>
<MsgType><![CDATA[text]]></MsgType>
<Content><![CDATA[欧邦]]></Content>
<MsgId>6305185430345970362</MsgId>
</xml>

2016-07-09 12:59:42 params :
------------
Array:
message : Array ;
module : news ;
rule : 84 ;
priority : 0 ;
keyword : Array ;

2016-07-09 12:59:42 response :
------------
Array:
FromUserName : gh_698b7dfb6a39 ;
ToUserName : oHQrCuEEGyx3Zv8qva02jOKwdC2U ;
MsgType : news ;
ArticleCount : 1 ;
Articles : Array ;

2016-07-09 14:08:06 trace :
------------
String:
<xml><ToUserName><![CDATA[gh_698b7dfb6a39]]></ToUserName>
<FromUserName><![CDATA[oHQrCuEEGyx3Zv8qva02jOKwdC2U]]></FromUserName>
<CreateTime>1468044486</CreateTime>
<MsgType><![CDATA[text]]></MsgType>
<Content><![CDATA[欧邦]]></Content>
<MsgId>6305203056891753899</MsgId>
</xml>

2016-07-09 14:08:06 params :
------------
Array:
message : Array ;
module : news ;
rule : 84 ;
priority : 0 ;
keyword : Array ;

2016-07-09 14:08:06 response :
------------
Array:
FromUserName : gh_698b7dfb6a39 ;
ToUserName : oHQrCuEEGyx3Zv8qva02jOKwdC2U ;
MsgType : news ;
ArticleCount : 1 ;
Articles : Array ;

2016-07-09 14:25:10 trace :
------------
String:
<xml><ToUserName><![CDATA[gh_698b7dfb6a39]]></ToUserName>
<FromUserName><![CDATA[oHQrCuP-IYZ-em6IY00bVSynlMPM]]></FromUserName>
<CreateTime>1468045510</CreateTime>
<MsgType><![CDATA[event]]></MsgType>
<Event><![CDATA[MASSSENDJOBFINISH]]></Event>
<MsgID>1000000002</MsgID>
<Status><![CDATA[send success]]></Status>
<TotalCount>3927</TotalCount>
<FilterCount>3927</FilterCount>
<SentCount>3927</SentCount>
<ErrorCount>0</ErrorCount>
</xml>

2016-07-09 14:25:10 params :
------------
Array:
rule : -2 ;
module :  ;
message : Array ;

2016-07-09 14:25:10 response :
------------

2016-07-09 14:25:16 trace :
------------
String:
<xml><ToUserName><![CDATA[gh_698b7dfb6a39]]></ToUserName>
<FromUserName><![CDATA[oHQrCuGL4XEuBcgtfAIrYIo3HPZE]]></FromUserName>
<CreateTime>1468045516</CreateTime>
<MsgType><![CDATA[event]]></MsgType>
<Event><![CDATA[unsubscribe]]></Event>
<EventKey><![CDATA[]]></EventKey>
</xml>

2016-07-09 14:25:17 trace :
------------
String:
<xml><ToUserName><![CDATA[gh_698b7dfb6a39]]></ToUserName>
<FromUserName><![CDATA[oHQrCuOpC6rC41zTXJuS_26EiFLc]]></FromUserName>
<CreateTime>1468045516</CreateTime>
<MsgType><![CDATA[event]]></MsgType>
<Event><![CDATA[unsubscribe]]></Event>
<EventKey><![CDATA[]]></EventKey>
</xml>

2016-07-09 14:25:53 trace :
------------
String:
<xml><ToUserName><![CDATA[gh_698b7dfb6a39]]></ToUserName>
<FromUserName><![CDATA[oHQrCuGDufgOxR8oWWqf7Si_sZxk]]></FromUserName>
<CreateTime>1468045553</CreateTime>
<MsgType><![CDATA[event]]></MsgType>
<Event><![CDATA[unsubscribe]]></Event>
<EventKey><![CDATA[]]></EventKey>
</xml>

2016-07-09 14:29:28 trace :
------------
String:
<xml><ToUserName><![CDATA[gh_698b7dfb6a39]]></ToUserName>
<FromUserName><![CDATA[oHQrCuAhNDNWS1MpaVNlXdBchznc]]></FromUserName>
<CreateTime>1468045768</CreateTime>
<MsgType><![CDATA[event]]></MsgType>
<Event><![CDATA[unsubscribe]]></Event>
<EventKey><![CDATA[]]></EventKey>
</xml>

2016-07-09 14:30:17 trace :
------------
String:
<xml><ToUserName><![CDATA[gh_698b7dfb6a39]]></ToUserName>
<FromUserName><![CDATA[oHQrCuGkuu84-j7aNqFgb1_6We58]]></FromUserName>
<CreateTime>1468045817</CreateTime>
<MsgType><![CDATA[event]]></MsgType>
<Event><![CDATA[unsubscribe]]></Event>
<EventKey><![CDATA[]]></EventKey>
</xml>

2016-07-09 14:32:01 trace :
------------
String:
<xml><ToUserName><![CDATA[gh_698b7dfb6a39]]></ToUserName>
<FromUserName><![CDATA[oHQrCuNzFlos8l2F5DnVIjm-hCq8]]></FromUserName>
<CreateTime>1468045921</CreateTime>
<MsgType><![CDATA[event]]></MsgType>
<Event><![CDATA[unsubscribe]]></Event>
<EventKey><![CDATA[]]></EventKey>
</xml>

2016-07-09 14:32:42 trace :
------------
String:
<xml><ToUserName><![CDATA[gh_698b7dfb6a39]]></ToUserName>
<FromUserName><![CDATA[oHQrCuAZwdz2uVg3xkcCV35WQ5ko]]></FromUserName>
<CreateTime>1468045962</CreateTime>
<MsgType><![CDATA[event]]></MsgType>
<Event><![CDATA[unsubscribe]]></Event>
<EventKey><![CDATA[]]></EventKey>
</xml>

2016-07-09 14:33:11 trace :
------------
String:
<xml><ToUserName><![CDATA[gh_698b7dfb6a39]]></ToUserName>
<FromUserName><![CDATA[oHQrCuLgL4IDJ8khFjRWSxKB-jBs]]></FromUserName>
<CreateTime>1468045991</CreateTime>
<MsgType><![CDATA[event]]></MsgType>
<Event><![CDATA[unsubscribe]]></Event>
<EventKey><![CDATA[]]></EventKey>
</xml>

2016-07-09 14:33:46 trace :
------------
String:
<xml><ToUserName><![CDATA[gh_698b7dfb6a39]]></ToUserName>
<FromUserName><![CDATA[oHQrCuLgL4IDJ8khFjRWSxKB-jBs]]></FromUserName>
<CreateTime>1468046026</CreateTime>
<MsgType><![CDATA[event]]></MsgType>
<Event><![CDATA[subscribe]]></Event>
<EventKey><![CDATA[]]></EventKey>
</xml>

2016-07-09 14:33:46 params :
------------
Array:
rule : -2 ;
module :  ;
message : Array ;

2016-07-09 14:33:46 response :
------------

2016-07-09 14:33:54 trace :
------------
String:
<xml><ToUserName><![CDATA[gh_698b7dfb6a39]]></ToUserName>
<FromUserName><![CDATA[oHQrCuHMzMS7iC5sL5bCKE8jbSE0]]></FromUserName>
<CreateTime>1468046034</CreateTime>
<MsgType><![CDATA[event]]></MsgType>
<Event><![CDATA[VIEW]]></Event>
<EventKey><![CDATA[http://wxgx.iseasoft.cn/app/index.php?i=3&c=entry&eid=1226]]></EventKey>
<MenuId>448611809</MenuId>
</xml>

2016-07-09 14:33:54 params :
------------
Array:
rule : -2 ;
module :  ;
message : Array ;

2016-07-09 14:33:54 response :
------------

2016-07-09 14:33:54 trace :
------------
String:
<xml><ToUserName><![CDATA[gh_698b7dfb6a39]]></ToUserName>
<FromUserName><![CDATA[oHQrCuEhjp7X0S6fHa4seYCk20GE]]></FromUserName>
<CreateTime>1468046034</CreateTime>
<MsgType><![CDATA[event]]></MsgType>
<Event><![CDATA[unsubscribe]]></Event>
<EventKey><![CDATA[]]></EventKey>
</xml>

2016-07-09 14:33:55 trace :
------------
String:
<xml><ToUserName><![CDATA[gh_698b7dfb6a39]]></ToUserName>
<FromUserName><![CDATA[oHQrCuLgL4IDJ8khFjRWSxKB-jBs]]></FromUserName>
<CreateTime>1468046035</CreateTime>
<MsgType><![CDATA[event]]></MsgType>
<Event><![CDATA[VIEW]]></Event>
<EventKey><![CDATA[http://wxgx.iseasoft.cn/app/index.php?i=3&c=entry&eid=1226]]></EventKey>
<MenuId>448611809</MenuId>
</xml>

2016-07-09 14:33:55 params :
------------
Array:
rule : -2 ;
module :  ;
message : Array ;

2016-07-09 14:33:55 response :
------------

2016-07-09 14:34:18 trace :
------------
String:
<xml><ToUserName><![CDATA[gh_698b7dfb6a39]]></ToUserName>
<FromUserName><![CDATA[oHQrCuNj-RHpR4K39apW32MY2Xs4]]></FromUserName>
<CreateTime>1468046057</CreateTime>
<MsgType><![CDATA[event]]></MsgType>
<Event><![CDATA[unsubscribe]]></Event>
<EventKey><![CDATA[]]></EventKey>
</xml>

2016-07-09 14:34:21 trace :
------------
String:
<xml><ToUserName><![CDATA[gh_698b7dfb6a39]]></ToUserName>
<FromUserName><![CDATA[oHQrCuNj-RHpR4K39apW32MY2Xs4]]></FromUserName>
<CreateTime>1468046061</CreateTime>
<MsgType><![CDATA[event]]></MsgType>
<Event><![CDATA[VIEW]]></Event>
<EventKey><![CDATA[http://wxgx.iseasoft.cn/app/index.php?i=3&c=entry&eid=1226]]></EventKey>
<MenuId>448611809</MenuId>
</xml>

2016-07-09 14:34:21 params :
------------
Array:
rule : -2 ;
module :  ;
message : Array ;

2016-07-09 14:34:21 response :
------------

2016-07-09 14:34:23 trace :
------------
String:
<xml><ToUserName><![CDATA[gh_698b7dfb6a39]]></ToUserName>
<FromUserName><![CDATA[oHQrCuLgL4IDJ8khFjRWSxKB-jBs]]></FromUserName>
<CreateTime>1468046063</CreateTime>
<MsgType><![CDATA[event]]></MsgType>
<Event><![CDATA[VIEW]]></Event>
<EventKey><![CDATA[http://wxgx.iseasoft.cn/app/index.php?i=3&c=entry&eid=1226]]></EventKey>
<MenuId>448611809</MenuId>
</xml>

2016-07-09 14:34:23 params :
------------
Array:
rule : -2 ;
module :  ;
message : Array ;

2016-07-09 14:34:23 response :
------------

2016-07-09 14:34:27 trace :
------------
String:
<xml><ToUserName><![CDATA[gh_698b7dfb6a39]]></ToUserName>
<FromUserName><![CDATA[oHQrCuEEGyx3Zv8qva02jOKwdC2U]]></FromUserName>
<CreateTime>1468046067</CreateTime>
<MsgType><![CDATA[event]]></MsgType>
<Event><![CDATA[VIEW]]></Event>
<EventKey><![CDATA[http://wxgx.iseasoft.cn/app/index.php?i=3&c=entry&eid=1226]]></EventKey>
<MenuId>448611809</MenuId>
</xml>

2016-07-09 14:34:27 params :
------------
Array:
rule : -2 ;
module :  ;
message : Array ;

2016-07-09 14:34:27 response :
------------

2016-07-09 14:34:28 trace :
------------
String:
<xml><ToUserName><![CDATA[gh_698b7dfb6a39]]></ToUserName>
<FromUserName><![CDATA[oHQrCuHMzMS7iC5sL5bCKE8jbSE0]]></FromUserName>
<CreateTime>1468046068</CreateTime>
<MsgType><![CDATA[event]]></MsgType>
<Event><![CDATA[unsubscribe]]></Event>
<EventKey><![CDATA[]]></EventKey>
</xml>

2016-07-09 14:34:37 trace :
------------
String:
<xml><ToUserName><![CDATA[gh_698b7dfb6a39]]></ToUserName>
<FromUserName><![CDATA[oHQrCuHXITOLcCUSyXqWPyE84sDQ]]></FromUserName>
<CreateTime>1468046076</CreateTime>
<MsgType><![CDATA[event]]></MsgType>
<Event><![CDATA[unsubscribe]]></Event>
<EventKey><![CDATA[]]></EventKey>
</xml>

2016-07-09 14:35:30 trace :
------------
String:
<xml><ToUserName><![CDATA[gh_698b7dfb6a39]]></ToUserName>
<FromUserName><![CDATA[oHQrCuNj-RHpR4K39apW32MY2Xs4]]></FromUserName>
<CreateTime>1468046130</CreateTime>
<MsgType><![CDATA[event]]></MsgType>
<Event><![CDATA[VIEW]]></Event>
<EventKey><![CDATA[http://wxgx.iseasoft.cn/app/index.php?i=3&c=entry&eid=1226]]></EventKey>
<MenuId>448611809</MenuId>
</xml>

2016-07-09 14:35:30 params :
------------
Array:
rule : -2 ;
module :  ;
message : Array ;

2016-07-09 14:35:30 response :
------------

2016-07-09 14:35:43 trace :
------------
String:
<xml><ToUserName><![CDATA[gh_698b7dfb6a39]]></ToUserName>
<FromUserName><![CDATA[oHQrCuNYJfLfr0L31GRHv2GZAx04]]></FromUserName>
<CreateTime>1468046143</CreateTime>
<MsgType><![CDATA[event]]></MsgType>
<Event><![CDATA[VIEW]]></Event>
<EventKey><![CDATA[http://wxgx.iseasoft.cn/app/index.php?i=3&c=entry&eid=1226]]></EventKey>
<MenuId>448611809</MenuId>
</xml>

2016-07-09 14:35:43 params :
------------
Array:
rule : -2 ;
module :  ;
message : Array ;

2016-07-09 14:35:43 response :
------------

2016-07-09 14:35:50 trace :
------------
String:
<xml><ToUserName><![CDATA[gh_698b7dfb6a39]]></ToUserName>
<FromUserName><![CDATA[oHQrCuNj-RHpR4K39apW32MY2Xs4]]></FromUserName>
<CreateTime>1468046149</CreateTime>
<MsgType><![CDATA[event]]></MsgType>
<Event><![CDATA[subscribe]]></Event>
<EventKey><![CDATA[]]></EventKey>
</xml>

2016-07-09 14:35:50 params :
------------
Array:
rule : -2 ;
module :  ;
message : Array ;

2016-07-09 14:35:50 response :
------------

2016-07-09 14:36:00 trace :
------------
String:
<xml><ToUserName><![CDATA[gh_698b7dfb6a39]]></ToUserName>
<FromUserName><![CDATA[oHQrCuLgL4IDJ8khFjRWSxKB-jBs]]></FromUserName>
<CreateTime>1468046160</CreateTime>
<MsgType><![CDATA[event]]></MsgType>
<Event><![CDATA[unsubscribe]]></Event>
<EventKey><![CDATA[]]></EventKey>
</xml>

2016-07-09 14:36:27 trace :
------------
String:
<xml><ToUserName><![CDATA[gh_698b7dfb6a39]]></ToUserName>
<FromUserName><![CDATA[oHQrCuNj-RHpR4K39apW32MY2Xs4]]></FromUserName>
<CreateTime>1468046187</CreateTime>
<MsgType><![CDATA[event]]></MsgType>
<Event><![CDATA[unsubscribe]]></Event>
<EventKey><![CDATA[]]></EventKey>
</xml>

2016-07-09 14:37:32 trace :
------------
String:
<xml><ToUserName><![CDATA[gh_698b7dfb6a39]]></ToUserName>
<FromUserName><![CDATA[oHQrCuGCWKEBZTV_ZCnmExlRRMX4]]></FromUserName>
<CreateTime>1468046252</CreateTime>
<MsgType><![CDATA[event]]></MsgType>
<Event><![CDATA[unsubscribe]]></Event>
<EventKey><![CDATA[]]></EventKey>
</xml>

2016-07-09 14:37:58 trace :
------------
String:
<xml><ToUserName><![CDATA[gh_698b7dfb6a39]]></ToUserName>
<FromUserName><![CDATA[oHQrCuEEGyx3Zv8qva02jOKwdC2U]]></FromUserName>
<CreateTime>1468046278</CreateTime>
<MsgType><![CDATA[event]]></MsgType>
<Event><![CDATA[unsubscribe]]></Event>
<EventKey><![CDATA[]]></EventKey>
</xml>

2016-07-09 14:38:17 trace :
------------
String:
<xml><ToUserName><![CDATA[gh_698b7dfb6a39]]></ToUserName>
<FromUserName><![CDATA[oHQrCuEEGyx3Zv8qva02jOKwdC2U]]></FromUserName>
<CreateTime>1468046297</CreateTime>
<MsgType><![CDATA[event]]></MsgType>
<Event><![CDATA[subscribe]]></Event>
<EventKey><![CDATA[]]></EventKey>
</xml>

2016-07-09 14:38:17 params :
------------
Array:
rule : -2 ;
module :  ;
message : Array ;

2016-07-09 14:38:17 response :
------------

2016-07-09 14:38:19 trace :
------------
String:
<xml><ToUserName><![CDATA[gh_698b7dfb6a39]]></ToUserName>
<FromUserName><![CDATA[oHQrCuEEGyx3Zv8qva02jOKwdC2U]]></FromUserName>
<CreateTime>1468046299</CreateTime>
<MsgType><![CDATA[event]]></MsgType>
<Event><![CDATA[VIEW]]></Event>
<EventKey><![CDATA[http://wxgx.iseasoft.cn/app/index.php?i=3&c=entry&eid=1226]]></EventKey>
<MenuId>448611809</MenuId>
</xml>

2016-07-09 14:38:19 params :
------------
Array:
rule : -2 ;
module :  ;
message : Array ;

2016-07-09 14:38:19 response :
------------

2016-07-09 14:41:09 trace :
------------
String:
<xml><ToUserName><![CDATA[gh_698b7dfb6a39]]></ToUserName>
<FromUserName><![CDATA[oHQrCuEEGyx3Zv8qva02jOKwdC2U]]></FromUserName>
<CreateTime>1468046469</CreateTime>
<MsgType><![CDATA[event]]></MsgType>
<Event><![CDATA[VIEW]]></Event>
<EventKey><![CDATA[http://mp.weixin.qq.com/s?__biz=MzA5OTcyNDMxNw==&tempkey=YpxN5NeOGVRfJcE%2B2Lw7H6RZUaryrfdejYSBc4BYLEhZMZPb1vZLeCr0Zc%2BbMpUZAoDm3W0pAV7cXlgmgK8HKI8eTwK3aST5Pft9prT6nsrBBzKRLe%2FPKVU83MnIEM1OEFqKMf5KvymYIXYt6ud5Jw%3D%3D&#rd]]></EventKey>
<MenuId>448611809</MenuId>
</xml>

2016-07-09 14:41:09 params :
------------
Array:
rule : -2 ;
module :  ;
message : Array ;

2016-07-09 14:41:09 response :
------------

2016-07-09 14:41:12 trace :
------------
String:
<xml><ToUserName><![CDATA[gh_698b7dfb6a39]]></ToUserName>
<FromUserName><![CDATA[oHQrCuEEGyx3Zv8qva02jOKwdC2U]]></FromUserName>
<CreateTime>1468046471</CreateTime>
<MsgType><![CDATA[event]]></MsgType>
<Event><![CDATA[VIEW]]></Event>
<EventKey><![CDATA[http://wxgx.iseasoft.cn/app/index.php?i=3&c=entry&p=commission&m=sea&do=plugin]]></EventKey>
<MenuId>448611809</MenuId>
</xml>

2016-07-09 14:41:12 params :
------------
Array:
rule : -2 ;
module :  ;
message : Array ;

2016-07-09 14:41:12 response :
------------

2016-07-09 14:41:16 trace :
------------
String:
<xml><ToUserName><![CDATA[gh_698b7dfb6a39]]></ToUserName>
<FromUserName><![CDATA[oHQrCuEEGyx3Zv8qva02jOKwdC2U]]></FromUserName>
<CreateTime>1468046476</CreateTime>
<MsgType><![CDATA[event]]></MsgType>
<Event><![CDATA[VIEW]]></Event>
<EventKey><![CDATA[http://mp.weixin.qq.com/s?__biz=MzA5OTcyNDMxNw==&tempkey=YpxN5NeOGVRfJcE%2B2Lw7H6RZUaryrfdejYSBc4BYLEjQ6YL%2BYnuPPqpRUPt24uDMQNO%2FSA5yJB9zMWVgQaDl66GUzYkpZY98PLlwpMMKqlTBBzKRLe%2FPKVU83MnIEM1OeESr48zRfUyoZDtRTBKBnA%3D%3D&#rd]]></EventKey>
<MenuId>448611809</MenuId>
</xml>

2016-07-09 14:41:16 params :
------------
Array:
rule : -2 ;
module :  ;
message : Array ;

2016-07-09 14:41:16 response :
------------

2016-07-09 14:41:20 trace :
------------
String:
<xml><ToUserName><![CDATA[gh_698b7dfb6a39]]></ToUserName>
<FromUserName><![CDATA[oHQrCuEEGyx3Zv8qva02jOKwdC2U]]></FromUserName>
<CreateTime>1468046480</CreateTime>
<MsgType><![CDATA[event]]></MsgType>
<Event><![CDATA[VIEW]]></Event>
<EventKey><![CDATA[http://wxgx.iseasoft.cn/app/index.php?i=3&c=entry&eid=1230]]></EventKey>
<MenuId>448611809</MenuId>
</xml>

2016-07-09 14:41:20 params :
------------
Array:
rule : -2 ;
module :  ;
message : Array ;

2016-07-09 14:41:20 response :
------------

2016-07-09 14:41:31 trace :
------------
String:
<xml><ToUserName><![CDATA[gh_698b7dfb6a39]]></ToUserName>
<FromUserName><![CDATA[oHQrCuEEGyx3Zv8qva02jOKwdC2U]]></FromUserName>
<CreateTime>1468046491</CreateTime>
<MsgType><![CDATA[event]]></MsgType>
<Event><![CDATA[VIEW]]></Event>
<EventKey><![CDATA[http://wxgx.iseasoft.cn/app/index.php?i=3&c=entry&eid=1226]]></EventKey>
<MenuId>448611809</MenuId>
</xml>

2016-07-09 14:41:31 params :
------------
Array:
rule : -2 ;
module :  ;
message : Array ;

2016-07-09 14:41:31 response :
------------

2016-07-09 14:42:27 trace :
------------
String:
<xml><ToUserName><![CDATA[gh_698b7dfb6a39]]></ToUserName>
<FromUserName><![CDATA[oHQrCuDeQVz-hmqhpqFvzjvE5bdc]]></FromUserName>
<CreateTime>1468046547</CreateTime>
<MsgType><![CDATA[event]]></MsgType>
<Event><![CDATA[VIEW]]></Event>
<EventKey><![CDATA[http://wxgx.iseasoft.cn/app/index.php?i=3&c=entry&eid=1226]]></EventKey>
<MenuId>448611809</MenuId>
</xml>

2016-07-09 14:42:27 params :
------------
Array:
rule : -2 ;
module :  ;
message : Array ;

2016-07-09 14:42:27 response :
------------

2016-07-09 14:43:04 trace :
------------
String:
<xml><ToUserName><![CDATA[gh_698b7dfb6a39]]></ToUserName>
<FromUserName><![CDATA[oHQrCuOKvXLamjuWZQgeMIHJ7mXs]]></FromUserName>
<CreateTime>1468046584</CreateTime>
<MsgType><![CDATA[event]]></MsgType>
<Event><![CDATA[unsubscribe]]></Event>
<EventKey><![CDATA[]]></EventKey>
</xml>

2016-07-09 14:43:29 trace :
------------
String:
<xml><ToUserName><![CDATA[gh_698b7dfb6a39]]></ToUserName>
<FromUserName><![CDATA[oHQrCuEEGyx3Zv8qva02jOKwdC2U]]></FromUserName>
<CreateTime>1468046609</CreateTime>
<MsgType><![CDATA[event]]></MsgType>
<Event><![CDATA[VIEW]]></Event>
<EventKey><![CDATA[http://wxgx.iseasoft.cn/app/index.php?i=3&c=entry&eid=1229]]></EventKey>
<MenuId>448611809</MenuId>
</xml>

2016-07-09 14:43:29 params :
------------
Array:
rule : -2 ;
module :  ;
message : Array ;

2016-07-09 14:43:29 response :
------------

2016-07-09 14:44:14 trace :
------------
String:
<xml><ToUserName><![CDATA[gh_698b7dfb6a39]]></ToUserName>
<FromUserName><![CDATA[oHQrCuLgL4IDJ8khFjRWSxKB-jBs]]></FromUserName>
<CreateTime>1468046654</CreateTime>
<MsgType><![CDATA[event]]></MsgType>
<Event><![CDATA[subscribe]]></Event>
<EventKey><![CDATA[]]></EventKey>
</xml>

2016-07-09 14:44:14 params :
------------
Array:
rule : -2 ;
module :  ;
message : Array ;

2016-07-09 14:44:14 response :
------------

2016-07-09 14:44:21 trace :
------------
String:
<xml><ToUserName><![CDATA[gh_698b7dfb6a39]]></ToUserName>
<FromUserName><![CDATA[oHQrCuHZmBhaD2uRwUSKWc16wqHw]]></FromUserName>
<CreateTime>1468046661</CreateTime>
<MsgType><![CDATA[event]]></MsgType>
<Event><![CDATA[unsubscribe]]></Event>
<EventKey><![CDATA[]]></EventKey>
</xml>

2016-07-09 14:44:26 trace :
------------
String:
<xml><ToUserName><![CDATA[gh_698b7dfb6a39]]></ToUserName>
<FromUserName><![CDATA[oHQrCuLgL4IDJ8khFjRWSxKB-jBs]]></FromUserName>
<CreateTime>1468046666</CreateTime>
<MsgType><![CDATA[event]]></MsgType>
<Event><![CDATA[VIEW]]></Event>
<EventKey><![CDATA[http://wxgx.iseasoft.cn/app/index.php?i=3&c=entry&eid=1226]]></EventKey>
<MenuId>448611809</MenuId>
</xml>

2016-07-09 14:44:26 params :
------------
Array:
rule : -2 ;
module :  ;
message : Array ;

2016-07-09 14:44:26 response :
------------

2016-07-09 14:44:39 trace :
------------
String:
<xml><ToUserName><![CDATA[gh_698b7dfb6a39]]></ToUserName>
<FromUserName><![CDATA[oHQrCuNj-RHpR4K39apW32MY2Xs4]]></FromUserName>
<CreateTime>1468046679</CreateTime>
<MsgType><![CDATA[event]]></MsgType>
<Event><![CDATA[subscribe]]></Event>
<EventKey><![CDATA[]]></EventKey>
</xml>

2016-07-09 14:44:39 params :
------------
Array:
rule : -2 ;
module :  ;
message : Array ;

2016-07-09 14:44:39 response :
------------

2016-07-09 14:44:43 trace :
------------
String:
<xml><ToUserName><![CDATA[gh_698b7dfb6a39]]></ToUserName>
<FromUserName><![CDATA[oHQrCuEhjp7X0S6fHa4seYCk20GE]]></FromUserName>
<CreateTime>1468046682</CreateTime>
<MsgType><![CDATA[event]]></MsgType>
<Event><![CDATA[subscribe]]></Event>
<EventKey><![CDATA[]]></EventKey>
</xml>

2016-07-09 14:44:43 params :
------------
Array:
rule : -2 ;
module :  ;
message : Array ;

2016-07-09 14:44:43 response :
------------

2016-07-09 14:44:47 trace :
------------
String:
<xml><ToUserName><![CDATA[gh_698b7dfb6a39]]></ToUserName>
<FromUserName><![CDATA[oHQrCuEhjp7X0S6fHa4seYCk20GE]]></FromUserName>
<CreateTime>1468046687</CreateTime>
<MsgType><![CDATA[event]]></MsgType>
<Event><![CDATA[VIEW]]></Event>
<EventKey><![CDATA[http://wxgx.iseasoft.cn/app/index.php?i=3&c=entry&eid=1226]]></EventKey>
<MenuId>448611809</MenuId>
</xml>

2016-07-09 14:44:47 params :
------------
Array:
rule : -2 ;
module :  ;
message : Array ;

2016-07-09 14:44:47 response :
------------

2016-07-09 14:44:49 trace :
------------
String:
<xml><ToUserName><![CDATA[gh_698b7dfb6a39]]></ToUserName>
<FromUserName><![CDATA[oHQrCuNj-RHpR4K39apW32MY2Xs4]]></FromUserName>
<CreateTime>1468046689</CreateTime>
<MsgType><![CDATA[event]]></MsgType>
<Event><![CDATA[VIEW]]></Event>
<EventKey><![CDATA[http://wxgx.iseasoft.cn/app/index.php?i=3&c=entry&eid=1226]]></EventKey>
<MenuId>448611809</MenuId>
</xml>

2016-07-09 14:44:49 params :
------------
Array:
rule : -2 ;
module :  ;
message : Array ;

2016-07-09 14:44:49 response :
------------

2016-07-09 14:46:08 trace :
------------
String:
<xml><ToUserName><![CDATA[gh_698b7dfb6a39]]></ToUserName>
<FromUserName><![CDATA[oHQrCuFa3WeMQWQGIlzhf1Ciwgus]]></FromUserName>
<CreateTime>1468046767</CreateTime>
<MsgType><![CDATA[event]]></MsgType>
<Event><![CDATA[VIEW]]></Event>
<EventKey><![CDATA[http://wxgx.iseasoft.cn/app/index.php?i=3&c=entry&eid=1226]]></EventKey>
<MenuId>448611809</MenuId>
</xml>

2016-07-09 14:46:08 params :
------------
Array:
rule : -2 ;
module :  ;
message : Array ;

2016-07-09 14:46:08 response :
------------

2016-07-09 14:48:10 trace :
------------
String:
<xml><ToUserName><![CDATA[gh_698b7dfb6a39]]></ToUserName>
<FromUserName><![CDATA[oHQrCuNj-RHpR4K39apW32MY2Xs4]]></FromUserName>
<CreateTime>1468046890</CreateTime>
<MsgType><![CDATA[event]]></MsgType>
<Event><![CDATA[VIEW]]></Event>
<EventKey><![CDATA[http://wxgx.iseasoft.cn/app/index.php?i=3&c=entry&eid=1226]]></EventKey>
<MenuId>448611809</MenuId>
</xml>

2016-07-09 14:48:10 params :
------------
Array:
rule : -2 ;
module :  ;
message : Array ;

2016-07-09 14:48:10 response :
------------

2016-07-09 14:48:47 trace :
------------
String:
<xml><ToUserName><![CDATA[gh_698b7dfb6a39]]></ToUserName>
<FromUserName><![CDATA[oHQrCuNj-RHpR4K39apW32MY2Xs4]]></FromUserName>
<CreateTime>1468046927</CreateTime>
<MsgType><![CDATA[event]]></MsgType>
<Event><![CDATA[VIEW]]></Event>
<EventKey><![CDATA[http://wxgx.iseasoft.cn/app/index.php?i=3&c=entry&p=commission&m=sea&do=plugin]]></EventKey>
<MenuId>448611809</MenuId>
</xml>

2016-07-09 14:48:47 params :
------------
Array:
rule : -2 ;
module :  ;
message : Array ;

2016-07-09 14:48:47 response :
------------

2016-07-09 14:49:02 trace :
------------
String:
<xml><ToUserName><![CDATA[gh_698b7dfb6a39]]></ToUserName>
<FromUserName><![CDATA[oHQrCuNj-RHpR4K39apW32MY2Xs4]]></FromUserName>
<CreateTime>1468046942</CreateTime>
<MsgType><![CDATA[event]]></MsgType>
<Event><![CDATA[VIEW]]></Event>
<EventKey><![CDATA[http://wxgx.iseasoft.cn/app/index.php?i=3&c=entry&p=commission&m=sea&do=plugin]]></EventKey>
<MenuId>448611809</MenuId>
</xml>

2016-07-09 14:49:02 params :
------------
Array:
rule : -2 ;
module :  ;
message : Array ;

2016-07-09 14:49:02 response :
------------

2016-07-09 14:49:08 trace :
------------
String:
<xml><ToUserName><![CDATA[gh_698b7dfb6a39]]></ToUserName>
<FromUserName><![CDATA[oHQrCuC4A_3wg8xpd_-7Vsn_osyA]]></FromUserName>
<CreateTime>1468046948</CreateTime>
<MsgType><![CDATA[event]]></MsgType>
<Event><![CDATA[unsubscribe]]></Event>
<EventKey><![CDATA[]]></EventKey>
</xml>

2016-07-09 14:49:44 trace :
------------
String:
<xml><ToUserName><![CDATA[gh_698b7dfb6a39]]></ToUserName>
<FromUserName><![CDATA[oHQrCuEEGyx3Zv8qva02jOKwdC2U]]></FromUserName>
<CreateTime>1468046984</CreateTime>
<MsgType><![CDATA[event]]></MsgType>
<Event><![CDATA[VIEW]]></Event>
<EventKey><![CDATA[http://wxgx.iseasoft.cn/app/index.php?i=3&c=entry&eid=1226]]></EventKey>
<MenuId>448611809</MenuId>
</xml>

2016-07-09 14:49:44 params :
------------
Array:
rule : -2 ;
module :  ;
message : Array ;

2016-07-09 14:49:44 response :
------------

2016-07-09 14:50:56 trace :
------------
String:
<xml><ToUserName><![CDATA[gh_698b7dfb6a39]]></ToUserName>
<FromUserName><![CDATA[oHQrCuEEGyx3Zv8qva02jOKwdC2U]]></FromUserName>
<CreateTime>1468047056</CreateTime>
<MsgType><![CDATA[event]]></MsgType>
<Event><![CDATA[VIEW]]></Event>
<EventKey><![CDATA[http://wxgx.iseasoft.cn/app/index.php?i=3&c=entry&eid=1226]]></EventKey>
<MenuId>448611809</MenuId>
</xml>

2016-07-09 14:50:56 params :
------------
Array:
rule : -2 ;
module :  ;
message : Array ;

2016-07-09 14:50:56 response :
------------

2016-07-09 14:54:56 trace :
------------
String:
<xml><ToUserName><![CDATA[gh_698b7dfb6a39]]></ToUserName>
<FromUserName><![CDATA[oHQrCuEhjp7X0S6fHa4seYCk20GE]]></FromUserName>
<CreateTime>1468047296</CreateTime>
<MsgType><![CDATA[event]]></MsgType>
<Event><![CDATA[VIEW]]></Event>
<EventKey><![CDATA[http://wxgx.iseasoft.cn/app/index.php?i=3&c=entry&eid=1226]]></EventKey>
<MenuId>448611809</MenuId>
</xml>

2016-07-09 14:54:56 params :
------------
Array:
rule : -2 ;
module :  ;
message : Array ;

2016-07-09 14:54:56 response :
------------

2016-07-09 14:57:35 trace :
------------
String:
<xml><ToUserName><![CDATA[gh_698b7dfb6a39]]></ToUserName>
<FromUserName><![CDATA[oHQrCuEhjp7X0S6fHa4seYCk20GE]]></FromUserName>
<CreateTime>1468047454</CreateTime>
<MsgType><![CDATA[event]]></MsgType>
<Event><![CDATA[VIEW]]></Event>
<EventKey><![CDATA[http://wxgx.iseasoft.cn/app/index.php?i=3&c=entry&eid=1230]]></EventKey>
<MenuId>448611809</MenuId>
</xml>

2016-07-09 14:57:35 params :
------------
Array:
rule : -2 ;
module :  ;
message : Array ;

2016-07-09 14:57:35 response :
------------

2016-07-09 14:57:50 trace :
------------
String:
<xml><ToUserName><![CDATA[gh_698b7dfb6a39]]></ToUserName>
<FromUserName><![CDATA[oHQrCuEhjp7X0S6fHa4seYCk20GE]]></FromUserName>
<CreateTime>1468047470</CreateTime>
<MsgType><![CDATA[event]]></MsgType>
<Event><![CDATA[VIEW]]></Event>
<EventKey><![CDATA[http://wxgx.iseasoft.cn/app/index.php?i=3&c=entry&p=commission&m=sea&do=plugin]]></EventKey>
<MenuId>448611809</MenuId>
</xml>

2016-07-09 14:57:50 params :
------------
Array:
rule : -2 ;
module :  ;
message : Array ;

2016-07-09 14:57:50 response :
------------

2016-07-09 14:58:17 trace :
------------
String:
<xml><ToUserName><![CDATA[gh_698b7dfb6a39]]></ToUserName>
<FromUserName><![CDATA[oHQrCuEhjp7X0S6fHa4seYCk20GE]]></FromUserName>
<CreateTime>1468047497</CreateTime>
<MsgType><![CDATA[event]]></MsgType>
<Event><![CDATA[VIEW]]></Event>
<EventKey><![CDATA[http://wxgx.iseasoft.cn/app/index.php?i=3&c=entry&eid=1226]]></EventKey>
<MenuId>448611809</MenuId>
</xml>

2016-07-09 14:58:17 params :
------------
Array:
rule : -2 ;
module :  ;
message : Array ;

2016-07-09 14:58:17 response :
------------

2016-07-09 14:59:35 trace :
------------
String:
<xml><ToUserName><![CDATA[gh_698b7dfb6a39]]></ToUserName>
<FromUserName><![CDATA[oHQrCuG6KNNzGLCyMLyNyde_5ulY]]></FromUserName>
<CreateTime>1468047575</CreateTime>
<MsgType><![CDATA[event]]></MsgType>
<Event><![CDATA[unsubscribe]]></Event>
<EventKey><![CDATA[]]></EventKey>
</xml>

2016-07-09 15:02:52 trace :
------------
String:
<xml><ToUserName><![CDATA[gh_698b7dfb6a39]]></ToUserName>
<FromUserName><![CDATA[oHQrCuFFU85LGMa2ogYqSPtQ695Y]]></FromUserName>
<CreateTime>1468047771</CreateTime>
<MsgType><![CDATA[event]]></MsgType>
<Event><![CDATA[unsubscribe]]></Event>
<EventKey><![CDATA[]]></EventKey>
</xml>

2016-07-09 15:07:33 trace :
------------
String:
<xml><ToUserName><![CDATA[gh_698b7dfb6a39]]></ToUserName>
<FromUserName><![CDATA[oHQrCuA0-voWPKypBicvfMOPRzvY]]></FromUserName>
<CreateTime>1468048053</CreateTime>
<MsgType><![CDATA[event]]></MsgType>
<Event><![CDATA[unsubscribe]]></Event>
<EventKey><![CDATA[]]></EventKey>
</xml>

2016-07-09 15:07:42 trace :
------------
String:
<xml><ToUserName><![CDATA[gh_698b7dfb6a39]]></ToUserName>
<FromUserName><![CDATA[oHQrCuJBj76Q1a3xM2DhFzZ_2Uqo]]></FromUserName>
<CreateTime>1468048062</CreateTime>
<MsgType><![CDATA[event]]></MsgType>
<Event><![CDATA[unsubscribe]]></Event>
<EventKey><![CDATA[]]></EventKey>
</xml>

2016-07-09 15:11:13 trace :
------------
String:
<xml><ToUserName><![CDATA[gh_698b7dfb6a39]]></ToUserName>
<FromUserName><![CDATA[oHQrCuDuNLZY-fDnl0IjUuEaAWLI]]></FromUserName>
<CreateTime>1468048273</CreateTime>
<MsgType><![CDATA[event]]></MsgType>
<Event><![CDATA[unsubscribe]]></Event>
<EventKey><![CDATA[]]></EventKey>
</xml>

2016-07-09 15:14:19 trace :
------------
String:
<xml><ToUserName><![CDATA[gh_698b7dfb6a39]]></ToUserName>
<FromUserName><![CDATA[oHQrCuEEGyx3Zv8qva02jOKwdC2U]]></FromUserName>
<CreateTime>1468048459</CreateTime>
<MsgType><![CDATA[event]]></MsgType>
<Event><![CDATA[unsubscribe]]></Event>
<EventKey><![CDATA[]]></EventKey>
</xml>

2016-07-09 15:14:33 trace :
------------
String:
<xml><ToUserName><![CDATA[gh_698b7dfb6a39]]></ToUserName>
<FromUserName><![CDATA[oHQrCuEEGyx3Zv8qva02jOKwdC2U]]></FromUserName>
<CreateTime>1468048473</CreateTime>
<MsgType><![CDATA[event]]></MsgType>
<Event><![CDATA[subscribe]]></Event>
<EventKey><![CDATA[]]></EventKey>
</xml>

2016-07-09 15:14:33 params :
------------
Array:
rule : -2 ;
module :  ;
message : Array ;

2016-07-09 15:14:33 response :
------------

2016-07-09 15:14:38 trace :
------------
String:
<xml><ToUserName><![CDATA[gh_698b7dfb6a39]]></ToUserName>
<FromUserName><![CDATA[oHQrCuEEGyx3Zv8qva02jOKwdC2U]]></FromUserName>
<CreateTime>1468048477</CreateTime>
<MsgType><![CDATA[event]]></MsgType>
<Event><![CDATA[VIEW]]></Event>
<EventKey><![CDATA[http://wxgx.iseasoft.cn/app/index.php?i=3&c=entry&eid=1226]]></EventKey>
<MenuId>448611809</MenuId>
</xml>

2016-07-09 15:14:38 params :
------------
Array:
rule : -2 ;
module :  ;
message : Array ;

2016-07-09 15:14:38 response :
------------

2016-07-09 15:15:03 trace :
------------
String:
<xml><ToUserName><![CDATA[gh_698b7dfb6a39]]></ToUserName>
<FromUserName><![CDATA[oHQrCuGkDrkTwUsuA9BH2EW6I97Q]]></FromUserName>
<CreateTime>1468048503</CreateTime>
<MsgType><![CDATA[event]]></MsgType>
<Event><![CDATA[VIEW]]></Event>
<EventKey><![CDATA[http://wxgx.iseasoft.cn/app/index.php?i=3&c=entry&eid=1226]]></EventKey>
<MenuId>448611809</MenuId>
</xml>

2016-07-09 15:15:03 params :
------------
Array:
rule : -2 ;
module :  ;
message : Array ;

2016-07-09 15:15:03 response :
------------

2016-07-09 15:17:15 trace :
------------
String:
<xml><ToUserName><![CDATA[gh_698b7dfb6a39]]></ToUserName>
<FromUserName><![CDATA[oHQrCuEEGyx3Zv8qva02jOKwdC2U]]></FromUserName>
<CreateTime>1468048635</CreateTime>
<MsgType><![CDATA[event]]></MsgType>
<Event><![CDATA[VIEW]]></Event>
<EventKey><![CDATA[http://wxgx.iseasoft.cn/app/index.php?i=3&c=entry&eid=1226]]></EventKey>
<MenuId>448611809</MenuId>
</xml>

2016-07-09 15:17:15 params :
------------
Array:
rule : -2 ;
module :  ;
message : Array ;

2016-07-09 15:17:15 response :
------------

2016-07-09 15:17:25 trace :
------------
String:
<xml><ToUserName><![CDATA[gh_698b7dfb6a39]]></ToUserName>
<FromUserName><![CDATA[oHQrCuMHJjvOyVbxzIxFpTSsJLa8]]></FromUserName>
<CreateTime>1468048645</CreateTime>
<MsgType><![CDATA[event]]></MsgType>
<Event><![CDATA[unsubscribe]]></Event>
<EventKey><![CDATA[]]></EventKey>
</xml>

2016-07-09 15:21:01 trace :
------------
String:
<xml><ToUserName><![CDATA[gh_698b7dfb6a39]]></ToUserName>
<FromUserName><![CDATA[oHQrCuMOwdA7UJ179AMKEZXgu55s]]></FromUserName>
<CreateTime>1468048861</CreateTime>
<MsgType><![CDATA[event]]></MsgType>
<Event><![CDATA[unsubscribe]]></Event>
<EventKey><![CDATA[]]></EventKey>
</xml>

2016-07-09 15:26:02 trace :
------------
String:
<xml><ToUserName><![CDATA[gh_698b7dfb6a39]]></ToUserName>
<FromUserName><![CDATA[oHQrCuD2Q6gmFnc8jQs_Ci5y69J0]]></FromUserName>
<CreateTime>1468049162</CreateTime>
<MsgType><![CDATA[event]]></MsgType>
<Event><![CDATA[VIEW]]></Event>
<EventKey><![CDATA[http://wxgx.iseasoft.cn/app/index.php?i=3&c=entry&eid=1226]]></EventKey>
<MenuId>448611809</MenuId>
</xml>

2016-07-09 15:26:02 params :
------------
Array:
rule : -2 ;
module :  ;
message : Array ;

2016-07-09 15:26:02 response :
------------

2016-07-09 15:26:14 trace :
------------
String:
<xml><ToUserName><![CDATA[gh_698b7dfb6a39]]></ToUserName>
<FromUserName><![CDATA[oHQrCuD2Q6gmFnc8jQs_Ci5y69J0]]></FromUserName>
<CreateTime>1468049173</CreateTime>
<MsgType><![CDATA[event]]></MsgType>
<Event><![CDATA[VIEW]]></Event>
<EventKey><![CDATA[http://wxgx.iseasoft.cn/app/index.php?i=3&c=entry&eid=1230]]></EventKey>
<MenuId>448611809</MenuId>
</xml>

2016-07-09 15:26:14 params :
------------
Array:
rule : -2 ;
module :  ;
message : Array ;

2016-07-09 15:26:14 response :
------------

2016-07-09 15:26:26 trace :
------------
String:
<xml><ToUserName><![CDATA[gh_698b7dfb6a39]]></ToUserName>
<FromUserName><![CDATA[oHQrCuD2Q6gmFnc8jQs_Ci5y69J0]]></FromUserName>
<CreateTime>1468049186</CreateTime>
<MsgType><![CDATA[event]]></MsgType>
<Event><![CDATA[VIEW]]></Event>
<EventKey><![CDATA[http://wxgx.iseasoft.cn/app/index.php?i=3&c=entry&eid=1226]]></EventKey>
<MenuId>448611809</MenuId>
</xml>

2016-07-09 15:26:26 params :
------------
Array:
rule : -2 ;
module :  ;
message : Array ;

2016-07-09 15:26:26 response :
------------

2016-07-09 15:35:09 trace :
------------
String:
<xml><ToUserName><![CDATA[gh_698b7dfb6a39]]></ToUserName>
<FromUserName><![CDATA[oHQrCuEEGyx3Zv8qva02jOKwdC2U]]></FromUserName>
<CreateTime>1468049709</CreateTime>
<MsgType><![CDATA[text]]></MsgType>
<Content><![CDATA[分销中心]]></Content>
<MsgId>6305225489505941766</MsgId>
</xml>

2016-07-09 15:35:09 params :
------------
Array:
message : Array ;
module : cover ;
rule : 85 ;
priority : 0 ;
keyword : Array ;

2016-07-09 15:35:09 response :
------------
Array:
FromUserName : gh_698b7dfb6a39 ;
ToUserName : oHQrCuEEGyx3Zv8qva02jOKwdC2U ;
MsgType : news ;
ArticleCount : 1 ;
Articles : Array ;

2016-07-09 15:38:26 trace :
------------
String:
<xml><ToUserName><![CDATA[gh_698b7dfb6a39]]></ToUserName>
<FromUserName><![CDATA[oHQrCuNcUy09Ld5wixtfY8T-ReUs]]></FromUserName>
<CreateTime>1468049906</CreateTime>
<MsgType><![CDATA[event]]></MsgType>
<Event><![CDATA[unsubscribe]]></Event>
<EventKey><![CDATA[]]></EventKey>
</xml>

2016-07-09 15:40:59 trace :
------------
String:
<xml><ToUserName><![CDATA[gh_698b7dfb6a39]]></ToUserName>
<FromUserName><![CDATA[oHQrCuNj-RHpR4K39apW32MY2Xs4]]></FromUserName>
<CreateTime>1468050059</CreateTime>
<MsgType><![CDATA[event]]></MsgType>
<Event><![CDATA[VIEW]]></Event>
<EventKey><![CDATA[http://wxgx.iseasoft.cn/app/index.php?i=3&c=entry&p=commission&m=sea&do=plugin]]></EventKey>
<MenuId>448611809</MenuId>
</xml>

2016-07-09 15:40:59 params :
------------
Array:
rule : -2 ;
module :  ;
message : Array ;

2016-07-09 15:40:59 response :
------------

2016-07-09 15:42:19 trace :
------------
String:
<xml><ToUserName><![CDATA[gh_698b7dfb6a39]]></ToUserName>
<FromUserName><![CDATA[oHQrCuLgL4IDJ8khFjRWSxKB-jBs]]></FromUserName>
<CreateTime>1468050139</CreateTime>
<MsgType><![CDATA[event]]></MsgType>
<Event><![CDATA[VIEW]]></Event>
<EventKey><![CDATA[http://wxgx.iseasoft.cn/app/index.php?i=3&c=entry&p=commission&m=sea&do=plugin]]></EventKey>
<MenuId>448611809</MenuId>
</xml>

2016-07-09 15:42:19 params :
------------
Array:
rule : -2 ;
module :  ;
message : Array ;

2016-07-09 15:42:19 response :
------------

2016-07-09 15:44:52 trace :
------------
String:
<xml><ToUserName><![CDATA[gh_698b7dfb6a39]]></ToUserName>
<FromUserName><![CDATA[oHQrCuPFKSIRLpLsUYyecQX_RX1Q]]></FromUserName>
<CreateTime>1468050292</CreateTime>
<MsgType><![CDATA[event]]></MsgType>
<Event><![CDATA[VIEW]]></Event>
<EventKey><![CDATA[http://wxgx.iseasoft.cn/app/index.php?i=3&c=entry&eid=1226]]></EventKey>
<MenuId>448611809</MenuId>
</xml>

2016-07-09 15:44:52 params :
------------
Array:
rule : -2 ;
module :  ;
message : Array ;

2016-07-09 15:44:52 response :
------------

2016-07-09 15:51:55 trace :
------------
String:
<xml><ToUserName><![CDATA[gh_698b7dfb6a39]]></ToUserName>
<FromUserName><![CDATA[oHQrCuCYYa6bPODrzCCfS69B2idk]]></FromUserName>
<CreateTime>1468050715</CreateTime>
<MsgType><![CDATA[event]]></MsgType>
<Event><![CDATA[unsubscribe]]></Event>
<EventKey><![CDATA[]]></EventKey>
</xml>

2016-07-09 15:56:42 trace :
------------
String:
<xml><ToUserName><![CDATA[gh_698b7dfb6a39]]></ToUserName>
<FromUserName><![CDATA[oHQrCuO4XUd75UaEq3pA93DAsNIA]]></FromUserName>
<CreateTime>1468051002</CreateTime>
<MsgType><![CDATA[event]]></MsgType>
<Event><![CDATA[unsubscribe]]></Event>
<EventKey><![CDATA[]]></EventKey>
</xml>

2016-07-09 16:02:14 trace :
------------
String:
<xml><ToUserName><![CDATA[gh_698b7dfb6a39]]></ToUserName>
<FromUserName><![CDATA[oHQrCuEEGyx3Zv8qva02jOKwdC2U]]></FromUserName>
<CreateTime>1468051334</CreateTime>
<MsgType><![CDATA[text]]></MsgType>
<Content><![CDATA[分销中心]]></Content>
<MsgId>6305232468827798071</MsgId>
</xml>

2016-07-09 16:02:14 params :
------------
Array:
message : Array ;
module : cover ;
rule : 85 ;
priority : 0 ;
keyword : Array ;

2016-07-09 16:02:14 response :
------------
Array:
FromUserName : gh_698b7dfb6a39 ;
ToUserName : oHQrCuEEGyx3Zv8qva02jOKwdC2U ;
MsgType : news ;
ArticleCount : 1 ;
Articles : Array ;

2016-07-09 16:03:31 trace :
------------
String:
<xml><ToUserName><![CDATA[gh_698b7dfb6a39]]></ToUserName>
<FromUserName><![CDATA[oHQrCuBX_SLBWtSddlcjtjRhzBdE]]></FromUserName>
<CreateTime>1468051410</CreateTime>
<MsgType><![CDATA[event]]></MsgType>
<Event><![CDATA[VIEW]]></Event>
<EventKey><![CDATA[http://wxgx.iseasoft.cn/app/index.php?i=3&c=entry&eid=1226]]></EventKey>
<MenuId>448611809</MenuId>
</xml>

2016-07-09 16:03:31 params :
------------
Array:
rule : -2 ;
module :  ;
message : Array ;

2016-07-09 16:03:31 response :
------------

2016-07-09 16:07:07 trace :
------------
String:
<xml><ToUserName><![CDATA[gh_698b7dfb6a39]]></ToUserName>
<FromUserName><![CDATA[oHQrCuNj-RHpR4K39apW32MY2Xs4]]></FromUserName>
<CreateTime>1468051627</CreateTime>
<MsgType><![CDATA[text]]></MsgType>
<Content><![CDATA[测试]]></Content>
<MsgId>6305233727253215842</MsgId>
</xml>

2016-07-09 16:07:07 params :
------------
Array:
rule : -2 ;
module :  ;
message : Array ;

2016-07-09 16:07:07 response :
------------

2016-07-09 16:07:24 trace :
------------
String:
<xml><ToUserName><![CDATA[gh_698b7dfb6a39]]></ToUserName>
<FromUserName><![CDATA[oHQrCuNj-RHpR4K39apW32MY2Xs4]]></FromUserName>
<CreateTime>1468051644</CreateTime>
<MsgType><![CDATA[text]]></MsgType>
<Content><![CDATA[分销中心]]></Content>
<MsgId>6305233800267659876</MsgId>
</xml>

2016-07-09 16:07:24 params :
------------
Array:
message : Array ;
module : cover ;
rule : 85 ;
priority : 0 ;
keyword : Array ;

2016-07-09 16:07:24 response :
------------
Array:
FromUserName : gh_698b7dfb6a39 ;
ToUserName : oHQrCuNj-RHpR4K39apW32MY2Xs4 ;
MsgType : news ;
ArticleCount : 1 ;
Articles : Array ;

2016-07-09 16:08:17 trace :
------------
String:
<xml><ToUserName><![CDATA[gh_698b7dfb6a39]]></ToUserName>
<FromUserName><![CDATA[oHQrCuNj-RHpR4K39apW32MY2Xs4]]></FromUserName>
<CreateTime>1468051697</CreateTime>
<MsgType><![CDATA[event]]></MsgType>
<Event><![CDATA[VIEW]]></Event>
<EventKey><![CDATA[http://wxgx.iseasoft.cn/app/index.php?i=3&c=entry&eid=1226]]></EventKey>
<MenuId>448611809</MenuId>
</xml>

2016-07-09 16:08:17 params :
------------
Array:
rule : -2 ;
module :  ;
message : Array ;

2016-07-09 16:08:17 response :
------------

2016-07-09 16:14:15 trace :
------------
String:
<xml><ToUserName><![CDATA[gh_698b7dfb6a39]]></ToUserName>
<FromUserName><![CDATA[oHQrCuFtRU_46t2Okx1HlF6a1w7o]]></FromUserName>
<CreateTime>1468052055</CreateTime>
<MsgType><![CDATA[event]]></MsgType>
<Event><![CDATA[unsubscribe]]></Event>
<EventKey><![CDATA[]]></EventKey>
</xml>

2016-07-09 16:43:50 trace :
------------
String:
<xml><ToUserName><![CDATA[gh_698b7dfb6a39]]></ToUserName>
<FromUserName><![CDATA[oHQrCuDAIzOeZCytUfcTWf3Qudxw]]></FromUserName>
<CreateTime>1468053830</CreateTime>
<MsgType><![CDATA[event]]></MsgType>
<Event><![CDATA[unsubscribe]]></Event>
<EventKey><![CDATA[]]></EventKey>
</xml>

2016-07-09 16:45:42 trace :
------------
String:
<xml><ToUserName><![CDATA[gh_698b7dfb6a39]]></ToUserName>
<FromUserName><![CDATA[oHQrCuJgriFEzGfcEPm44E8lTaeI]]></FromUserName>
<CreateTime>1468053942</CreateTime>
<MsgType><![CDATA[event]]></MsgType>
<Event><![CDATA[VIEW]]></Event>
<EventKey><![CDATA[http://wxgx.iseasoft.cn/app/index.php?i=3&c=entry&eid=1226]]></EventKey>
<MenuId>448611809</MenuId>
</xml>

2016-07-09 16:45:42 params :
------------
Array:
rule : -2 ;
module :  ;
message : Array ;

2016-07-09 16:45:42 response :
------------

2016-07-09 16:46:07 trace :
------------
String:
<xml><ToUserName><![CDATA[gh_698b7dfb6a39]]></ToUserName>
<FromUserName><![CDATA[oHQrCuJgriFEzGfcEPm44E8lTaeI]]></FromUserName>
<CreateTime>1468053967</CreateTime>
<MsgType><![CDATA[event]]></MsgType>
<Event><![CDATA[VIEW]]></Event>
<EventKey><![CDATA[http://wxgx.iseasoft.cn/app/index.php?i=3&c=entry&eid=1230]]></EventKey>
<MenuId>448611809</MenuId>
</xml>

2016-07-09 16:46:07 params :
------------
Array:
rule : -2 ;
module :  ;
message : Array ;

2016-07-09 16:46:07 response :
------------

2016-07-09 16:46:37 trace :
------------
String:
<xml><ToUserName><![CDATA[gh_698b7dfb6a39]]></ToUserName>
<FromUserName><![CDATA[oHQrCuJgriFEzGfcEPm44E8lTaeI]]></FromUserName>
<CreateTime>1468053997</CreateTime>
<MsgType><![CDATA[event]]></MsgType>
<Event><![CDATA[VIEW]]></Event>
<EventKey><![CDATA[http://wxgx.iseasoft.cn/app/index.php?i=3&c=entry&eid=1226]]></EventKey>
<MenuId>448611809</MenuId>
</xml>

2016-07-09 16:46:37 params :
------------
Array:
rule : -2 ;
module :  ;
message : Array ;

2016-07-09 16:46:37 response :
------------

2016-07-09 16:46:44 trace :
------------
String:
<xml><ToUserName><![CDATA[gh_698b7dfb6a39]]></ToUserName>
<FromUserName><![CDATA[oHQrCuAFoOwNO98Of89bXJTtck-0]]></FromUserName>
<CreateTime>1468054004</CreateTime>
<MsgType><![CDATA[event]]></MsgType>
<Event><![CDATA[VIEW]]></Event>
<EventKey><![CDATA[http://wxgx.iseasoft.cn/app/index.php?i=3&c=entry&eid=1226]]></EventKey>
<MenuId>448611809</MenuId>
</xml>

2016-07-09 16:46:44 params :
------------
Array:
rule : -2 ;
module :  ;
message : Array ;

2016-07-09 16:46:44 response :
------------

2016-07-09 16:46:57 trace :
------------
String:
<xml><ToUserName><![CDATA[gh_698b7dfb6a39]]></ToUserName>
<FromUserName><![CDATA[oHQrCuJgriFEzGfcEPm44E8lTaeI]]></FromUserName>
<CreateTime>1468054016</CreateTime>
<MsgType><![CDATA[event]]></MsgType>
<Event><![CDATA[VIEW]]></Event>
<EventKey><![CDATA[http://wxgx.iseasoft.cn/app/index.php?i=3&c=entry&eid=1230]]></EventKey>
<MenuId>448611809</MenuId>
</xml>

2016-07-09 16:46:57 params :
------------
Array:
rule : -2 ;
module :  ;
message : Array ;

2016-07-09 16:46:57 response :
------------

2016-07-09 16:49:24 trace :
------------
String:
<xml><ToUserName><![CDATA[gh_698b7dfb6a39]]></ToUserName>
<FromUserName><![CDATA[oHQrCuEK1ifEg2V-2e8-OcMBN6_c]]></FromUserName>
<CreateTime>1468054164</CreateTime>
<MsgType><![CDATA[event]]></MsgType>
<Event><![CDATA[unsubscribe]]></Event>
<EventKey><![CDATA[]]></EventKey>
</xml>

2016-07-09 16:55:41 trace :
------------
String:
<xml><ToUserName><![CDATA[gh_698b7dfb6a39]]></ToUserName>
<FromUserName><![CDATA[oHQrCuEqMuB6GuxxeNWJQELmw_RQ]]></FromUserName>
<CreateTime>1468054541</CreateTime>
<MsgType><![CDATA[event]]></MsgType>
<Event><![CDATA[unsubscribe]]></Event>
<EventKey><![CDATA[]]></EventKey>
</xml>

2016-07-09 17:01:27 trace :
------------
String:
<xml><ToUserName><![CDATA[gh_698b7dfb6a39]]></ToUserName>
<FromUserName><![CDATA[oHQrCuEEGyx3Zv8qva02jOKwdC2U]]></FromUserName>
<CreateTime>1468054887</CreateTime>
<MsgType><![CDATA[text]]></MsgType>
<Content><![CDATA[欧邦商城]]></Content>
<MsgId>6305247728846601442</MsgId>
</xml>

2016-07-09 17:01:27 params :
------------
Array:
rule : -2 ;
module :  ;
message : Array ;

2016-07-09 17:01:27 response :
------------

2016-07-09 17:01:43 trace :
------------
String:
<xml><ToUserName><![CDATA[gh_698b7dfb6a39]]></ToUserName>
<FromUserName><![CDATA[oHQrCuEEGyx3Zv8qva02jOKwdC2U]]></FromUserName>
<CreateTime>1468054902</CreateTime>
<MsgType><![CDATA[text]]></MsgType>
<Content><![CDATA[欧邦集团商城]]></Content>
<MsgId>6305247793271110885</MsgId>
</xml>

2016-07-09 17:01:43 params :
------------
Array:
rule : -2 ;
module :  ;
message : Array ;

2016-07-09 17:01:43 response :
------------

2016-07-09 17:01:51 trace :
------------
String:
<xml><ToUserName><![CDATA[gh_698b7dfb6a39]]></ToUserName>
<FromUserName><![CDATA[oHQrCuEEGyx3Zv8qva02jOKwdC2U]]></FromUserName>
<CreateTime>1468054911</CreateTime>
<MsgType><![CDATA[text]]></MsgType>
<Content><![CDATA[欧邦眼镜商城]]></Content>
<MsgId>6305247831925816550</MsgId>
</xml>

2016-07-09 17:01:51 params :
------------
Array:
rule : -2 ;
module :  ;
message : Array ;

2016-07-09 17:01:51 response :
------------

2016-07-09 17:02:00 trace :
------------
String:
<xml><ToUserName><![CDATA[gh_698b7dfb6a39]]></ToUserName>
<FromUserName><![CDATA[oHQrCuEEGyx3Zv8qva02jOKwdC2U]]></FromUserName>
<CreateTime>1468054920</CreateTime>
<MsgType><![CDATA[text]]></MsgType>
<Content><![CDATA[欧邦集团]]></Content>
<MsgId>6305247870580522216</MsgId>
</xml>

2016-07-09 17:02:00 params :
------------
Array:
rule : -2 ;
module :  ;
message : Array ;

2016-07-09 17:02:00 response :
------------

2016-07-09 17:02:47 trace :
------------
String:
<xml><ToUserName><![CDATA[gh_698b7dfb6a39]]></ToUserName>
<FromUserName><![CDATA[oHQrCuLW7qPRT_b8Lgu_zLmu_sh4]]></FromUserName>
<CreateTime>1468054966</CreateTime>
<MsgType><![CDATA[event]]></MsgType>
<Event><![CDATA[unsubscribe]]></Event>
<EventKey><![CDATA[]]></EventKey>
</xml>

2016-07-09 17:02:47 trace :
------------
String:
<xml><ToUserName><![CDATA[gh_698b7dfb6a39]]></ToUserName>
<FromUserName><![CDATA[oHQrCuEEGyx3Zv8qva02jOKwdC2U]]></FromUserName>
<CreateTime>1468054967</CreateTime>
<MsgType><![CDATA[text]]></MsgType>
<Content><![CDATA[欧邦集团商城]]></Content>
<MsgId>6305248072443985132</MsgId>
</xml>

2016-07-09 17:02:47 params :
------------
Array:
rule : -2 ;
module :  ;
message : Array ;

2016-07-09 17:02:47 response :
------------

2016-07-09 17:03:18 trace :
------------
String:
<xml><ToUserName><![CDATA[gh_698b7dfb6a39]]></ToUserName>
<FromUserName><![CDATA[oHQrCuEEGyx3Zv8qva02jOKwdC2U]]></FromUserName>
<CreateTime>1468054998</CreateTime>
<MsgType><![CDATA[text]]></MsgType>
<Content><![CDATA[欧邦商城]]></Content>
<MsgId>6305248205587971315</MsgId>
</xml>

2016-07-09 17:03:18 params :
------------
Array:
message : Array ;
module : sea ;
rule : 86 ;
priority : 0 ;
keyword : Array ;

2016-07-09 17:03:18 response :
------------
Array:
FromUserName : gh_698b7dfb6a39 ;
ToUserName : oHQrCuEEGyx3Zv8qva02jOKwdC2U ;
MsgType : news ;
ArticleCount : 1 ;
Articles : Array ;

2016-07-09 17:07:53 trace :
------------
String:
<xml><ToUserName><![CDATA[gh_698b7dfb6a39]]></ToUserName>
<FromUserName><![CDATA[oHQrCuJJJn3L3l3qkqh7BhIM_wRw]]></FromUserName>
<CreateTime>1468055273</CreateTime>
<MsgType><![CDATA[event]]></MsgType>
<Event><![CDATA[unsubscribe]]></Event>
<EventKey><![CDATA[]]></EventKey>
</xml>

2016-07-09 17:48:13 trace :
------------
String:
<xml><ToUserName><![CDATA[gh_698b7dfb6a39]]></ToUserName>
<FromUserName><![CDATA[oHQrCuLvX1oKISzAXtITOtxBPMMQ]]></FromUserName>
<CreateTime>1468057693</CreateTime>
<MsgType><![CDATA[event]]></MsgType>
<Event><![CDATA[unsubscribe]]></Event>
<EventKey><![CDATA[]]></EventKey>
</xml>

2016-07-09 17:48:14 trace :
------------
String:
<xml><ToUserName><![CDATA[gh_698b7dfb6a39]]></ToUserName>
<FromUserName><![CDATA[oHQrCuEEGyx3Zv8qva02jOKwdC2U]]></FromUserName>
<CreateTime>1468057694</CreateTime>
<MsgType><![CDATA[event]]></MsgType>
<Event><![CDATA[VIEW]]></Event>
<EventKey><![CDATA[http://wxgx.iseasoft.cn/app/index.php?i=3&c=entry&eid=1226]]></EventKey>
<MenuId>448611809</MenuId>
</xml>

2016-07-09 17:48:14 params :
------------
Array:
rule : -2 ;
module :  ;
message : Array ;

2016-07-09 17:48:14 response :
------------

2016-07-09 18:01:06 trace :
------------
String:
<xml><ToUserName><![CDATA[gh_698b7dfb6a39]]></ToUserName>
<FromUserName><![CDATA[oHQrCuNHHGJCknZ-uFB0IDfLSk8k]]></FromUserName>
<CreateTime>1468058466</CreateTime>
<MsgType><![CDATA[event]]></MsgType>
<Event><![CDATA[VIEW]]></Event>
<EventKey><![CDATA[http://wxgx.iseasoft.cn/app/index.php?i=3&c=entry&eid=1226]]></EventKey>
<MenuId>448611809</MenuId>
</xml>

2016-07-09 18:01:06 params :
------------
Array:
rule : -2 ;
module :  ;
message : Array ;

2016-07-09 18:01:06 response :
------------

2016-07-09 18:02:47 trace :
------------
String:
<xml><ToUserName><![CDATA[gh_698b7dfb6a39]]></ToUserName>
<FromUserName><![CDATA[oHQrCuEn4eC-N-t4N8Ngsx_MtQ94]]></FromUserName>
<CreateTime>1468058567</CreateTime>
<MsgType><![CDATA[event]]></MsgType>
<Event><![CDATA[unsubscribe]]></Event>
<EventKey><![CDATA[]]></EventKey>
</xml>

2016-07-09 18:04:27 trace :
------------
String:
<xml><ToUserName><![CDATA[gh_698b7dfb6a39]]></ToUserName>
<FromUserName><![CDATA[oHQrCuD0JqD7xQQsnNG4S5KJ5spY]]></FromUserName>
<CreateTime>1468058666</CreateTime>
<MsgType><![CDATA[event]]></MsgType>
<Event><![CDATA[unsubscribe]]></Event>
<EventKey><![CDATA[]]></EventKey>
</xml>

2016-07-09 18:05:49 trace :
------------
String:
<xml><ToUserName><![CDATA[gh_698b7dfb6a39]]></ToUserName>
<FromUserName><![CDATA[oHQrCuOhOw5iT9mQzZ_X50qrir_U]]></FromUserName>
<CreateTime>1468058749</CreateTime>
<MsgType><![CDATA[event]]></MsgType>
<Event><![CDATA[unsubscribe]]></Event>
<EventKey><![CDATA[]]></EventKey>
</xml>

2016-07-09 18:29:09 trace :
------------
String:
<xml><ToUserName><![CDATA[gh_698b7dfb6a39]]></ToUserName>
<FromUserName><![CDATA[oHQrCuOp6ydHHf0w22R5O5c1Mwkc]]></FromUserName>
<CreateTime>1468060149</CreateTime>
<MsgType><![CDATA[event]]></MsgType>
<Event><![CDATA[unsubscribe]]></Event>
<EventKey><![CDATA[]]></EventKey>
</xml>

2016-07-09 18:43:43 trace :
------------
String:
<xml><ToUserName><![CDATA[gh_698b7dfb6a39]]></ToUserName>
<FromUserName><![CDATA[oHQrCuOxzPGzrCqVYgI3W6rwgWCM]]></FromUserName>
<CreateTime>1468061023</CreateTime>
<MsgType><![CDATA[event]]></MsgType>
<Event><![CDATA[unsubscribe]]></Event>
<EventKey><![CDATA[]]></EventKey>
</xml>

2016-07-09 19:05:06 trace :
------------
String:
<xml><ToUserName><![CDATA[gh_698b7dfb6a39]]></ToUserName>
<FromUserName><![CDATA[oHQrCuO6ESqW703lBF2PA7QUjAeQ]]></FromUserName>
<CreateTime>1468062306</CreateTime>
<MsgType><![CDATA[event]]></MsgType>
<Event><![CDATA[unsubscribe]]></Event>
<EventKey><![CDATA[]]></EventKey>
</xml>

2016-07-09 19:17:58 trace :
------------
String:
<xml><ToUserName><![CDATA[gh_698b7dfb6a39]]></ToUserName>
<FromUserName><![CDATA[oHQrCuP2mf5TPQKNzo-SA_dVekC4]]></FromUserName>
<CreateTime>1468063078</CreateTime>
<MsgType><![CDATA[event]]></MsgType>
<Event><![CDATA[unsubscribe]]></Event>
<EventKey><![CDATA[]]></EventKey>
</xml>

2016-07-09 20:00:09 trace :
------------
String:
<xml><ToUserName><![CDATA[gh_698b7dfb6a39]]></ToUserName>
<FromUserName><![CDATA[oHQrCuKgUbNYVVOino8GAzjyaXKs]]></FromUserName>
<CreateTime>1468065609</CreateTime>
<MsgType><![CDATA[event]]></MsgType>
<Event><![CDATA[VIEW]]></Event>
<EventKey><![CDATA[http://wxgx.iseasoft.cn/app/index.php?i=3&c=entry&eid=1226]]></EventKey>
<MenuId>448611809</MenuId>
</xml>

2016-07-09 20:00:09 params :
------------
Array:
rule : -2 ;
module :  ;
message : Array ;

2016-07-09 20:00:09 response :
------------

2016-07-09 20:07:53 trace :
------------
String:
<xml><ToUserName><![CDATA[gh_698b7dfb6a39]]></ToUserName>
<FromUserName><![CDATA[oHQrCuFuuLYJnKz2VOSYARrkV_-Y]]></FromUserName>
<CreateTime>1468066073</CreateTime>
<MsgType><![CDATA[event]]></MsgType>
<Event><![CDATA[unsubscribe]]></Event>
<EventKey><![CDATA[]]></EventKey>
</xml>

2016-07-09 20:30:06 trace :
------------
String:
<xml><ToUserName><![CDATA[gh_698b7dfb6a39]]></ToUserName>
<FromUserName><![CDATA[oHQrCuN1-oT96REHrYqhYAht7CiI]]></FromUserName>
<CreateTime>1468067406</CreateTime>
<MsgType><![CDATA[event]]></MsgType>
<Event><![CDATA[unsubscribe]]></Event>
<EventKey><![CDATA[]]></EventKey>
</xml>

2016-07-09 20:41:47 trace :
------------
String:
<xml><ToUserName><![CDATA[gh_698b7dfb6a39]]></ToUserName>
<FromUserName><![CDATA[oHQrCuLqsTk3GwpbJfGsdwC5Mv74]]></FromUserName>
<CreateTime>1468068107</CreateTime>
<MsgType><![CDATA[event]]></MsgType>
<Event><![CDATA[unsubscribe]]></Event>
<EventKey><![CDATA[]]></EventKey>
</xml>

2016-07-09 21:14:54 trace :
------------
String:
<xml><ToUserName><![CDATA[gh_698b7dfb6a39]]></ToUserName>
<FromUserName><![CDATA[oHQrCuLZqOFx12WsvnGfRxum_uDw]]></FromUserName>
<CreateTime>1468070094</CreateTime>
<MsgType><![CDATA[event]]></MsgType>
<Event><![CDATA[unsubscribe]]></Event>
<EventKey><![CDATA[]]></EventKey>
</xml>

2016-07-09 21:19:40 trace :
------------
String:
<xml><ToUserName><![CDATA[gh_698b7dfb6a39]]></ToUserName>
<FromUserName><![CDATA[oHQrCuNyoyELKNrvxQ9eUmara3qk]]></FromUserName>
<CreateTime>1468070380</CreateTime>
<MsgType><![CDATA[event]]></MsgType>
<Event><![CDATA[unsubscribe]]></Event>
<EventKey><![CDATA[]]></EventKey>
</xml>

2016-07-09 21:26:29 trace :
------------
String:
<xml><ToUserName><![CDATA[gh_698b7dfb6a39]]></ToUserName>
<FromUserName><![CDATA[oHQrCuPAFXDy-Y1BeUA2Qf2ovtaw]]></FromUserName>
<CreateTime>1468070789</CreateTime>
<MsgType><![CDATA[event]]></MsgType>
<Event><![CDATA[unsubscribe]]></Event>
<EventKey><![CDATA[]]></EventKey>
</xml>

2016-07-09 22:27:42 trace :
------------
String:
<xml><ToUserName><![CDATA[gh_698b7dfb6a39]]></ToUserName>
<FromUserName><![CDATA[oHQrCuK_PUzYVLk7LeM9rpTQVO9Q]]></FromUserName>
<CreateTime>1468074462</CreateTime>
<MsgType><![CDATA[event]]></MsgType>
<Event><![CDATA[unsubscribe]]></Event>
<EventKey><![CDATA[]]></EventKey>
</xml>

2016-07-09 22:30:50 trace :
------------
String:
<xml><ToUserName><![CDATA[gh_698b7dfb6a39]]></ToUserName>
<FromUserName><![CDATA[oHQrCuCzg3074sff71Gsa_-bhUFU]]></FromUserName>
<CreateTime>1468074649</CreateTime>
<MsgType><![CDATA[event]]></MsgType>
<Event><![CDATA[unsubscribe]]></Event>
<EventKey><![CDATA[]]></EventKey>
</xml>

2016-07-09 22:54:57 trace :
------------
String:
<xml><ToUserName><![CDATA[gh_698b7dfb6a39]]></ToUserName>
<FromUserName><![CDATA[oHQrCuNlwb1jezxD8PBb0n-zHyxg]]></FromUserName>
<CreateTime>1468076096</CreateTime>
<MsgType><![CDATA[event]]></MsgType>
<Event><![CDATA[unsubscribe]]></Event>
<EventKey><![CDATA[]]></EventKey>
</xml>

