2016-10-08 10:08:25 trace :
------------
String:
<xml><ToUserName><![CDATA[gh_c111557e4720]]></ToUserName>
<FromUserName><![CDATA[okzvqwLjjiAtNAZNPxnqxDsJKZbg]]></FromUserName>
<CreateTime>1475892505</CreateTime>
<MsgType><![CDATA[event]]></MsgType>
<Event><![CDATA[VIEW]]></Event>
<EventKey><![CDATA[http://shop.as-ba.cn/app/index.php?i=2&c=entry&eid=1226]]></EventKey>
<MenuId>411008066</MenuId>
</xml>

2016-10-08 10:08:25 params :
------------
Array:
rule : -2 ;
module :  ;
message : Array ;

2016-10-08 10:08:25 response :
------------

2016-10-08 10:09:28 trace :
------------
String:
<xml><ToUserName><![CDATA[gh_c111557e4720]]></ToUserName>
<FromUserName><![CDATA[okzvqwLjjiAtNAZNPxnqxDsJKZbg]]></FromUserName>
<CreateTime>1475892568</CreateTime>
<MsgType><![CDATA[event]]></MsgType>
<Event><![CDATA[VIEW]]></Event>
<EventKey><![CDATA[http://shop.as-ba.cn/app/index.php?i=2&c=entry&eid=1226]]></EventKey>
<MenuId>411008066</MenuId>
</xml>

2016-10-08 10:09:28 params :
------------
Array:
rule : -2 ;
module :  ;
message : Array ;

2016-10-08 10:09:28 response :
------------

2016-10-08 10:20:41 trace :
------------
String:
<xml><ToUserName><![CDATA[gh_c111557e4720]]></ToUserName>
<FromUserName><![CDATA[okzvqwBBh19PcWrVnGIMzPTnwuDA]]></FromUserName>
<CreateTime>1475893241</CreateTime>
<MsgType><![CDATA[event]]></MsgType>
<Event><![CDATA[VIEW]]></Event>
<EventKey><![CDATA[http://shop.as-ba.cn/app/index.php?i=2&c=entry&eid=1226]]></EventKey>
<MenuId>411008066</MenuId>
</xml>

2016-10-08 10:20:41 params :
------------
Array:
rule : -2 ;
module :  ;
message : Array ;

2016-10-08 10:20:41 response :
------------

2016-10-08 10:46:12 trace :
------------
String:
<xml><ToUserName><![CDATA[gh_c111557e4720]]></ToUserName>
<FromUserName><![CDATA[okzvqwNeNk9AUyOh2SbNfsIMJ-X0]]></FromUserName>
<CreateTime>1475894771</CreateTime>
<MsgType><![CDATA[event]]></MsgType>
<Event><![CDATA[VIEW]]></Event>
<EventKey><![CDATA[http://shop.as-ba.cn/app/index.php?i=2&c=entry&eid=1226]]></EventKey>
<MenuId>411008066</MenuId>
</xml>

2016-10-08 10:46:12 params :
------------
Array:
rule : -2 ;
module :  ;
message : Array ;

2016-10-08 10:46:12 response :
------------

2016-10-08 11:24:20 trace :
------------
String:
<xml><ToUserName><![CDATA[gh_c111557e4720]]></ToUserName>
<FromUserName><![CDATA[okzvqwHhnY8wNNZF9vb8pSdK32Cc]]></FromUserName>
<CreateTime>1475897060</CreateTime>
<MsgType><![CDATA[event]]></MsgType>
<Event><![CDATA[VIEW]]></Event>
<EventKey><![CDATA[http://shop.as-ba.cn/app/index.php?i=2&c=entry&eid=1226]]></EventKey>
<MenuId>411008066</MenuId>
</xml>

2016-10-08 11:24:20 params :
------------
Array:
rule : -2 ;
module :  ;
message : Array ;

2016-10-08 11:24:20 response :
------------

2016-10-08 11:34:42 trace :
------------
String:
<xml><ToUserName><![CDATA[gh_c111557e4720]]></ToUserName>
<FromUserName><![CDATA[okzvqwNeNk9AUyOh2SbNfsIMJ-X0]]></FromUserName>
<CreateTime>1475897682</CreateTime>
<MsgType><![CDATA[event]]></MsgType>
<Event><![CDATA[VIEW]]></Event>
<EventKey><![CDATA[http://shop.as-ba.cn/app/index.php?i=2&c=entry&eid=1226]]></EventKey>
<MenuId>411008066</MenuId>
</xml>

2016-10-08 11:34:42 params :
------------
Array:
rule : -2 ;
module :  ;
message : Array ;

2016-10-08 11:34:42 response :
------------

2016-10-08 11:37:44 trace :
------------
String:
<xml><ToUserName><![CDATA[gh_c111557e4720]]></ToUserName>
<FromUserName><![CDATA[okzvqwNeNk9AUyOh2SbNfsIMJ-X0]]></FromUserName>
<CreateTime>1475897864</CreateTime>
<MsgType><![CDATA[event]]></MsgType>
<Event><![CDATA[VIEW]]></Event>
<EventKey><![CDATA[http://shop.as-ba.cn/app/index.php?i=2&c=entry&eid=1226]]></EventKey>
<MenuId>411008066</MenuId>
</xml>

2016-10-08 11:37:44 params :
------------
Array:
rule : -2 ;
module :  ;
message : Array ;

2016-10-08 11:37:44 response :
------------

2016-10-08 11:38:59 trace :
------------
String:
<xml><ToUserName><![CDATA[gh_c111557e4720]]></ToUserName>
<FromUserName><![CDATA[okzvqwHhnY8wNNZF9vb8pSdK32Cc]]></FromUserName>
<CreateTime>1475897939</CreateTime>
<MsgType><![CDATA[event]]></MsgType>
<Event><![CDATA[VIEW]]></Event>
<EventKey><![CDATA[http://shop.as-ba.cn/app/index.php?i=2&c=entry&eid=1226]]></EventKey>
<MenuId>411008066</MenuId>
</xml>

2016-10-08 11:38:59 params :
------------
Array:
rule : -2 ;
module :  ;
message : Array ;

2016-10-08 11:38:59 response :
------------

2016-10-08 14:01:56 trace :
------------
String:
<xml><ToUserName><![CDATA[gh_c111557e4720]]></ToUserName>
<FromUserName><![CDATA[okzvqwBBh19PcWrVnGIMzPTnwuDA]]></FromUserName>
<CreateTime>1475906516</CreateTime>
<MsgType><![CDATA[event]]></MsgType>
<Event><![CDATA[VIEW]]></Event>
<EventKey><![CDATA[http://shop.as-ba.cn/app/index.php?i=2&c=entry&eid=1226]]></EventKey>
<MenuId>411008066</MenuId>
</xml>

2016-10-08 14:01:56 params :
------------
Array:
rule : -2 ;
module :  ;
message : Array ;

2016-10-08 14:01:56 response :
------------

2016-10-08 14:17:38 trace :
------------
String:
<xml><ToUserName><![CDATA[gh_c111557e4720]]></ToUserName>
<FromUserName><![CDATA[okzvqwHhnY8wNNZF9vb8pSdK32Cc]]></FromUserName>
<CreateTime>1475907458</CreateTime>
<MsgType><![CDATA[event]]></MsgType>
<Event><![CDATA[VIEW]]></Event>
<EventKey><![CDATA[http://shop.as-ba.cn/app/index.php?i=2&c=entry&eid=1226]]></EventKey>
<MenuId>411008066</MenuId>
</xml>

2016-10-08 14:17:38 params :
------------
Array:
rule : -2 ;
module :  ;
message : Array ;

2016-10-08 14:17:38 response :
------------

2016-10-08 14:18:14 trace :
------------
String:
<xml><ToUserName><![CDATA[gh_c111557e4720]]></ToUserName>
<FromUserName><![CDATA[okzvqwNeNk9AUyOh2SbNfsIMJ-X0]]></FromUserName>
<CreateTime>1475907494</CreateTime>
<MsgType><![CDATA[event]]></MsgType>
<Event><![CDATA[VIEW]]></Event>
<EventKey><![CDATA[http://shop.as-ba.cn/app/index.php?i=2&c=entry&eid=1226]]></EventKey>
<MenuId>411008066</MenuId>
</xml>

2016-10-08 14:18:14 params :
------------
Array:
rule : -2 ;
module :  ;
message : Array ;

2016-10-08 14:18:14 response :
------------

2016-10-08 15:09:59 trace :
------------
String:
<xml><ToUserName><![CDATA[gh_c111557e4720]]></ToUserName>
<FromUserName><![CDATA[okzvqwBBh19PcWrVnGIMzPTnwuDA]]></FromUserName>
<CreateTime>1475910599</CreateTime>
<MsgType><![CDATA[event]]></MsgType>
<Event><![CDATA[VIEW]]></Event>
<EventKey><![CDATA[http://shop.as-ba.cn/app/index.php?i=2&c=entry&eid=1226]]></EventKey>
<MenuId>411008066</MenuId>
</xml>

2016-10-08 15:09:59 params :
------------
Array:
rule : -2 ;
module :  ;
message : Array ;

2016-10-08 15:09:59 response :
------------

2016-10-08 15:12:09 trace :
------------
String:
<xml><ToUserName><![CDATA[gh_c111557e4720]]></ToUserName>
<FromUserName><![CDATA[okzvqwG1bfyL6v2p9I_qzR4PuYvw]]></FromUserName>
<CreateTime>1475910729</CreateTime>
<MsgType><![CDATA[event]]></MsgType>
<Event><![CDATA[subscribe]]></Event>
<EventKey><![CDATA[]]></EventKey>
</xml>

2016-10-08 15:12:09 params :
------------
Array:
rule : -2 ;
module :  ;
message : Array ;

2016-10-08 15:12:09 response :
------------

2016-10-08 15:12:14 trace :
------------
String:
<xml><ToUserName><![CDATA[gh_c111557e4720]]></ToUserName>
<FromUserName><![CDATA[okzvqwG1bfyL6v2p9I_qzR4PuYvw]]></FromUserName>
<CreateTime>1475910734</CreateTime>
<MsgType><![CDATA[event]]></MsgType>
<Event><![CDATA[VIEW]]></Event>
<EventKey><![CDATA[http://shop.as-ba.cn/app/index.php?i=2&c=entry&eid=1226]]></EventKey>
<MenuId>411008066</MenuId>
</xml>

2016-10-08 15:12:14 params :
------------
Array:
rule : -2 ;
module :  ;
message : Array ;

2016-10-08 15:12:14 response :
------------

2016-10-08 15:12:23 trace :
------------
String:
<xml><ToUserName><![CDATA[gh_c111557e4720]]></ToUserName>
<FromUserName><![CDATA[okzvqwG1bfyL6v2p9I_qzR4PuYvw]]></FromUserName>
<CreateTime>1475910743</CreateTime>
<MsgType><![CDATA[event]]></MsgType>
<Event><![CDATA[VIEW]]></Event>
<EventKey><![CDATA[http://shop.as-ba.cn/app/index.php?i=2&c=entry&eid=1226]]></EventKey>
<MenuId>411008066</MenuId>
</xml>

2016-10-08 15:12:23 params :
------------
Array:
rule : -2 ;
module :  ;
message : Array ;

2016-10-08 15:12:23 response :
------------

2016-10-08 15:20:44 trace :
------------
String:
<xml><ToUserName><![CDATA[gh_c111557e4720]]></ToUserName>
<FromUserName><![CDATA[okzvqwBBh19PcWrVnGIMzPTnwuDA]]></FromUserName>
<CreateTime>1475911244</CreateTime>
<MsgType><![CDATA[event]]></MsgType>
<Event><![CDATA[VIEW]]></Event>
<EventKey><![CDATA[http://shop.as-ba.cn/app/index.php?i=2&c=entry&eid=1226]]></EventKey>
<MenuId>411008066</MenuId>
</xml>

2016-10-08 15:20:44 params :
------------
Array:
rule : -2 ;
module :  ;
message : Array ;

2016-10-08 15:20:44 response :
------------

2016-10-08 15:21:00 trace :
------------
String:
<xml><ToUserName><![CDATA[gh_c111557e4720]]></ToUserName>
<FromUserName><![CDATA[okzvqwBBh19PcWrVnGIMzPTnwuDA]]></FromUserName>
<CreateTime>1475911260</CreateTime>
<MsgType><![CDATA[event]]></MsgType>
<Event><![CDATA[VIEW]]></Event>
<EventKey><![CDATA[http://shop.as-ba.cn/app/index.php?i=2&c=entry&eid=1226]]></EventKey>
<MenuId>411008066</MenuId>
</xml>

2016-10-08 15:21:00 params :
------------
Array:
rule : -2 ;
module :  ;
message : Array ;

2016-10-08 15:21:00 response :
------------

2016-10-08 15:24:10 trace :
------------
String:
<xml><ToUserName><![CDATA[gh_c111557e4720]]></ToUserName>
<FromUserName><![CDATA[okzvqwHhnY8wNNZF9vb8pSdK32Cc]]></FromUserName>
<CreateTime>1475911450</CreateTime>
<MsgType><![CDATA[event]]></MsgType>
<Event><![CDATA[VIEW]]></Event>
<EventKey><![CDATA[http://shop.as-ba.cn/app/index.php?i=2&c=entry&eid=1226]]></EventKey>
<MenuId>411008066</MenuId>
</xml>

2016-10-08 15:24:10 params :
------------
Array:
rule : -2 ;
module :  ;
message : Array ;

2016-10-08 15:24:10 response :
------------

2016-10-08 15:57:04 trace :
------------
String:
<xml><ToUserName><![CDATA[gh_c111557e4720]]></ToUserName>
<FromUserName><![CDATA[okzvqwNuc7khcbyUC0SDakyUK3hk]]></FromUserName>
<CreateTime>1475913424</CreateTime>
<MsgType><![CDATA[event]]></MsgType>
<Event><![CDATA[VIEW]]></Event>
<EventKey><![CDATA[http://shop.as-ba.cn/app/index.php?i=2&c=entry&eid=1226]]></EventKey>
<MenuId>411008066</MenuId>
</xml>

2016-10-08 15:57:04 params :
------------
Array:
rule : -2 ;
module :  ;
message : Array ;

2016-10-08 15:57:04 response :
------------

2016-10-08 15:58:10 trace :
------------
String:
<xml><ToUserName><![CDATA[gh_c111557e4720]]></ToUserName>
<FromUserName><![CDATA[okzvqwNuc7khcbyUC0SDakyUK3hk]]></FromUserName>
<CreateTime>1475913489</CreateTime>
<MsgType><![CDATA[event]]></MsgType>
<Event><![CDATA[VIEW]]></Event>
<EventKey><![CDATA[http://shop.as-ba.cn/app/index.php?i=2&c=entry&eid=1226]]></EventKey>
<MenuId>411008066</MenuId>
</xml>

2016-10-08 15:58:10 params :
------------
Array:
rule : -2 ;
module :  ;
message : Array ;

2016-10-08 15:58:10 response :
------------

2016-10-08 15:58:49 trace :
------------
String:
<xml><ToUserName><![CDATA[gh_c111557e4720]]></ToUserName>
<FromUserName><![CDATA[okzvqwNuc7khcbyUC0SDakyUK3hk]]></FromUserName>
<CreateTime>1475913529</CreateTime>
<MsgType><![CDATA[event]]></MsgType>
<Event><![CDATA[VIEW]]></Event>
<EventKey><![CDATA[http://shop.as-ba.cn/app/index.php?i=2&c=entry&eid=1226]]></EventKey>
<MenuId>411008066</MenuId>
</xml>

2016-10-08 15:58:49 params :
------------
Array:
rule : -2 ;
module :  ;
message : Array ;

2016-10-08 15:58:49 response :
------------

2016-10-08 15:59:27 trace :
------------
String:
<xml><ToUserName><![CDATA[gh_c111557e4720]]></ToUserName>
<FromUserName><![CDATA[okzvqwBBh19PcWrVnGIMzPTnwuDA]]></FromUserName>
<CreateTime>1475913567</CreateTime>
<MsgType><![CDATA[event]]></MsgType>
<Event><![CDATA[VIEW]]></Event>
<EventKey><![CDATA[http://shop.as-ba.cn/app/index.php?i=2&c=entry&eid=1226]]></EventKey>
<MenuId>411008066</MenuId>
</xml>

2016-10-08 15:59:27 params :
------------
Array:
rule : -2 ;
module :  ;
message : Array ;

2016-10-08 15:59:27 response :
------------

2016-10-08 17:20:00 trace :
------------
String:
<xml><ToUserName><![CDATA[gh_c111557e4720]]></ToUserName>
<FromUserName><![CDATA[okzvqwBBh19PcWrVnGIMzPTnwuDA]]></FromUserName>
<CreateTime>1475918400</CreateTime>
<MsgType><![CDATA[event]]></MsgType>
<Event><![CDATA[VIEW]]></Event>
<EventKey><![CDATA[http://shop.as-ba.cn/app/index.php?i=2&c=entry&eid=1226]]></EventKey>
<MenuId>411008066</MenuId>
</xml>

2016-10-08 17:20:00 params :
------------
Array:
rule : -2 ;
module :  ;
message : Array ;

2016-10-08 17:20:00 response :
------------

2016-10-08 19:15:22 trace :
------------
String:
<xml><ToUserName><![CDATA[gh_c111557e4720]]></ToUserName>
<FromUserName><![CDATA[okzvqwBVGRlU42uUP3CFMiQGlBfA]]></FromUserName>
<CreateTime>1475925322</CreateTime>
<MsgType><![CDATA[event]]></MsgType>
<Event><![CDATA[VIEW]]></Event>
<EventKey><![CDATA[http://shop.as-ba.cn/app/index.php?i=2&c=entry&eid=1226]]></EventKey>
<MenuId>411008066</MenuId>
</xml>

2016-10-08 19:15:22 params :
------------
Array:
rule : -2 ;
module :  ;
message : Array ;

2016-10-08 19:15:22 response :
------------

2016-10-08 19:55:58 trace :
------------
String:
<xml><ToUserName><![CDATA[gh_c111557e4720]]></ToUserName>
<FromUserName><![CDATA[okzvqwBBh19PcWrVnGIMzPTnwuDA]]></FromUserName>
<CreateTime>1475927758</CreateTime>
<MsgType><![CDATA[event]]></MsgType>
<Event><![CDATA[VIEW]]></Event>
<EventKey><![CDATA[http://shop.as-ba.cn/app/index.php?i=2&c=entry&eid=1226]]></EventKey>
<MenuId>411008066</MenuId>
</xml>

2016-10-08 19:55:58 params :
------------
Array:
rule : -2 ;
module :  ;
message : Array ;

2016-10-08 19:55:58 response :
------------

2016-10-08 21:02:42 trace :
------------
String:
<xml><ToUserName><![CDATA[gh_c111557e4720]]></ToUserName>
<FromUserName><![CDATA[okzvqwGc4YmOPxtxX75NvVFmtd_w]]></FromUserName>
<CreateTime>1475931762</CreateTime>
<MsgType><![CDATA[event]]></MsgType>
<Event><![CDATA[VIEW]]></Event>
<EventKey><![CDATA[http://shop.as-ba.cn/app/index.php?i=2&c=entry&eid=1226]]></EventKey>
<MenuId>411008066</MenuId>
</xml>

2016-10-08 21:02:42 params :
------------
Array:
rule : -2 ;
module :  ;
message : Array ;

2016-10-08 21:02:42 response :
------------

