2016-06-20 03:58:30 trace :
------------
String:
<xml><ToUserName><![CDATA[gh_994b4bf94dd3]]></ToUserName>
<FromUserName><![CDATA[o2LD4snne6SLBMKj3kkHoSDSJ7P0]]></FromUserName>
<CreateTime>1466366310</CreateTime>
<MsgType><![CDATA[event]]></MsgType>
<Event><![CDATA[verify_expired]]></Event>
<ExpiredTime>1466241841</ExpiredTime>
</xml>

2016-06-20 03:58:30 params :
------------
Array:
rule : -2 ;
module :  ;
message : Array ;

2016-06-20 03:58:30 response :
------------

2016-06-20 06:35:27 trace :
------------
String:
<xml><ToUserName><![CDATA[gh_173b187cfb81]]></ToUserName>
<FromUserName><![CDATA[ocu1wwb8AIF2gf3rGpfR6CwA3FSU]]></FromUserName>
<CreateTime>1466375727</CreateTime>
<MsgType><![CDATA[event]]></MsgType>
<Event><![CDATA[VIEW]]></Event>
<EventKey><![CDATA[http://f.iseasoft.cn/app/index.php?i=10&c=entry&eid=1226]]></EventKey>
<MenuId>428862708</MenuId>
</xml>

2016-06-20 06:35:27 params :
------------
Array:
message : Array ;
module : basic ;
rule : 90 ;
priority : 0 ;
keyword : Array ;

2016-06-20 06:35:27 response :
------------
Array:
FromUserName : gh_173b187cfb81 ;
ToUserName : ocu1wwb8AIF2gf3rGpfR6CwA3FSU ;
MsgType : text ;
Content : 您好，欢迎来到玉田网上超市！ ;

2016-06-20 08:13:07 trace :
------------
String:
<xml><ToUserName><![CDATA[gh_173b187cfb81]]></ToUserName>
<FromUserName><![CDATA[ocu1wwSHvNEaWFU8uxtnuMqiUHwg]]></FromUserName>
<CreateTime>1466381587</CreateTime>
<MsgType><![CDATA[event]]></MsgType>
<Event><![CDATA[VIEW]]></Event>
<EventKey><![CDATA[http://f.iseasoft.cn/app/index.php?i=10&c=entry&eid=1226]]></EventKey>
<MenuId>429849572</MenuId>
</xml>

2016-06-20 08:13:07 params :
------------
Array:
message : Array ;
module : basic ;
rule : 90 ;
priority : 0 ;
keyword : Array ;

2016-06-20 08:13:07 response :
------------
Array:
FromUserName : gh_173b187cfb81 ;
ToUserName : ocu1wwSHvNEaWFU8uxtnuMqiUHwg ;
MsgType : text ;
Content : 您好，欢迎来到玉田网上超市！ ;

2016-06-20 08:22:47 trace :
------------
String:
<xml><ToUserName><![CDATA[gh_173b187cfb81]]></ToUserName>
<FromUserName><![CDATA[ocu1wwSHvNEaWFU8uxtnuMqiUHwg]]></FromUserName>
<CreateTime>1466382167</CreateTime>
<MsgType><![CDATA[event]]></MsgType>
<Event><![CDATA[VIEW]]></Event>
<EventKey><![CDATA[http://f.iseasoft.cn/app/index.php?i=10&c=entry&eid=1226]]></EventKey>
<MenuId>429849572</MenuId>
</xml>

2016-06-20 08:22:47 params :
------------
Array:
message : Array ;
module : basic ;
rule : 90 ;
priority : 0 ;
keyword : Array ;

2016-06-20 08:22:47 response :
------------
Array:
FromUserName : gh_173b187cfb81 ;
ToUserName : ocu1wwSHvNEaWFU8uxtnuMqiUHwg ;
MsgType : text ;
Content : 您好，欢迎来到玉田网上超市！ ;

2016-06-20 09:05:38 trace :
------------
String:
<xml><ToUserName><![CDATA[gh_ce84963696ea]]></ToUserName>
<FromUserName><![CDATA[ogOo_wF2K7O6lV2R0OBm1r08QJAg]]></FromUserName>
<CreateTime>1466384738</CreateTime>
<MsgType><![CDATA[event]]></MsgType>
<Event><![CDATA[VIEW]]></Event>
<EventKey><![CDATA[http://f.iseasoft.cn/app/index.php?i=9&c=entry&eid=1226]]></EventKey>
<MenuId>409870668</MenuId>
</xml>

2016-06-20 09:05:38 params :
------------
Array:
message : Array ;
module : basic ;
rule : 81 ;
priority : 0 ;
keyword : Array ;

2016-06-20 09:05:38 response :
------------
Array:
FromUserName : gh_ce84963696ea ;
ToUserName : ogOo_wF2K7O6lV2R0OBm1r08QJAg ;
MsgType : text ;
Content : 欢迎关注昵多丽环保家居官方微信，系统正在完善中，更多精彩，敬请期待…… ;

2016-06-20 09:24:09 trace :
------------
String:
<xml><ToUserName><![CDATA[gh_173b187cfb81]]></ToUserName>
<FromUserName><![CDATA[ocu1wwYhy3SkF_oFr0EnpXKWOqqw]]></FromUserName>
<CreateTime>1466385849</CreateTime>
<MsgType><![CDATA[event]]></MsgType>
<Event><![CDATA[VIEW]]></Event>
<EventKey><![CDATA[http://f.iseasoft.cn/app/index.php?i=10&c=entry&eid=1226]]></EventKey>
<MenuId>429849572</MenuId>
</xml>

2016-06-20 09:24:09 params :
------------
Array:
message : Array ;
module : basic ;
rule : 90 ;
priority : 0 ;
keyword : Array ;

2016-06-20 09:24:09 response :
------------
Array:
FromUserName : gh_173b187cfb81 ;
ToUserName : ocu1wwYhy3SkF_oFr0EnpXKWOqqw ;
MsgType : text ;
Content : 您好，欢迎来到玉田网上超市！ ;

2016-06-20 09:54:03 trace :
------------
String:
<xml><ToUserName><![CDATA[gh_ce84963696ea]]></ToUserName>
<FromUserName><![CDATA[ogOo_wFobnsaK2n6IN5vXhRoYxik]]></FromUserName>
<CreateTime>1466387643</CreateTime>
<MsgType><![CDATA[event]]></MsgType>
<Event><![CDATA[VIEW]]></Event>
<EventKey><![CDATA[http://f.iseasoft.cn/app/index.php?i=9&c=entry&p=commission&m=sea&do=plugin]]></EventKey>
<MenuId>409870668</MenuId>
</xml>

2016-06-20 09:54:03 params :
------------
Array:
message : Array ;
module : basic ;
rule : 81 ;
priority : 0 ;
keyword : Array ;

2016-06-20 09:54:03 response :
------------
Array:
FromUserName : gh_ce84963696ea ;
ToUserName : ogOo_wFobnsaK2n6IN5vXhRoYxik ;
MsgType : text ;
Content : 欢迎关注昵多丽环保家居官方微信，系统正在完善中，更多精彩，敬请期待…… ;

2016-06-20 09:54:31 trace :
------------
String:
<xml><ToUserName><![CDATA[gh_ce84963696ea]]></ToUserName>
<FromUserName><![CDATA[ogOo_wFobnsaK2n6IN5vXhRoYxik]]></FromUserName>
<CreateTime>1466387671</CreateTime>
<MsgType><![CDATA[event]]></MsgType>
<Event><![CDATA[VIEW]]></Event>
<EventKey><![CDATA[http://f.iseasoft.cn/app/index.php?i=9&c=entry&eid=1226]]></EventKey>
<MenuId>409870668</MenuId>
</xml>

2016-06-20 09:54:31 params :
------------
Array:
message : Array ;
module : basic ;
rule : 81 ;
priority : 0 ;
keyword : Array ;

2016-06-20 09:54:31 response :
------------
Array:
FromUserName : gh_ce84963696ea ;
ToUserName : ogOo_wFobnsaK2n6IN5vXhRoYxik ;
MsgType : text ;
Content : 欢迎关注昵多丽环保家居官方微信，系统正在完善中，更多精彩，敬请期待…… ;

2016-06-20 09:54:53 trace :
------------
String:
<xml><ToUserName><![CDATA[gh_ce84963696ea]]></ToUserName>
<FromUserName><![CDATA[ogOo_wFobnsaK2n6IN5vXhRoYxik]]></FromUserName>
<CreateTime>1466387692</CreateTime>
<MsgType><![CDATA[event]]></MsgType>
<Event><![CDATA[VIEW]]></Event>
<EventKey><![CDATA[http://f.iseasoft.cn/app/index.php?i=9&c=entry&p=commission&m=sea&do=plugin]]></EventKey>
<MenuId>409870668</MenuId>
</xml>

2016-06-20 09:54:53 params :
------------
Array:
message : Array ;
module : basic ;
rule : 81 ;
priority : 0 ;
keyword : Array ;

2016-06-20 09:54:53 response :
------------
Array:
FromUserName : gh_ce84963696ea ;
ToUserName : ogOo_wFobnsaK2n6IN5vXhRoYxik ;
MsgType : text ;
Content : 欢迎关注昵多丽环保家居官方微信，系统正在完善中，更多精彩，敬请期待…… ;

2016-06-20 09:55:04 trace :
------------
String:
<xml><ToUserName><![CDATA[gh_ce84963696ea]]></ToUserName>
<FromUserName><![CDATA[ogOo_wFobnsaK2n6IN5vXhRoYxik]]></FromUserName>
<CreateTime>1466387704</CreateTime>
<MsgType><![CDATA[event]]></MsgType>
<Event><![CDATA[VIEW]]></Event>
<EventKey><![CDATA[http://f.iseasoft.cn/app/index.php?i=9&c=entry&p=commission&m=sea&do=plugin]]></EventKey>
<MenuId>409870668</MenuId>
</xml>

2016-06-20 09:55:04 params :
------------
Array:
message : Array ;
module : basic ;
rule : 81 ;
priority : 0 ;
keyword : Array ;

2016-06-20 09:55:04 response :
------------
Array:
FromUserName : gh_ce84963696ea ;
ToUserName : ogOo_wFobnsaK2n6IN5vXhRoYxik ;
MsgType : text ;
Content : 欢迎关注昵多丽环保家居官方微信，系统正在完善中，更多精彩，敬请期待…… ;

2016-06-20 09:57:52 trace :
------------
String:
<xml><ToUserName><![CDATA[gh_ce84963696ea]]></ToUserName>
<FromUserName><![CDATA[ogOo_wFobnsaK2n6IN5vXhRoYxik]]></FromUserName>
<CreateTime>1466387872</CreateTime>
<MsgType><![CDATA[text]]></MsgType>
<Content><![CDATA[加盟]]></Content>
<MsgId>6298087953901213301</MsgId>
</xml>

2016-06-20 09:57:52 params :
------------
Array:
message : Array ;
module : basic ;
rule : 81 ;
priority : 0 ;
keyword : Array ;

2016-06-20 09:57:52 response :
------------
Array:
FromUserName : gh_ce84963696ea ;
ToUserName : ogOo_wFobnsaK2n6IN5vXhRoYxik ;
MsgType : text ;
Content : 欢迎关注昵多丽环保家居官方微信，系统正在完善中，更多精彩，敬请期待…… ;

2016-06-20 10:09:23 trace :
------------
String:
<xml><ToUserName><![CDATA[gh_ce84963696ea]]></ToUserName>
<FromUserName><![CDATA[ogOo_wF2K7O6lV2R0OBm1r08QJAg]]></FromUserName>
<CreateTime>1466388562</CreateTime>
<MsgType><![CDATA[event]]></MsgType>
<Event><![CDATA[VIEW]]></Event>
<EventKey><![CDATA[http://f.iseasoft.cn/app/index.php?i=9&c=entry&eid=1226]]></EventKey>
<MenuId>409870668</MenuId>
</xml>

2016-06-20 10:09:23 params :
------------
Array:
message : Array ;
module : basic ;
rule : 81 ;
priority : 0 ;
keyword : Array ;

2016-06-20 10:09:23 response :
------------
Array:
FromUserName : gh_ce84963696ea ;
ToUserName : ogOo_wF2K7O6lV2R0OBm1r08QJAg ;
MsgType : text ;
Content : 欢迎关注昵多丽环保家居官方微信，系统正在完善中，更多精彩，敬请期待…… ;

2016-06-20 10:09:26 trace :
------------
String:
<xml><ToUserName><![CDATA[gh_ce84963696ea]]></ToUserName>
<FromUserName><![CDATA[ogOo_wF2K7O6lV2R0OBm1r08QJAg]]></FromUserName>
<CreateTime>1466388566</CreateTime>
<MsgType><![CDATA[event]]></MsgType>
<Event><![CDATA[VIEW]]></Event>
<EventKey><![CDATA[http://f.iseasoft.cn/app/index.php?i=9&c=entry&eid=1226]]></EventKey>
<MenuId>409870668</MenuId>
</xml>

2016-06-20 10:09:26 params :
------------
Array:
message : Array ;
module : basic ;
rule : 81 ;
priority : 0 ;
keyword : Array ;

2016-06-20 10:09:26 response :
------------
Array:
FromUserName : gh_ce84963696ea ;
ToUserName : ogOo_wF2K7O6lV2R0OBm1r08QJAg ;
MsgType : text ;
Content : 欢迎关注昵多丽环保家居官方微信，系统正在完善中，更多精彩，敬请期待…… ;

2016-06-20 10:10:57 trace :
------------
String:
<xml><ToUserName><![CDATA[gh_ce84963696ea]]></ToUserName>
<FromUserName><![CDATA[ogOo_wF2K7O6lV2R0OBm1r08QJAg]]></FromUserName>
<CreateTime>1466388656</CreateTime>
<MsgType><![CDATA[event]]></MsgType>
<Event><![CDATA[VIEW]]></Event>
<EventKey><![CDATA[http://f.iseasoft.cn/app/index.php?i=9&c=entry&eid=1226]]></EventKey>
<MenuId>409870668</MenuId>
</xml>

2016-06-20 10:10:57 params :
------------
Array:
message : Array ;
module : basic ;
rule : 81 ;
priority : 0 ;
keyword : Array ;

2016-06-20 10:10:57 response :
------------
Array:
FromUserName : gh_ce84963696ea ;
ToUserName : ogOo_wF2K7O6lV2R0OBm1r08QJAg ;
MsgType : text ;
Content : 欢迎关注昵多丽环保家居官方微信，系统正在完善中，更多精彩，敬请期待…… ;

2016-06-20 10:30:52 trace :
------------
String:
<xml><ToUserName><![CDATA[gh_9ef36f25dc50]]></ToUserName>
<FromUserName><![CDATA[oN38-wRM03ScICuQjgmiwPX9IK-o]]></FromUserName>
<CreateTime>1466389852</CreateTime>
<MsgType><![CDATA[event]]></MsgType>
<Event><![CDATA[subscribe]]></Event>
<EventKey><![CDATA[]]></EventKey>
</xml>

2016-06-20 10:30:52 params :
------------
Array:
message : Array ;
module : basic ;
rule : 79 ;
priority : 0 ;
keyword : Array ;

2016-06-20 10:30:52 response :
------------
Array:
FromUserName : gh_9ef36f25dc50 ;
ToUserName : oN38-wRM03ScICuQjgmiwPX9IK-o ;
MsgType : text ;
Content : 欢迎您的关注！！！ ;

2016-06-20 10:31:17 trace :
------------
String:
<xml><ToUserName><![CDATA[gh_9ef36f25dc50]]></ToUserName>
<FromUserName><![CDATA[oN38-wRM03ScICuQjgmiwPX9IK-o]]></FromUserName>
<CreateTime>1466389877</CreateTime>
<MsgType><![CDATA[event]]></MsgType>
<Event><![CDATA[VIEW]]></Event>
<EventKey><![CDATA[http://www.iseasoft.cn/wap/about/?8.html]]></EventKey>
<MenuId>409468597</MenuId>
</xml>

2016-06-20 10:31:17 params :
------------
Array:
rule : -2 ;
module :  ;
message : Array ;

2016-06-20 10:31:17 response :
------------

2016-06-20 10:32:28 trace :
------------
String:
<xml><ToUserName><![CDATA[gh_9ef36f25dc50]]></ToUserName>
<FromUserName><![CDATA[oN38-wRM03ScICuQjgmiwPX9IK-o]]></FromUserName>
<CreateTime>1466389948</CreateTime>
<MsgType><![CDATA[event]]></MsgType>
<Event><![CDATA[unsubscribe]]></Event>
<EventKey><![CDATA[]]></EventKey>
</xml>

2016-06-20 10:34:12 trace :
------------
String:
<xml><ToUserName><![CDATA[gh_ce84963696ea]]></ToUserName>
<FromUserName><![CDATA[ogOo_wFPCskvFWgojiV9UgZ7GsZI]]></FromUserName>
<CreateTime>1466390051</CreateTime>
<MsgType><![CDATA[event]]></MsgType>
<Event><![CDATA[subscribe]]></Event>
<EventKey><![CDATA[]]></EventKey>
</xml>

2016-06-20 10:34:12 params :
------------
Array:
message : Array ;
module : basic ;
rule : 81 ;
priority : 0 ;
keyword : Array ;

2016-06-20 10:34:12 response :
------------
Array:
FromUserName : gh_ce84963696ea ;
ToUserName : ogOo_wFPCskvFWgojiV9UgZ7GsZI ;
MsgType : text ;
Content : 欢迎关注昵多丽环保家居官方微信，系统正在完善中，更多精彩，敬请期待…… ;

2016-06-20 10:36:02 trace :
------------
String:
<xml><ToUserName><![CDATA[gh_173b187cfb81]]></ToUserName>
<FromUserName><![CDATA[ocu1wwSHvNEaWFU8uxtnuMqiUHwg]]></FromUserName>
<CreateTime>1466390162</CreateTime>
<MsgType><![CDATA[event]]></MsgType>
<Event><![CDATA[VIEW]]></Event>
<EventKey><![CDATA[http://f.iseasoft.cn/app/index.php?i=10&c=entry&eid=1226]]></EventKey>
<MenuId>429849572</MenuId>
</xml>

2016-06-20 10:36:02 params :
------------
Array:
message : Array ;
module : basic ;
rule : 90 ;
priority : 0 ;
keyword : Array ;

2016-06-20 10:36:02 response :
------------
Array:
FromUserName : gh_173b187cfb81 ;
ToUserName : ocu1wwSHvNEaWFU8uxtnuMqiUHwg ;
MsgType : text ;
Content : 您好，欢迎来到玉田网上超市！ ;

2016-06-20 10:38:12 trace :
------------
String:
<xml><ToUserName><![CDATA[gh_9ef36f25dc50]]></ToUserName>
<FromUserName><![CDATA[oN38-we3xHZTbMGyHb_fuTL5iyl0]]></FromUserName>
<CreateTime>1466390292</CreateTime>
<MsgType><![CDATA[event]]></MsgType>
<Event><![CDATA[VIEW]]></Event>
<EventKey><![CDATA[http://f.iseasoft.cn/app/index.php?i=5&c=entry&eid=1226]]></EventKey>
<MenuId>409468597</MenuId>
</xml>

2016-06-20 10:38:12 params :
------------
Array:
rule : -2 ;
module :  ;
message : Array ;

2016-06-20 10:38:12 response :
------------

2016-06-20 10:38:32 trace :
------------
String:
<xml><ToUserName><![CDATA[gh_9ef36f25dc50]]></ToUserName>
<FromUserName><![CDATA[oN38-we3xHZTbMGyHb_fuTL5iyl0]]></FromUserName>
<CreateTime>1466390311</CreateTime>
<MsgType><![CDATA[event]]></MsgType>
<Event><![CDATA[VIEW]]></Event>
<EventKey><![CDATA[http://www.iseasoft.cn/list/?9_1.html]]></EventKey>
<MenuId>409468597</MenuId>
</xml>

2016-06-20 10:38:32 params :
------------
Array:
rule : -2 ;
module :  ;
message : Array ;

2016-06-20 10:38:32 response :
------------

2016-06-20 10:39:16 trace :
------------
String:
<xml><ToUserName><![CDATA[gh_9ef36f25dc50]]></ToUserName>
<FromUserName><![CDATA[oN38-we3xHZTbMGyHb_fuTL5iyl0]]></FromUserName>
<CreateTime>1466390355</CreateTime>
<MsgType><![CDATA[event]]></MsgType>
<Event><![CDATA[VIEW]]></Event>
<EventKey><![CDATA[http://www.iseasoft.cn/wap/about/?8.html]]></EventKey>
<MenuId>409468597</MenuId>
</xml>

2016-06-20 10:39:16 params :
------------
Array:
rule : -2 ;
module :  ;
message : Array ;

2016-06-20 10:39:16 response :
------------

2016-06-20 10:39:34 trace :
------------
String:
<xml><ToUserName><![CDATA[gh_9ef36f25dc50]]></ToUserName>
<FromUserName><![CDATA[oN38-we3xHZTbMGyHb_fuTL5iyl0]]></FromUserName>
<CreateTime>1466390374</CreateTime>
<MsgType><![CDATA[event]]></MsgType>
<Event><![CDATA[VIEW]]></Event>
<EventKey><![CDATA[http://www.iseasoft.cn/wap/about/?34.html]]></EventKey>
<MenuId>409468597</MenuId>
</xml>

2016-06-20 10:39:34 params :
------------
Array:
rule : -2 ;
module :  ;
message : Array ;

2016-06-20 10:39:34 response :
------------

2016-06-20 10:39:34 trace :
------------
String:
<xml><ToUserName><![CDATA[gh_9ef36f25dc50]]></ToUserName>
<FromUserName><![CDATA[oN38-wStUjmCHSqBn7lXpBgQ7wC8]]></FromUserName>
<CreateTime>1466390374</CreateTime>
<MsgType><![CDATA[event]]></MsgType>
<Event><![CDATA[VIEW]]></Event>
<EventKey><![CDATA[http://www.iseasoft.cn/wap/about/?34.html]]></EventKey>
<MenuId>409468597</MenuId>
</xml>

2016-06-20 10:39:34 params :
------------
Array:
rule : -2 ;
module :  ;
message : Array ;

2016-06-20 10:39:34 response :
------------

2016-06-20 10:39:56 trace :
------------
String:
<xml><ToUserName><![CDATA[gh_9ef36f25dc50]]></ToUserName>
<FromUserName><![CDATA[oN38-wStUjmCHSqBn7lXpBgQ7wC8]]></FromUserName>
<CreateTime>1466390396</CreateTime>
<MsgType><![CDATA[event]]></MsgType>
<Event><![CDATA[VIEW]]></Event>
<EventKey><![CDATA[http://www.iseasoft.cn/wap/about/?7.html]]></EventKey>
<MenuId>409468597</MenuId>
</xml>

2016-06-20 10:39:56 params :
------------
Array:
rule : -2 ;
module :  ;
message : Array ;

2016-06-20 10:39:56 response :
------------

2016-06-20 10:40:02 trace :
------------
String:
<xml><ToUserName><![CDATA[gh_9ef36f25dc50]]></ToUserName>
<FromUserName><![CDATA[oN38-wStUjmCHSqBn7lXpBgQ7wC8]]></FromUserName>
<CreateTime>1466390402</CreateTime>
<MsgType><![CDATA[event]]></MsgType>
<Event><![CDATA[VIEW]]></Event>
<EventKey><![CDATA[http://www.iseasoft.cn/wap/about/?8.html]]></EventKey>
<MenuId>409468597</MenuId>
</xml>

2016-06-20 10:40:02 params :
------------
Array:
rule : -2 ;
module :  ;
message : Array ;

2016-06-20 10:40:02 response :
------------

2016-06-20 10:42:11 trace :
------------
String:
<xml><ToUserName><![CDATA[gh_ce84963696ea]]></ToUserName>
<FromUserName><![CDATA[ogOo_wF2K7O6lV2R0OBm1r08QJAg]]></FromUserName>
<CreateTime>1466390531</CreateTime>
<MsgType><![CDATA[event]]></MsgType>
<Event><![CDATA[VIEW]]></Event>
<EventKey><![CDATA[http://f.iseasoft.cn/app/index.php?i=9&c=entry&eid=1226]]></EventKey>
<MenuId>409870668</MenuId>
</xml>

2016-06-20 10:42:11 params :
------------
Array:
message : Array ;
module : basic ;
rule : 81 ;
priority : 0 ;
keyword : Array ;

2016-06-20 10:42:11 response :
------------
Array:
FromUserName : gh_ce84963696ea ;
ToUserName : ogOo_wF2K7O6lV2R0OBm1r08QJAg ;
MsgType : text ;
Content : 欢迎关注昵多丽环保家居官方微信，系统正在完善中，更多精彩，敬请期待…… ;

2016-06-20 10:47:56 trace :
------------
String:
<xml><ToUserName><![CDATA[gh_ce84963696ea]]></ToUserName>
<FromUserName><![CDATA[ogOo_wF2K7O6lV2R0OBm1r08QJAg]]></FromUserName>
<CreateTime>1466390875</CreateTime>
<MsgType><![CDATA[event]]></MsgType>
<Event><![CDATA[VIEW]]></Event>
<EventKey><![CDATA[http://f.iseasoft.cn/app/index.php?i=9&c=entry&eid=1226]]></EventKey>
<MenuId>409870668</MenuId>
</xml>

2016-06-20 10:47:56 params :
------------
Array:
message : Array ;
module : basic ;
rule : 81 ;
priority : 0 ;
keyword : Array ;

2016-06-20 10:47:56 response :
------------
Array:
FromUserName : gh_ce84963696ea ;
ToUserName : ogOo_wF2K7O6lV2R0OBm1r08QJAg ;
MsgType : text ;
Content : 欢迎关注昵多丽环保家居官方微信，系统正在完善中，更多精彩，敬请期待…… ;

2016-06-20 10:49:22 trace :
------------
String:
<xml><ToUserName><![CDATA[gh_ce84963696ea]]></ToUserName>
<FromUserName><![CDATA[ogOo_wF2K7O6lV2R0OBm1r08QJAg]]></FromUserName>
<CreateTime>1466390962</CreateTime>
<MsgType><![CDATA[event]]></MsgType>
<Event><![CDATA[VIEW]]></Event>
<EventKey><![CDATA[http://f.iseasoft.cn/app/index.php?i=9&c=entry&eid=1226]]></EventKey>
<MenuId>409870668</MenuId>
</xml>

2016-06-20 10:49:22 params :
------------
Array:
message : Array ;
module : basic ;
rule : 81 ;
priority : 0 ;
keyword : Array ;

2016-06-20 10:49:22 response :
------------
Array:
FromUserName : gh_ce84963696ea ;
ToUserName : ogOo_wF2K7O6lV2R0OBm1r08QJAg ;
MsgType : text ;
Content : 欢迎关注昵多丽环保家居官方微信，系统正在完善中，更多精彩，敬请期待…… ;

2016-06-20 10:57:16 trace :
------------
String:
<xml><ToUserName><![CDATA[gh_ce84963696ea]]></ToUserName>
<FromUserName><![CDATA[ogOo_wF2K7O6lV2R0OBm1r08QJAg]]></FromUserName>
<CreateTime>1466391435</CreateTime>
<MsgType><![CDATA[event]]></MsgType>
<Event><![CDATA[VIEW]]></Event>
<EventKey><![CDATA[http://f.iseasoft.cn/app/index.php?i=9&c=entry&eid=1226]]></EventKey>
<MenuId>409870668</MenuId>
</xml>

2016-06-20 10:57:16 params :
------------
Array:
message : Array ;
module : basic ;
rule : 81 ;
priority : 0 ;
keyword : Array ;

2016-06-20 10:57:16 response :
------------
Array:
FromUserName : gh_ce84963696ea ;
ToUserName : ogOo_wF2K7O6lV2R0OBm1r08QJAg ;
MsgType : text ;
Content : 欢迎关注昵多丽环保家居官方微信，系统正在完善中，更多精彩，敬请期待…… ;

2016-06-20 10:58:53 trace :
------------
String:
<xml><ToUserName><![CDATA[gh_ce84963696ea]]></ToUserName>
<FromUserName><![CDATA[ogOo_wF2K7O6lV2R0OBm1r08QJAg]]></FromUserName>
<CreateTime>1466391533</CreateTime>
<MsgType><![CDATA[event]]></MsgType>
<Event><![CDATA[VIEW]]></Event>
<EventKey><![CDATA[http://f.iseasoft.cn/app/index.php?i=9&c=entry&eid=1226]]></EventKey>
<MenuId>409870668</MenuId>
</xml>

2016-06-20 10:58:53 params :
------------
Array:
message : Array ;
module : basic ;
rule : 81 ;
priority : 0 ;
keyword : Array ;

2016-06-20 10:58:53 response :
------------
Array:
FromUserName : gh_ce84963696ea ;
ToUserName : ogOo_wF2K7O6lV2R0OBm1r08QJAg ;
MsgType : text ;
Content : 欢迎关注昵多丽环保家居官方微信，系统正在完善中，更多精彩，敬请期待…… ;

2016-06-20 10:59:08 trace :
------------
String:
<xml><ToUserName><![CDATA[gh_ce84963696ea]]></ToUserName>
<FromUserName><![CDATA[ogOo_wF2K7O6lV2R0OBm1r08QJAg]]></FromUserName>
<CreateTime>1466391548</CreateTime>
<MsgType><![CDATA[event]]></MsgType>
<Event><![CDATA[VIEW]]></Event>
<EventKey><![CDATA[http://f.iseasoft.cn/app/index.php?i=9&c=entry&eid=1226]]></EventKey>
<MenuId>409870668</MenuId>
</xml>

2016-06-20 10:59:08 params :
------------
Array:
message : Array ;
module : basic ;
rule : 81 ;
priority : 0 ;
keyword : Array ;

2016-06-20 10:59:08 response :
------------
Array:
FromUserName : gh_ce84963696ea ;
ToUserName : ogOo_wF2K7O6lV2R0OBm1r08QJAg ;
MsgType : text ;
Content : 欢迎关注昵多丽环保家居官方微信，系统正在完善中，更多精彩，敬请期待…… ;

2016-06-20 11:00:51 trace :
------------
String:
<xml><ToUserName><![CDATA[gh_ce84963696ea]]></ToUserName>
<FromUserName><![CDATA[ogOo_wF2K7O6lV2R0OBm1r08QJAg]]></FromUserName>
<CreateTime>1466391651</CreateTime>
<MsgType><![CDATA[event]]></MsgType>
<Event><![CDATA[VIEW]]></Event>
<EventKey><![CDATA[http://f.iseasoft.cn/app/index.php?i=9&c=entry&eid=1226]]></EventKey>
<MenuId>409870668</MenuId>
</xml>

2016-06-20 11:00:51 params :
------------
Array:
message : Array ;
module : basic ;
rule : 81 ;
priority : 0 ;
keyword : Array ;

2016-06-20 11:00:51 response :
------------
Array:
FromUserName : gh_ce84963696ea ;
ToUserName : ogOo_wF2K7O6lV2R0OBm1r08QJAg ;
MsgType : text ;
Content : 欢迎关注昵多丽环保家居官方微信，系统正在完善中，更多精彩，敬请期待…… ;

2016-06-20 11:03:20 trace :
------------
String:
<xml><ToUserName><![CDATA[gh_ce84963696ea]]></ToUserName>
<FromUserName><![CDATA[ogOo_wF2K7O6lV2R0OBm1r08QJAg]]></FromUserName>
<CreateTime>1466391800</CreateTime>
<MsgType><![CDATA[event]]></MsgType>
<Event><![CDATA[VIEW]]></Event>
<EventKey><![CDATA[http://f.iseasoft.cn/app/index.php?i=9&c=entry&eid=1226]]></EventKey>
<MenuId>409870668</MenuId>
</xml>

2016-06-20 11:03:20 params :
------------
Array:
message : Array ;
module : basic ;
rule : 81 ;
priority : 0 ;
keyword : Array ;

2016-06-20 11:03:20 response :
------------
Array:
FromUserName : gh_ce84963696ea ;
ToUserName : ogOo_wF2K7O6lV2R0OBm1r08QJAg ;
MsgType : text ;
Content : 欢迎关注昵多丽环保家居官方微信，系统正在完善中，更多精彩，敬请期待…… ;

2016-06-20 11:18:53 trace :
------------
String:
<xml><ToUserName><![CDATA[gh_ce84963696ea]]></ToUserName>
<FromUserName><![CDATA[ogOo_wF2K7O6lV2R0OBm1r08QJAg]]></FromUserName>
<CreateTime>1466392733</CreateTime>
<MsgType><![CDATA[event]]></MsgType>
<Event><![CDATA[VIEW]]></Event>
<EventKey><![CDATA[http://f.iseasoft.cn/app/index.php?i=9&c=entry&eid=1226]]></EventKey>
<MenuId>409870668</MenuId>
</xml>

2016-06-20 11:18:53 params :
------------
Array:
message : Array ;
module : basic ;
rule : 81 ;
priority : 0 ;
keyword : Array ;

2016-06-20 11:18:53 response :
------------
Array:
FromUserName : gh_ce84963696ea ;
ToUserName : ogOo_wF2K7O6lV2R0OBm1r08QJAg ;
MsgType : text ;
Content : 欢迎关注昵多丽环保家居官方微信，系统正在完善中，更多精彩，敬请期待…… ;

2016-06-20 14:07:02 trace :
------------
String:
<xml><ToUserName><![CDATA[gh_173b187cfb81]]></ToUserName>
<FromUserName><![CDATA[ocu1wwSHvNEaWFU8uxtnuMqiUHwg]]></FromUserName>
<CreateTime>1466402822</CreateTime>
<MsgType><![CDATA[event]]></MsgType>
<Event><![CDATA[VIEW]]></Event>
<EventKey><![CDATA[http://f.iseasoft.cn/app/index.php?i=10&c=entry&eid=1226]]></EventKey>
<MenuId>429849572</MenuId>
</xml>

2016-06-20 14:07:02 params :
------------
Array:
message : Array ;
module : basic ;
rule : 90 ;
priority : 0 ;
keyword : Array ;

2016-06-20 14:07:02 response :
------------
Array:
FromUserName : gh_173b187cfb81 ;
ToUserName : ocu1wwSHvNEaWFU8uxtnuMqiUHwg ;
MsgType : text ;
Content : 您好，欢迎来到玉田网上超市！ ;

2016-06-20 14:57:15 trace :
------------
String:
<xml><ToUserName><![CDATA[gh_173b187cfb81]]></ToUserName>
<FromUserName><![CDATA[ocu1wwbPygHBT2NgwHTaGhJYpS7g]]></FromUserName>
<CreateTime>1466405835</CreateTime>
<MsgType><![CDATA[event]]></MsgType>
<Event><![CDATA[subscribe]]></Event>
<EventKey><![CDATA[]]></EventKey>
</xml>

2016-06-20 14:57:15 params :
------------
Array:
message : Array ;
module : basic ;
rule : 90 ;
priority : 0 ;
keyword : Array ;

2016-06-20 14:57:15 response :
------------
Array:
FromUserName : gh_173b187cfb81 ;
ToUserName : ocu1wwbPygHBT2NgwHTaGhJYpS7g ;
MsgType : text ;
Content : 您好，欢迎来到玉田网上超市！ ;

2016-06-20 14:57:53 trace :
------------
String:
<xml><ToUserName><![CDATA[gh_173b187cfb81]]></ToUserName>
<FromUserName><![CDATA[ocu1wwbPygHBT2NgwHTaGhJYpS7g]]></FromUserName>
<CreateTime>1466405873</CreateTime>
<MsgType><![CDATA[event]]></MsgType>
<Event><![CDATA[VIEW]]></Event>
<EventKey><![CDATA[http://f.iseasoft.cn/app/index.php?i=10&c=entry&eid=1226]]></EventKey>
<MenuId>429849572</MenuId>
</xml>

2016-06-20 14:57:54 params :
------------
Array:
message : Array ;
module : basic ;
rule : 90 ;
priority : 0 ;
keyword : Array ;

2016-06-20 14:57:54 response :
------------
Array:
FromUserName : gh_173b187cfb81 ;
ToUserName : ocu1wwbPygHBT2NgwHTaGhJYpS7g ;
MsgType : text ;
Content : 您好，欢迎来到玉田网上超市！ ;

2016-06-20 15:00:16 trace :
------------
String:
<xml><ToUserName><![CDATA[gh_173b187cfb81]]></ToUserName>
<FromUserName><![CDATA[ocu1wwbPygHBT2NgwHTaGhJYpS7g]]></FromUserName>
<CreateTime>1466406016</CreateTime>
<MsgType><![CDATA[event]]></MsgType>
<Event><![CDATA[VIEW]]></Event>
<EventKey><![CDATA[http://mp.weixin.qq.com/s?__biz=MzI0NTQwMzUwNg==&mid=100000001&idx=1&sn=c1f5d4cb7038fbcea35a9c3891e50569&scene=18#rd]]></EventKey>
<MenuId>429849572</MenuId>
</xml>

2016-06-20 15:00:16 params :
------------
Array:
message : Array ;
module : basic ;
rule : 90 ;
priority : 0 ;
keyword : Array ;

2016-06-20 15:00:16 response :
------------
Array:
FromUserName : gh_173b187cfb81 ;
ToUserName : ocu1wwbPygHBT2NgwHTaGhJYpS7g ;
MsgType : text ;
Content : 您好，欢迎来到玉田网上超市！ ;

2016-06-20 15:00:43 trace :
------------
String:
<xml><ToUserName><![CDATA[gh_173b187cfb81]]></ToUserName>
<FromUserName><![CDATA[ocu1wwbPygHBT2NgwHTaGhJYpS7g]]></FromUserName>
<CreateTime>1466406042</CreateTime>
<MsgType><![CDATA[event]]></MsgType>
<Event><![CDATA[VIEW]]></Event>
<EventKey><![CDATA[http://f.iseasoft.cn/app/index.php?i=10&c=entry&eid=1226]]></EventKey>
<MenuId>429849572</MenuId>
</xml>

2016-06-20 15:00:43 params :
------------
Array:
message : Array ;
module : basic ;
rule : 90 ;
priority : 0 ;
keyword : Array ;

2016-06-20 15:00:43 response :
------------
Array:
FromUserName : gh_173b187cfb81 ;
ToUserName : ocu1wwbPygHBT2NgwHTaGhJYpS7g ;
MsgType : text ;
Content : 您好，欢迎来到玉田网上超市！ ;

2016-06-20 15:59:54 trace :
------------
String:
<xml><ToUserName><![CDATA[gh_173b187cfb81]]></ToUserName>
<FromUserName><![CDATA[ocu1wwSHvNEaWFU8uxtnuMqiUHwg]]></FromUserName>
<CreateTime>1466409594</CreateTime>
<MsgType><![CDATA[event]]></MsgType>
<Event><![CDATA[VIEW]]></Event>
<EventKey><![CDATA[http://f.iseasoft.cn/app/index.php?i=10&c=entry&eid=1226]]></EventKey>
<MenuId>429849572</MenuId>
</xml>

2016-06-20 15:59:54 params :
------------
Array:
message : Array ;
module : basic ;
rule : 90 ;
priority : 0 ;
keyword : Array ;

2016-06-20 15:59:54 response :
------------
Array:
FromUserName : gh_173b187cfb81 ;
ToUserName : ocu1wwSHvNEaWFU8uxtnuMqiUHwg ;
MsgType : text ;
Content : 您好，欢迎来到玉田网上超市！ ;

2016-06-20 16:00:59 trace :
------------
String:
<xml><ToUserName><![CDATA[gh_173b187cfb81]]></ToUserName>
<FromUserName><![CDATA[ocu1wwSHvNEaWFU8uxtnuMqiUHwg]]></FromUserName>
<CreateTime>1466409659</CreateTime>
<MsgType><![CDATA[event]]></MsgType>
<Event><![CDATA[VIEW]]></Event>
<EventKey><![CDATA[http://f.iseasoft.cn/app/index.php?i=10&c=entry&eid=1226]]></EventKey>
<MenuId>429849572</MenuId>
</xml>

2016-06-20 16:00:59 params :
------------
Array:
message : Array ;
module : basic ;
rule : 90 ;
priority : 0 ;
keyword : Array ;

2016-06-20 16:00:59 response :
------------
Array:
FromUserName : gh_173b187cfb81 ;
ToUserName : ocu1wwSHvNEaWFU8uxtnuMqiUHwg ;
MsgType : text ;
Content : 您好，欢迎来到玉田网上超市！ ;

2016-06-20 16:01:34 trace :
------------
String:
<xml><ToUserName><![CDATA[gh_173b187cfb81]]></ToUserName>
<FromUserName><![CDATA[ocu1wwSHvNEaWFU8uxtnuMqiUHwg]]></FromUserName>
<CreateTime>1466409694</CreateTime>
<MsgType><![CDATA[event]]></MsgType>
<Event><![CDATA[VIEW]]></Event>
<EventKey><![CDATA[http://f.iseasoft.cn/app/index.php?i=10&c=entry&eid=1226]]></EventKey>
<MenuId>429849572</MenuId>
</xml>

2016-06-20 16:01:34 params :
------------
Array:
message : Array ;
module : basic ;
rule : 90 ;
priority : 0 ;
keyword : Array ;

2016-06-20 16:01:34 response :
------------
Array:
FromUserName : gh_173b187cfb81 ;
ToUserName : ocu1wwSHvNEaWFU8uxtnuMqiUHwg ;
MsgType : text ;
Content : 您好，欢迎来到玉田网上超市！ ;

2016-06-20 16:01:52 trace :
------------
String:
<xml><ToUserName><![CDATA[gh_173b187cfb81]]></ToUserName>
<FromUserName><![CDATA[ocu1wwSHvNEaWFU8uxtnuMqiUHwg]]></FromUserName>
<CreateTime>1466409712</CreateTime>
<MsgType><![CDATA[event]]></MsgType>
<Event><![CDATA[VIEW]]></Event>
<EventKey><![CDATA[http://f.iseasoft.cn/app/index.php?i=10&c=entry&eid=1226]]></EventKey>
<MenuId>429849572</MenuId>
</xml>

2016-06-20 16:01:52 params :
------------
Array:
message : Array ;
module : basic ;
rule : 90 ;
priority : 0 ;
keyword : Array ;

2016-06-20 16:01:52 response :
------------
Array:
FromUserName : gh_173b187cfb81 ;
ToUserName : ocu1wwSHvNEaWFU8uxtnuMqiUHwg ;
MsgType : text ;
Content : 您好，欢迎来到玉田网上超市！ ;

2016-06-20 16:03:01 trace :
------------
String:
<xml><ToUserName><![CDATA[gh_173b187cfb81]]></ToUserName>
<FromUserName><![CDATA[ocu1wwSHvNEaWFU8uxtnuMqiUHwg]]></FromUserName>
<CreateTime>1466409781</CreateTime>
<MsgType><![CDATA[event]]></MsgType>
<Event><![CDATA[VIEW]]></Event>
<EventKey><![CDATA[http://f.iseasoft.cn/app/index.php?i=10&c=entry&eid=1226]]></EventKey>
<MenuId>429849572</MenuId>
</xml>

2016-06-20 16:03:01 params :
------------
Array:
message : Array ;
module : basic ;
rule : 90 ;
priority : 0 ;
keyword : Array ;

2016-06-20 16:03:01 response :
------------
Array:
FromUserName : gh_173b187cfb81 ;
ToUserName : ocu1wwSHvNEaWFU8uxtnuMqiUHwg ;
MsgType : text ;
Content : 您好，欢迎来到玉田网上超市！ ;

2016-06-20 16:03:18 trace :
------------
String:
<xml><ToUserName><![CDATA[gh_173b187cfb81]]></ToUserName>
<FromUserName><![CDATA[ocu1wwSHvNEaWFU8uxtnuMqiUHwg]]></FromUserName>
<CreateTime>1466409798</CreateTime>
<MsgType><![CDATA[event]]></MsgType>
<Event><![CDATA[VIEW]]></Event>
<EventKey><![CDATA[http://f.iseasoft.cn/app/index.php?i=10&c=entry&eid=1226]]></EventKey>
<MenuId>429849572</MenuId>
</xml>

2016-06-20 16:03:18 params :
------------
Array:
message : Array ;
module : basic ;
rule : 90 ;
priority : 0 ;
keyword : Array ;

2016-06-20 16:03:18 response :
------------
Array:
FromUserName : gh_173b187cfb81 ;
ToUserName : ocu1wwSHvNEaWFU8uxtnuMqiUHwg ;
MsgType : text ;
Content : 您好，欢迎来到玉田网上超市！ ;

2016-06-20 16:04:53 trace :
------------
String:
<xml><ToUserName><![CDATA[gh_173b187cfb81]]></ToUserName>
<FromUserName><![CDATA[ocu1wwSHvNEaWFU8uxtnuMqiUHwg]]></FromUserName>
<CreateTime>1466409892</CreateTime>
<MsgType><![CDATA[event]]></MsgType>
<Event><![CDATA[VIEW]]></Event>
<EventKey><![CDATA[http://f.iseasoft.cn/app/index.php?i=10&c=entry&eid=1226]]></EventKey>
<MenuId>429849572</MenuId>
</xml>

2016-06-20 16:04:53 params :
------------
Array:
message : Array ;
module : basic ;
rule : 90 ;
priority : 0 ;
keyword : Array ;

2016-06-20 16:04:53 response :
------------
Array:
FromUserName : gh_173b187cfb81 ;
ToUserName : ocu1wwSHvNEaWFU8uxtnuMqiUHwg ;
MsgType : text ;
Content : 您好，欢迎来到玉田网上超市！ ;

2016-06-20 16:05:54 trace :
------------
String:
<xml><ToUserName><![CDATA[gh_173b187cfb81]]></ToUserName>
<FromUserName><![CDATA[ocu1wwSHvNEaWFU8uxtnuMqiUHwg]]></FromUserName>
<CreateTime>1466409954</CreateTime>
<MsgType><![CDATA[event]]></MsgType>
<Event><![CDATA[VIEW]]></Event>
<EventKey><![CDATA[http://f.iseasoft.cn/app/index.php?i=10&c=entry&eid=1226]]></EventKey>
<MenuId>429849572</MenuId>
</xml>

2016-06-20 16:05:54 params :
------------
Array:
message : Array ;
module : basic ;
rule : 90 ;
priority : 0 ;
keyword : Array ;

2016-06-20 16:05:54 response :
------------
Array:
FromUserName : gh_173b187cfb81 ;
ToUserName : ocu1wwSHvNEaWFU8uxtnuMqiUHwg ;
MsgType : text ;
Content : 您好，欢迎来到玉田网上超市！ ;

2016-06-20 16:06:42 trace :
------------
String:
<xml><ToUserName><![CDATA[gh_173b187cfb81]]></ToUserName>
<FromUserName><![CDATA[ocu1wwSHvNEaWFU8uxtnuMqiUHwg]]></FromUserName>
<CreateTime>1466410002</CreateTime>
<MsgType><![CDATA[event]]></MsgType>
<Event><![CDATA[VIEW]]></Event>
<EventKey><![CDATA[http://f.iseasoft.cn/app/index.php?i=10&c=entry&eid=1226]]></EventKey>
<MenuId>429849572</MenuId>
</xml>

2016-06-20 16:06:42 params :
------------
Array:
message : Array ;
module : basic ;
rule : 90 ;
priority : 0 ;
keyword : Array ;

2016-06-20 16:06:42 response :
------------
Array:
FromUserName : gh_173b187cfb81 ;
ToUserName : ocu1wwSHvNEaWFU8uxtnuMqiUHwg ;
MsgType : text ;
Content : 您好，欢迎来到玉田网上超市！ ;

2016-06-20 16:07:01 trace :
------------
String:
<xml><ToUserName><![CDATA[gh_173b187cfb81]]></ToUserName>
<FromUserName><![CDATA[ocu1wwSHvNEaWFU8uxtnuMqiUHwg]]></FromUserName>
<CreateTime>1466410018</CreateTime>
<MsgType><![CDATA[event]]></MsgType>
<Event><![CDATA[VIEW]]></Event>
<EventKey><![CDATA[http://f.iseasoft.cn/app/index.php?i=10&c=entry&eid=1226]]></EventKey>
<MenuId>429849572</MenuId>
</xml>

2016-06-20 16:07:01 params :
------------
Array:
message : Array ;
module : basic ;
rule : 90 ;
priority : 0 ;
keyword : Array ;

2016-06-20 16:07:01 response :
------------
Array:
FromUserName : gh_173b187cfb81 ;
ToUserName : ocu1wwSHvNEaWFU8uxtnuMqiUHwg ;
MsgType : text ;
Content : 您好，欢迎来到玉田网上超市！ ;

2016-06-20 16:07:56 trace :
------------
String:
<xml><ToUserName><![CDATA[gh_173b187cfb81]]></ToUserName>
<FromUserName><![CDATA[ocu1wwSHvNEaWFU8uxtnuMqiUHwg]]></FromUserName>
<CreateTime>1466410076</CreateTime>
<MsgType><![CDATA[event]]></MsgType>
<Event><![CDATA[VIEW]]></Event>
<EventKey><![CDATA[http://f.iseasoft.cn/app/index.php?i=10&c=entry&eid=1226]]></EventKey>
<MenuId>429849572</MenuId>
</xml>

2016-06-20 16:07:56 params :
------------
Array:
message : Array ;
module : basic ;
rule : 90 ;
priority : 0 ;
keyword : Array ;

2016-06-20 16:07:56 response :
------------
Array:
FromUserName : gh_173b187cfb81 ;
ToUserName : ocu1wwSHvNEaWFU8uxtnuMqiUHwg ;
MsgType : text ;
Content : 您好，欢迎来到玉田网上超市！ ;

2016-06-20 16:08:52 trace :
------------
String:
<xml><ToUserName><![CDATA[gh_173b187cfb81]]></ToUserName>
<FromUserName><![CDATA[ocu1wwSHvNEaWFU8uxtnuMqiUHwg]]></FromUserName>
<CreateTime>1466410132</CreateTime>
<MsgType><![CDATA[event]]></MsgType>
<Event><![CDATA[VIEW]]></Event>
<EventKey><![CDATA[http://f.iseasoft.cn/app/index.php?i=10&c=entry&eid=1226]]></EventKey>
<MenuId>429849572</MenuId>
</xml>

2016-06-20 16:08:52 params :
------------
Array:
message : Array ;
module : basic ;
rule : 90 ;
priority : 0 ;
keyword : Array ;

2016-06-20 16:08:52 response :
------------
Array:
FromUserName : gh_173b187cfb81 ;
ToUserName : ocu1wwSHvNEaWFU8uxtnuMqiUHwg ;
MsgType : text ;
Content : 您好，欢迎来到玉田网上超市！ ;

2016-06-20 16:12:28 trace :
------------
String:
<xml><ToUserName><![CDATA[gh_173b187cfb81]]></ToUserName>
<FromUserName><![CDATA[ocu1wwSHvNEaWFU8uxtnuMqiUHwg]]></FromUserName>
<CreateTime>1466410348</CreateTime>
<MsgType><![CDATA[event]]></MsgType>
<Event><![CDATA[VIEW]]></Event>
<EventKey><![CDATA[http://f.iseasoft.cn/app/index.php?i=10&c=entry&eid=1226]]></EventKey>
<MenuId>429849572</MenuId>
</xml>

2016-06-20 16:12:28 params :
------------
Array:
message : Array ;
module : basic ;
rule : 90 ;
priority : 0 ;
keyword : Array ;

2016-06-20 16:12:28 response :
------------
Array:
FromUserName : gh_173b187cfb81 ;
ToUserName : ocu1wwSHvNEaWFU8uxtnuMqiUHwg ;
MsgType : text ;
Content : 您好，欢迎来到玉田网上超市！ ;

2016-06-20 16:13:13 trace :
------------
String:
<xml><ToUserName><![CDATA[gh_173b187cfb81]]></ToUserName>
<FromUserName><![CDATA[ocu1wwSHvNEaWFU8uxtnuMqiUHwg]]></FromUserName>
<CreateTime>1466410393</CreateTime>
<MsgType><![CDATA[event]]></MsgType>
<Event><![CDATA[VIEW]]></Event>
<EventKey><![CDATA[http://f.iseasoft.cn/app/index.php?i=10&c=entry&eid=1230]]></EventKey>
<MenuId>429849572</MenuId>
</xml>

2016-06-20 16:13:13 params :
------------
Array:
message : Array ;
module : basic ;
rule : 90 ;
priority : 0 ;
keyword : Array ;

2016-06-20 16:13:13 response :
------------
Array:
FromUserName : gh_173b187cfb81 ;
ToUserName : ocu1wwSHvNEaWFU8uxtnuMqiUHwg ;
MsgType : text ;
Content : 您好，欢迎来到玉田网上超市！ ;

2016-06-20 16:44:43 trace :
------------
String:
<xml><ToUserName><![CDATA[gh_9ef36f25dc50]]></ToUserName>
<FromUserName><![CDATA[oN38-wZI8b4x9o9cHuYgAJJdnLIw]]></FromUserName>
<CreateTime>1466412283</CreateTime>
<MsgType><![CDATA[event]]></MsgType>
<Event><![CDATA[subscribe]]></Event>
<EventKey><![CDATA[]]></EventKey>
</xml>

2016-06-20 16:44:43 params :
------------
Array:
message : Array ;
module : basic ;
rule : 79 ;
priority : 0 ;
keyword : Array ;

2016-06-20 16:44:43 response :
------------
Array:
FromUserName : gh_9ef36f25dc50 ;
ToUserName : oN38-wZI8b4x9o9cHuYgAJJdnLIw ;
MsgType : text ;
Content : 欢迎您的关注！！！ ;

2016-06-20 16:44:49 trace :
------------
String:
<xml><ToUserName><![CDATA[gh_9ef36f25dc50]]></ToUserName>
<FromUserName><![CDATA[oN38-wZI8b4x9o9cHuYgAJJdnLIw]]></FromUserName>
<CreateTime>1466412289</CreateTime>
<MsgType><![CDATA[event]]></MsgType>
<Event><![CDATA[VIEW]]></Event>
<EventKey><![CDATA[http://f.iseasoft.cn/app/index.php?i=5&c=entry&eid=1226]]></EventKey>
<MenuId>409541869</MenuId>
</xml>

2016-06-20 16:44:49 params :
------------
Array:
rule : -2 ;
module :  ;
message : Array ;

2016-06-20 16:44:49 response :
------------

2016-06-20 16:45:52 trace :
------------
String:
<xml><ToUserName><![CDATA[gh_9ef36f25dc50]]></ToUserName>
<FromUserName><![CDATA[oN38-wZI8b4x9o9cHuYgAJJdnLIw]]></FromUserName>
<CreateTime>1466412352</CreateTime>
<MsgType><![CDATA[event]]></MsgType>
<Event><![CDATA[VIEW]]></Event>
<EventKey><![CDATA[http://f.iseasoft.cn/app/index.php?i=5&c=entry&eid=1226]]></EventKey>
<MenuId>409541869</MenuId>
</xml>

2016-06-20 16:45:52 params :
------------
Array:
rule : -2 ;
module :  ;
message : Array ;

2016-06-20 16:45:52 response :
------------

2016-06-20 16:46:49 trace :
------------
String:
<xml><ToUserName><![CDATA[gh_9ef36f25dc50]]></ToUserName>
<FromUserName><![CDATA[oN38-wZI8b4x9o9cHuYgAJJdnLIw]]></FromUserName>
<CreateTime>1466412409</CreateTime>
<MsgType><![CDATA[text]]></MsgType>
<Content><![CDATA[彼此]]></Content>
<MsgId>6298193339513120962</MsgId>
</xml>

2016-06-20 16:46:49 params :
------------
Array:
rule : -2 ;
module :  ;
message : Array ;

2016-06-20 16:46:49 response :
------------

2016-06-20 16:46:54 trace :
------------
String:
<xml><ToUserName><![CDATA[gh_9ef36f25dc50]]></ToUserName>
<FromUserName><![CDATA[oN38-wZI8b4x9o9cHuYgAJJdnLIw]]></FromUserName>
<CreateTime>1466412414</CreateTime>
<MsgType><![CDATA[event]]></MsgType>
<Event><![CDATA[VIEW]]></Event>
<EventKey><![CDATA[http://f.iseasoft.cn/app/index.php?i=5&c=entry&eid=1226]]></EventKey>
<MenuId>409541869</MenuId>
</xml>

2016-06-20 16:46:54 params :
------------
Array:
rule : -2 ;
module :  ;
message : Array ;

2016-06-20 16:46:54 response :
------------

2016-06-20 16:47:07 trace :
------------
String:
<xml><ToUserName><![CDATA[gh_9ef36f25dc50]]></ToUserName>
<FromUserName><![CDATA[oN38-wZI8b4x9o9cHuYgAJJdnLIw]]></FromUserName>
<CreateTime>1466412427</CreateTime>
<MsgType><![CDATA[event]]></MsgType>
<Event><![CDATA[unsubscribe]]></Event>
<EventKey><![CDATA[]]></EventKey>
</xml>

2016-06-20 16:47:48 trace :
------------
String:
<xml><ToUserName><![CDATA[gh_9ef36f25dc50]]></ToUserName>
<FromUserName><![CDATA[oN38-wZI8b4x9o9cHuYgAJJdnLIw]]></FromUserName>
<CreateTime>1466412468</CreateTime>
<MsgType><![CDATA[event]]></MsgType>
<Event><![CDATA[subscribe]]></Event>
<EventKey><![CDATA[]]></EventKey>
</xml>

2016-06-20 16:47:48 params :
------------
Array:
message : Array ;
module : basic ;
rule : 79 ;
priority : 0 ;
keyword : Array ;

2016-06-20 16:47:48 response :
------------
Array:
FromUserName : gh_9ef36f25dc50 ;
ToUserName : oN38-wZI8b4x9o9cHuYgAJJdnLIw ;
MsgType : text ;
Content : 欢迎您的关注！！！ ;

2016-06-20 16:47:51 trace :
------------
String:
<xml><ToUserName><![CDATA[gh_9ef36f25dc50]]></ToUserName>
<FromUserName><![CDATA[oN38-wZI8b4x9o9cHuYgAJJdnLIw]]></FromUserName>
<CreateTime>1466412471</CreateTime>
<MsgType><![CDATA[event]]></MsgType>
<Event><![CDATA[VIEW]]></Event>
<EventKey><![CDATA[http://f.iseasoft.cn/app/index.php?i=5&c=entry&eid=1226]]></EventKey>
<MenuId>409544896</MenuId>
</xml>

2016-06-20 16:47:51 params :
------------
Array:
rule : -2 ;
module :  ;
message : Array ;

2016-06-20 16:47:51 response :
------------

2016-06-20 16:48:49 trace :
------------
String:
<xml><ToUserName><![CDATA[gh_9ef36f25dc50]]></ToUserName>
<FromUserName><![CDATA[oN38-wZI8b4x9o9cHuYgAJJdnLIw]]></FromUserName>
<CreateTime>1466412529</CreateTime>
<MsgType><![CDATA[event]]></MsgType>
<Event><![CDATA[VIEW]]></Event>
<EventKey><![CDATA[http://f.iseasoft.cn/app/index.php?i=5&c=entry&eid=1226]]></EventKey>
<MenuId>409544896</MenuId>
</xml>

2016-06-20 16:48:49 params :
------------
Array:
rule : -2 ;
module :  ;
message : Array ;

2016-06-20 16:48:49 response :
------------

2016-06-20 17:12:45 trace :
------------
String:
<xml><ToUserName><![CDATA[gh_9ef36f25dc50]]></ToUserName>
<FromUserName><![CDATA[oN38-wZI8b4x9o9cHuYgAJJdnLIw]]></FromUserName>
<CreateTime>1466413965</CreateTime>
<MsgType><![CDATA[event]]></MsgType>
<Event><![CDATA[VIEW]]></Event>
<EventKey><![CDATA[http://f.iseasoft.cn/app/index.php?i=5&c=entry&eid=1226]]></EventKey>
<MenuId>409544896</MenuId>
</xml>

2016-06-20 17:12:45 params :
------------
Array:
rule : -2 ;
module :  ;
message : Array ;

2016-06-20 17:12:45 response :
------------

2016-06-20 17:17:57 trace :
------------
String:
<xml><ToUserName><![CDATA[gh_173b187cfb81]]></ToUserName>
<FromUserName><![CDATA[ocu1wwSHvNEaWFU8uxtnuMqiUHwg]]></FromUserName>
<CreateTime>1466414277</CreateTime>
<MsgType><![CDATA[event]]></MsgType>
<Event><![CDATA[VIEW]]></Event>
<EventKey><![CDATA[http://f.iseasoft.cn/app/index.php?i=10&c=entry&eid=1226]]></EventKey>
<MenuId>429849572</MenuId>
</xml>

2016-06-20 17:17:57 params :
------------
Array:
message : Array ;
module : basic ;
rule : 90 ;
priority : 0 ;
keyword : Array ;

2016-06-20 17:17:57 response :
------------
Array:
FromUserName : gh_173b187cfb81 ;
ToUserName : ocu1wwSHvNEaWFU8uxtnuMqiUHwg ;
MsgType : text ;
Content : 您好，欢迎来到玉田网上超市！ ;

2016-06-20 17:18:37 trace :
------------
String:
<xml><ToUserName><![CDATA[gh_173b187cfb81]]></ToUserName>
<FromUserName><![CDATA[ocu1wwSHvNEaWFU8uxtnuMqiUHwg]]></FromUserName>
<CreateTime>1466414317</CreateTime>
<MsgType><![CDATA[event]]></MsgType>
<Event><![CDATA[VIEW]]></Event>
<EventKey><![CDATA[http://f.iseasoft.cn/app/index.php?i=10&c=entry&eid=1226]]></EventKey>
<MenuId>429849572</MenuId>
</xml>

2016-06-20 17:18:37 params :
------------
Array:
message : Array ;
module : basic ;
rule : 90 ;
priority : 0 ;
keyword : Array ;

2016-06-20 17:18:37 response :
------------
Array:
FromUserName : gh_173b187cfb81 ;
ToUserName : ocu1wwSHvNEaWFU8uxtnuMqiUHwg ;
MsgType : text ;
Content : 您好，欢迎来到玉田网上超市！ ;

2016-06-20 17:20:20 trace :
------------
String:
<xml><ToUserName><![CDATA[gh_9ef36f25dc50]]></ToUserName>
<FromUserName><![CDATA[oN38-wZI8b4x9o9cHuYgAJJdnLIw]]></FromUserName>
<CreateTime>1466414419</CreateTime>
<MsgType><![CDATA[event]]></MsgType>
<Event><![CDATA[VIEW]]></Event>
<EventKey><![CDATA[http://f.iseasoft.cn/app/index.php?i=5&c=entry&eid=1226]]></EventKey>
<MenuId>409544896</MenuId>
</xml>

2016-06-20 17:20:20 params :
------------
Array:
rule : -2 ;
module :  ;
message : Array ;

2016-06-20 17:20:20 response :
------------

2016-06-20 17:20:36 trace :
------------
String:
<xml><ToUserName><![CDATA[gh_9ef36f25dc50]]></ToUserName>
<FromUserName><![CDATA[oN38-wZI8b4x9o9cHuYgAJJdnLIw]]></FromUserName>
<CreateTime>1466414435</CreateTime>
<MsgType><![CDATA[event]]></MsgType>
<Event><![CDATA[VIEW]]></Event>
<EventKey><![CDATA[http://f.iseasoft.cn/app/index.php?i=5&c=entry&eid=1226]]></EventKey>
<MenuId>409544896</MenuId>
</xml>

2016-06-20 17:20:36 params :
------------
Array:
rule : -2 ;
module :  ;
message : Array ;

2016-06-20 17:20:36 response :
------------

2016-06-20 17:28:50 trace :
------------
String:
<xml><ToUserName><![CDATA[gh_ce84963696ea]]></ToUserName>
<FromUserName><![CDATA[ogOo_wF2K7O6lV2R0OBm1r08QJAg]]></FromUserName>
<CreateTime>1466414930</CreateTime>
<MsgType><![CDATA[event]]></MsgType>
<Event><![CDATA[VIEW]]></Event>
<EventKey><![CDATA[http://f.iseasoft.cn/app/index.php?i=9&c=entry&eid=1226]]></EventKey>
<MenuId>409870668</MenuId>
</xml>

2016-06-20 17:28:50 params :
------------
Array:
message : Array ;
module : basic ;
rule : 81 ;
priority : 0 ;
keyword : Array ;

2016-06-20 17:28:50 response :
------------
Array:
FromUserName : gh_ce84963696ea ;
ToUserName : ogOo_wF2K7O6lV2R0OBm1r08QJAg ;
MsgType : text ;
Content : 欢迎关注昵多丽环保家居官方微信，系统正在完善中，更多精彩，敬请期待…… ;

2016-06-20 17:30:00 trace :
------------
String:
<xml><ToUserName><![CDATA[gh_ce84963696ea]]></ToUserName>
<FromUserName><![CDATA[ogOo_wF2K7O6lV2R0OBm1r08QJAg]]></FromUserName>
<CreateTime>1466415000</CreateTime>
<MsgType><![CDATA[event]]></MsgType>
<Event><![CDATA[VIEW]]></Event>
<EventKey><![CDATA[http://f.iseasoft.cn/app/index.php?i=9&c=entry&eid=1226]]></EventKey>
<MenuId>409870668</MenuId>
</xml>

2016-06-20 17:30:00 params :
------------
Array:
message : Array ;
module : basic ;
rule : 81 ;
priority : 0 ;
keyword : Array ;

2016-06-20 17:30:00 response :
------------
Array:
FromUserName : gh_ce84963696ea ;
ToUserName : ogOo_wF2K7O6lV2R0OBm1r08QJAg ;
MsgType : text ;
Content : 欢迎关注昵多丽环保家居官方微信，系统正在完善中，更多精彩，敬请期待…… ;

2016-06-20 17:31:38 trace :
------------
String:
<xml><ToUserName><![CDATA[gh_ce84963696ea]]></ToUserName>
<FromUserName><![CDATA[ogOo_wF2K7O6lV2R0OBm1r08QJAg]]></FromUserName>
<CreateTime>1466415097</CreateTime>
<MsgType><![CDATA[event]]></MsgType>
<Event><![CDATA[VIEW]]></Event>
<EventKey><![CDATA[http://f.iseasoft.cn/app/index.php?i=9&c=entry&eid=1226]]></EventKey>
<MenuId>409870668</MenuId>
</xml>

2016-06-20 17:31:38 params :
------------
Array:
message : Array ;
module : basic ;
rule : 81 ;
priority : 0 ;
keyword : Array ;

2016-06-20 17:31:38 response :
------------
Array:
FromUserName : gh_ce84963696ea ;
ToUserName : ogOo_wF2K7O6lV2R0OBm1r08QJAg ;
MsgType : text ;
Content : 欢迎关注昵多丽环保家居官方微信，系统正在完善中，更多精彩，敬请期待…… ;

2016-06-20 17:32:13 trace :
------------
String:
<xml><ToUserName><![CDATA[gh_ce84963696ea]]></ToUserName>
<FromUserName><![CDATA[ogOo_wF2K7O6lV2R0OBm1r08QJAg]]></FromUserName>
<CreateTime>1466415133</CreateTime>
<MsgType><![CDATA[event]]></MsgType>
<Event><![CDATA[VIEW]]></Event>
<EventKey><![CDATA[http://f.iseasoft.cn/app/index.php?i=9&c=entry&eid=1226]]></EventKey>
<MenuId>409870668</MenuId>
</xml>

2016-06-20 17:32:13 params :
------------
Array:
message : Array ;
module : basic ;
rule : 81 ;
priority : 0 ;
keyword : Array ;

2016-06-20 17:32:13 response :
------------
Array:
FromUserName : gh_ce84963696ea ;
ToUserName : ogOo_wF2K7O6lV2R0OBm1r08QJAg ;
MsgType : text ;
Content : 欢迎关注昵多丽环保家居官方微信，系统正在完善中，更多精彩，敬请期待…… ;

2016-06-20 17:32:46 trace :
------------
String:
<xml><ToUserName><![CDATA[gh_ce84963696ea]]></ToUserName>
<FromUserName><![CDATA[ogOo_wF2K7O6lV2R0OBm1r08QJAg]]></FromUserName>
<CreateTime>1466415166</CreateTime>
<MsgType><![CDATA[event]]></MsgType>
<Event><![CDATA[VIEW]]></Event>
<EventKey><![CDATA[http://f.iseasoft.cn/app/index.php?i=9&c=entry&eid=1226]]></EventKey>
<MenuId>409870668</MenuId>
</xml>

2016-06-20 17:32:46 params :
------------
Array:
message : Array ;
module : basic ;
rule : 81 ;
priority : 0 ;
keyword : Array ;

2016-06-20 17:32:46 response :
------------
Array:
FromUserName : gh_ce84963696ea ;
ToUserName : ogOo_wF2K7O6lV2R0OBm1r08QJAg ;
MsgType : text ;
Content : 欢迎关注昵多丽环保家居官方微信，系统正在完善中，更多精彩，敬请期待…… ;

2016-06-20 17:33:50 trace :
------------
String:
<xml><ToUserName><![CDATA[gh_9ef36f25dc50]]></ToUserName>
<FromUserName><![CDATA[oN38-wZI8b4x9o9cHuYgAJJdnLIw]]></FromUserName>
<CreateTime>1466415229</CreateTime>
<MsgType><![CDATA[event]]></MsgType>
<Event><![CDATA[VIEW]]></Event>
<EventKey><![CDATA[http://f.iseasoft.cn/app/index.php?i=5&c=entry&eid=1226]]></EventKey>
<MenuId>409544896</MenuId>
</xml>

2016-06-20 17:33:50 params :
------------
Array:
rule : -2 ;
module :  ;
message : Array ;

2016-06-20 17:33:50 response :
------------

2016-06-20 17:34:49 trace :
------------
String:
<xml><ToUserName><![CDATA[gh_9ef36f25dc50]]></ToUserName>
<FromUserName><![CDATA[oN38-wZI8b4x9o9cHuYgAJJdnLIw]]></FromUserName>
<CreateTime>1466415289</CreateTime>
<MsgType><![CDATA[event]]></MsgType>
<Event><![CDATA[VIEW]]></Event>
<EventKey><![CDATA[http://f.iseasoft.cn/app/index.php?i=5&c=entry&eid=1226]]></EventKey>
<MenuId>409544896</MenuId>
</xml>

2016-06-20 17:34:49 params :
------------
Array:
rule : -2 ;
module :  ;
message : Array ;

2016-06-20 17:34:49 response :
------------

2016-06-20 17:35:35 trace :
------------
String:
<xml><ToUserName><![CDATA[gh_9ef36f25dc50]]></ToUserName>
<FromUserName><![CDATA[oN38-wZI8b4x9o9cHuYgAJJdnLIw]]></FromUserName>
<CreateTime>1466415335</CreateTime>
<MsgType><![CDATA[event]]></MsgType>
<Event><![CDATA[VIEW]]></Event>
<EventKey><![CDATA[http://f.iseasoft.cn/app/index.php?i=5&c=entry&eid=1226]]></EventKey>
<MenuId>409544896</MenuId>
</xml>

2016-06-20 17:35:35 params :
------------
Array:
rule : -2 ;
module :  ;
message : Array ;

2016-06-20 17:35:35 response :
------------

2016-06-20 17:35:48 trace :
------------
String:
<xml><ToUserName><![CDATA[gh_9ef36f25dc50]]></ToUserName>
<FromUserName><![CDATA[oN38-wZI8b4x9o9cHuYgAJJdnLIw]]></FromUserName>
<CreateTime>1466415347</CreateTime>
<MsgType><![CDATA[event]]></MsgType>
<Event><![CDATA[VIEW]]></Event>
<EventKey><![CDATA[http://www.iseasoft.cn/wap/about/?7.html]]></EventKey>
<MenuId>409544896</MenuId>
</xml>

2016-06-20 17:35:48 params :
------------
Array:
rule : -2 ;
module :  ;
message : Array ;

2016-06-20 17:35:48 response :
------------

2016-06-20 17:35:52 trace :
------------
String:
<xml><ToUserName><![CDATA[gh_9ef36f25dc50]]></ToUserName>
<FromUserName><![CDATA[oN38-wZI8b4x9o9cHuYgAJJdnLIw]]></FromUserName>
<CreateTime>1466415352</CreateTime>
<MsgType><![CDATA[event]]></MsgType>
<Event><![CDATA[VIEW]]></Event>
<EventKey><![CDATA[http://f.iseasoft.cn/app/index.php?i=5&c=entry&eid=1226]]></EventKey>
<MenuId>409544896</MenuId>
</xml>

2016-06-20 17:35:52 params :
------------
Array:
rule : -2 ;
module :  ;
message : Array ;

2016-06-20 17:35:52 response :
------------

2016-06-20 17:37:15 trace :
------------
String:
<xml><ToUserName><![CDATA[gh_9ef36f25dc50]]></ToUserName>
<FromUserName><![CDATA[oN38-wZI8b4x9o9cHuYgAJJdnLIw]]></FromUserName>
<CreateTime>1466415435</CreateTime>
<MsgType><![CDATA[event]]></MsgType>
<Event><![CDATA[VIEW]]></Event>
<EventKey><![CDATA[http://f.iseasoft.cn/app/index.php?i=5&c=entry&eid=1226]]></EventKey>
<MenuId>409544896</MenuId>
</xml>

2016-06-20 17:37:15 params :
------------
Array:
rule : -2 ;
module :  ;
message : Array ;

2016-06-20 17:37:15 response :
------------

2016-06-20 17:39:01 trace :
------------
String:
<xml><ToUserName><![CDATA[gh_173b187cfb81]]></ToUserName>
<FromUserName><![CDATA[ocu1wwSHvNEaWFU8uxtnuMqiUHwg]]></FromUserName>
<CreateTime>1466415540</CreateTime>
<MsgType><![CDATA[event]]></MsgType>
<Event><![CDATA[VIEW]]></Event>
<EventKey><![CDATA[http://f.iseasoft.cn/app/index.php?i=10&c=entry&eid=1226]]></EventKey>
<MenuId>429849572</MenuId>
</xml>

2016-06-20 17:39:01 params :
------------
Array:
message : Array ;
module : basic ;
rule : 90 ;
priority : 0 ;
keyword : Array ;

2016-06-20 17:39:01 response :
------------
Array:
FromUserName : gh_173b187cfb81 ;
ToUserName : ocu1wwSHvNEaWFU8uxtnuMqiUHwg ;
MsgType : text ;
Content : 您好，欢迎来到玉田网上超市！ ;

2016-06-20 17:41:55 trace :
------------
String:
<xml><ToUserName><![CDATA[gh_ce84963696ea]]></ToUserName>
<FromUserName><![CDATA[ogOo_wF2K7O6lV2R0OBm1r08QJAg]]></FromUserName>
<CreateTime>1466415715</CreateTime>
<MsgType><![CDATA[event]]></MsgType>
<Event><![CDATA[VIEW]]></Event>
<EventKey><![CDATA[http://f.iseasoft.cn/app/index.php?i=9&c=entry&eid=1226]]></EventKey>
<MenuId>409870668</MenuId>
</xml>

2016-06-20 17:41:55 params :
------------
Array:
message : Array ;
module : basic ;
rule : 81 ;
priority : 0 ;
keyword : Array ;

2016-06-20 17:41:55 response :
------------
Array:
FromUserName : gh_ce84963696ea ;
ToUserName : ogOo_wF2K7O6lV2R0OBm1r08QJAg ;
MsgType : text ;
Content : 欢迎关注昵多丽环保家居官方微信，系统正在完善中，更多精彩，敬请期待…… ;

2016-06-20 17:43:28 trace :
------------
String:
<xml><ToUserName><![CDATA[gh_ce84963696ea]]></ToUserName>
<FromUserName><![CDATA[ogOo_wF2K7O6lV2R0OBm1r08QJAg]]></FromUserName>
<CreateTime>1466415808</CreateTime>
<MsgType><![CDATA[event]]></MsgType>
<Event><![CDATA[VIEW]]></Event>
<EventKey><![CDATA[http://f.iseasoft.cn/app/index.php?i=9&c=entry&eid=1226]]></EventKey>
<MenuId>409870668</MenuId>
</xml>

2016-06-20 17:43:28 params :
------------
Array:
message : Array ;
module : basic ;
rule : 81 ;
priority : 0 ;
keyword : Array ;

2016-06-20 17:43:28 response :
------------
Array:
FromUserName : gh_ce84963696ea ;
ToUserName : ogOo_wF2K7O6lV2R0OBm1r08QJAg ;
MsgType : text ;
Content : 欢迎关注昵多丽环保家居官方微信，系统正在完善中，更多精彩，敬请期待…… ;

2016-06-20 17:51:45 trace :
------------
String:
<xml><ToUserName><![CDATA[gh_ce84963696ea]]></ToUserName>
<FromUserName><![CDATA[ogOo_wBa2o001bpgZDtkcm_4U0Ic]]></FromUserName>
<CreateTime>1466416304</CreateTime>
<MsgType><![CDATA[event]]></MsgType>
<Event><![CDATA[VIEW]]></Event>
<EventKey><![CDATA[http://f.iseasoft.cn/app/index.php?i=9&c=entry&eid=1226]]></EventKey>
<MenuId>409870668</MenuId>
</xml>

2016-06-20 17:51:45 params :
------------
Array:
message : Array ;
module : basic ;
rule : 81 ;
priority : 0 ;
keyword : Array ;

2016-06-20 17:51:45 response :
------------
Array:
FromUserName : gh_ce84963696ea ;
ToUserName : ogOo_wBa2o001bpgZDtkcm_4U0Ic ;
MsgType : text ;
Content : 欢迎关注昵多丽环保家居官方微信，系统正在完善中，更多精彩，敬请期待…… ;

2016-06-20 17:52:56 trace :
------------
String:
<xml><ToUserName><![CDATA[gh_ce84963696ea]]></ToUserName>
<FromUserName><![CDATA[ogOo_wBa2o001bpgZDtkcm_4U0Ic]]></FromUserName>
<CreateTime>1466416375</CreateTime>
<MsgType><![CDATA[event]]></MsgType>
<Event><![CDATA[VIEW]]></Event>
<EventKey><![CDATA[http://f.iseasoft.cn/app/index.php?i=9&c=entry&eid=1226]]></EventKey>
<MenuId>409870668</MenuId>
</xml>

2016-06-20 17:52:56 params :
------------
Array:
message : Array ;
module : basic ;
rule : 81 ;
priority : 0 ;
keyword : Array ;

2016-06-20 17:52:56 response :
------------
Array:
FromUserName : gh_ce84963696ea ;
ToUserName : ogOo_wBa2o001bpgZDtkcm_4U0Ic ;
MsgType : text ;
Content : 欢迎关注昵多丽环保家居官方微信，系统正在完善中，更多精彩，敬请期待…… ;

2016-06-20 18:01:39 trace :
------------
String:
<xml><ToUserName><![CDATA[gh_173b187cfb81]]></ToUserName>
<FromUserName><![CDATA[ocu1wwSHvNEaWFU8uxtnuMqiUHwg]]></FromUserName>
<CreateTime>1466416899</CreateTime>
<MsgType><![CDATA[event]]></MsgType>
<Event><![CDATA[VIEW]]></Event>
<EventKey><![CDATA[http://f.iseasoft.cn/app/index.php?i=10&c=entry&eid=1226]]></EventKey>
<MenuId>429849572</MenuId>
</xml>

2016-06-20 18:01:39 params :
------------
Array:
message : Array ;
module : basic ;
rule : 90 ;
priority : 0 ;
keyword : Array ;

2016-06-20 18:01:39 response :
------------
Array:
FromUserName : gh_173b187cfb81 ;
ToUserName : ocu1wwSHvNEaWFU8uxtnuMqiUHwg ;
MsgType : text ;
Content : 您好，欢迎来到玉田网上超市！ ;

2016-06-20 18:02:06 trace :
------------
String:
<xml><ToUserName><![CDATA[gh_173b187cfb81]]></ToUserName>
<FromUserName><![CDATA[ocu1wwSHvNEaWFU8uxtnuMqiUHwg]]></FromUserName>
<CreateTime>1466416926</CreateTime>
<MsgType><![CDATA[event]]></MsgType>
<Event><![CDATA[VIEW]]></Event>
<EventKey><![CDATA[http://f.iseasoft.cn/app/index.php?i=10&c=entry&eid=1226]]></EventKey>
<MenuId>429849572</MenuId>
</xml>

2016-06-20 18:02:06 params :
------------
Array:
message : Array ;
module : basic ;
rule : 90 ;
priority : 0 ;
keyword : Array ;

2016-06-20 18:02:06 response :
------------
Array:
FromUserName : gh_173b187cfb81 ;
ToUserName : ocu1wwSHvNEaWFU8uxtnuMqiUHwg ;
MsgType : text ;
Content : 您好，欢迎来到玉田网上超市！ ;

2016-06-20 18:05:31 trace :
------------
String:
<xml><ToUserName><![CDATA[gh_173b187cfb81]]></ToUserName>
<FromUserName><![CDATA[ocu1wwbPygHBT2NgwHTaGhJYpS7g]]></FromUserName>
<CreateTime>1466417131</CreateTime>
<MsgType><![CDATA[event]]></MsgType>
<Event><![CDATA[VIEW]]></Event>
<EventKey><![CDATA[http://f.iseasoft.cn/app/index.php?i=10&c=entry&eid=1226]]></EventKey>
<MenuId>429849572</MenuId>
</xml>

2016-06-20 18:05:31 params :
------------
Array:
message : Array ;
module : basic ;
rule : 90 ;
priority : 0 ;
keyword : Array ;

2016-06-20 18:05:31 response :
------------
Array:
FromUserName : gh_173b187cfb81 ;
ToUserName : ocu1wwbPygHBT2NgwHTaGhJYpS7g ;
MsgType : text ;
Content : 您好，欢迎来到玉田网上超市！ ;

2016-06-20 18:07:34 trace :
------------
String:
<xml><ToUserName><![CDATA[gh_173b187cfb81]]></ToUserName>
<FromUserName><![CDATA[ocu1wwbPygHBT2NgwHTaGhJYpS7g]]></FromUserName>
<CreateTime>1466417254</CreateTime>
<MsgType><![CDATA[event]]></MsgType>
<Event><![CDATA[VIEW]]></Event>
<EventKey><![CDATA[http://f.iseasoft.cn/app/index.php?i=10&c=entry&eid=1226]]></EventKey>
<MenuId>429849572</MenuId>
</xml>

2016-06-20 18:07:34 params :
------------
Array:
message : Array ;
module : basic ;
rule : 90 ;
priority : 0 ;
keyword : Array ;

2016-06-20 18:07:34 response :
------------
Array:
FromUserName : gh_173b187cfb81 ;
ToUserName : ocu1wwbPygHBT2NgwHTaGhJYpS7g ;
MsgType : text ;
Content : 您好，欢迎来到玉田网上超市！ ;

2016-06-20 19:31:54 trace :
------------
String:
<xml><ToUserName><![CDATA[gh_ce84963696ea]]></ToUserName>
<FromUserName><![CDATA[ogOo_wMMQxmvRVIpo0JXKmSSgRWE]]></FromUserName>
<CreateTime>1466422313</CreateTime>
<MsgType><![CDATA[event]]></MsgType>
<Event><![CDATA[VIEW]]></Event>
<EventKey><![CDATA[http://f.iseasoft.cn/app/index.php?i=9&c=entry&eid=1226]]></EventKey>
<MenuId>409870668</MenuId>
</xml>

2016-06-20 19:31:54 params :
------------
Array:
message : Array ;
module : basic ;
rule : 81 ;
priority : 0 ;
keyword : Array ;

2016-06-20 19:31:54 response :
------------
Array:
FromUserName : gh_ce84963696ea ;
ToUserName : ogOo_wMMQxmvRVIpo0JXKmSSgRWE ;
MsgType : text ;
Content : 欢迎关注昵多丽环保家居官方微信，系统正在完善中，更多精彩，敬请期待…… ;

2016-06-20 19:36:01 trace :
------------
String:
<xml><ToUserName><![CDATA[gh_ce84963696ea]]></ToUserName>
<FromUserName><![CDATA[ogOo_wDnhk_bEfiRykEu6aiOiTb8]]></FromUserName>
<CreateTime>1466422561</CreateTime>
<MsgType><![CDATA[event]]></MsgType>
<Event><![CDATA[subscribe]]></Event>
<EventKey><![CDATA[]]></EventKey>
</xml>

2016-06-20 19:36:01 params :
------------
Array:
message : Array ;
module : basic ;
rule : 81 ;
priority : 0 ;
keyword : Array ;

2016-06-20 19:36:01 response :
------------
Array:
FromUserName : gh_ce84963696ea ;
ToUserName : ogOo_wDnhk_bEfiRykEu6aiOiTb8 ;
MsgType : text ;
Content : 欢迎关注昵多丽环保家居官方微信，系统正在完善中，更多精彩，敬请期待…… ;

2016-06-20 19:36:07 trace :
------------
String:
<xml><ToUserName><![CDATA[gh_ce84963696ea]]></ToUserName>
<FromUserName><![CDATA[ogOo_wDnhk_bEfiRykEu6aiOiTb8]]></FromUserName>
<CreateTime>1466422567</CreateTime>
<MsgType><![CDATA[event]]></MsgType>
<Event><![CDATA[VIEW]]></Event>
<EventKey><![CDATA[http://f.iseasoft.cn/app/index.php?i=9&c=entry&eid=1226]]></EventKey>
<MenuId>409870668</MenuId>
</xml>

2016-06-20 19:36:07 params :
------------
Array:
message : Array ;
module : basic ;
rule : 81 ;
priority : 0 ;
keyword : Array ;

2016-06-20 19:36:07 response :
------------
Array:
FromUserName : gh_ce84963696ea ;
ToUserName : ogOo_wDnhk_bEfiRykEu6aiOiTb8 ;
MsgType : text ;
Content : 欢迎关注昵多丽环保家居官方微信，系统正在完善中，更多精彩，敬请期待…… ;

2016-06-20 19:36:18 trace :
------------
String:
<xml><ToUserName><![CDATA[gh_ce84963696ea]]></ToUserName>
<FromUserName><![CDATA[ogOo_wDnhk_bEfiRykEu6aiOiTb8]]></FromUserName>
<CreateTime>1466422578</CreateTime>
<MsgType><![CDATA[event]]></MsgType>
<Event><![CDATA[VIEW]]></Event>
<EventKey><![CDATA[http://f.iseasoft.cn/app/index.php?i=9&c=entry&p=commission&m=sea&do=plugin]]></EventKey>
<MenuId>409870668</MenuId>
</xml>

2016-06-20 19:36:18 params :
------------
Array:
message : Array ;
module : basic ;
rule : 81 ;
priority : 0 ;
keyword : Array ;

2016-06-20 19:36:18 response :
------------
Array:
FromUserName : gh_ce84963696ea ;
ToUserName : ogOo_wDnhk_bEfiRykEu6aiOiTb8 ;
MsgType : text ;
Content : 欢迎关注昵多丽环保家居官方微信，系统正在完善中，更多精彩，敬请期待…… ;

2016-06-20 19:52:24 trace :
------------
String:
<xml><ToUserName><![CDATA[gh_173b187cfb81]]></ToUserName>
<FromUserName><![CDATA[ocu1wwSHvNEaWFU8uxtnuMqiUHwg]]></FromUserName>
<CreateTime>1466423544</CreateTime>
<MsgType><![CDATA[event]]></MsgType>
<Event><![CDATA[VIEW]]></Event>
<EventKey><![CDATA[http://f.iseasoft.cn/app/index.php?i=10&c=entry&eid=1226]]></EventKey>
<MenuId>429849572</MenuId>
</xml>

2016-06-20 19:52:24 params :
------------
Array:
message : Array ;
module : basic ;
rule : 90 ;
priority : 0 ;
keyword : Array ;

2016-06-20 19:52:24 response :
------------
Array:
FromUserName : gh_173b187cfb81 ;
ToUserName : ocu1wwSHvNEaWFU8uxtnuMqiUHwg ;
MsgType : text ;
Content : 您好，欢迎来到玉田网上超市！ ;

2016-06-20 19:54:41 trace :
------------
String:
<xml><ToUserName><![CDATA[gh_173b187cfb81]]></ToUserName>
<FromUserName><![CDATA[ocu1wwSHvNEaWFU8uxtnuMqiUHwg]]></FromUserName>
<CreateTime>1466423681</CreateTime>
<MsgType><![CDATA[event]]></MsgType>
<Event><![CDATA[VIEW]]></Event>
<EventKey><![CDATA[http://f.iseasoft.cn/app/index.php?i=10&c=entry&eid=1226]]></EventKey>
<MenuId>429849572</MenuId>
</xml>

2016-06-20 19:54:41 params :
------------
Array:
message : Array ;
module : basic ;
rule : 90 ;
priority : 0 ;
keyword : Array ;

2016-06-20 19:54:41 response :
------------
Array:
FromUserName : gh_173b187cfb81 ;
ToUserName : ocu1wwSHvNEaWFU8uxtnuMqiUHwg ;
MsgType : text ;
Content : 您好，欢迎来到玉田网上超市！ ;

2016-06-20 19:56:09 trace :
------------
String:
<xml><ToUserName><![CDATA[gh_173b187cfb81]]></ToUserName>
<FromUserName><![CDATA[ocu1wwSHvNEaWFU8uxtnuMqiUHwg]]></FromUserName>
<CreateTime>1466423769</CreateTime>
<MsgType><![CDATA[event]]></MsgType>
<Event><![CDATA[VIEW]]></Event>
<EventKey><![CDATA[http://f.iseasoft.cn/app/index.php?i=10&c=entry&eid=1226]]></EventKey>
<MenuId>429849572</MenuId>
</xml>

2016-06-20 19:56:09 params :
------------
Array:
message : Array ;
module : basic ;
rule : 90 ;
priority : 0 ;
keyword : Array ;

2016-06-20 19:56:09 response :
------------
Array:
FromUserName : gh_173b187cfb81 ;
ToUserName : ocu1wwSHvNEaWFU8uxtnuMqiUHwg ;
MsgType : text ;
Content : 您好，欢迎来到玉田网上超市！ ;

2016-06-20 19:56:43 trace :
------------
String:
<xml><ToUserName><![CDATA[gh_173b187cfb81]]></ToUserName>
<FromUserName><![CDATA[ocu1wwSHvNEaWFU8uxtnuMqiUHwg]]></FromUserName>
<CreateTime>1466423803</CreateTime>
<MsgType><![CDATA[event]]></MsgType>
<Event><![CDATA[VIEW]]></Event>
<EventKey><![CDATA[http://f.iseasoft.cn/app/index.php?i=10&c=entry&eid=1226]]></EventKey>
<MenuId>429849572</MenuId>
</xml>

2016-06-20 19:56:43 params :
------------
Array:
message : Array ;
module : basic ;
rule : 90 ;
priority : 0 ;
keyword : Array ;

2016-06-20 19:56:43 response :
------------
Array:
FromUserName : gh_173b187cfb81 ;
ToUserName : ocu1wwSHvNEaWFU8uxtnuMqiUHwg ;
MsgType : text ;
Content : 您好，欢迎来到玉田网上超市！ ;

2016-06-20 19:59:36 trace :
------------
String:
<xml><ToUserName><![CDATA[gh_173b187cfb81]]></ToUserName>
<FromUserName><![CDATA[ocu1wwSHvNEaWFU8uxtnuMqiUHwg]]></FromUserName>
<CreateTime>1466423976</CreateTime>
<MsgType><![CDATA[event]]></MsgType>
<Event><![CDATA[VIEW]]></Event>
<EventKey><![CDATA[http://f.iseasoft.cn/app/index.php?i=10&c=entry&eid=1226]]></EventKey>
<MenuId>429849572</MenuId>
</xml>

2016-06-20 19:59:36 params :
------------
Array:
message : Array ;
module : basic ;
rule : 90 ;
priority : 0 ;
keyword : Array ;

2016-06-20 19:59:36 response :
------------
Array:
FromUserName : gh_173b187cfb81 ;
ToUserName : ocu1wwSHvNEaWFU8uxtnuMqiUHwg ;
MsgType : text ;
Content : 您好，欢迎来到玉田网上超市！ ;

2016-06-20 21:23:06 trace :
------------
String:
<xml><ToUserName><![CDATA[gh_9ef36f25dc50]]></ToUserName>
<FromUserName><![CDATA[oN38-we68BoGp1wevgKTEMnY69FY]]></FromUserName>
<CreateTime>1466428986</CreateTime>
<MsgType><![CDATA[event]]></MsgType>
<Event><![CDATA[VIEW]]></Event>
<EventKey><![CDATA[http://f.iseasoft.cn/app/index.php?i=5&c=entry&eid=1226]]></EventKey>
<MenuId>409544896</MenuId>
</xml>

2016-06-20 21:23:06 params :
------------
Array:
rule : -2 ;
module :  ;
message : Array ;

2016-06-20 21:23:06 response :
------------

2016-06-20 21:23:38 trace :
------------
String:
<xml><ToUserName><![CDATA[gh_9ef36f25dc50]]></ToUserName>
<FromUserName><![CDATA[oN38-we68BoGp1wevgKTEMnY69FY]]></FromUserName>
<CreateTime>1466429018</CreateTime>
<MsgType><![CDATA[event]]></MsgType>
<Event><![CDATA[VIEW]]></Event>
<EventKey><![CDATA[http://f.iseasoft.cn/app/index.php?i=5&c=entry&eid=1226]]></EventKey>
<MenuId>409544896</MenuId>
</xml>

2016-06-20 21:23:38 params :
------------
Array:
rule : -2 ;
module :  ;
message : Array ;

2016-06-20 21:23:38 response :
------------

2016-06-20 22:06:44 trace :
------------
String:
<xml><ToUserName><![CDATA[gh_173b187cfb81]]></ToUserName>
<FromUserName><![CDATA[ocu1wwSHvNEaWFU8uxtnuMqiUHwg]]></FromUserName>
<CreateTime>1466431603</CreateTime>
<MsgType><![CDATA[event]]></MsgType>
<Event><![CDATA[VIEW]]></Event>
<EventKey><![CDATA[http://f.iseasoft.cn/app/index.php?i=10&c=entry&eid=1226]]></EventKey>
<MenuId>429849572</MenuId>
</xml>

2016-06-20 22:06:44 params :
------------
Array:
message : Array ;
module : basic ;
rule : 90 ;
priority : 0 ;
keyword : Array ;

2016-06-20 22:06:44 response :
------------
Array:
FromUserName : gh_173b187cfb81 ;
ToUserName : ocu1wwSHvNEaWFU8uxtnuMqiUHwg ;
MsgType : text ;
Content : 您好，欢迎来到玉田网上超市！ ;

2016-06-20 22:10:12 trace :
------------
String:
<xml><ToUserName><![CDATA[gh_173b187cfb81]]></ToUserName>
<FromUserName><![CDATA[ocu1wwSHvNEaWFU8uxtnuMqiUHwg]]></FromUserName>
<CreateTime>1466431812</CreateTime>
<MsgType><![CDATA[event]]></MsgType>
<Event><![CDATA[VIEW]]></Event>
<EventKey><![CDATA[http://f.iseasoft.cn/app/index.php?i=10&c=entry&eid=1226]]></EventKey>
<MenuId>429849572</MenuId>
</xml>

2016-06-20 22:10:12 params :
------------
Array:
message : Array ;
module : basic ;
rule : 90 ;
priority : 0 ;
keyword : Array ;

2016-06-20 22:10:12 response :
------------
Array:
FromUserName : gh_173b187cfb81 ;
ToUserName : ocu1wwSHvNEaWFU8uxtnuMqiUHwg ;
MsgType : text ;
Content : 您好，欢迎来到玉田网上超市！ ;

2016-06-20 22:12:19 trace :
------------
String:
<xml><ToUserName><![CDATA[gh_173b187cfb81]]></ToUserName>
<FromUserName><![CDATA[ocu1wwSHvNEaWFU8uxtnuMqiUHwg]]></FromUserName>
<CreateTime>1466431939</CreateTime>
<MsgType><![CDATA[event]]></MsgType>
<Event><![CDATA[VIEW]]></Event>
<EventKey><![CDATA[http://f.iseasoft.cn/app/index.php?i=10&c=entry&eid=1226]]></EventKey>
<MenuId>429849572</MenuId>
</xml>

2016-06-20 22:12:19 params :
------------
Array:
message : Array ;
module : basic ;
rule : 90 ;
priority : 0 ;
keyword : Array ;

2016-06-20 22:12:19 response :
------------
Array:
FromUserName : gh_173b187cfb81 ;
ToUserName : ocu1wwSHvNEaWFU8uxtnuMqiUHwg ;
MsgType : text ;
Content : 您好，欢迎来到玉田网上超市！ ;

2016-06-20 22:14:03 trace :
------------
String:
<xml><ToUserName><![CDATA[gh_173b187cfb81]]></ToUserName>
<FromUserName><![CDATA[ocu1wwSHvNEaWFU8uxtnuMqiUHwg]]></FromUserName>
<CreateTime>1466432043</CreateTime>
<MsgType><![CDATA[event]]></MsgType>
<Event><![CDATA[VIEW]]></Event>
<EventKey><![CDATA[http://f.iseasoft.cn/app/index.php?i=10&c=entry&eid=1226]]></EventKey>
<MenuId>429849572</MenuId>
</xml>

2016-06-20 22:14:03 params :
------------
Array:
message : Array ;
module : basic ;
rule : 90 ;
priority : 0 ;
keyword : Array ;

2016-06-20 22:14:03 response :
------------
Array:
FromUserName : gh_173b187cfb81 ;
ToUserName : ocu1wwSHvNEaWFU8uxtnuMqiUHwg ;
MsgType : text ;
Content : 您好，欢迎来到玉田网上超市！ ;

2016-06-20 22:14:29 trace :
------------
String:
<xml><ToUserName><![CDATA[gh_173b187cfb81]]></ToUserName>
<FromUserName><![CDATA[ocu1wwSHvNEaWFU8uxtnuMqiUHwg]]></FromUserName>
<CreateTime>1466432068</CreateTime>
<MsgType><![CDATA[event]]></MsgType>
<Event><![CDATA[VIEW]]></Event>
<EventKey><![CDATA[http://f.iseasoft.cn/app/index.php?i=10&c=entry&eid=1226]]></EventKey>
<MenuId>429849572</MenuId>
</xml>

2016-06-20 22:14:29 params :
------------
Array:
message : Array ;
module : basic ;
rule : 90 ;
priority : 0 ;
keyword : Array ;

2016-06-20 22:14:29 response :
------------
Array:
FromUserName : gh_173b187cfb81 ;
ToUserName : ocu1wwSHvNEaWFU8uxtnuMqiUHwg ;
MsgType : text ;
Content : 您好，欢迎来到玉田网上超市！ ;

2016-06-20 22:15:07 trace :
------------
String:
<xml><ToUserName><![CDATA[gh_173b187cfb81]]></ToUserName>
<FromUserName><![CDATA[ocu1wwSHvNEaWFU8uxtnuMqiUHwg]]></FromUserName>
<CreateTime>1466432107</CreateTime>
<MsgType><![CDATA[event]]></MsgType>
<Event><![CDATA[VIEW]]></Event>
<EventKey><![CDATA[http://f.iseasoft.cn/app/index.php?i=10&c=entry&eid=1226]]></EventKey>
<MenuId>429849572</MenuId>
</xml>

2016-06-20 22:15:07 params :
------------
Array:
message : Array ;
module : basic ;
rule : 90 ;
priority : 0 ;
keyword : Array ;

2016-06-20 22:15:07 response :
------------
Array:
FromUserName : gh_173b187cfb81 ;
ToUserName : ocu1wwSHvNEaWFU8uxtnuMqiUHwg ;
MsgType : text ;
Content : 您好，欢迎来到玉田网上超市！ ;

2016-06-20 22:42:02 trace :
------------
String:
<xml><ToUserName><![CDATA[gh_9ef36f25dc50]]></ToUserName>
<FromUserName><![CDATA[oN38-wStUjmCHSqBn7lXpBgQ7wC8]]></FromUserName>
<CreateTime>1466433722</CreateTime>
<MsgType><![CDATA[event]]></MsgType>
<Event><![CDATA[VIEW]]></Event>
<EventKey><![CDATA[http://f.iseasoft.cn/app/index.php?i=5&c=entry&eid=1226]]></EventKey>
<MenuId>409544896</MenuId>
</xml>

2016-06-20 22:42:02 params :
------------
Array:
rule : -2 ;
module :  ;
message : Array ;

2016-06-20 22:42:02 response :
------------

2016-06-20 22:55:20 trace :
------------
String:
<xml><ToUserName><![CDATA[gh_9ef36f25dc50]]></ToUserName>
<FromUserName><![CDATA[oN38-we68BoGp1wevgKTEMnY69FY]]></FromUserName>
<CreateTime>1466434520</CreateTime>
<MsgType><![CDATA[event]]></MsgType>
<Event><![CDATA[VIEW]]></Event>
<EventKey><![CDATA[http://wfx.iseasoft.cn/app/index.php?i=51&j=54&c=entry&do=shop&m=ewei_shop&wxref=mp.weixin.qq.com&wxref=mp.weixin.qq.com#wechat_redirect]]></EventKey>
<MenuId>409544896</MenuId>
</xml>

2016-06-20 22:55:20 params :
------------
Array:
rule : -2 ;
module :  ;
message : Array ;

2016-06-20 22:55:20 response :
------------

2016-06-20 22:55:25 trace :
------------
String:
<xml><ToUserName><![CDATA[gh_9ef36f25dc50]]></ToUserName>
<FromUserName><![CDATA[oN38-we68BoGp1wevgKTEMnY69FY]]></FromUserName>
<CreateTime>1466434525</CreateTime>
<MsgType><![CDATA[event]]></MsgType>
<Event><![CDATA[VIEW]]></Event>
<EventKey><![CDATA[http://f.iseasoft.cn/app/index.php?i=5&c=entry&eid=1226]]></EventKey>
<MenuId>409544896</MenuId>
</xml>

2016-06-20 22:55:25 params :
------------
Array:
rule : -2 ;
module :  ;
message : Array ;

2016-06-20 22:55:25 response :
------------

2016-06-20 22:55:46 trace :
------------
String:
<xml><ToUserName><![CDATA[gh_9ef36f25dc50]]></ToUserName>
<FromUserName><![CDATA[oN38-we68BoGp1wevgKTEMnY69FY]]></FromUserName>
<CreateTime>1466434546</CreateTime>
<MsgType><![CDATA[event]]></MsgType>
<Event><![CDATA[VIEW]]></Event>
<EventKey><![CDATA[http://www.iseasoft.cn/list/?10_1.html]]></EventKey>
<MenuId>409544896</MenuId>
</xml>

2016-06-20 22:55:46 params :
------------
Array:
rule : -2 ;
module :  ;
message : Array ;

2016-06-20 22:55:46 response :
------------

2016-06-20 22:55:54 trace :
------------
String:
<xml><ToUserName><![CDATA[gh_9ef36f25dc50]]></ToUserName>
<FromUserName><![CDATA[oN38-we68BoGp1wevgKTEMnY69FY]]></FromUserName>
<CreateTime>1466434554</CreateTime>
<MsgType><![CDATA[event]]></MsgType>
<Event><![CDATA[VIEW]]></Event>
<EventKey><![CDATA[http://www.iseasoft.cn/about/?21.html]]></EventKey>
<MenuId>409544896</MenuId>
</xml>

2016-06-20 22:55:54 params :
------------
Array:
rule : -2 ;
module :  ;
message : Array ;

2016-06-20 22:55:54 response :
------------

2016-06-20 22:56:02 trace :
------------
String:
<xml><ToUserName><![CDATA[gh_9ef36f25dc50]]></ToUserName>
<FromUserName><![CDATA[oN38-we68BoGp1wevgKTEMnY69FY]]></FromUserName>
<CreateTime>1466434561</CreateTime>
<MsgType><![CDATA[event]]></MsgType>
<Event><![CDATA[VIEW]]></Event>
<EventKey><![CDATA[http://f.iseasoft.cn/app/index.php?i=5&c=entry&eid=1226]]></EventKey>
<MenuId>409544896</MenuId>
</xml>

2016-06-20 22:56:02 params :
------------
Array:
rule : -2 ;
module :  ;
message : Array ;

2016-06-20 22:56:02 response :
------------

2016-06-20 22:58:04 trace :
------------
String:
<xml><ToUserName><![CDATA[gh_9ef36f25dc50]]></ToUserName>
<FromUserName><![CDATA[oN38-we68BoGp1wevgKTEMnY69FY]]></FromUserName>
<CreateTime>1466434684</CreateTime>
<MsgType><![CDATA[event]]></MsgType>
<Event><![CDATA[VIEW]]></Event>
<EventKey><![CDATA[http://www.iseasoft.cn/list/?25_1.html]]></EventKey>
<MenuId>409544896</MenuId>
</xml>

2016-06-20 22:58:04 params :
------------
Array:
rule : -2 ;
module :  ;
message : Array ;

2016-06-20 22:58:04 response :
------------

2016-06-20 22:58:10 trace :
------------
String:
<xml><ToUserName><![CDATA[gh_9ef36f25dc50]]></ToUserName>
<FromUserName><![CDATA[oN38-we68BoGp1wevgKTEMnY69FY]]></FromUserName>
<CreateTime>1466434690</CreateTime>
<MsgType><![CDATA[event]]></MsgType>
<Event><![CDATA[VIEW]]></Event>
<EventKey><![CDATA[http://www.iseasoft.cn/list/?10_1.html]]></EventKey>
<MenuId>409544896</MenuId>
</xml>

2016-06-20 22:58:10 params :
------------
Array:
rule : -2 ;
module :  ;
message : Array ;

2016-06-20 22:58:10 response :
------------

2016-06-20 22:58:14 trace :
------------
String:
<xml><ToUserName><![CDATA[gh_9ef36f25dc50]]></ToUserName>
<FromUserName><![CDATA[oN38-we68BoGp1wevgKTEMnY69FY]]></FromUserName>
<CreateTime>1466434694</CreateTime>
<MsgType><![CDATA[event]]></MsgType>
<Event><![CDATA[VIEW]]></Event>
<EventKey><![CDATA[http://www.iseasoft.cn/wap/about/?7.html]]></EventKey>
<MenuId>409544896</MenuId>
</xml>

2016-06-20 22:58:14 params :
------------
Array:
rule : -2 ;
module :  ;
message : Array ;

2016-06-20 22:58:14 response :
------------

2016-06-20 23:28:20 trace :
------------
String:
<xml><ToUserName><![CDATA[gh_173b187cfb81]]></ToUserName>
<FromUserName><![CDATA[ocu1wwSHvNEaWFU8uxtnuMqiUHwg]]></FromUserName>
<CreateTime>1466436500</CreateTime>
<MsgType><![CDATA[event]]></MsgType>
<Event><![CDATA[VIEW]]></Event>
<EventKey><![CDATA[http://f.iseasoft.cn/app/index.php?i=10&c=entry&eid=1226]]></EventKey>
<MenuId>429849572</MenuId>
</xml>

2016-06-20 23:28:20 params :
------------
Array:
message : Array ;
module : basic ;
rule : 90 ;
priority : 0 ;
keyword : Array ;

2016-06-20 23:28:20 response :
------------
Array:
FromUserName : gh_173b187cfb81 ;
ToUserName : ocu1wwSHvNEaWFU8uxtnuMqiUHwg ;
MsgType : text ;
Content : 您好，欢迎来到玉田网上超市！ ;

2016-06-20 23:29:16 trace :
------------
String:
<xml><ToUserName><![CDATA[gh_173b187cfb81]]></ToUserName>
<FromUserName><![CDATA[ocu1wwSHvNEaWFU8uxtnuMqiUHwg]]></FromUserName>
<CreateTime>1466436556</CreateTime>
<MsgType><![CDATA[event]]></MsgType>
<Event><![CDATA[VIEW]]></Event>
<EventKey><![CDATA[http://f.iseasoft.cn/app/index.php?i=10&c=entry&eid=1226]]></EventKey>
<MenuId>429849572</MenuId>
</xml>

2016-06-20 23:29:16 params :
------------
Array:
message : Array ;
module : basic ;
rule : 90 ;
priority : 0 ;
keyword : Array ;

2016-06-20 23:29:16 response :
------------
Array:
FromUserName : gh_173b187cfb81 ;
ToUserName : ocu1wwSHvNEaWFU8uxtnuMqiUHwg ;
MsgType : text ;
Content : 您好，欢迎来到玉田网上超市！ ;

2016-06-20 23:30:20 trace :
------------
String:
<xml><ToUserName><![CDATA[gh_173b187cfb81]]></ToUserName>
<FromUserName><![CDATA[ocu1wwSHvNEaWFU8uxtnuMqiUHwg]]></FromUserName>
<CreateTime>1466436620</CreateTime>
<MsgType><![CDATA[event]]></MsgType>
<Event><![CDATA[VIEW]]></Event>
<EventKey><![CDATA[http://f.iseasoft.cn/app/index.php?i=10&c=entry&eid=1226]]></EventKey>
<MenuId>429849572</MenuId>
</xml>

2016-06-20 23:30:20 params :
------------
Array:
message : Array ;
module : basic ;
rule : 90 ;
priority : 0 ;
keyword : Array ;

2016-06-20 23:30:20 response :
------------
Array:
FromUserName : gh_173b187cfb81 ;
ToUserName : ocu1wwSHvNEaWFU8uxtnuMqiUHwg ;
MsgType : text ;
Content : 您好，欢迎来到玉田网上超市！ ;

2016-06-20 23:48:43 trace :
------------
String:
<xml><ToUserName><![CDATA[gh_173b187cfb81]]></ToUserName>
<FromUserName><![CDATA[ocu1wwb8AIF2gf3rGpfR6CwA3FSU]]></FromUserName>
<CreateTime>1466437723</CreateTime>
<MsgType><![CDATA[event]]></MsgType>
<Event><![CDATA[VIEW]]></Event>
<EventKey><![CDATA[http://f.iseasoft.cn/app/index.php?i=10&c=entry&eid=1226]]></EventKey>
<MenuId>429849572</MenuId>
</xml>

2016-06-20 23:48:43 params :
------------
Array:
message : Array ;
module : basic ;
rule : 90 ;
priority : 0 ;
keyword : Array ;

2016-06-20 23:48:43 response :
------------
Array:
FromUserName : gh_173b187cfb81 ;
ToUserName : ocu1wwb8AIF2gf3rGpfR6CwA3FSU ;
MsgType : text ;
Content : 您好，欢迎来到玉田网上超市！ ;

