2016-10-01 00:03:17 trace :
------------
String:
<xml><ToUserName><![CDATA[gh_c111557e4720]]></ToUserName>
<FromUserName><![CDATA[okzvqwBVGRlU42uUP3CFMiQGlBfA]]></FromUserName>
<CreateTime>1475251397</CreateTime>
<MsgType><![CDATA[event]]></MsgType>
<Event><![CDATA[VIEW]]></Event>
<EventKey><![CDATA[http://shop.as-ba.cn/app/index.php?i=2&c=entry&eid=1226]]></EventKey>
<MenuId>411008066</MenuId>
</xml>

2016-10-01 00:03:17 params :
------------
Array:
rule : -2 ;
module :  ;
message : Array ;

2016-10-01 00:03:17 response :
------------

2016-10-01 20:35:34 trace :
------------
String:
<xml><ToUserName><![CDATA[gh_c111557e4720]]></ToUserName>
<FromUserName><![CDATA[okzvqwNeNk9AUyOh2SbNfsIMJ-X0]]></FromUserName>
<CreateTime>1475325333</CreateTime>
<MsgType><![CDATA[event]]></MsgType>
<Event><![CDATA[VIEW]]></Event>
<EventKey><![CDATA[http://shop.as-ba.cn/app/index.php?i=2&c=entry&eid=1226]]></EventKey>
<MenuId>411008066</MenuId>
</xml>

2016-10-01 20:35:34 params :
------------
Array:
rule : -2 ;
module :  ;
message : Array ;

2016-10-01 20:35:34 response :
------------

