2016-06-06 10:36:24 trace :
------------
String:
<xml><ToUserName><![CDATA[gh_ce84963696ea]]></ToUserName>
<FromUserName><![CDATA[ogOo_wFobnsaK2n6IN5vXhRoYxik]]></FromUserName>
<CreateTime>1465180584</CreateTime>
<MsgType><![CDATA[event]]></MsgType>
<Event><![CDATA[subscribe]]></Event>
<EventKey><![CDATA[]]></EventKey>
</xml>

2016-06-06 10:36:24 params :
------------
Array:
message : Array ;
module : basic ;
rule : 81 ;
priority : 0 ;
keyword : Array ;

2016-06-06 10:36:24 response :
------------
Array:
FromUserName : gh_ce84963696ea ;
ToUserName : ogOo_wFobnsaK2n6IN5vXhRoYxik ;
MsgType : text ;
Content : 欢迎关注昵多丽环保家居官方微信，系统正在完善中，更多精彩，敬请期待…… ;

2016-06-06 10:36:33 trace :
------------
String:
<xml><ToUserName><![CDATA[gh_ce84963696ea]]></ToUserName>
<FromUserName><![CDATA[ogOo_wFobnsaK2n6IN5vXhRoYxik]]></FromUserName>
<CreateTime>1465180593</CreateTime>
<MsgType><![CDATA[event]]></MsgType>
<Event><![CDATA[VIEW]]></Event>
<EventKey><![CDATA[http://f.iseasoft.cn/app/index.php?i=9&c=entry&eid=1226]]></EventKey>
<MenuId>409870668</MenuId>
</xml>

2016-06-06 10:36:33 params :
------------
Array:
message : Array ;
module : basic ;
rule : 81 ;
priority : 0 ;
keyword : Array ;

2016-06-06 10:36:33 response :
------------
Array:
FromUserName : gh_ce84963696ea ;
ToUserName : ogOo_wFobnsaK2n6IN5vXhRoYxik ;
MsgType : text ;
Content : 欢迎关注昵多丽环保家居官方微信，系统正在完善中，更多精彩，敬请期待…… ;

2016-06-06 10:37:03 trace :
------------
String:
<xml><ToUserName><![CDATA[gh_ce84963696ea]]></ToUserName>
<FromUserName><![CDATA[ogOo_wFobnsaK2n6IN5vXhRoYxik]]></FromUserName>
<CreateTime>1465180623</CreateTime>
<MsgType><![CDATA[event]]></MsgType>
<Event><![CDATA[VIEW]]></Event>
<EventKey><![CDATA[http://f.iseasoft.cn/app/index.php?i=9&c=entry&eid=1226]]></EventKey>
<MenuId>409870668</MenuId>
</xml>

2016-06-06 10:37:03 params :
------------
Array:
message : Array ;
module : basic ;
rule : 81 ;
priority : 0 ;
keyword : Array ;

2016-06-06 10:37:03 response :
------------
Array:
FromUserName : gh_ce84963696ea ;
ToUserName : ogOo_wFobnsaK2n6IN5vXhRoYxik ;
MsgType : text ;
Content : 欢迎关注昵多丽环保家居官方微信，系统正在完善中，更多精彩，敬请期待…… ;

2016-06-06 13:42:58 trace :
------------
String:
<xml><ToUserName><![CDATA[gh_9ef36f25dc50]]></ToUserName>
<FromUserName><![CDATA[oN38-wQtXX_EuCkfboHj00Iie0Fk]]></FromUserName>
<CreateTime>1465191778</CreateTime>
<MsgType><![CDATA[event]]></MsgType>
<Event><![CDATA[VIEW]]></Event>
<EventKey><![CDATA[http://f.iseasoft.cn/app/./index.php?i=5&c=entry&id=1&do=research&m=we7_research]]></EventKey>
<MenuId>409281329</MenuId>
</xml>

2016-06-06 13:42:58 params :
------------
Array:
rule : -2 ;
module :  ;
message : Array ;

2016-06-06 13:42:58 response :
------------

2016-06-06 14:02:58 trace :
------------
String:
<xml><ToUserName><![CDATA[gh_9ef36f25dc50]]></ToUserName>
<FromUserName><![CDATA[oN38-wRom7jPU1YGG47RdbZpo2vc]]></FromUserName>
<CreateTime>1465192978</CreateTime>
<MsgType><![CDATA[event]]></MsgType>
<Event><![CDATA[VIEW]]></Event>
<EventKey><![CDATA[http://f.iseasoft.cn/app/index.php?i=5&c=entry&eid=1226]]></EventKey>
<MenuId>409281329</MenuId>
</xml>

2016-06-06 14:02:58 params :
------------
Array:
rule : -2 ;
module :  ;
message : Array ;

2016-06-06 14:02:58 response :
------------

2016-06-06 14:44:47 trace :
------------
String:
<xml><ToUserName><![CDATA[gh_173b187cfb81]]></ToUserName>
<FromUserName><![CDATA[ocu1wwc-RJ9obUesgOJZBBS1byoI]]></FromUserName>
<CreateTime>1465195487</CreateTime>
<MsgType><![CDATA[event]]></MsgType>
<Event><![CDATA[subscribe]]></Event>
<EventKey><![CDATA[]]></EventKey>
</xml>

2016-06-06 14:44:47 params :
------------
Array:
rule : -2 ;
module :  ;
message : Array ;

2016-06-06 14:44:47 response :
------------

2016-06-06 14:44:54 trace :
------------
String:
<xml><ToUserName><![CDATA[gh_173b187cfb81]]></ToUserName>
<FromUserName><![CDATA[ocu1wwc-RJ9obUesgOJZBBS1byoI]]></FromUserName>
<CreateTime>1465195494</CreateTime>
<MsgType><![CDATA[text]]></MsgType>
<Content><![CDATA[/::)]]></Content>
<MsgId>6292966729405347124</MsgId>
</xml>

2016-06-06 14:44:54 params :
------------
Array:
rule : -2 ;
module :  ;
message : Array ;

2016-06-06 14:44:54 response :
------------

2016-06-06 14:56:37 trace :
------------
String:
<xml><ToUserName><![CDATA[gh_9ef36f25dc50]]></ToUserName>
<FromUserName><![CDATA[oN38-we68BoGp1wevgKTEMnY69FY]]></FromUserName>
<CreateTime>1465196197</CreateTime>
<MsgType><![CDATA[event]]></MsgType>
<Event><![CDATA[VIEW]]></Event>
<EventKey><![CDATA[http://f.iseasoft.cn/app/index.php?i=5&c=entry&eid=1226]]></EventKey>
<MenuId>409281329</MenuId>
</xml>

2016-06-06 14:56:37 params :
------------
Array:
rule : -2 ;
module :  ;
message : Array ;

2016-06-06 14:56:37 response :
------------

2016-06-06 14:56:49 trace :
------------
String:
<xml><ToUserName><![CDATA[gh_9ef36f25dc50]]></ToUserName>
<FromUserName><![CDATA[oN38-we68BoGp1wevgKTEMnY69FY]]></FromUserName>
<CreateTime>1465196209</CreateTime>
<MsgType><![CDATA[event]]></MsgType>
<Event><![CDATA[VIEW]]></Event>
<EventKey><![CDATA[http://wfx.iseasoft.cn/app/index.php?i=51&j=54&c=entry&do=shop&m=ewei_shop&wxref=mp.weixin.qq.com&wxref=mp.weixin.qq.com#wechat_redirect]]></EventKey>
<MenuId>409281329</MenuId>
</xml>

2016-06-06 14:56:49 params :
------------
Array:
rule : -2 ;
module :  ;
message : Array ;

2016-06-06 14:56:49 response :
------------

2016-06-06 15:15:58 trace :
------------
String:
<xml><ToUserName><![CDATA[gh_9ef36f25dc50]]></ToUserName>
<FromUserName><![CDATA[oN38-wVIY7Wd_6aDc6tYhVFy2zFE]]></FromUserName>
<CreateTime>1465197358</CreateTime>
<MsgType><![CDATA[event]]></MsgType>
<Event><![CDATA[subscribe]]></Event>
<EventKey><![CDATA[]]></EventKey>
</xml>

2016-06-06 15:15:58 params :
------------
Array:
message : Array ;
module : basic ;
rule : 79 ;
priority : 0 ;
keyword : Array ;

2016-06-06 15:15:58 response :
------------
Array:
FromUserName : gh_9ef36f25dc50 ;
ToUserName : oN38-wVIY7Wd_6aDc6tYhVFy2zFE ;
MsgType : text ;
Content : 欢迎您的关注！！！ ;

2016-06-06 15:16:18 trace :
------------
String:
<xml><ToUserName><![CDATA[gh_173b187cfb81]]></ToUserName>
<FromUserName><![CDATA[ocu1wwc-RJ9obUesgOJZBBS1byoI]]></FromUserName>
<CreateTime>1465197378</CreateTime>
<MsgType><![CDATA[event]]></MsgType>
<Event><![CDATA[VIEW]]></Event>
<EventKey><![CDATA[http://f.iseasoft.cn/app/index.php?i=10&c=entry&eid=1226]]></EventKey>
<MenuId>428786639</MenuId>
</xml>

2016-06-06 15:16:18 params :
------------
Array:
rule : -2 ;
module :  ;
message : Array ;

2016-06-06 15:16:18 response :
------------

2016-06-06 15:16:24 trace :
------------
String:
<xml><ToUserName><![CDATA[gh_173b187cfb81]]></ToUserName>
<FromUserName><![CDATA[ocu1wwc-RJ9obUesgOJZBBS1byoI]]></FromUserName>
<CreateTime>1465197384</CreateTime>
<MsgType><![CDATA[event]]></MsgType>
<Event><![CDATA[VIEW]]></Event>
<EventKey><![CDATA[http://f.iseasoft.cn/app/index.php?i=10&c=entry&eid=1226]]></EventKey>
<MenuId>428786639</MenuId>
</xml>

2016-06-06 15:16:24 params :
------------
Array:
rule : -2 ;
module :  ;
message : Array ;

2016-06-06 15:16:24 response :
------------

2016-06-06 15:16:27 trace :
------------
String:
<xml><ToUserName><![CDATA[gh_173b187cfb81]]></ToUserName>
<FromUserName><![CDATA[ocu1wwc-RJ9obUesgOJZBBS1byoI]]></FromUserName>
<CreateTime>1465197387</CreateTime>
<MsgType><![CDATA[event]]></MsgType>
<Event><![CDATA[VIEW]]></Event>
<EventKey><![CDATA[http://f.iseasoft.cn/app/index.php?i=10&c=entry&eid=1227]]></EventKey>
<MenuId>428786639</MenuId>
</xml>

2016-06-06 15:16:27 params :
------------
Array:
rule : -2 ;
module :  ;
message : Array ;

2016-06-06 15:16:27 response :
------------

2016-06-06 15:18:01 trace :
------------
String:
<xml><ToUserName><![CDATA[gh_173b187cfb81]]></ToUserName>
<FromUserName><![CDATA[ocu1wwc-RJ9obUesgOJZBBS1byoI]]></FromUserName>
<CreateTime>1465197481</CreateTime>
<MsgType><![CDATA[event]]></MsgType>
<Event><![CDATA[VIEW]]></Event>
<EventKey><![CDATA[http://f.iseasoft.cn/app/index.php?i=10&c=entry&eid=1226]]></EventKey>
<MenuId>428786639</MenuId>
</xml>

2016-06-06 15:18:01 params :
------------
Array:
rule : -2 ;
module :  ;
message : Array ;

2016-06-06 15:18:01 response :
------------

2016-06-06 15:18:05 trace :
------------
String:
<xml><ToUserName><![CDATA[gh_173b187cfb81]]></ToUserName>
<FromUserName><![CDATA[ocu1wwc-RJ9obUesgOJZBBS1byoI]]></FromUserName>
<CreateTime>1465197485</CreateTime>
<MsgType><![CDATA[event]]></MsgType>
<Event><![CDATA[CLICK]]></Event>
<EventKey><![CDATA[1]]></EventKey>
</xml>

2016-06-06 15:18:05 params :
------------
Array:
rule : -2 ;
module :  ;
message : Array ;

2016-06-06 15:18:05 response :
------------

2016-06-06 15:18:08 trace :
------------
String:
<xml><ToUserName><![CDATA[gh_173b187cfb81]]></ToUserName>
<FromUserName><![CDATA[ocu1wwc-RJ9obUesgOJZBBS1byoI]]></FromUserName>
<CreateTime>1465197488</CreateTime>
<MsgType><![CDATA[event]]></MsgType>
<Event><![CDATA[VIEW]]></Event>
<EventKey><![CDATA[http://f.iseasoft.cn/app/index.php?i=10&c=entry&eid=1226]]></EventKey>
<MenuId>428786639</MenuId>
</xml>

2016-06-06 15:18:08 params :
------------
Array:
rule : -2 ;
module :  ;
message : Array ;

2016-06-06 15:18:08 response :
------------

2016-06-06 15:20:02 trace :
------------
String:
<xml><ToUserName><![CDATA[gh_ce84963696ea]]></ToUserName>
<FromUserName><![CDATA[ogOo_wFobnsaK2n6IN5vXhRoYxik]]></FromUserName>
<CreateTime>1465197602</CreateTime>
<MsgType><![CDATA[event]]></MsgType>
<Event><![CDATA[CLICK]]></Event>
<EventKey><![CDATA[招商加盟]]></EventKey>
</xml>

2016-06-06 15:20:02 params :
------------
Array:
message : Array ;
module : news ;
rule : 83 ;
priority : 0 ;
keyword : Array ;

2016-06-06 15:20:02 response :
------------
Array:
FromUserName : gh_ce84963696ea ;
ToUserName : ogOo_wFobnsaK2n6IN5vXhRoYxik ;
MsgType : news ;
ArticleCount : 1 ;
Articles : Array ;

2016-06-06 15:20:13 trace :
------------
String:
<xml><ToUserName><![CDATA[gh_ce84963696ea]]></ToUserName>
<FromUserName><![CDATA[ogOo_wFobnsaK2n6IN5vXhRoYxik]]></FromUserName>
<CreateTime>1465197613</CreateTime>
<MsgType><![CDATA[event]]></MsgType>
<Event><![CDATA[CLICK]]></Event>
<EventKey><![CDATA[企业介绍]]></EventKey>
</xml>

2016-06-06 15:20:13 params :
------------
Array:
message : Array ;
module : news ;
rule : 82 ;
priority : 0 ;
keyword : Array ;

2016-06-06 15:20:13 response :
------------
Array:
FromUserName : gh_ce84963696ea ;
ToUserName : ogOo_wFobnsaK2n6IN5vXhRoYxik ;
MsgType : news ;
ArticleCount : 1 ;
Articles : Array ;

2016-06-06 15:20:25 trace :
------------
String:
<xml><ToUserName><![CDATA[gh_ce84963696ea]]></ToUserName>
<FromUserName><![CDATA[ogOo_wFobnsaK2n6IN5vXhRoYxik]]></FromUserName>
<CreateTime>1465197625</CreateTime>
<MsgType><![CDATA[event]]></MsgType>
<Event><![CDATA[CLICK]]></Event>
<EventKey><![CDATA[联系我们]]></EventKey>
</xml>

2016-06-06 15:20:25 params :
------------
Array:
message : Array ;
module : news ;
rule : 84 ;
priority : 0 ;
keyword : Array ;

2016-06-06 15:20:25 response :
------------
Array:
FromUserName : gh_ce84963696ea ;
ToUserName : ogOo_wFobnsaK2n6IN5vXhRoYxik ;
MsgType : news ;
ArticleCount : 1 ;
Articles : Array ;

2016-06-06 15:20:37 trace :
------------
String:
<xml><ToUserName><![CDATA[gh_ce84963696ea]]></ToUserName>
<FromUserName><![CDATA[ogOo_wFobnsaK2n6IN5vXhRoYxik]]></FromUserName>
<CreateTime>1465197637</CreateTime>
<MsgType><![CDATA[event]]></MsgType>
<Event><![CDATA[VIEW]]></Event>
<EventKey><![CDATA[http://f.iseasoft.cn/app/index.php?i=9&c=entry&eid=1226]]></EventKey>
<MenuId>409870668</MenuId>
</xml>

2016-06-06 15:20:37 params :
------------
Array:
message : Array ;
module : basic ;
rule : 81 ;
priority : 0 ;
keyword : Array ;

2016-06-06 15:20:37 response :
------------
Array:
FromUserName : gh_ce84963696ea ;
ToUserName : ogOo_wFobnsaK2n6IN5vXhRoYxik ;
MsgType : text ;
Content : 欢迎关注昵多丽环保家居官方微信，系统正在完善中，更多精彩，敬请期待…… ;

2016-06-06 15:20:43 trace :
------------
String:
<xml><ToUserName><![CDATA[gh_ce84963696ea]]></ToUserName>
<FromUserName><![CDATA[ogOo_wFobnsaK2n6IN5vXhRoYxik]]></FromUserName>
<CreateTime>1465197643</CreateTime>
<MsgType><![CDATA[event]]></MsgType>
<Event><![CDATA[VIEW]]></Event>
<EventKey><![CDATA[http://f.iseasoft.cn/app/index.php?i=9&c=entry&p=commission&m=sea&do=plugin]]></EventKey>
<MenuId>409870668</MenuId>
</xml>

2016-06-06 15:20:43 params :
------------
Array:
message : Array ;
module : basic ;
rule : 81 ;
priority : 0 ;
keyword : Array ;

2016-06-06 15:20:43 response :
------------
Array:
FromUserName : gh_ce84963696ea ;
ToUserName : ogOo_wFobnsaK2n6IN5vXhRoYxik ;
MsgType : text ;
Content : 欢迎关注昵多丽环保家居官方微信，系统正在完善中，更多精彩，敬请期待…… ;

2016-06-06 15:21:05 trace :
------------
String:
<xml><ToUserName><![CDATA[gh_9ef36f25dc50]]></ToUserName>
<FromUserName><![CDATA[oN38-we68BoGp1wevgKTEMnY69FY]]></FromUserName>
<CreateTime>1465197666</CreateTime>
<MsgType><![CDATA[event]]></MsgType>
<Event><![CDATA[VIEW]]></Event>
<EventKey><![CDATA[http://f.iseasoft.cn/app/index.php?i=5&c=entry&eid=1226]]></EventKey>
<MenuId>409281329</MenuId>
</xml>

2016-06-06 15:21:05 params :
------------
Array:
rule : -2 ;
module :  ;
message : Array ;

2016-06-06 15:21:05 response :
------------

2016-06-06 15:21:33 trace :
------------
String:
<xml><ToUserName><![CDATA[gh_9ef36f25dc50]]></ToUserName>
<FromUserName><![CDATA[oN38-we68BoGp1wevgKTEMnY69FY]]></FromUserName>
<CreateTime>1465197693</CreateTime>
<MsgType><![CDATA[event]]></MsgType>
<Event><![CDATA[VIEW]]></Event>
<EventKey><![CDATA[http://wfx.iseasoft.cn/app/index.php?i=15&c=entry&eid=12&wxref=mp.weixin.qq.com#wechat_redirect]]></EventKey>
<MenuId>409281329</MenuId>
</xml>

2016-06-06 15:21:33 params :
------------
Array:
rule : -2 ;
module :  ;
message : Array ;

2016-06-06 15:21:33 response :
------------

2016-06-06 15:21:37 trace :
------------
String:
<xml><ToUserName><![CDATA[gh_9ef36f25dc50]]></ToUserName>
<FromUserName><![CDATA[oN38-we68BoGp1wevgKTEMnY69FY]]></FromUserName>
<CreateTime>1465197697</CreateTime>
<MsgType><![CDATA[event]]></MsgType>
<Event><![CDATA[VIEW]]></Event>
<EventKey><![CDATA[http://f.iseasoft.cn/app/index.php?i=5&c=entry&eid=1226]]></EventKey>
<MenuId>409281329</MenuId>
</xml>

2016-06-06 15:21:37 params :
------------
Array:
rule : -2 ;
module :  ;
message : Array ;

2016-06-06 15:21:37 response :
------------

2016-06-06 15:22:13 trace :
------------
String:
<xml><ToUserName><![CDATA[gh_173b187cfb81]]></ToUserName>
<FromUserName><![CDATA[ocu1wwc-RJ9obUesgOJZBBS1byoI]]></FromUserName>
<CreateTime>1465197733</CreateTime>
<MsgType><![CDATA[event]]></MsgType>
<Event><![CDATA[CLICK]]></Event>
<EventKey><![CDATA[1]]></EventKey>
</xml>

2016-06-06 15:22:13 params :
------------
Array:
rule : -2 ;
module :  ;
message : Array ;

2016-06-06 15:22:13 response :
------------

2016-06-06 15:22:15 trace :
------------
String:
<xml><ToUserName><![CDATA[gh_9ef36f25dc50]]></ToUserName>
<FromUserName><![CDATA[oN38-we68BoGp1wevgKTEMnY69FY]]></FromUserName>
<CreateTime>1465197735</CreateTime>
<MsgType><![CDATA[event]]></MsgType>
<Event><![CDATA[VIEW]]></Event>
<EventKey><![CDATA[http://f.iseasoft.cn/app/index.php?i=5&c=entry&eid=1226]]></EventKey>
<MenuId>409281329</MenuId>
</xml>

2016-06-06 15:22:15 params :
------------
Array:
rule : -2 ;
module :  ;
message : Array ;

2016-06-06 15:22:15 response :
------------

2016-06-06 15:22:16 trace :
------------
String:
<xml><ToUserName><![CDATA[gh_173b187cfb81]]></ToUserName>
<FromUserName><![CDATA[ocu1wwc-RJ9obUesgOJZBBS1byoI]]></FromUserName>
<CreateTime>1465197736</CreateTime>
<MsgType><![CDATA[event]]></MsgType>
<Event><![CDATA[unsubscribe]]></Event>
<EventKey><![CDATA[]]></EventKey>
</xml>

2016-06-06 15:22:31 trace :
------------
String:
<xml><ToUserName><![CDATA[gh_173b187cfb81]]></ToUserName>
<FromUserName><![CDATA[ocu1wwc-RJ9obUesgOJZBBS1byoI]]></FromUserName>
<CreateTime>1465197751</CreateTime>
<MsgType><![CDATA[event]]></MsgType>
<Event><![CDATA[subscribe]]></Event>
<EventKey><![CDATA[]]></EventKey>
</xml>

2016-06-06 15:22:31 params :
------------
Array:
rule : -2 ;
module :  ;
message : Array ;

2016-06-06 15:22:31 response :
------------

2016-06-06 15:22:36 trace :
------------
String:
<xml><ToUserName><![CDATA[gh_9ef36f25dc50]]></ToUserName>
<FromUserName><![CDATA[oN38-we68BoGp1wevgKTEMnY69FY]]></FromUserName>
<CreateTime>1465197756</CreateTime>
<MsgType><![CDATA[event]]></MsgType>
<Event><![CDATA[VIEW]]></Event>
<EventKey><![CDATA[http://f.iseasoft.cn/app/index.php?i=5&c=entry&eid=1226]]></EventKey>
<MenuId>409281329</MenuId>
</xml>

2016-06-06 15:22:36 params :
------------
Array:
rule : -2 ;
module :  ;
message : Array ;

2016-06-06 15:22:36 response :
------------

2016-06-06 15:23:25 trace :
------------
String:
<xml><ToUserName><![CDATA[gh_9ef36f25dc50]]></ToUserName>
<FromUserName><![CDATA[oN38-we68BoGp1wevgKTEMnY69FY]]></FromUserName>
<CreateTime>1465197805</CreateTime>
<MsgType><![CDATA[event]]></MsgType>
<Event><![CDATA[VIEW]]></Event>
<EventKey><![CDATA[http://f.iseasoft.cn/app/index.php?i=5&c=entry&eid=1226]]></EventKey>
<MenuId>409281329</MenuId>
</xml>

2016-06-06 15:23:25 params :
------------
Array:
rule : -2 ;
module :  ;
message : Array ;

2016-06-06 15:23:25 response :
------------

2016-06-06 15:23:29 trace :
------------
String:
<xml><ToUserName><![CDATA[gh_9ef36f25dc50]]></ToUserName>
<FromUserName><![CDATA[oN38-we68BoGp1wevgKTEMnY69FY]]></FromUserName>
<CreateTime>1465197809</CreateTime>
<MsgType><![CDATA[event]]></MsgType>
<Event><![CDATA[VIEW]]></Event>
<EventKey><![CDATA[http://f.iseasoft.cn/app/index.php?i=5&c=entry&eid=1226]]></EventKey>
<MenuId>409281329</MenuId>
</xml>

2016-06-06 15:23:29 params :
------------
Array:
rule : -2 ;
module :  ;
message : Array ;

2016-06-06 15:23:29 response :
------------

2016-06-06 15:23:31 trace :
------------
String:
<xml><ToUserName><![CDATA[gh_173b187cfb81]]></ToUserName>
<FromUserName><![CDATA[ocu1wwc-RJ9obUesgOJZBBS1byoI]]></FromUserName>
<CreateTime>1465197811</CreateTime>
<MsgType><![CDATA[event]]></MsgType>
<Event><![CDATA[unsubscribe]]></Event>
<EventKey><![CDATA[]]></EventKey>
</xml>

2016-06-06 15:23:34 trace :
------------
String:
<xml><ToUserName><![CDATA[gh_9ef36f25dc50]]></ToUserName>
<FromUserName><![CDATA[oN38-we68BoGp1wevgKTEMnY69FY]]></FromUserName>
<CreateTime>1465197814</CreateTime>
<MsgType><![CDATA[event]]></MsgType>
<Event><![CDATA[VIEW]]></Event>
<EventKey><![CDATA[http://wfx.iseasoft.cn/app/index.php?i=15&c=entry&eid=12&wxref=mp.weixin.qq.com#wechat_redirect]]></EventKey>
<MenuId>409281329</MenuId>
</xml>

2016-06-06 15:23:34 params :
------------
Array:
rule : -2 ;
module :  ;
message : Array ;

2016-06-06 15:23:34 response :
------------

2016-06-06 15:23:37 trace :
------------
String:
<xml><ToUserName><![CDATA[gh_9ef36f25dc50]]></ToUserName>
<FromUserName><![CDATA[oN38-we68BoGp1wevgKTEMnY69FY]]></FromUserName>
<CreateTime>1465197817</CreateTime>
<MsgType><![CDATA[event]]></MsgType>
<Event><![CDATA[VIEW]]></Event>
<EventKey><![CDATA[http://www.myyll.com/]]></EventKey>
<MenuId>409281329</MenuId>
</xml>

2016-06-06 15:23:37 params :
------------
Array:
rule : -2 ;
module :  ;
message : Array ;

2016-06-06 15:23:37 response :
------------

2016-06-06 15:23:45 trace :
------------
String:
<xml><ToUserName><![CDATA[gh_9ef36f25dc50]]></ToUserName>
<FromUserName><![CDATA[oN38-we68BoGp1wevgKTEMnY69FY]]></FromUserName>
<CreateTime>1465197825</CreateTime>
<MsgType><![CDATA[event]]></MsgType>
<Event><![CDATA[VIEW]]></Event>
<EventKey><![CDATA[http://wfx.iseasoft.cn/app/index.php?i=15&c=entry&eid=12&wxref=mp.weixin.qq.com#wechat_redirect]]></EventKey>
<MenuId>409281329</MenuId>
</xml>

2016-06-06 15:23:45 params :
------------
Array:
rule : -2 ;
module :  ;
message : Array ;

2016-06-06 15:23:45 response :
------------

2016-06-06 15:23:48 trace :
------------
String:
<xml><ToUserName><![CDATA[gh_9ef36f25dc50]]></ToUserName>
<FromUserName><![CDATA[oN38-we68BoGp1wevgKTEMnY69FY]]></FromUserName>
<CreateTime>1465197829</CreateTime>
<MsgType><![CDATA[event]]></MsgType>
<Event><![CDATA[VIEW]]></Event>
<EventKey><![CDATA[http://f.iseasoft.cn/app/index.php?i=5&c=entry&eid=1226]]></EventKey>
<MenuId>409281329</MenuId>
</xml>

2016-06-06 15:23:48 params :
------------
Array:
rule : -2 ;
module :  ;
message : Array ;

2016-06-06 15:23:48 response :
------------

2016-06-06 15:23:50 trace :
------------
String:
<xml><ToUserName><![CDATA[gh_173b187cfb81]]></ToUserName>
<FromUserName><![CDATA[ocu1wwc-RJ9obUesgOJZBBS1byoI]]></FromUserName>
<CreateTime>1465197830</CreateTime>
<MsgType><![CDATA[event]]></MsgType>
<Event><![CDATA[subscribe]]></Event>
<EventKey><![CDATA[]]></EventKey>
</xml>

2016-06-06 15:23:50 params :
------------
Array:
rule : -2 ;
module :  ;
message : Array ;

2016-06-06 15:23:50 response :
------------

2016-06-06 15:23:53 trace :
------------
String:
<xml><ToUserName><![CDATA[gh_9ef36f25dc50]]></ToUserName>
<FromUserName><![CDATA[oN38-we68BoGp1wevgKTEMnY69FY]]></FromUserName>
<CreateTime>1465197833</CreateTime>
<MsgType><![CDATA[event]]></MsgType>
<Event><![CDATA[VIEW]]></Event>
<EventKey><![CDATA[http://wfx.iseasoft.cn/app/index.php?i=15&c=entry&eid=12&wxref=mp.weixin.qq.com#wechat_redirect]]></EventKey>
<MenuId>409281329</MenuId>
</xml>

2016-06-06 15:23:53 params :
------------
Array:
rule : -2 ;
module :  ;
message : Array ;

2016-06-06 15:23:53 response :
------------

2016-06-06 15:23:56 trace :
------------
String:
<xml><ToUserName><![CDATA[gh_173b187cfb81]]></ToUserName>
<FromUserName><![CDATA[ocu1wwc-RJ9obUesgOJZBBS1byoI]]></FromUserName>
<CreateTime>1465197836</CreateTime>
<MsgType><![CDATA[text]]></MsgType>
<Content><![CDATA[来了]]></Content>
<MsgId>6292976788218759070</MsgId>
</xml>

2016-06-06 15:23:56 params :
------------
Array:
rule : -2 ;
module :  ;
message : Array ;

2016-06-06 15:23:56 response :
------------

2016-06-06 15:24:02 trace :
------------
String:
<xml><ToUserName><![CDATA[gh_9ef36f25dc50]]></ToUserName>
<FromUserName><![CDATA[oN38-we68BoGp1wevgKTEMnY69FY]]></FromUserName>
<CreateTime>1465197842</CreateTime>
<MsgType><![CDATA[event]]></MsgType>
<Event><![CDATA[VIEW]]></Event>
<EventKey><![CDATA[http://www.myyll.com/]]></EventKey>
<MenuId>409281329</MenuId>
</xml>

2016-06-06 15:24:02 params :
------------
Array:
rule : -2 ;
module :  ;
message : Array ;

2016-06-06 15:24:02 response :
------------

2016-06-06 15:24:09 trace :
------------
String:
<xml><ToUserName><![CDATA[gh_9ef36f25dc50]]></ToUserName>
<FromUserName><![CDATA[oN38-we68BoGp1wevgKTEMnY69FY]]></FromUserName>
<CreateTime>1465197849</CreateTime>
<MsgType><![CDATA[event]]></MsgType>
<Event><![CDATA[VIEW]]></Event>
<EventKey><![CDATA[http://f.iseasoft.cn/app/index.php?i=5&c=entry&eid=1226]]></EventKey>
<MenuId>409281329</MenuId>
</xml>

2016-06-06 15:24:09 params :
------------
Array:
rule : -2 ;
module :  ;
message : Array ;

2016-06-06 15:24:09 response :
------------

2016-06-06 15:24:13 trace :
------------
String:
<xml><ToUserName><![CDATA[gh_9ef36f25dc50]]></ToUserName>
<FromUserName><![CDATA[oN38-we68BoGp1wevgKTEMnY69FY]]></FromUserName>
<CreateTime>1465197853</CreateTime>
<MsgType><![CDATA[event]]></MsgType>
<Event><![CDATA[VIEW]]></Event>
<EventKey><![CDATA[http://f.iseasoft.cn/app/index.php?i=5&c=entry&eid=1226]]></EventKey>
<MenuId>409281329</MenuId>
</xml>

2016-06-06 15:24:13 params :
------------
Array:
rule : -2 ;
module :  ;
message : Array ;

2016-06-06 15:24:13 response :
------------

2016-06-06 15:24:20 trace :
------------
String:
<xml><ToUserName><![CDATA[gh_ce84963696ea]]></ToUserName>
<FromUserName><![CDATA[ogOo_wFobnsaK2n6IN5vXhRoYxik]]></FromUserName>
<CreateTime>1465197860</CreateTime>
<MsgType><![CDATA[event]]></MsgType>
<Event><![CDATA[CLICK]]></Event>
<EventKey><![CDATA[招商加盟]]></EventKey>
</xml>

2016-06-06 15:24:20 params :
------------
Array:
message : Array ;
module : news ;
rule : 83 ;
priority : 0 ;
keyword : Array ;

2016-06-06 15:24:20 response :
------------
Array:
FromUserName : gh_ce84963696ea ;
ToUserName : ogOo_wFobnsaK2n6IN5vXhRoYxik ;
MsgType : news ;
ArticleCount : 1 ;
Articles : Array ;

2016-06-06 15:24:31 trace :
------------
String:
<xml><ToUserName><![CDATA[gh_9ef36f25dc50]]></ToUserName>
<FromUserName><![CDATA[oN38-we68BoGp1wevgKTEMnY69FY]]></FromUserName>
<CreateTime>1465197871</CreateTime>
<MsgType><![CDATA[event]]></MsgType>
<Event><![CDATA[VIEW]]></Event>
<EventKey><![CDATA[http://f.iseasoft.cn/app/index.php?i=5&c=entry&eid=1226]]></EventKey>
<MenuId>409281329</MenuId>
</xml>

2016-06-06 15:24:31 params :
------------
Array:
rule : -2 ;
module :  ;
message : Array ;

2016-06-06 15:24:31 response :
------------

2016-06-06 15:24:50 trace :
------------
String:
<xml><ToUserName><![CDATA[gh_9ef36f25dc50]]></ToUserName>
<FromUserName><![CDATA[oN38-we68BoGp1wevgKTEMnY69FY]]></FromUserName>
<CreateTime>1465197890</CreateTime>
<MsgType><![CDATA[event]]></MsgType>
<Event><![CDATA[VIEW]]></Event>
<EventKey><![CDATA[http://f.iseasoft.cn/app/index.php?i=5&c=entry&eid=1226]]></EventKey>
<MenuId>409281329</MenuId>
</xml>

2016-06-06 15:24:50 params :
------------
Array:
rule : -2 ;
module :  ;
message : Array ;

2016-06-06 15:24:50 response :
------------

2016-06-06 15:24:50 trace :
------------
String:
<xml><ToUserName><![CDATA[gh_ce84963696ea]]></ToUserName>
<FromUserName><![CDATA[ogOo_wFobnsaK2n6IN5vXhRoYxik]]></FromUserName>
<CreateTime>1465197890</CreateTime>
<MsgType><![CDATA[event]]></MsgType>
<Event><![CDATA[VIEW]]></Event>
<EventKey><![CDATA[http://f.iseasoft.cn/app/index.php?i=9&c=entry&eid=1226]]></EventKey>
<MenuId>409870668</MenuId>
</xml>

2016-06-06 15:24:50 params :
------------
Array:
message : Array ;
module : basic ;
rule : 81 ;
priority : 0 ;
keyword : Array ;

2016-06-06 15:24:50 response :
------------
Array:
FromUserName : gh_ce84963696ea ;
ToUserName : ogOo_wFobnsaK2n6IN5vXhRoYxik ;
MsgType : text ;
Content : 欢迎关注昵多丽环保家居官方微信，系统正在完善中，更多精彩，敬请期待…… ;

2016-06-06 15:25:15 trace :
------------
String:
<xml><ToUserName><![CDATA[gh_9ef36f25dc50]]></ToUserName>
<FromUserName><![CDATA[oN38-we68BoGp1wevgKTEMnY69FY]]></FromUserName>
<CreateTime>1465197915</CreateTime>
<MsgType><![CDATA[event]]></MsgType>
<Event><![CDATA[VIEW]]></Event>
<EventKey><![CDATA[http://f.iseasoft.cn/app/index.php?i=5&c=entry&eid=1226]]></EventKey>
<MenuId>409281329</MenuId>
</xml>

2016-06-06 15:25:15 params :
------------
Array:
rule : -2 ;
module :  ;
message : Array ;

2016-06-06 15:25:15 response :
------------

2016-06-06 15:26:12 trace :
------------
String:
<xml><ToUserName><![CDATA[gh_173b187cfb81]]></ToUserName>
<FromUserName><![CDATA[ocu1wwc-RJ9obUesgOJZBBS1byoI]]></FromUserName>
<CreateTime>1465197972</CreateTime>
<MsgType><![CDATA[event]]></MsgType>
<Event><![CDATA[unsubscribe]]></Event>
<EventKey><![CDATA[]]></EventKey>
</xml>

2016-06-06 15:27:07 trace :
------------
String:
<xml><ToUserName><![CDATA[gh_ce84963696ea]]></ToUserName>
<FromUserName><![CDATA[ogOo_wFobnsaK2n6IN5vXhRoYxik]]></FromUserName>
<CreateTime>1465198027</CreateTime>
<MsgType><![CDATA[event]]></MsgType>
<Event><![CDATA[VIEW]]></Event>
<EventKey><![CDATA[http://f.iseasoft.cn/app/index.php?i=9&c=entry&eid=1226]]></EventKey>
<MenuId>409870668</MenuId>
</xml>

2016-06-06 15:27:07 params :
------------
Array:
message : Array ;
module : basic ;
rule : 81 ;
priority : 0 ;
keyword : Array ;

2016-06-06 15:27:07 response :
------------
Array:
FromUserName : gh_ce84963696ea ;
ToUserName : ogOo_wFobnsaK2n6IN5vXhRoYxik ;
MsgType : text ;
Content : 欢迎关注昵多丽环保家居官方微信，系统正在完善中，更多精彩，敬请期待…… ;

2016-06-06 15:28:23 trace :
------------
String:
<xml><ToUserName><![CDATA[gh_9ef36f25dc50]]></ToUserName>
<FromUserName><![CDATA[oN38-we68BoGp1wevgKTEMnY69FY]]></FromUserName>
<CreateTime>1465198103</CreateTime>
<MsgType><![CDATA[event]]></MsgType>
<Event><![CDATA[VIEW]]></Event>
<EventKey><![CDATA[http://f.iseasoft.cn/app/index.php?i=5&c=entry&eid=1226]]></EventKey>
<MenuId>409281329</MenuId>
</xml>

2016-06-06 15:28:23 params :
------------
Array:
rule : -2 ;
module :  ;
message : Array ;

2016-06-06 15:28:23 response :
------------

2016-06-06 15:28:35 trace :
------------
String:
<xml><ToUserName><![CDATA[gh_9ef36f25dc50]]></ToUserName>
<FromUserName><![CDATA[oN38-we68BoGp1wevgKTEMnY69FY]]></FromUserName>
<CreateTime>1465198116</CreateTime>
<MsgType><![CDATA[event]]></MsgType>
<Event><![CDATA[VIEW]]></Event>
<EventKey><![CDATA[http://f.iseasoft.cn/app/index.php?i=5&c=entry&eid=1226]]></EventKey>
<MenuId>409281329</MenuId>
</xml>

2016-06-06 15:28:35 params :
------------
Array:
rule : -2 ;
module :  ;
message : Array ;

2016-06-06 15:28:35 response :
------------

2016-06-06 15:28:43 trace :
------------
String:
<xml><ToUserName><![CDATA[gh_9ef36f25dc50]]></ToUserName>
<FromUserName><![CDATA[oN38-we68BoGp1wevgKTEMnY69FY]]></FromUserName>
<CreateTime>1465198123</CreateTime>
<MsgType><![CDATA[event]]></MsgType>
<Event><![CDATA[VIEW]]></Event>
<EventKey><![CDATA[http://f.iseasoft.cn/app/index.php?i=5&c=entry&eid=1226]]></EventKey>
<MenuId>409281329</MenuId>
</xml>

2016-06-06 15:28:43 params :
------------
Array:
rule : -2 ;
module :  ;
message : Array ;

2016-06-06 15:28:43 response :
------------

2016-06-06 15:29:30 trace :
------------
String:
<xml><ToUserName><![CDATA[gh_9ef36f25dc50]]></ToUserName>
<FromUserName><![CDATA[oN38-we68BoGp1wevgKTEMnY69FY]]></FromUserName>
<CreateTime>1465198170</CreateTime>
<MsgType><![CDATA[event]]></MsgType>
<Event><![CDATA[VIEW]]></Event>
<EventKey><![CDATA[http://wfx.iseasoft.cn/app/index.php?i=15&c=entry&eid=12&wxref=mp.weixin.qq.com#wechat_redirect]]></EventKey>
<MenuId>409281329</MenuId>
</xml>

2016-06-06 15:29:30 params :
------------
Array:
rule : -2 ;
module :  ;
message : Array ;

2016-06-06 15:29:30 response :
------------

2016-06-06 15:29:32 trace :
------------
String:
<xml><ToUserName><![CDATA[gh_173b187cfb81]]></ToUserName>
<FromUserName><![CDATA[ocu1wwc-RJ9obUesgOJZBBS1byoI]]></FromUserName>
<CreateTime>1465198172</CreateTime>
<MsgType><![CDATA[event]]></MsgType>
<Event><![CDATA[subscribe]]></Event>
<EventKey><![CDATA[]]></EventKey>
</xml>

2016-06-06 15:29:32 params :
------------
Array:
message : Array ;
module : basic ;
rule : 90 ;
priority : 0 ;
keyword : Array ;

2016-06-06 15:29:32 response :
------------
Array:
FromUserName : gh_173b187cfb81 ;
ToUserName : ocu1wwc-RJ9obUesgOJZBBS1byoI ;
MsgType : text ;
Content : 您好，欢迎来到玉田网上超市！ ;

2016-06-06 15:29:35 trace :
------------
String:
<xml><ToUserName><![CDATA[gh_9ef36f25dc50]]></ToUserName>
<FromUserName><![CDATA[oN38-we68BoGp1wevgKTEMnY69FY]]></FromUserName>
<CreateTime>1465198175</CreateTime>
<MsgType><![CDATA[event]]></MsgType>
<Event><![CDATA[VIEW]]></Event>
<EventKey><![CDATA[http://f.iseasoft.cn/app/index.php?i=5&c=entry&eid=1226]]></EventKey>
<MenuId>409281329</MenuId>
</xml>

2016-06-06 15:29:35 params :
------------
Array:
rule : -2 ;
module :  ;
message : Array ;

2016-06-06 15:29:35 response :
------------

2016-06-06 15:29:50 trace :
------------
String:
<xml><ToUserName><![CDATA[gh_173b187cfb81]]></ToUserName>
<FromUserName><![CDATA[ocu1wwc-RJ9obUesgOJZBBS1byoI]]></FromUserName>
<CreateTime>1465198190</CreateTime>
<MsgType><![CDATA[event]]></MsgType>
<Event><![CDATA[VIEW]]></Event>
<EventKey><![CDATA[http://f.iseasoft.cn/app/index.php?i=10&c=entry&eid=1226]]></EventKey>
<MenuId>428787363</MenuId>
</xml>

2016-06-06 15:29:50 params :
------------
Array:
message : Array ;
module : basic ;
rule : 90 ;
priority : 0 ;
keyword : Array ;

2016-06-06 15:29:50 response :
------------
Array:
FromUserName : gh_173b187cfb81 ;
ToUserName : ocu1wwc-RJ9obUesgOJZBBS1byoI ;
MsgType : text ;
Content : 您好，欢迎来到玉田网上超市！ ;

2016-06-06 15:29:53 trace :
------------
String:
<xml><ToUserName><![CDATA[gh_173b187cfb81]]></ToUserName>
<FromUserName><![CDATA[ocu1wwc-RJ9obUesgOJZBBS1byoI]]></FromUserName>
<CreateTime>1465198193</CreateTime>
<MsgType><![CDATA[event]]></MsgType>
<Event><![CDATA[VIEW]]></Event>
<EventKey><![CDATA[http://f.iseasoft.cn/app/index.php?i=10&c=entry&eid=1226]]></EventKey>
<MenuId>428787363</MenuId>
</xml>

2016-06-06 15:29:53 params :
------------
Array:
message : Array ;
module : basic ;
rule : 90 ;
priority : 0 ;
keyword : Array ;

2016-06-06 15:29:53 response :
------------
Array:
FromUserName : gh_173b187cfb81 ;
ToUserName : ocu1wwc-RJ9obUesgOJZBBS1byoI ;
MsgType : text ;
Content : 您好，欢迎来到玉田网上超市！ ;

2016-06-06 15:29:58 trace :
------------
String:
<xml><ToUserName><![CDATA[gh_173b187cfb81]]></ToUserName>
<FromUserName><![CDATA[ocu1wwc-RJ9obUesgOJZBBS1byoI]]></FromUserName>
<CreateTime>1465198198</CreateTime>
<MsgType><![CDATA[event]]></MsgType>
<Event><![CDATA[VIEW]]></Event>
<EventKey><![CDATA[http://f.iseasoft.cn/app/index.php?i=10&c=entry&eid=1229]]></EventKey>
<MenuId>428787363</MenuId>
</xml>

2016-06-06 15:29:58 params :
------------
Array:
message : Array ;
module : basic ;
rule : 90 ;
priority : 0 ;
keyword : Array ;

2016-06-06 15:29:58 response :
------------
Array:
FromUserName : gh_173b187cfb81 ;
ToUserName : ocu1wwc-RJ9obUesgOJZBBS1byoI ;
MsgType : text ;
Content : 您好，欢迎来到玉田网上超市！ ;

2016-06-06 15:30:02 trace :
------------
String:
<xml><ToUserName><![CDATA[gh_173b187cfb81]]></ToUserName>
<FromUserName><![CDATA[ocu1wwc-RJ9obUesgOJZBBS1byoI]]></FromUserName>
<CreateTime>1465198202</CreateTime>
<MsgType><![CDATA[event]]></MsgType>
<Event><![CDATA[VIEW]]></Event>
<EventKey><![CDATA[http://f.iseasoft.cn/app/index.php?i=10&c=entry&eid=1226]]></EventKey>
<MenuId>428787363</MenuId>
</xml>

2016-06-06 15:30:02 params :
------------
Array:
message : Array ;
module : basic ;
rule : 90 ;
priority : 0 ;
keyword : Array ;

2016-06-06 15:30:02 response :
------------
Array:
FromUserName : gh_173b187cfb81 ;
ToUserName : ocu1wwc-RJ9obUesgOJZBBS1byoI ;
MsgType : text ;
Content : 您好，欢迎来到玉田网上超市！ ;

2016-06-06 15:30:22 trace :
------------
String:
<xml><ToUserName><![CDATA[gh_9ef36f25dc50]]></ToUserName>
<FromUserName><![CDATA[oN38-we68BoGp1wevgKTEMnY69FY]]></FromUserName>
<CreateTime>1465198222</CreateTime>
<MsgType><![CDATA[event]]></MsgType>
<Event><![CDATA[VIEW]]></Event>
<EventKey><![CDATA[http://f.iseasoft.cn/app/index.php?i=5&c=entry&eid=1226]]></EventKey>
<MenuId>409281329</MenuId>
</xml>

2016-06-06 15:30:22 params :
------------
Array:
rule : -2 ;
module :  ;
message : Array ;

2016-06-06 15:30:22 response :
------------

2016-06-06 15:30:31 trace :
------------
String:
<xml><ToUserName><![CDATA[gh_9ef36f25dc50]]></ToUserName>
<FromUserName><![CDATA[oN38-we68BoGp1wevgKTEMnY69FY]]></FromUserName>
<CreateTime>1465198231</CreateTime>
<MsgType><![CDATA[event]]></MsgType>
<Event><![CDATA[VIEW]]></Event>
<EventKey><![CDATA[http://wfx.iseasoft.cn/app/index.php?i=15&c=entry&eid=12&wxref=mp.weixin.qq.com#wechat_redirect]]></EventKey>
<MenuId>409281329</MenuId>
</xml>

2016-06-06 15:30:31 params :
------------
Array:
rule : -2 ;
module :  ;
message : Array ;

2016-06-06 15:30:31 response :
------------

2016-06-06 15:30:35 trace :
------------
String:
<xml><ToUserName><![CDATA[gh_9ef36f25dc50]]></ToUserName>
<FromUserName><![CDATA[oN38-we68BoGp1wevgKTEMnY69FY]]></FromUserName>
<CreateTime>1465198235</CreateTime>
<MsgType><![CDATA[event]]></MsgType>
<Event><![CDATA[VIEW]]></Event>
<EventKey><![CDATA[http://f.iseasoft.cn/app/index.php?i=5&c=entry&eid=1226]]></EventKey>
<MenuId>409281329</MenuId>
</xml>

2016-06-06 15:30:35 params :
------------
Array:
rule : -2 ;
module :  ;
message : Array ;

2016-06-06 15:30:35 response :
------------

2016-06-06 15:30:48 trace :
------------
String:
<xml><ToUserName><![CDATA[gh_9ef36f25dc50]]></ToUserName>
<FromUserName><![CDATA[oN38-we68BoGp1wevgKTEMnY69FY]]></FromUserName>
<CreateTime>1465198248</CreateTime>
<MsgType><![CDATA[event]]></MsgType>
<Event><![CDATA[VIEW]]></Event>
<EventKey><![CDATA[http://www.myyll.com/]]></EventKey>
<MenuId>409281329</MenuId>
</xml>

2016-06-06 15:30:48 params :
------------
Array:
rule : -2 ;
module :  ;
message : Array ;

2016-06-06 15:30:48 response :
------------

2016-06-06 15:30:58 trace :
------------
String:
<xml><ToUserName><![CDATA[gh_9ef36f25dc50]]></ToUserName>
<FromUserName><![CDATA[oN38-we68BoGp1wevgKTEMnY69FY]]></FromUserName>
<CreateTime>1465198259</CreateTime>
<MsgType><![CDATA[event]]></MsgType>
<Event><![CDATA[VIEW]]></Event>
<EventKey><![CDATA[http://wfx.iseasoft.cn/app/index.php?i=15&c=entry&eid=12&wxref=mp.weixin.qq.com#wechat_redirect]]></EventKey>
<MenuId>409281329</MenuId>
</xml>

2016-06-06 15:30:58 params :
------------
Array:
rule : -2 ;
module :  ;
message : Array ;

2016-06-06 15:30:58 response :
------------

2016-06-06 15:31:03 trace :
------------
String:
<xml><ToUserName><![CDATA[gh_9ef36f25dc50]]></ToUserName>
<FromUserName><![CDATA[oN38-we68BoGp1wevgKTEMnY69FY]]></FromUserName>
<CreateTime>1465198263</CreateTime>
<MsgType><![CDATA[event]]></MsgType>
<Event><![CDATA[VIEW]]></Event>
<EventKey><![CDATA[http://www.myyll.com/]]></EventKey>
<MenuId>409281329</MenuId>
</xml>

2016-06-06 15:31:03 params :
------------
Array:
rule : -2 ;
module :  ;
message : Array ;

2016-06-06 15:31:03 response :
------------

2016-06-06 15:31:09 trace :
------------
String:
<xml><ToUserName><![CDATA[gh_9ef36f25dc50]]></ToUserName>
<FromUserName><![CDATA[oN38-we68BoGp1wevgKTEMnY69FY]]></FromUserName>
<CreateTime>1465198269</CreateTime>
<MsgType><![CDATA[event]]></MsgType>
<Event><![CDATA[VIEW]]></Event>
<EventKey><![CDATA[http://wfx.iseasoft.cn/app/index.php?i=51&j=54&c=entry&do=shop&m=ewei_shop&wxref=mp.weixin.qq.com&wxref=mp.weixin.qq.com#wechat_redirect]]></EventKey>
<MenuId>409281329</MenuId>
</xml>

2016-06-06 15:31:09 params :
------------
Array:
rule : -2 ;
module :  ;
message : Array ;

2016-06-06 15:31:09 response :
------------

2016-06-06 15:31:17 trace :
------------
String:
<xml><ToUserName><![CDATA[gh_9ef36f25dc50]]></ToUserName>
<FromUserName><![CDATA[oN38-we68BoGp1wevgKTEMnY69FY]]></FromUserName>
<CreateTime>1465198277</CreateTime>
<MsgType><![CDATA[event]]></MsgType>
<Event><![CDATA[VIEW]]></Event>
<EventKey><![CDATA[http://f.iseasoft.cn/app/index.php?i=5&c=entry&eid=1226]]></EventKey>
<MenuId>409281329</MenuId>
</xml>

2016-06-06 15:31:17 params :
------------
Array:
rule : -2 ;
module :  ;
message : Array ;

2016-06-06 15:31:17 response :
------------

2016-06-06 15:31:34 trace :
------------
String:
<xml><ToUserName><![CDATA[gh_9ef36f25dc50]]></ToUserName>
<FromUserName><![CDATA[oN38-we68BoGp1wevgKTEMnY69FY]]></FromUserName>
<CreateTime>1465198295</CreateTime>
<MsgType><![CDATA[event]]></MsgType>
<Event><![CDATA[VIEW]]></Event>
<EventKey><![CDATA[http://wfx.iseasoft.cn/app/index.php?i=15&c=entry&eid=12&wxref=mp.weixin.qq.com#wechat_redirect]]></EventKey>
<MenuId>409281329</MenuId>
</xml>

2016-06-06 15:31:34 params :
------------
Array:
rule : -2 ;
module :  ;
message : Array ;

2016-06-06 15:31:34 response :
------------

2016-06-06 15:31:40 trace :
------------
String:
<xml><ToUserName><![CDATA[gh_9ef36f25dc50]]></ToUserName>
<FromUserName><![CDATA[oN38-we68BoGp1wevgKTEMnY69FY]]></FromUserName>
<CreateTime>1465198300</CreateTime>
<MsgType><![CDATA[event]]></MsgType>
<Event><![CDATA[VIEW]]></Event>
<EventKey><![CDATA[http://f.iseasoft.cn/app/index.php?i=5&c=entry&eid=1226]]></EventKey>
<MenuId>409281329</MenuId>
</xml>

2016-06-06 15:31:40 params :
------------
Array:
rule : -2 ;
module :  ;
message : Array ;

2016-06-06 15:31:40 response :
------------

2016-06-06 15:31:49 trace :
------------
String:
<xml><ToUserName><![CDATA[gh_9ef36f25dc50]]></ToUserName>
<FromUserName><![CDATA[oN38-we68BoGp1wevgKTEMnY69FY]]></FromUserName>
<CreateTime>1465198310</CreateTime>
<MsgType><![CDATA[event]]></MsgType>
<Event><![CDATA[VIEW]]></Event>
<EventKey><![CDATA[http://f.iseasoft.cn/app/index.php?i=5&c=entry&eid=1226]]></EventKey>
<MenuId>409281329</MenuId>
</xml>

2016-06-06 15:31:49 params :
------------
Array:
rule : -2 ;
module :  ;
message : Array ;

2016-06-06 15:31:49 response :
------------

2016-06-06 15:34:55 trace :
------------
String:
<xml><ToUserName><![CDATA[gh_9ef36f25dc50]]></ToUserName>
<FromUserName><![CDATA[oN38-we68BoGp1wevgKTEMnY69FY]]></FromUserName>
<CreateTime>1465198495</CreateTime>
<MsgType><![CDATA[event]]></MsgType>
<Event><![CDATA[VIEW]]></Event>
<EventKey><![CDATA[http://f.iseasoft.cn/app/index.php?i=5&c=entry&eid=1226]]></EventKey>
<MenuId>409281329</MenuId>
</xml>

2016-06-06 15:34:55 params :
------------
Array:
rule : -2 ;
module :  ;
message : Array ;

2016-06-06 15:34:55 response :
------------

2016-06-06 15:35:21 trace :
------------
String:
<xml><ToUserName><![CDATA[gh_9ef36f25dc50]]></ToUserName>
<FromUserName><![CDATA[oN38-we68BoGp1wevgKTEMnY69FY]]></FromUserName>
<CreateTime>1465198521</CreateTime>
<MsgType><![CDATA[event]]></MsgType>
<Event><![CDATA[VIEW]]></Event>
<EventKey><![CDATA[http://f.iseasoft.cn/app/index.php?i=5&c=entry&eid=1226]]></EventKey>
<MenuId>409281329</MenuId>
</xml>

2016-06-06 15:35:21 params :
------------
Array:
rule : -2 ;
module :  ;
message : Array ;

2016-06-06 15:35:21 response :
------------

2016-06-06 15:35:34 trace :
------------
String:
<xml><ToUserName><![CDATA[gh_9ef36f25dc50]]></ToUserName>
<FromUserName><![CDATA[oN38-we68BoGp1wevgKTEMnY69FY]]></FromUserName>
<CreateTime>1465198534</CreateTime>
<MsgType><![CDATA[event]]></MsgType>
<Event><![CDATA[VIEW]]></Event>
<EventKey><![CDATA[http://f.iseasoft.cn/app/index.php?i=5&c=entry&eid=1226]]></EventKey>
<MenuId>409281329</MenuId>
</xml>

2016-06-06 15:35:34 params :
------------
Array:
rule : -2 ;
module :  ;
message : Array ;

2016-06-06 15:35:34 response :
------------

2016-06-06 15:35:41 trace :
------------
String:
<xml><ToUserName><![CDATA[gh_9ef36f25dc50]]></ToUserName>
<FromUserName><![CDATA[oN38-we68BoGp1wevgKTEMnY69FY]]></FromUserName>
<CreateTime>1465198542</CreateTime>
<MsgType><![CDATA[event]]></MsgType>
<Event><![CDATA[VIEW]]></Event>
<EventKey><![CDATA[http://f.iseasoft.cn/app/index.php?i=5&c=entry&eid=1226]]></EventKey>
<MenuId>409281329</MenuId>
</xml>

2016-06-06 15:35:41 params :
------------
Array:
rule : -2 ;
module :  ;
message : Array ;

2016-06-06 15:35:41 response :
------------

2016-06-06 15:36:17 trace :
------------
String:
<xml><ToUserName><![CDATA[gh_ce84963696ea]]></ToUserName>
<FromUserName><![CDATA[ogOo_wFobnsaK2n6IN5vXhRoYxik]]></FromUserName>
<CreateTime>1465198577</CreateTime>
<MsgType><![CDATA[event]]></MsgType>
<Event><![CDATA[VIEW]]></Event>
<EventKey><![CDATA[http://f.iseasoft.cn/app/index.php?i=9&c=entry&eid=1226]]></EventKey>
<MenuId>409870668</MenuId>
</xml>

2016-06-06 15:36:17 params :
------------
Array:
message : Array ;
module : basic ;
rule : 81 ;
priority : 0 ;
keyword : Array ;

2016-06-06 15:36:17 response :
------------
Array:
FromUserName : gh_ce84963696ea ;
ToUserName : ogOo_wFobnsaK2n6IN5vXhRoYxik ;
MsgType : text ;
Content : 欢迎关注昵多丽环保家居官方微信，系统正在完善中，更多精彩，敬请期待…… ;

2016-06-06 15:37:05 trace :
------------
String:
<xml><ToUserName><![CDATA[gh_9ef36f25dc50]]></ToUserName>
<FromUserName><![CDATA[oN38-we68BoGp1wevgKTEMnY69FY]]></FromUserName>
<CreateTime>1465198625</CreateTime>
<MsgType><![CDATA[event]]></MsgType>
<Event><![CDATA[VIEW]]></Event>
<EventKey><![CDATA[http://f.iseasoft.cn/app/index.php?i=5&c=entry&eid=1226]]></EventKey>
<MenuId>409281329</MenuId>
</xml>

2016-06-06 15:37:05 params :
------------
Array:
rule : -2 ;
module :  ;
message : Array ;

2016-06-06 15:37:05 response :
------------

2016-06-06 15:37:15 trace :
------------
String:
<xml><ToUserName><![CDATA[gh_9ef36f25dc50]]></ToUserName>
<FromUserName><![CDATA[oN38-we68BoGp1wevgKTEMnY69FY]]></FromUserName>
<CreateTime>1465198635</CreateTime>
<MsgType><![CDATA[event]]></MsgType>
<Event><![CDATA[VIEW]]></Event>
<EventKey><![CDATA[http://wfx.iseasoft.cn/app/index.php?i=15&c=entry&eid=12&wxref=mp.weixin.qq.com#wechat_redirect]]></EventKey>
<MenuId>409281329</MenuId>
</xml>

2016-06-06 15:37:15 params :
------------
Array:
rule : -2 ;
module :  ;
message : Array ;

2016-06-06 15:37:15 response :
------------

2016-06-06 15:37:19 trace :
------------
String:
<xml><ToUserName><![CDATA[gh_9ef36f25dc50]]></ToUserName>
<FromUserName><![CDATA[oN38-we68BoGp1wevgKTEMnY69FY]]></FromUserName>
<CreateTime>1465198639</CreateTime>
<MsgType><![CDATA[event]]></MsgType>
<Event><![CDATA[VIEW]]></Event>
<EventKey><![CDATA[http://www.myyll.com/]]></EventKey>
<MenuId>409281329</MenuId>
</xml>

2016-06-06 15:37:19 params :
------------
Array:
rule : -2 ;
module :  ;
message : Array ;

2016-06-06 15:37:19 response :
------------

2016-06-06 15:37:24 trace :
------------
String:
<xml><ToUserName><![CDATA[gh_9ef36f25dc50]]></ToUserName>
<FromUserName><![CDATA[oN38-we68BoGp1wevgKTEMnY69FY]]></FromUserName>
<CreateTime>1465198644</CreateTime>
<MsgType><![CDATA[event]]></MsgType>
<Event><![CDATA[VIEW]]></Event>
<EventKey><![CDATA[http://f.iseasoft.cn/app/index.php?i=5&c=entry&eid=1226]]></EventKey>
<MenuId>409281329</MenuId>
</xml>

2016-06-06 15:37:24 params :
------------
Array:
rule : -2 ;
module :  ;
message : Array ;

2016-06-06 15:37:24 response :
------------

2016-06-06 15:37:29 trace :
------------
String:
<xml><ToUserName><![CDATA[gh_9ef36f25dc50]]></ToUserName>
<FromUserName><![CDATA[oN38-we68BoGp1wevgKTEMnY69FY]]></FromUserName>
<CreateTime>1465198649</CreateTime>
<MsgType><![CDATA[event]]></MsgType>
<Event><![CDATA[VIEW]]></Event>
<EventKey><![CDATA[http://www.myyll.com/]]></EventKey>
<MenuId>409281329</MenuId>
</xml>

2016-06-06 15:37:29 params :
------------
Array:
rule : -2 ;
module :  ;
message : Array ;

2016-06-06 15:37:29 response :
------------

2016-06-06 15:37:34 trace :
------------
String:
<xml><ToUserName><![CDATA[gh_9ef36f25dc50]]></ToUserName>
<FromUserName><![CDATA[oN38-we68BoGp1wevgKTEMnY69FY]]></FromUserName>
<CreateTime>1465198654</CreateTime>
<MsgType><![CDATA[event]]></MsgType>
<Event><![CDATA[VIEW]]></Event>
<EventKey><![CDATA[http://www.myyll.com/]]></EventKey>
<MenuId>409281329</MenuId>
</xml>

2016-06-06 15:37:34 params :
------------
Array:
rule : -2 ;
module :  ;
message : Array ;

2016-06-06 15:37:34 response :
------------

2016-06-06 15:37:43 trace :
------------
String:
<xml><ToUserName><![CDATA[gh_9ef36f25dc50]]></ToUserName>
<FromUserName><![CDATA[oN38-we68BoGp1wevgKTEMnY69FY]]></FromUserName>
<CreateTime>1465198663</CreateTime>
<MsgType><![CDATA[event]]></MsgType>
<Event><![CDATA[VIEW]]></Event>
<EventKey><![CDATA[http://www.myyll.com/]]></EventKey>
<MenuId>409281329</MenuId>
</xml>

2016-06-06 15:37:43 params :
------------
Array:
rule : -2 ;
module :  ;
message : Array ;

2016-06-06 15:37:43 response :
------------

2016-06-06 15:37:48 trace :
------------
String:
<xml><ToUserName><![CDATA[gh_9ef36f25dc50]]></ToUserName>
<FromUserName><![CDATA[oN38-we68BoGp1wevgKTEMnY69FY]]></FromUserName>
<CreateTime>1465198669</CreateTime>
<MsgType><![CDATA[event]]></MsgType>
<Event><![CDATA[VIEW]]></Event>
<EventKey><![CDATA[http://wfx.iseasoft.cn/app/index.php?i=51&j=54&c=entry&do=shop&m=ewei_shop&wxref=mp.weixin.qq.com&wxref=mp.weixin.qq.com#wechat_redirect]]></EventKey>
<MenuId>409281329</MenuId>
</xml>

2016-06-06 15:37:48 params :
------------
Array:
rule : -2 ;
module :  ;
message : Array ;

2016-06-06 15:37:48 response :
------------

2016-06-06 15:37:57 trace :
------------
String:
<xml><ToUserName><![CDATA[gh_9ef36f25dc50]]></ToUserName>
<FromUserName><![CDATA[oN38-we68BoGp1wevgKTEMnY69FY]]></FromUserName>
<CreateTime>1465198677</CreateTime>
<MsgType><![CDATA[event]]></MsgType>
<Event><![CDATA[VIEW]]></Event>
<EventKey><![CDATA[http://www.iseasoft.cn/wap/about/?34.html]]></EventKey>
<MenuId>409281329</MenuId>
</xml>

2016-06-06 15:37:57 params :
------------
Array:
rule : -2 ;
module :  ;
message : Array ;

2016-06-06 15:37:57 response :
------------

2016-06-06 15:38:05 trace :
------------
String:
<xml><ToUserName><![CDATA[gh_9ef36f25dc50]]></ToUserName>
<FromUserName><![CDATA[oN38-we68BoGp1wevgKTEMnY69FY]]></FromUserName>
<CreateTime>1465198686</CreateTime>
<MsgType><![CDATA[event]]></MsgType>
<Event><![CDATA[VIEW]]></Event>
<EventKey><![CDATA[http://wfx.iseasoft.cn/app/index.php?i=15&c=entry&eid=12&wxref=mp.weixin.qq.com#wechat_redirect]]></EventKey>
<MenuId>409281329</MenuId>
</xml>

2016-06-06 15:38:05 params :
------------
Array:
rule : -2 ;
module :  ;
message : Array ;

2016-06-06 15:38:05 response :
------------

2016-06-06 15:38:12 trace :
------------
String:
<xml><ToUserName><![CDATA[gh_9ef36f25dc50]]></ToUserName>
<FromUserName><![CDATA[oN38-we68BoGp1wevgKTEMnY69FY]]></FromUserName>
<CreateTime>1465198693</CreateTime>
<MsgType><![CDATA[event]]></MsgType>
<Event><![CDATA[VIEW]]></Event>
<EventKey><![CDATA[http://f.iseasoft.cn/app/index.php?i=5&c=entry&eid=1226]]></EventKey>
<MenuId>409281329</MenuId>
</xml>

2016-06-06 15:38:12 params :
------------
Array:
rule : -2 ;
module :  ;
message : Array ;

2016-06-06 15:38:12 response :
------------

2016-06-06 15:38:27 trace :
------------
String:
<xml><ToUserName><![CDATA[gh_9ef36f25dc50]]></ToUserName>
<FromUserName><![CDATA[oN38-we68BoGp1wevgKTEMnY69FY]]></FromUserName>
<CreateTime>1465198707</CreateTime>
<MsgType><![CDATA[event]]></MsgType>
<Event><![CDATA[VIEW]]></Event>
<EventKey><![CDATA[http://wfx.iseasoft.cn/app/index.php?i=15&c=entry&eid=12&wxref=mp.weixin.qq.com#wechat_redirect]]></EventKey>
<MenuId>409281329</MenuId>
</xml>

2016-06-06 15:38:27 params :
------------
Array:
rule : -2 ;
module :  ;
message : Array ;

2016-06-06 15:38:27 response :
------------

2016-06-06 15:38:33 trace :
------------
String:
<xml><ToUserName><![CDATA[gh_9ef36f25dc50]]></ToUserName>
<FromUserName><![CDATA[oN38-we68BoGp1wevgKTEMnY69FY]]></FromUserName>
<CreateTime>1465198713</CreateTime>
<MsgType><![CDATA[event]]></MsgType>
<Event><![CDATA[VIEW]]></Event>
<EventKey><![CDATA[http://wfx.iseasoft.cn/app/index.php?i=51&j=54&c=entry&do=shop&m=ewei_shop&wxref=mp.weixin.qq.com&wxref=mp.weixin.qq.com#wechat_redirect]]></EventKey>
<MenuId>409281329</MenuId>
</xml>

2016-06-06 15:38:33 params :
------------
Array:
rule : -2 ;
module :  ;
message : Array ;

2016-06-06 15:38:33 response :
------------

2016-06-06 15:39:06 trace :
------------
String:
<xml><ToUserName><![CDATA[gh_ce84963696ea]]></ToUserName>
<FromUserName><![CDATA[ogOo_wFobnsaK2n6IN5vXhRoYxik]]></FromUserName>
<CreateTime>1465198746</CreateTime>
<MsgType><![CDATA[event]]></MsgType>
<Event><![CDATA[VIEW]]></Event>
<EventKey><![CDATA[http://f.iseasoft.cn/app/index.php?i=9&c=entry&eid=1226]]></EventKey>
<MenuId>409870668</MenuId>
</xml>

2016-06-06 15:39:06 params :
------------
Array:
message : Array ;
module : basic ;
rule : 81 ;
priority : 0 ;
keyword : Array ;

2016-06-06 15:39:06 response :
------------
Array:
FromUserName : gh_ce84963696ea ;
ToUserName : ogOo_wFobnsaK2n6IN5vXhRoYxik ;
MsgType : text ;
Content : 欢迎关注昵多丽环保家居官方微信，系统正在完善中，更多精彩，敬请期待…… ;

2016-06-06 15:40:34 trace :
------------
String:
<xml><ToUserName><![CDATA[gh_ce84963696ea]]></ToUserName>
<FromUserName><![CDATA[ogOo_wFobnsaK2n6IN5vXhRoYxik]]></FromUserName>
<CreateTime>1465198834</CreateTime>
<MsgType><![CDATA[event]]></MsgType>
<Event><![CDATA[VIEW]]></Event>
<EventKey><![CDATA[http://f.iseasoft.cn/app/index.php?i=9&c=entry&eid=1226]]></EventKey>
<MenuId>409870668</MenuId>
</xml>

2016-06-06 15:40:34 params :
------------
Array:
message : Array ;
module : basic ;
rule : 81 ;
priority : 0 ;
keyword : Array ;

2016-06-06 15:40:34 response :
------------
Array:
FromUserName : gh_ce84963696ea ;
ToUserName : ogOo_wFobnsaK2n6IN5vXhRoYxik ;
MsgType : text ;
Content : 欢迎关注昵多丽环保家居官方微信，系统正在完善中，更多精彩，敬请期待…… ;

2016-06-06 15:40:50 trace :
------------
String:
<xml><ToUserName><![CDATA[gh_ce84963696ea]]></ToUserName>
<FromUserName><![CDATA[ogOo_wFobnsaK2n6IN5vXhRoYxik]]></FromUserName>
<CreateTime>1465198850</CreateTime>
<MsgType><![CDATA[event]]></MsgType>
<Event><![CDATA[VIEW]]></Event>
<EventKey><![CDATA[http://f.iseasoft.cn/app/index.php?i=9&c=entry&eid=1226]]></EventKey>
<MenuId>409870668</MenuId>
</xml>

2016-06-06 15:40:50 params :
------------
Array:
message : Array ;
module : basic ;
rule : 81 ;
priority : 0 ;
keyword : Array ;

2016-06-06 15:40:50 response :
------------
Array:
FromUserName : gh_ce84963696ea ;
ToUserName : ogOo_wFobnsaK2n6IN5vXhRoYxik ;
MsgType : text ;
Content : 欢迎关注昵多丽环保家居官方微信，系统正在完善中，更多精彩，敬请期待…… ;

2016-06-06 16:03:36 trace :
------------
String:
<xml><ToUserName><![CDATA[gh_9ef36f25dc50]]></ToUserName>
<FromUserName><![CDATA[oN38-we68BoGp1wevgKTEMnY69FY]]></FromUserName>
<CreateTime>1465200216</CreateTime>
<MsgType><![CDATA[event]]></MsgType>
<Event><![CDATA[VIEW]]></Event>
<EventKey><![CDATA[http://f.iseasoft.cn/app/index.php?i=5&c=entry&eid=1226]]></EventKey>
<MenuId>409281329</MenuId>
</xml>

2016-06-06 16:03:36 params :
------------
Array:
rule : -2 ;
module :  ;
message : Array ;

2016-06-06 16:03:36 response :
------------

2016-06-06 16:11:35 trace :
------------
String:
<xml><ToUserName><![CDATA[gh_ce84963696ea]]></ToUserName>
<FromUserName><![CDATA[ogOo_wFobnsaK2n6IN5vXhRoYxik]]></FromUserName>
<CreateTime>1465200695</CreateTime>
<MsgType><![CDATA[event]]></MsgType>
<Event><![CDATA[VIEW]]></Event>
<EventKey><![CDATA[http://f.iseasoft.cn/app/index.php?i=9&c=entry&eid=1226]]></EventKey>
<MenuId>409870668</MenuId>
</xml>

2016-06-06 16:11:35 params :
------------
Array:
message : Array ;
module : basic ;
rule : 81 ;
priority : 0 ;
keyword : Array ;

2016-06-06 16:11:35 response :
------------
Array:
FromUserName : gh_ce84963696ea ;
ToUserName : ogOo_wFobnsaK2n6IN5vXhRoYxik ;
MsgType : text ;
Content : 欢迎关注昵多丽环保家居官方微信，系统正在完善中，更多精彩，敬请期待…… ;

2016-06-06 16:20:32 trace :
------------
String:
<xml><ToUserName><![CDATA[gh_173b187cfb81]]></ToUserName>
<FromUserName><![CDATA[ocu1wwc-RJ9obUesgOJZBBS1byoI]]></FromUserName>
<CreateTime>1465201232</CreateTime>
<MsgType><![CDATA[event]]></MsgType>
<Event><![CDATA[VIEW]]></Event>
<EventKey><![CDATA[http://f.iseasoft.cn/app/index.php?i=10&c=entry&eid=1226]]></EventKey>
<MenuId>428787363</MenuId>
</xml>

2016-06-06 16:20:32 params :
------------
Array:
message : Array ;
module : basic ;
rule : 90 ;
priority : 0 ;
keyword : Array ;

2016-06-06 16:20:32 response :
------------
Array:
FromUserName : gh_173b187cfb81 ;
ToUserName : ocu1wwc-RJ9obUesgOJZBBS1byoI ;
MsgType : text ;
Content : 您好，欢迎来到玉田网上超市！ ;

2016-06-06 16:20:35 trace :
------------
String:
<xml><ToUserName><![CDATA[gh_173b187cfb81]]></ToUserName>
<FromUserName><![CDATA[ocu1wwc-RJ9obUesgOJZBBS1byoI]]></FromUserName>
<CreateTime>1465201235</CreateTime>
<MsgType><![CDATA[event]]></MsgType>
<Event><![CDATA[VIEW]]></Event>
<EventKey><![CDATA[http://f.iseasoft.cn/app/index.php?i=10&c=entry&eid=1226]]></EventKey>
<MenuId>428787363</MenuId>
</xml>

2016-06-06 16:20:35 params :
------------
Array:
message : Array ;
module : basic ;
rule : 90 ;
priority : 0 ;
keyword : Array ;

2016-06-06 16:20:35 response :
------------
Array:
FromUserName : gh_173b187cfb81 ;
ToUserName : ocu1wwc-RJ9obUesgOJZBBS1byoI ;
MsgType : text ;
Content : 您好，欢迎来到玉田网上超市！ ;

2016-06-06 16:21:16 trace :
------------
String:
<xml><ToUserName><![CDATA[gh_173b187cfb81]]></ToUserName>
<FromUserName><![CDATA[ocu1wwc-RJ9obUesgOJZBBS1byoI]]></FromUserName>
<CreateTime>1465201277</CreateTime>
<MsgType><![CDATA[event]]></MsgType>
<Event><![CDATA[VIEW]]></Event>
<EventKey><![CDATA[http://f.iseasoft.cn/app/index.php?i=10&c=entry&eid=1226]]></EventKey>
<MenuId>428787363</MenuId>
</xml>

2016-06-06 16:21:16 params :
------------
Array:
message : Array ;
module : basic ;
rule : 90 ;
priority : 0 ;
keyword : Array ;

2016-06-06 16:21:16 response :
------------
Array:
FromUserName : gh_173b187cfb81 ;
ToUserName : ocu1wwc-RJ9obUesgOJZBBS1byoI ;
MsgType : text ;
Content : 您好，欢迎来到玉田网上超市！ ;

2016-06-06 16:21:22 trace :
------------
String:
<xml><ToUserName><![CDATA[gh_173b187cfb81]]></ToUserName>
<FromUserName><![CDATA[ocu1wwc-RJ9obUesgOJZBBS1byoI]]></FromUserName>
<CreateTime>1465201282</CreateTime>
<MsgType><![CDATA[event]]></MsgType>
<Event><![CDATA[unsubscribe]]></Event>
<EventKey><![CDATA[]]></EventKey>
</xml>

2016-06-06 16:21:54 trace :
------------
String:
<xml><ToUserName><![CDATA[gh_173b187cfb81]]></ToUserName>
<FromUserName><![CDATA[ocu1wwc-RJ9obUesgOJZBBS1byoI]]></FromUserName>
<CreateTime>1465201315</CreateTime>
<MsgType><![CDATA[event]]></MsgType>
<Event><![CDATA[subscribe]]></Event>
<EventKey><![CDATA[]]></EventKey>
</xml>

2016-06-06 16:21:54 params :
------------
Array:
message : Array ;
module : basic ;
rule : 90 ;
priority : 0 ;
keyword : Array ;

2016-06-06 16:21:54 response :
------------
Array:
FromUserName : gh_173b187cfb81 ;
ToUserName : ocu1wwc-RJ9obUesgOJZBBS1byoI ;
MsgType : text ;
Content : 您好，欢迎来到玉田网上超市！ ;

2016-06-06 16:21:57 trace :
------------
String:
<xml><ToUserName><![CDATA[gh_173b187cfb81]]></ToUserName>
<FromUserName><![CDATA[ocu1wwc-RJ9obUesgOJZBBS1byoI]]></FromUserName>
<CreateTime>1465201317</CreateTime>
<MsgType><![CDATA[event]]></MsgType>
<Event><![CDATA[VIEW]]></Event>
<EventKey><![CDATA[http://f.iseasoft.cn/app/index.php?i=10&c=entry&eid=1226]]></EventKey>
<MenuId>428787363</MenuId>
</xml>

2016-06-06 16:21:57 params :
------------
Array:
message : Array ;
module : basic ;
rule : 90 ;
priority : 0 ;
keyword : Array ;

2016-06-06 16:21:57 response :
------------
Array:
FromUserName : gh_173b187cfb81 ;
ToUserName : ocu1wwc-RJ9obUesgOJZBBS1byoI ;
MsgType : text ;
Content : 您好，欢迎来到玉田网上超市！ ;

2016-06-06 16:22:14 trace :
------------
String:
<xml><ToUserName><![CDATA[gh_173b187cfb81]]></ToUserName>
<FromUserName><![CDATA[ocu1wwc-RJ9obUesgOJZBBS1byoI]]></FromUserName>
<CreateTime>1465201334</CreateTime>
<MsgType><![CDATA[event]]></MsgType>
<Event><![CDATA[VIEW]]></Event>
<EventKey><![CDATA[http://f.iseasoft.cn/app/index.php?i=10&c=entry&eid=1226]]></EventKey>
<MenuId>428787363</MenuId>
</xml>

2016-06-06 16:22:14 params :
------------
Array:
message : Array ;
module : basic ;
rule : 90 ;
priority : 0 ;
keyword : Array ;

2016-06-06 16:22:14 response :
------------
Array:
FromUserName : gh_173b187cfb81 ;
ToUserName : ocu1wwc-RJ9obUesgOJZBBS1byoI ;
MsgType : text ;
Content : 您好，欢迎来到玉田网上超市！ ;

2016-06-06 16:23:27 trace :
------------
String:
<xml><ToUserName><![CDATA[gh_173b187cfb81]]></ToUserName>
<FromUserName><![CDATA[ocu1wwc-RJ9obUesgOJZBBS1byoI]]></FromUserName>
<CreateTime>1465201407</CreateTime>
<MsgType><![CDATA[event]]></MsgType>
<Event><![CDATA[VIEW]]></Event>
<EventKey><![CDATA[http://f.iseasoft.cn/app/index.php?i=10&c=entry&eid=1227]]></EventKey>
<MenuId>428787363</MenuId>
</xml>

2016-06-06 16:23:27 params :
------------
Array:
message : Array ;
module : basic ;
rule : 90 ;
priority : 0 ;
keyword : Array ;

2016-06-06 16:23:27 response :
------------
Array:
FromUserName : gh_173b187cfb81 ;
ToUserName : ocu1wwc-RJ9obUesgOJZBBS1byoI ;
MsgType : text ;
Content : 您好，欢迎来到玉田网上超市！ ;

2016-06-06 16:23:30 trace :
------------
String:
<xml><ToUserName><![CDATA[gh_173b187cfb81]]></ToUserName>
<FromUserName><![CDATA[ocu1wwc-RJ9obUesgOJZBBS1byoI]]></FromUserName>
<CreateTime>1465201410</CreateTime>
<MsgType><![CDATA[event]]></MsgType>
<Event><![CDATA[VIEW]]></Event>
<EventKey><![CDATA[http://f.iseasoft.cn/app/index.php?i=10&c=entry&eid=1226]]></EventKey>
<MenuId>428787363</MenuId>
</xml>

2016-06-06 16:23:30 params :
------------
Array:
message : Array ;
module : basic ;
rule : 90 ;
priority : 0 ;
keyword : Array ;

2016-06-06 16:23:30 response :
------------
Array:
FromUserName : gh_173b187cfb81 ;
ToUserName : ocu1wwc-RJ9obUesgOJZBBS1byoI ;
MsgType : text ;
Content : 您好，欢迎来到玉田网上超市！ ;

2016-06-06 16:23:37 trace :
------------
String:
<xml><ToUserName><![CDATA[gh_173b187cfb81]]></ToUserName>
<FromUserName><![CDATA[ocu1wwc-RJ9obUesgOJZBBS1byoI]]></FromUserName>
<CreateTime>1465201417</CreateTime>
<MsgType><![CDATA[event]]></MsgType>
<Event><![CDATA[VIEW]]></Event>
<EventKey><![CDATA[http://www.baidu.com]]></EventKey>
<MenuId>428787363</MenuId>
</xml>

2016-06-06 16:23:37 params :
------------
Array:
message : Array ;
module : basic ;
rule : 90 ;
priority : 0 ;
keyword : Array ;

2016-06-06 16:23:37 response :
------------
Array:
FromUserName : gh_173b187cfb81 ;
ToUserName : ocu1wwc-RJ9obUesgOJZBBS1byoI ;
MsgType : text ;
Content : 您好，欢迎来到玉田网上超市！ ;

2016-06-06 16:23:48 trace :
------------
String:
<xml><ToUserName><![CDATA[gh_9ef36f25dc50]]></ToUserName>
<FromUserName><![CDATA[oN38-we3xHZTbMGyHb_fuTL5iyl0]]></FromUserName>
<CreateTime>1465201428</CreateTime>
<MsgType><![CDATA[event]]></MsgType>
<Event><![CDATA[VIEW]]></Event>
<EventKey><![CDATA[http://f.iseasoft.cn/app/index.php?i=5&c=entry&do=shop&m=sea]]></EventKey>
<MenuId>409281329</MenuId>
</xml>

2016-06-06 16:23:48 params :
------------
Array:
rule : -2 ;
module :  ;
message : Array ;

2016-06-06 16:23:48 response :
------------

2016-06-06 16:26:04 trace :
------------
String:
<xml><ToUserName><![CDATA[gh_173b187cfb81]]></ToUserName>
<FromUserName><![CDATA[ocu1wwc-RJ9obUesgOJZBBS1byoI]]></FromUserName>
<CreateTime>1465201564</CreateTime>
<MsgType><![CDATA[event]]></MsgType>
<Event><![CDATA[VIEW]]></Event>
<EventKey><![CDATA[http://f.iseasoft.cn/app/index.php?i=10&c=entry&eid=1226]]></EventKey>
<MenuId>428787363</MenuId>
</xml>

2016-06-06 16:26:04 params :
------------
Array:
message : Array ;
module : basic ;
rule : 90 ;
priority : 0 ;
keyword : Array ;

2016-06-06 16:26:04 response :
------------
Array:
FromUserName : gh_173b187cfb81 ;
ToUserName : ocu1wwc-RJ9obUesgOJZBBS1byoI ;
MsgType : text ;
Content : 您好，欢迎来到玉田网上超市！ ;

2016-06-06 16:28:01 trace :
------------
String:
<xml><ToUserName><![CDATA[gh_9ef36f25dc50]]></ToUserName>
<FromUserName><![CDATA[oN38-we3xHZTbMGyHb_fuTL5iyl0]]></FromUserName>
<CreateTime>1465201681</CreateTime>
<MsgType><![CDATA[event]]></MsgType>
<Event><![CDATA[VIEW]]></Event>
<EventKey><![CDATA[http://f.iseasoft.cn/app/./index.php?i=5&c=entry&id=1&do=research&m=we7_research]]></EventKey>
<MenuId>409281329</MenuId>
</xml>

2016-06-06 16:28:01 params :
------------
Array:
rule : -2 ;
module :  ;
message : Array ;

2016-06-06 16:28:01 response :
------------

2016-06-06 16:31:45 trace :
------------
String:
<xml><ToUserName><![CDATA[gh_9ef36f25dc50]]></ToUserName>
<FromUserName><![CDATA[oN38-we68BoGp1wevgKTEMnY69FY]]></FromUserName>
<CreateTime>1465201905</CreateTime>
<MsgType><![CDATA[event]]></MsgType>
<Event><![CDATA[VIEW]]></Event>
<EventKey><![CDATA[http://f.iseasoft.cn/app/index.php?i=5&c=entry&eid=1226]]></EventKey>
<MenuId>409281329</MenuId>
</xml>

2016-06-06 16:31:45 params :
------------
Array:
rule : -2 ;
module :  ;
message : Array ;

2016-06-06 16:31:45 response :
------------

2016-06-06 16:31:50 trace :
------------
String:
<xml><ToUserName><![CDATA[gh_9ef36f25dc50]]></ToUserName>
<FromUserName><![CDATA[oN38-we68BoGp1wevgKTEMnY69FY]]></FromUserName>
<CreateTime>1465201910</CreateTime>
<MsgType><![CDATA[event]]></MsgType>
<Event><![CDATA[VIEW]]></Event>
<EventKey><![CDATA[http://f.iseasoft.cn/app/index.php?i=5&c=entry&eid=1226]]></EventKey>
<MenuId>409281329</MenuId>
</xml>

2016-06-06 16:31:50 params :
------------
Array:
rule : -2 ;
module :  ;
message : Array ;

2016-06-06 16:31:50 response :
------------

2016-06-06 16:38:25 trace :
------------
String:
<xml><ToUserName><![CDATA[gh_9ef36f25dc50]]></ToUserName>
<FromUserName><![CDATA[oN38-we68BoGp1wevgKTEMnY69FY]]></FromUserName>
<CreateTime>1465202305</CreateTime>
<MsgType><![CDATA[event]]></MsgType>
<Event><![CDATA[VIEW]]></Event>
<EventKey><![CDATA[http://f.iseasoft.cn/app/index.php?i=5&c=entry&eid=1226]]></EventKey>
<MenuId>409281329</MenuId>
</xml>

2016-06-06 16:38:25 params :
------------
Array:
rule : -2 ;
module :  ;
message : Array ;

2016-06-06 16:38:25 response :
------------

2016-06-06 16:44:12 trace :
------------
String:
<xml><ToUserName><![CDATA[gh_9ef36f25dc50]]></ToUserName>
<FromUserName><![CDATA[oN38-we68BoGp1wevgKTEMnY69FY]]></FromUserName>
<CreateTime>1465202652</CreateTime>
<MsgType><![CDATA[event]]></MsgType>
<Event><![CDATA[VIEW]]></Event>
<EventKey><![CDATA[http://f.iseasoft.cn/app/index.php?i=5&c=entry&eid=1226]]></EventKey>
<MenuId>409281329</MenuId>
</xml>

2016-06-06 16:44:12 params :
------------
Array:
rule : -2 ;
module :  ;
message : Array ;

2016-06-06 16:44:12 response :
------------

2016-06-06 16:45:05 trace :
------------
String:
<xml><ToUserName><![CDATA[gh_9ef36f25dc50]]></ToUserName>
<FromUserName><![CDATA[oN38-we68BoGp1wevgKTEMnY69FY]]></FromUserName>
<CreateTime>1465202705</CreateTime>
<MsgType><![CDATA[event]]></MsgType>
<Event><![CDATA[VIEW]]></Event>
<EventKey><![CDATA[http://f.iseasoft.cn/app/index.php?i=5&c=entry&eid=1226]]></EventKey>
<MenuId>409281329</MenuId>
</xml>

2016-06-06 16:45:05 params :
------------
Array:
rule : -2 ;
module :  ;
message : Array ;

2016-06-06 16:45:05 response :
------------

2016-06-06 16:45:44 trace :
------------
String:
<xml><ToUserName><![CDATA[gh_9ef36f25dc50]]></ToUserName>
<FromUserName><![CDATA[oN38-we68BoGp1wevgKTEMnY69FY]]></FromUserName>
<CreateTime>1465202742</CreateTime>
<MsgType><![CDATA[event]]></MsgType>
<Event><![CDATA[VIEW]]></Event>
<EventKey><![CDATA[http://f.iseasoft.cn/app/index.php?i=5&c=entry&eid=1226]]></EventKey>
<MenuId>409281329</MenuId>
</xml>

2016-06-06 16:45:44 params :
------------
Array:
rule : -2 ;
module :  ;
message : Array ;

2016-06-06 16:45:44 response :
------------

2016-06-06 16:45:56 trace :
------------
String:
<xml><ToUserName><![CDATA[gh_9ef36f25dc50]]></ToUserName>
<FromUserName><![CDATA[oN38-we68BoGp1wevgKTEMnY69FY]]></FromUserName>
<CreateTime>1465202755</CreateTime>
<MsgType><![CDATA[event]]></MsgType>
<Event><![CDATA[VIEW]]></Event>
<EventKey><![CDATA[http://f.iseasoft.cn/app/index.php?i=5&c=entry&eid=1226]]></EventKey>
<MenuId>409281329</MenuId>
</xml>

2016-06-06 16:45:56 params :
------------
Array:
rule : -2 ;
module :  ;
message : Array ;

2016-06-06 16:45:56 response :
------------

2016-06-06 16:46:53 trace :
------------
String:
<xml><ToUserName><![CDATA[gh_9ef36f25dc50]]></ToUserName>
<FromUserName><![CDATA[oN38-we68BoGp1wevgKTEMnY69FY]]></FromUserName>
<CreateTime>1465202813</CreateTime>
<MsgType><![CDATA[event]]></MsgType>
<Event><![CDATA[VIEW]]></Event>
<EventKey><![CDATA[http://f.iseasoft.cn/app/index.php?i=5&c=entry&eid=1226]]></EventKey>
<MenuId>409281329</MenuId>
</xml>

2016-06-06 16:46:53 params :
------------
Array:
rule : -2 ;
module :  ;
message : Array ;

2016-06-06 16:46:53 response :
------------

2016-06-06 16:47:05 trace :
------------
String:
<xml><ToUserName><![CDATA[gh_9ef36f25dc50]]></ToUserName>
<FromUserName><![CDATA[oN38-we68BoGp1wevgKTEMnY69FY]]></FromUserName>
<CreateTime>1465202825</CreateTime>
<MsgType><![CDATA[event]]></MsgType>
<Event><![CDATA[VIEW]]></Event>
<EventKey><![CDATA[http://f.iseasoft.cn/app/index.php?i=5&c=entry&eid=1226]]></EventKey>
<MenuId>409281329</MenuId>
</xml>

2016-06-06 16:47:05 params :
------------
Array:
rule : -2 ;
module :  ;
message : Array ;

2016-06-06 16:47:05 response :
------------

2016-06-06 16:47:18 trace :
------------
String:
<xml><ToUserName><![CDATA[gh_9ef36f25dc50]]></ToUserName>
<FromUserName><![CDATA[oN38-we68BoGp1wevgKTEMnY69FY]]></FromUserName>
<CreateTime>1465202838</CreateTime>
<MsgType><![CDATA[event]]></MsgType>
<Event><![CDATA[VIEW]]></Event>
<EventKey><![CDATA[http://f.iseasoft.cn/app/index.php?i=5&c=entry&eid=1226]]></EventKey>
<MenuId>409281329</MenuId>
</xml>

2016-06-06 16:47:18 params :
------------
Array:
rule : -2 ;
module :  ;
message : Array ;

2016-06-06 16:47:18 response :
------------

2016-06-06 16:47:33 trace :
------------
String:
<xml><ToUserName><![CDATA[gh_9ef36f25dc50]]></ToUserName>
<FromUserName><![CDATA[oN38-we3xHZTbMGyHb_fuTL5iyl0]]></FromUserName>
<CreateTime>1465202853</CreateTime>
<MsgType><![CDATA[event]]></MsgType>
<Event><![CDATA[VIEW]]></Event>
<EventKey><![CDATA[http://f.iseasoft.cn/app/index.php?i=5&c=entry&do=shop&m=sea]]></EventKey>
<MenuId>409281329</MenuId>
</xml>

2016-06-06 16:47:33 params :
------------
Array:
rule : -2 ;
module :  ;
message : Array ;

2016-06-06 16:47:33 response :
------------

2016-06-06 16:47:46 trace :
------------
String:
<xml><ToUserName><![CDATA[gh_9ef36f25dc50]]></ToUserName>
<FromUserName><![CDATA[oN38-wRom7jPU1YGG47RdbZpo2vc]]></FromUserName>
<CreateTime>1465202866</CreateTime>
<MsgType><![CDATA[event]]></MsgType>
<Event><![CDATA[VIEW]]></Event>
<EventKey><![CDATA[http://f.iseasoft.cn/app/index.php?i=5&c=entry&eid=1226]]></EventKey>
<MenuId>409281329</MenuId>
</xml>

2016-06-06 16:47:46 params :
------------
Array:
rule : -2 ;
module :  ;
message : Array ;

2016-06-06 16:47:46 response :
------------

2016-06-06 16:48:08 trace :
------------
String:
<xml><ToUserName><![CDATA[gh_9ef36f25dc50]]></ToUserName>
<FromUserName><![CDATA[oN38-we68BoGp1wevgKTEMnY69FY]]></FromUserName>
<CreateTime>1465202888</CreateTime>
<MsgType><![CDATA[event]]></MsgType>
<Event><![CDATA[VIEW]]></Event>
<EventKey><![CDATA[http://f.iseasoft.cn/app/index.php?i=5&c=entry&eid=1226]]></EventKey>
<MenuId>409281329</MenuId>
</xml>

2016-06-06 16:48:08 params :
------------
Array:
rule : -2 ;
module :  ;
message : Array ;

2016-06-06 16:48:08 response :
------------

2016-06-06 16:49:34 trace :
------------
String:
<xml><ToUserName><![CDATA[gh_9ef36f25dc50]]></ToUserName>
<FromUserName><![CDATA[oN38-we68BoGp1wevgKTEMnY69FY]]></FromUserName>
<CreateTime>1465202974</CreateTime>
<MsgType><![CDATA[event]]></MsgType>
<Event><![CDATA[VIEW]]></Event>
<EventKey><![CDATA[http://f.iseasoft.cn/app/index.php?i=5&c=entry&eid=1226]]></EventKey>
<MenuId>409281329</MenuId>
</xml>

2016-06-06 16:49:34 params :
------------
Array:
rule : -2 ;
module :  ;
message : Array ;

2016-06-06 16:49:34 response :
------------

2016-06-06 16:53:56 trace :
------------
String:
<xml><ToUserName><![CDATA[gh_9ef36f25dc50]]></ToUserName>
<FromUserName><![CDATA[oN38-we68BoGp1wevgKTEMnY69FY]]></FromUserName>
<CreateTime>1465203236</CreateTime>
<MsgType><![CDATA[event]]></MsgType>
<Event><![CDATA[VIEW]]></Event>
<EventKey><![CDATA[http://f.iseasoft.cn/app/index.php?i=5&c=entry&eid=1226]]></EventKey>
<MenuId>409281329</MenuId>
</xml>

2016-06-06 16:53:56 params :
------------
Array:
rule : -2 ;
module :  ;
message : Array ;

2016-06-06 16:53:56 response :
------------

2016-06-06 16:56:24 trace :
------------
String:
<xml><ToUserName><![CDATA[gh_9ef36f25dc50]]></ToUserName>
<FromUserName><![CDATA[oN38-we68BoGp1wevgKTEMnY69FY]]></FromUserName>
<CreateTime>1465203384</CreateTime>
<MsgType><![CDATA[event]]></MsgType>
<Event><![CDATA[VIEW]]></Event>
<EventKey><![CDATA[http://f.iseasoft.cn/app/index.php?i=5&c=entry&eid=1226]]></EventKey>
<MenuId>409281329</MenuId>
</xml>

2016-06-06 16:56:24 params :
------------
Array:
rule : -2 ;
module :  ;
message : Array ;

2016-06-06 16:56:24 response :
------------

2016-06-06 16:56:43 trace :
------------
String:
<xml><ToUserName><![CDATA[gh_9ef36f25dc50]]></ToUserName>
<FromUserName><![CDATA[oN38-we68BoGp1wevgKTEMnY69FY]]></FromUserName>
<CreateTime>1465203403</CreateTime>
<MsgType><![CDATA[event]]></MsgType>
<Event><![CDATA[VIEW]]></Event>
<EventKey><![CDATA[http://f.iseasoft.cn/app/index.php?i=5&c=entry&eid=1226]]></EventKey>
<MenuId>409281329</MenuId>
</xml>

2016-06-06 16:56:43 params :
------------
Array:
rule : -2 ;
module :  ;
message : Array ;

2016-06-06 16:56:43 response :
------------

2016-06-06 17:00:33 trace :
------------
String:
<xml><ToUserName><![CDATA[gh_9ef36f25dc50]]></ToUserName>
<FromUserName><![CDATA[oN38-we68BoGp1wevgKTEMnY69FY]]></FromUserName>
<CreateTime>1465203633</CreateTime>
<MsgType><![CDATA[event]]></MsgType>
<Event><![CDATA[VIEW]]></Event>
<EventKey><![CDATA[http://f.iseasoft.cn/app/index.php?i=5&c=entry&eid=1226]]></EventKey>
<MenuId>409281329</MenuId>
</xml>

2016-06-06 17:00:33 params :
------------
Array:
rule : -2 ;
module :  ;
message : Array ;

2016-06-06 17:00:33 response :
------------

2016-06-06 17:02:59 trace :
------------
String:
<xml><ToUserName><![CDATA[gh_9ef36f25dc50]]></ToUserName>
<FromUserName><![CDATA[oN38-we3xHZTbMGyHb_fuTL5iyl0]]></FromUserName>
<CreateTime>1465203779</CreateTime>
<MsgType><![CDATA[event]]></MsgType>
<Event><![CDATA[VIEW]]></Event>
<EventKey><![CDATA[http://f.iseasoft.cn/app/index.php?i=5&c=entry&do=shop&m=sea]]></EventKey>
<MenuId>409281329</MenuId>
</xml>

2016-06-06 17:02:59 params :
------------
Array:
rule : -2 ;
module :  ;
message : Array ;

2016-06-06 17:02:59 response :
------------

2016-06-06 17:16:56 trace :
------------
String:
<xml><ToUserName><![CDATA[gh_ce84963696ea]]></ToUserName>
<FromUserName><![CDATA[ogOo_wFobnsaK2n6IN5vXhRoYxik]]></FromUserName>
<CreateTime>1465204616</CreateTime>
<MsgType><![CDATA[event]]></MsgType>
<Event><![CDATA[VIEW]]></Event>
<EventKey><![CDATA[http://f.iseasoft.cn/app/index.php?i=9&c=entry&eid=1226]]></EventKey>
<MenuId>409870668</MenuId>
</xml>

2016-06-06 17:16:56 params :
------------
Array:
message : Array ;
module : basic ;
rule : 81 ;
priority : 0 ;
keyword : Array ;

2016-06-06 17:16:56 response :
------------
Array:
FromUserName : gh_ce84963696ea ;
ToUserName : ogOo_wFobnsaK2n6IN5vXhRoYxik ;
MsgType : text ;
Content : 欢迎关注昵多丽环保家居官方微信，系统正在完善中，更多精彩，敬请期待…… ;

2016-06-06 17:17:06 trace :
------------
String:
<xml><ToUserName><![CDATA[gh_ce84963696ea]]></ToUserName>
<FromUserName><![CDATA[ogOo_wFobnsaK2n6IN5vXhRoYxik]]></FromUserName>
<CreateTime>1465204625</CreateTime>
<MsgType><![CDATA[event]]></MsgType>
<Event><![CDATA[VIEW]]></Event>
<EventKey><![CDATA[http://f.iseasoft.cn/app/index.php?i=9&c=entry&eid=1226]]></EventKey>
<MenuId>409870668</MenuId>
</xml>

2016-06-06 17:17:06 params :
------------
Array:
message : Array ;
module : basic ;
rule : 81 ;
priority : 0 ;
keyword : Array ;

2016-06-06 17:17:06 response :
------------
Array:
FromUserName : gh_ce84963696ea ;
ToUserName : ogOo_wFobnsaK2n6IN5vXhRoYxik ;
MsgType : text ;
Content : 欢迎关注昵多丽环保家居官方微信，系统正在完善中，更多精彩，敬请期待…… ;

2016-06-06 17:17:12 trace :
------------
String:
<xml><ToUserName><![CDATA[gh_ce84963696ea]]></ToUserName>
<FromUserName><![CDATA[ogOo_wFobnsaK2n6IN5vXhRoYxik]]></FromUserName>
<CreateTime>1465204632</CreateTime>
<MsgType><![CDATA[event]]></MsgType>
<Event><![CDATA[VIEW]]></Event>
<EventKey><![CDATA[http://f.iseasoft.cn/app/index.php?i=9&c=entry&eid=1226]]></EventKey>
<MenuId>409870668</MenuId>
</xml>

2016-06-06 17:17:12 params :
------------
Array:
message : Array ;
module : basic ;
rule : 81 ;
priority : 0 ;
keyword : Array ;

2016-06-06 17:17:12 response :
------------
Array:
FromUserName : gh_ce84963696ea ;
ToUserName : ogOo_wFobnsaK2n6IN5vXhRoYxik ;
MsgType : text ;
Content : 欢迎关注昵多丽环保家居官方微信，系统正在完善中，更多精彩，敬请期待…… ;

2016-06-06 17:17:16 trace :
------------
String:
<xml><ToUserName><![CDATA[gh_ce84963696ea]]></ToUserName>
<FromUserName><![CDATA[ogOo_wFobnsaK2n6IN5vXhRoYxik]]></FromUserName>
<CreateTime>1465204636</CreateTime>
<MsgType><![CDATA[event]]></MsgType>
<Event><![CDATA[VIEW]]></Event>
<EventKey><![CDATA[http://f.iseasoft.cn/app/index.php?i=9&c=entry&eid=1226]]></EventKey>
<MenuId>409870668</MenuId>
</xml>

2016-06-06 17:17:16 params :
------------
Array:
message : Array ;
module : basic ;
rule : 81 ;
priority : 0 ;
keyword : Array ;

2016-06-06 17:17:16 response :
------------
Array:
FromUserName : gh_ce84963696ea ;
ToUserName : ogOo_wFobnsaK2n6IN5vXhRoYxik ;
MsgType : text ;
Content : 欢迎关注昵多丽环保家居官方微信，系统正在完善中，更多精彩，敬请期待…… ;

2016-06-06 17:17:21 trace :
------------
String:
<xml><ToUserName><![CDATA[gh_ce84963696ea]]></ToUserName>
<FromUserName><![CDATA[ogOo_wFobnsaK2n6IN5vXhRoYxik]]></FromUserName>
<CreateTime>1465204641</CreateTime>
<MsgType><![CDATA[event]]></MsgType>
<Event><![CDATA[VIEW]]></Event>
<EventKey><![CDATA[http://f.iseasoft.cn/app/index.php?i=9&c=entry&p=commission&m=sea&do=plugin]]></EventKey>
<MenuId>409870668</MenuId>
</xml>

2016-06-06 17:17:21 params :
------------
Array:
message : Array ;
module : basic ;
rule : 81 ;
priority : 0 ;
keyword : Array ;

2016-06-06 17:17:21 response :
------------
Array:
FromUserName : gh_ce84963696ea ;
ToUserName : ogOo_wFobnsaK2n6IN5vXhRoYxik ;
MsgType : text ;
Content : 欢迎关注昵多丽环保家居官方微信，系统正在完善中，更多精彩，敬请期待…… ;

2016-06-06 17:18:04 trace :
------------
String:
<xml><ToUserName><![CDATA[gh_ce84963696ea]]></ToUserName>
<FromUserName><![CDATA[ogOo_wFobnsaK2n6IN5vXhRoYxik]]></FromUserName>
<CreateTime>1465204684</CreateTime>
<MsgType><![CDATA[event]]></MsgType>
<Event><![CDATA[VIEW]]></Event>
<EventKey><![CDATA[http://f.iseasoft.cn/app/index.php?i=9&c=entry&eid=1226]]></EventKey>
<MenuId>409870668</MenuId>
</xml>

2016-06-06 17:18:04 params :
------------
Array:
message : Array ;
module : basic ;
rule : 81 ;
priority : 0 ;
keyword : Array ;

2016-06-06 17:18:04 response :
------------
Array:
FromUserName : gh_ce84963696ea ;
ToUserName : ogOo_wFobnsaK2n6IN5vXhRoYxik ;
MsgType : text ;
Content : 欢迎关注昵多丽环保家居官方微信，系统正在完善中，更多精彩，敬请期待…… ;

2016-06-06 17:18:05 trace :
------------
String:
<xml><ToUserName><![CDATA[gh_ce84963696ea]]></ToUserName>
<FromUserName><![CDATA[ogOo_wFobnsaK2n6IN5vXhRoYxik]]></FromUserName>
<CreateTime>1465204685</CreateTime>
<MsgType><![CDATA[event]]></MsgType>
<Event><![CDATA[VIEW]]></Event>
<EventKey><![CDATA[http://f.iseasoft.cn/app/index.php?i=9&c=entry&p=commission&m=sea&do=plugin]]></EventKey>
<MenuId>409870668</MenuId>
</xml>

2016-06-06 17:18:05 params :
------------
Array:
message : Array ;
module : basic ;
rule : 81 ;
priority : 0 ;
keyword : Array ;

2016-06-06 17:18:05 response :
------------
Array:
FromUserName : gh_ce84963696ea ;
ToUserName : ogOo_wFobnsaK2n6IN5vXhRoYxik ;
MsgType : text ;
Content : 欢迎关注昵多丽环保家居官方微信，系统正在完善中，更多精彩，敬请期待…… ;

2016-06-06 17:18:23 trace :
------------
String:
<xml><ToUserName><![CDATA[gh_ce84963696ea]]></ToUserName>
<FromUserName><![CDATA[ogOo_wFobnsaK2n6IN5vXhRoYxik]]></FromUserName>
<CreateTime>1465204703</CreateTime>
<MsgType><![CDATA[event]]></MsgType>
<Event><![CDATA[VIEW]]></Event>
<EventKey><![CDATA[http://f.iseasoft.cn/app/index.php?i=9&c=entry&eid=1226]]></EventKey>
<MenuId>409870668</MenuId>
</xml>

2016-06-06 17:18:23 params :
------------
Array:
message : Array ;
module : basic ;
rule : 81 ;
priority : 0 ;
keyword : Array ;

2016-06-06 17:18:23 response :
------------
Array:
FromUserName : gh_ce84963696ea ;
ToUserName : ogOo_wFobnsaK2n6IN5vXhRoYxik ;
MsgType : text ;
Content : 欢迎关注昵多丽环保家居官方微信，系统正在完善中，更多精彩，敬请期待…… ;

2016-06-06 17:28:27 trace :
------------
String:
<xml><ToUserName><![CDATA[gh_ce84963696ea]]></ToUserName>
<FromUserName><![CDATA[ogOo_wMrDJ546of2Wi24DhwKqPIk]]></FromUserName>
<CreateTime>1465205307</CreateTime>
<MsgType><![CDATA[event]]></MsgType>
<Event><![CDATA[subscribe]]></Event>
<EventKey><![CDATA[]]></EventKey>
</xml>

2016-06-06 17:28:27 params :
------------
Array:
message : Array ;
module : basic ;
rule : 81 ;
priority : 0 ;
keyword : Array ;

2016-06-06 17:28:27 response :
------------
Array:
FromUserName : gh_ce84963696ea ;
ToUserName : ogOo_wMrDJ546of2Wi24DhwKqPIk ;
MsgType : text ;
Content : 欢迎关注昵多丽环保家居官方微信，系统正在完善中，更多精彩，敬请期待…… ;

2016-06-06 17:28:31 trace :
------------
String:
<xml><ToUserName><![CDATA[gh_ce84963696ea]]></ToUserName>
<FromUserName><![CDATA[ogOo_wMrDJ546of2Wi24DhwKqPIk]]></FromUserName>
<CreateTime>1465205311</CreateTime>
<MsgType><![CDATA[event]]></MsgType>
<Event><![CDATA[VIEW]]></Event>
<EventKey><![CDATA[http://f.iseasoft.cn/app/index.php?i=9&c=entry&eid=1226]]></EventKey>
<MenuId>409870668</MenuId>
</xml>

2016-06-06 17:28:31 params :
------------
Array:
message : Array ;
module : basic ;
rule : 81 ;
priority : 0 ;
keyword : Array ;

2016-06-06 17:28:31 response :
------------
Array:
FromUserName : gh_ce84963696ea ;
ToUserName : ogOo_wMrDJ546of2Wi24DhwKqPIk ;
MsgType : text ;
Content : 欢迎关注昵多丽环保家居官方微信，系统正在完善中，更多精彩，敬请期待…… ;

2016-06-06 17:30:09 trace :
------------
String:
<xml><ToUserName><![CDATA[gh_9ef36f25dc50]]></ToUserName>
<FromUserName><![CDATA[oN38-we68BoGp1wevgKTEMnY69FY]]></FromUserName>
<CreateTime>1465205409</CreateTime>
<MsgType><![CDATA[event]]></MsgType>
<Event><![CDATA[VIEW]]></Event>
<EventKey><![CDATA[http://f.iseasoft.cn/app/index.php?i=5&c=entry&eid=1226]]></EventKey>
<MenuId>409281329</MenuId>
</xml>

2016-06-06 17:30:09 params :
------------
Array:
rule : -2 ;
module :  ;
message : Array ;

2016-06-06 17:30:09 response :
------------

2016-06-06 17:30:32 trace :
------------
String:
<xml><ToUserName><![CDATA[gh_9ef36f25dc50]]></ToUserName>
<FromUserName><![CDATA[oN38-we68BoGp1wevgKTEMnY69FY]]></FromUserName>
<CreateTime>1465205432</CreateTime>
<MsgType><![CDATA[event]]></MsgType>
<Event><![CDATA[VIEW]]></Event>
<EventKey><![CDATA[http://f.iseasoft.cn/app/index.php?i=5&c=entry&eid=1226]]></EventKey>
<MenuId>409281329</MenuId>
</xml>

2016-06-06 17:30:32 params :
------------
Array:
rule : -2 ;
module :  ;
message : Array ;

2016-06-06 17:30:32 response :
------------

2016-06-06 17:31:19 trace :
------------
String:
<xml><ToUserName><![CDATA[gh_9ef36f25dc50]]></ToUserName>
<FromUserName><![CDATA[oN38-we68BoGp1wevgKTEMnY69FY]]></FromUserName>
<CreateTime>1465205479</CreateTime>
<MsgType><![CDATA[event]]></MsgType>
<Event><![CDATA[VIEW]]></Event>
<EventKey><![CDATA[http://f.iseasoft.cn/app/index.php?i=5&c=entry&eid=1226]]></EventKey>
<MenuId>409281329</MenuId>
</xml>

2016-06-06 17:31:19 params :
------------
Array:
rule : -2 ;
module :  ;
message : Array ;

2016-06-06 17:31:19 response :
------------

2016-06-06 17:31:40 trace :
------------
String:
<xml><ToUserName><![CDATA[gh_9ef36f25dc50]]></ToUserName>
<FromUserName><![CDATA[oN38-we68BoGp1wevgKTEMnY69FY]]></FromUserName>
<CreateTime>1465205500</CreateTime>
<MsgType><![CDATA[event]]></MsgType>
<Event><![CDATA[VIEW]]></Event>
<EventKey><![CDATA[http://f.iseasoft.cn/app/index.php?i=5&c=entry&eid=1226]]></EventKey>
<MenuId>409281329</MenuId>
</xml>

2016-06-06 17:31:40 params :
------------
Array:
rule : -2 ;
module :  ;
message : Array ;

2016-06-06 17:31:40 response :
------------

2016-06-06 18:46:52 trace :
------------
String:
<xml><ToUserName><![CDATA[gh_9ef36f25dc50]]></ToUserName>
<FromUserName><![CDATA[oN38-we68BoGp1wevgKTEMnY69FY]]></FromUserName>
<CreateTime>1465210011</CreateTime>
<MsgType><![CDATA[event]]></MsgType>
<Event><![CDATA[VIEW]]></Event>
<EventKey><![CDATA[http://f.iseasoft.cn/app/index.php?i=5&c=entry&eid=1226]]></EventKey>
<MenuId>409281329</MenuId>
</xml>

2016-06-06 18:46:52 params :
------------
Array:
rule : -2 ;
module :  ;
message : Array ;

2016-06-06 18:46:52 response :
------------

2016-06-06 18:54:13 trace :
------------
String:
<xml><ToUserName><![CDATA[gh_9ef36f25dc50]]></ToUserName>
<FromUserName><![CDATA[oN38-we68BoGp1wevgKTEMnY69FY]]></FromUserName>
<CreateTime>1465210453</CreateTime>
<MsgType><![CDATA[event]]></MsgType>
<Event><![CDATA[VIEW]]></Event>
<EventKey><![CDATA[http://f.iseasoft.cn/app/index.php?i=5&c=entry&eid=1226]]></EventKey>
<MenuId>409281329</MenuId>
</xml>

2016-06-06 18:54:13 params :
------------
Array:
rule : -2 ;
module :  ;
message : Array ;

2016-06-06 18:54:13 response :
------------

2016-06-06 18:57:02 trace :
------------
String:
<xml><ToUserName><![CDATA[gh_9ef36f25dc50]]></ToUserName>
<FromUserName><![CDATA[oN38-we68BoGp1wevgKTEMnY69FY]]></FromUserName>
<CreateTime>1465210622</CreateTime>
<MsgType><![CDATA[event]]></MsgType>
<Event><![CDATA[VIEW]]></Event>
<EventKey><![CDATA[http://f.iseasoft.cn/app/index.php?i=5&c=entry&eid=1226]]></EventKey>
<MenuId>409281329</MenuId>
</xml>

2016-06-06 18:57:02 params :
------------
Array:
rule : -2 ;
module :  ;
message : Array ;

2016-06-06 18:57:02 response :
------------

2016-06-06 19:01:48 trace :
------------
String:
<xml><ToUserName><![CDATA[gh_9ef36f25dc50]]></ToUserName>
<FromUserName><![CDATA[oN38-wVIY7Wd_6aDc6tYhVFy2zFE]]></FromUserName>
<CreateTime>1465210908</CreateTime>
<MsgType><![CDATA[text]]></MsgType>
<Content><![CDATA[？]]></Content>
<MsgId>6293032932011819584</MsgId>
</xml>

2016-06-06 19:01:48 params :
------------
Array:
rule : -2 ;
module :  ;
message : Array ;

2016-06-06 19:01:48 response :
------------

