2016-06-05 08:07:26 trace :
------------
String:
<xml><ToUserName><![CDATA[gh_9ef36f25dc50]]></ToUserName>
<FromUserName><![CDATA[oN38-wbDdVARzSenJw7AF0JeARuU]]></FromUserName>
<CreateTime>1465085246</CreateTime>
<MsgType><![CDATA[text]]></MsgType>
<Content><![CDATA[112]]></Content>
<MsgId>6292493217831447688</MsgId>
</xml>

2016-06-05 08:07:26 params :
------------
Array:
message : Array ;
module : cover ;
rule : 80 ;
priority : 0 ;
keyword : Array ;

2016-06-05 08:07:26 response :
------------
Array:
FromUserName : gh_9ef36f25dc50 ;
ToUserName : oN38-wbDdVARzSenJw7AF0JeARuU ;
MsgType : news ;
ArticleCount : 1 ;
Articles : Array ;

2016-06-05 08:09:03 trace :
------------
String:
<xml><ToUserName><![CDATA[gh_9ef36f25dc50]]></ToUserName>
<FromUserName><![CDATA[oN38-waHy5bIvJBOxauRfgH9nZyA]]></FromUserName>
<CreateTime>1465085343</CreateTime>
<MsgType><![CDATA[event]]></MsgType>
<Event><![CDATA[unsubscribe]]></Event>
<EventKey><![CDATA[]]></EventKey>
</xml>

2016-06-05 08:47:25 trace :
------------
String:
<xml><ToUserName><![CDATA[gh_9ef36f25dc50]]></ToUserName>
<FromUserName><![CDATA[oN38-wQaQpWJyfxXl9FNVsgIzf4o]]></FromUserName>
<CreateTime>1465087645</CreateTime>
<MsgType><![CDATA[event]]></MsgType>
<Event><![CDATA[subscribe]]></Event>
<EventKey><![CDATA[]]></EventKey>
</xml>

2016-06-05 08:47:25 params :
------------
Array:
message : Array ;
module : basic ;
rule : 79 ;
priority : 0 ;
keyword : Array ;

2016-06-05 08:47:25 response :
------------
Array:
FromUserName : gh_9ef36f25dc50 ;
ToUserName : oN38-wQaQpWJyfxXl9FNVsgIzf4o ;
MsgType : text ;
Content : 欢迎您的关注！！！ ;

2016-06-05 08:47:45 trace :
------------
String:
<xml><ToUserName><![CDATA[gh_9ef36f25dc50]]></ToUserName>
<FromUserName><![CDATA[oN38-wQaQpWJyfxXl9FNVsgIzf4o]]></FromUserName>
<CreateTime>1465087665</CreateTime>
<MsgType><![CDATA[text]]></MsgType>
<Content><![CDATA[商城]]></Content>
<MsgId>6292503607357337060</MsgId>
</xml>

2016-06-05 08:47:45 params :
------------
Array:
message : Array ;
module : cover ;
rule : 65 ;
priority : 0 ;
keyword : Array ;

2016-06-05 08:47:45 response :
------------
Array:
FromUserName : gh_9ef36f25dc50 ;
ToUserName : oN38-wQaQpWJyfxXl9FNVsgIzf4o ;
MsgType : news ;
ArticleCount : 1 ;
Articles : Array ;

